/* -*- Mode: c -*- */
####################################################################################################
Core 0
####################################################################################################
Cumulative:        Cycles: 30153637              Instructions: 20000000              IPC: 0.66327

Periodic:          Cycles: 14892337              Instructions: 9999996               IPC: 0.67149

EXECUTION_TIME                           4653855312500                  9423011562500              

NODE_CYCLE                                    14892337                       30153637              

NODE_INST_COUNT                                9999996                       20000000              

NODE_INST_COUNT_FETCHED                        9999996                       20000000              

NODE_UOP_COUNT                                12290817                       24591565              

FULL_WINDOW_STALL                              2309964       15.511%          5011495       16.620%

FULL_WINDOW_MEM_OP                             2144365       99.996%          4677786       99.996%
FULL_WINDOW_FP_OP                                    0        0.000%                0        0.000%
FULL_WINDOW_OTHER_OP                                78        0.004%              199        0.004%
                                               2144443      100.000%          4677985      100.000%
                                                  0.00         0.01              0.00         0.01

RET_BLOCKED_DC_MISS                            5731331       38.485%         11837605       39.258%

RET_BLOCKED_L1_MISS                            1575921       10.582%          3691378       12.242%

RET_BLOCKED_L1_MISS_BW_PREF                       6016        0.040%            11136        0.037%

RET_BLOCKED_L1_ACCESS                          4155472       27.903%          8146444       27.016%

RET_BLOCKED_MEM_STALL                          1575921       10.582%          3691378       12.242%

RET_BLOCKED_OFFCHIP_DEMAND                           0        0.000%                0        0.000%

OP_ISSUED                                     39753826                       79256051              

OP_RETIRED                                    12290817                       24591565              

REPLAY_SIGNALED                                      0                              0              

REPLAY_COUNTED                                       0                              0              

OFF_CRITICAL_PATH                                    0         -nan%                0         -nan%
ON_CRITICAL_PATH                                     0         -nan%                0         -nan%
                                                     0         -nan%                0         -nan%
                                                  -nan         -nan              -nan         -nan

LD_NO_DEPENDENTS                                 23688        0.731%            47435        0.733%
LD_DEPENDENTS                                  3217136       99.269%          6427535       99.267%
                                               3240824      100.000%          6474970      100.000%
                                                  0.99         0.99              0.99         0.99

LD_EXEC_CYCLES_0                                     0        0.000%                0        0.000%
LD_EXEC_CYCLES_1                                     0        0.000%                0        0.000%
LD_EXEC_CYCLES_2                                     0        0.000%                0        0.000%
LD_EXEC_CYCLES_3                                  1114       75.886%             2115       74.524%
LD_EXEC_CYCLES_4                                   354       24.114%              723       25.476%
                                                  1468      100.000%             2838      100.000%
                                                  3.24         1.65              3.25         1.70

ICACHE_STAGE_STARVED                                21        0.001%             2918        0.050%
ICACHE_STAGE_NOT_STARVED                       2893198       99.999%          5789148       99.950%
                                               2893219      100.000%          5792066      100.000%
                                                  1.00         1.00              1.00         1.00

ICACHE_STAGE_STALLED                             30387        0.204%            68040        0.226%
ICACHE_STAGE_NOT_STALLED                       2893219       19.428%          5790621       19.204%
ICACHE_STAGE_OFF_PATH                         11968731       80.368%         24294976       80.571%
                                              14892337      100.000%         30153637      100.000%
                                                  1.80         1.66              1.80         1.67

DECODE_STAGE_STARVED                          13633604       98.522%         27572800       98.523%
DECODE_STAGE_NOT_STARVED                        204513        1.478%           413469        1.477%
                                              13838117      100.000%         27986269      100.000%
                                                  0.01         0.12              0.01         0.12

DECODE_STAGE_STALLED                                 0        0.000%                0        0.000%
DECODE_STAGE_NOT_STALLED                      13838117       92.921%         27986269       92.812%
DECODE_STAGE_OFF_PATH                          1054220        7.079%          2167368        7.188%
                                              14892337      100.000%         30153637      100.000%
                                                  1.07         0.38              1.07         0.39

UOPQ_STAGE_STARVED                             9881381       96.261%         19688904       96.190%
UOPQ_STAGE_NOT_STARVED                          383790        3.739%           779855        3.810%
                                              10265171      100.000%         20468759      100.000%
                                                  0.04         0.19              0.04         0.19

UOPQ_STAGE_STALLED                               31043        0.208%            71034        0.236%
UOPQ_STAGE_NOT_STALLED                        10265171       68.929%         20468759       67.882%
UOPQ_STAGE_OFF_PATH                            4596123       30.862%          9613844       31.883%
                                              14892337      100.000%         30153637      100.000%
                                                  1.31         0.86              1.32         0.88

MAP_STAGE_STARVED                               873554       19.956%          1760566       20.061%
MAP_STAGE_NOT_STARVED                          3503856       80.044%          7015689       79.939%
                                               4377410      100.000%          8776255      100.000%
                                                  0.80         0.74              0.80         0.74

MAP_STAGE_STALLED                                42888        0.288%            91589        0.304%
MAP_STAGE_NOT_STALLED                          4334522       29.106%          8684666       28.801%
MAP_STAGE_OFF_PATH                            10514927       70.606%         21377382       70.895%
                                              14892337      100.000%         30153637      100.000%
                                                  1.70         1.50              1.71         1.51

EXEC_STAGE_STARVED                             6663884       44.747%         13427624       44.531%
EXEC_STAGE_NOT_STARVED                          144747        0.972%           288834        0.958%
EXEC_STAGE_OFF_PATH                            8083706       54.281%         16437179       54.511%
                                              14892337      100.000%         30153637      100.000%
                                                  1.10         1.05              1.10         1.05

FU_BUSY_0                                      8418724                       16841394              

FU_BUSY_1                                      4517618                        9052324              

FU_BUSY_2                                      5011874                        9967131              

FU_BUSY_3                                      4104842                        8161716              

FU_BUSY_4                                      2502148                        5011621              

FU_BUSY_5                                      3089091                        6176385              

FU_BUSY_6                                      1203278                        2411591              

FU_BUSY_7                                      1532741                        3070951              

FU_BUSY_8                                            0                              0              

FU_BUSY_9                                            0                              0              

FU_BUSY_10                                           0                              0              

FU_BUSY_11                                           0                              0              

FU_BUSY_12                                           0                              0              

FU_BUSY_13                                           0                              0              

FU_BUSY_14                                           0                              0              

FU_BUSY_15                                           0                              0              

FU_BUSY_16                                           0                              0              

FU_BUSY_17                                           0                              0              

FU_BUSY_18                                           0                              0              

FU_BUSY_19                                           0                              0              

FU_BUSY_20                                           0                              0              

FU_BUSY_21                                           0                              0              

FU_BUSY_22                                           0                              0              

FU_BUSY_23                                           0                              0              

FU_BUSY_24                                           0                              0              

FU_BUSY_25                                           0                              0              

FU_BUSY_26                                           0                              0              

FU_BUSY_27                                           0                              0              

FU_BUSY_28                                           0                              0              

FU_BUSY_29                                           0                              0              

FU_BUSY_30                                           0                              0              

FU_BUSY_31                                           0                              0              

FU_REJECTED_OP_INV_NOT_SIMD                          0        0.000%                0        0.000%
FU_REJECTED_OP_NOP_NOT_SIMD                      24637        9.691%            50440        9.866%
FU_REJECTED_OP_CF_NOT_SIMD                        3675        1.446%             7399        1.447%
FU_REJECTED_OP_MOV_NOT_SIMD                      68206       26.828%           136874       26.773%
FU_REJECTED_OP_CMOV_NOT_SIMD                        64        0.025%              135        0.026%
FU_REJECTED_OP_LDA_NOT_SIMD                       5281        2.077%            10945        2.141%
FU_REJECTED_OP_IMEM_NOT_SIMD                      3173        1.248%             6407        1.253%
FU_REJECTED_OP_IADD_NOT_SIMD                     41005       16.129%            82269       16.092%
FU_REJECTED_OP_IMUL_NOT_SIMD                     47790       18.798%            95217       18.625%
FU_REJECTED_OP_IDIV_NOT_SIMD                      6966        2.740%            14173        2.772%
FU_REJECTED_OP_ICMP_NOT_SIMD                        22        0.009%               42        0.008%
FU_REJECTED_OP_LOGIC_NOT_SIMD                    16519        6.498%            32612        6.379%
FU_REJECTED_OP_SHIFT_NOT_SIMD                    36861       14.499%            74671       14.606%
FU_REJECTED_OP_FMEM_NOT_SIMD                        32        0.013%               48        0.009%
FU_REJECTED_OP_FCVT_NOT_SIMD                         0        0.000%                0        0.000%
FU_REJECTED_OP_FADD_NOT_SIMD                         0        0.000%                0        0.000%
FU_REJECTED_OP_FMUL_NOT_SIMD                         0        0.000%                0        0.000%
FU_REJECTED_OP_FMA_NOT_SIMD                          0        0.000%                0        0.000%
FU_REJECTED_OP_FDIV_NOT_SIMD                         0        0.000%                0        0.000%
FU_REJECTED_OP_FCMP_NOT_SIMD                         0        0.000%                0        0.000%
FU_REJECTED_OP_FCMOV_NOT_SIMD                        0        0.000%                0        0.000%
FU_REJECTED_OP_GATHER_NOT_SIMD                       0        0.000%                0        0.000%
FU_REJECTED_OP_SCATTER_NOT_SIMD                      0        0.000%                0        0.000%
FU_REJECTED_OP_PIPELINED_FAST_NOT_SIMD               0        0.000%                0        0.000%
FU_REJECTED_OP_PIPELINED_MEDIUM_NOT_SIMD             0        0.000%                0        0.000%
FU_REJECTED_OP_PIPELINED_SLOW_NOT_SIMD               0        0.000%                0        0.000%
FU_REJECTED_OP_NOTPIPELINED_MEDIUM_NOT_SIMD             0        0.000%                0        0.000%
FU_REJECTED_OP_NOTPIPELINED_SLOW_NOT_SIMD             0        0.000%                0        0.000%
FU_REJECTED_OP_NOTPIPELINED_VERY_SLOW_NOT_SIMD             0        0.000%                0        0.000%
FU_REJECTED_OP_INV_SIMD                              0        0.000%                0        0.000%
FU_REJECTED_OP_NOP_SIMD                              0        0.000%                0        0.000%
FU_REJECTED_OP_CF_SIMD                               0        0.000%                0        0.000%
FU_REJECTED_OP_MOV_SIMD                              0        0.000%                0        0.000%
FU_REJECTED_OP_CMOV_SIMD                             0        0.000%                0        0.000%
FU_REJECTED_OP_LDA_SIMD                              0        0.000%                0        0.000%
FU_REJECTED_OP_IMEM_SIMD                             0        0.000%                0        0.000%
FU_REJECTED_OP_IADD_SIMD                             0        0.000%                0        0.000%
FU_REJECTED_OP_IMUL_SIMD                             0        0.000%                0        0.000%
FU_REJECTED_OP_IDIV_SIMD                             0        0.000%                0        0.000%
FU_REJECTED_OP_ICMP_SIMD                             0        0.000%                0        0.000%
FU_REJECTED_OP_LOGIC_SIMD                            0        0.000%                0        0.000%
FU_REJECTED_OP_SHIFT_SIMD                            0        0.000%                0        0.000%
FU_REJECTED_OP_FMEM_SIMD                             0        0.000%                0        0.000%
FU_REJECTED_OP_FCVT_SIMD                             0        0.000%                0        0.000%
FU_REJECTED_OP_FADD_SIMD                             0        0.000%                0        0.000%
FU_REJECTED_OP_FMUL_SIMD                             0        0.000%                0        0.000%
FU_REJECTED_OP_FMA_SIMD                              0        0.000%                0        0.000%
FU_REJECTED_OP_FDIV_SIMD                             0        0.000%                0        0.000%
FU_REJECTED_OP_FCMP_SIMD                             0        0.000%                0        0.000%
FU_REJECTED_OP_FCMOV_SIMD                            0        0.000%                0        0.000%
FU_REJECTED_OP_GATHER_SIMD                           0        0.000%                0        0.000%
FU_REJECTED_OP_SCATTER_SIMD                          0        0.000%                0        0.000%
FU_REJECTED_OP_PIPELINED_FAST_SIMD                   0        0.000%                0        0.000%
FU_REJECTED_OP_PIPELINED_MEDIUM_SIMD                 0        0.000%                0        0.000%
FU_REJECTED_OP_PIPELINED_SLOW_SIMD                   0        0.000%                0        0.000%
FU_REJECTED_OP_NOTPIPELINED_MEDIUM_SIMD              0        0.000%                0        0.000%
FU_REJECTED_OP_NOTPIPELINED_SLOW_SIMD                0        0.000%                0        0.000%
FU_REJECTED_OP_NOTPIPELINED_VERY_SLOW_SIMD             0        0.000%                0        0.000%
                                                254231      100.000%           511232      100.000%
                                                  6.45         3.59              6.44         3.60

OP_WAIT_0                                      7128093                       14254524              

OP_WAIT_1                                      4573076                        9163778              

OP_WAIT_2                                       394065                         785107              

OP_WAIT_3                                       109877                         218324              

OP_WAIT_4                                        54972                         107988              

OP_WAIT_5                                         9832                          19740              

OP_WAIT_6                                         7441                          14836              

OP_WAIT_7                                         2286                           4631              

OP_WAIT_8                                         1761                           3443              

OP_WAIT_9                                         1667                           3262              

OP_WAIT_10                                        1466                           2939              

OP_WAIT_11                                         584                           1210              

OP_WAIT_12                                         588                           1193              

OP_WAIT_13                                         288                            579              

OP_WAIT_14                                         317                            645              

OP_WAIT_15                                         211                            413              

OP_WAIT_16                                         151                            329              

OP_WAIT_17                                         116                            261              

OP_WAIT_18                                         151                            283              

OP_WAIT_19                                         147                            307              

OP_WAIT_20                                         139                            265              

OP_WAIT_21                                         103                            229              

OP_WAIT_22                                         215                            433              

OP_WAIT_23                                         190                            413              

OP_WAIT_24                                         317                            641              

OP_WAIT_25                                         487                            969              

OP_WAIT_26                                         126                            280              

OP_WAIT_27                                          66                            126              

OP_WAIT_28                                          89                            181              

OP_WAIT_29                                         257                            517              

OP_WAIT_30                                         234                            459              

OP_WAIT_31                                        1505                           3260              

ROW_SIZE_0                                     9204498                       18782372              

ROW_SIZE_1                                     1637345                        3268564              

ROW_SIZE_2                                      582080                        1162978              

ROW_SIZE_3                                      438148                         871707              

ROW_SIZE_4                                      281945                         564518              

ROW_SIZE_5                                       87704                         177130              

ROW_SIZE_6                                     1101428                        2206367              

ROW_SIZE_7                                           0                              0              

ROW_SIZE_8                                           0                              0              

ROW_SIZE_9                                           0                              0              

ROW_SIZE_10                                          0                              0              

ROW_SIZE_11                                          0                              0              

ROW_SIZE_12                                          0                              0              

ROW_SIZE_13                                          0                              0              

ROW_SIZE_14                                          0                              0              

ROW_SIZE_15                                          0                              0              

ROW_SIZE_16                                          0                              0              

ROW_SIZE_17                                          0                              0              

ROW_SIZE_18                                          0                              0              

ROW_SIZE_19                                          0                              0              

ROW_SIZE_20                                          0                              0              

ROW_SIZE_21                                          0                              0              

ROW_SIZE_22                                          0                              0              

ROW_SIZE_23                                          0                              0              

ROW_SIZE_24                                          0                              0              

ROW_SIZE_25                                          0                              0              

ROW_SIZE_26                                          0                              0              

ROW_SIZE_27                                          0                              0              

ROW_SIZE_28                                          0                              0              

ROW_SIZE_29                                          0                              0              

ROW_SIZE_30                                          0                              0              

ROW_SIZE_31                                          0                              0              

RET_OP_EXEC_COUNT_0                                  0        0.000%                0        0.000%
RET_OP_EXEC_COUNT_1                           12290817      100.000%         24591565      100.000%
RET_OP_EXEC_COUNT_2                                  0        0.000%                0        0.000%
RET_OP_EXEC_COUNT_3                                  0        0.000%                0        0.000%
RET_OP_EXEC_COUNT_4                                  0        0.000%                0        0.000%
RET_OP_EXEC_COUNT_5                                  0        0.000%                0        0.000%
RET_OP_EXEC_COUNT_6                                  0        0.000%                0        0.000%
RET_OP_EXEC_COUNT_7                                  0        0.000%                0        0.000%
RET_OP_EXEC_COUNT_8                                  0        0.000%                0        0.000%
RET_OP_EXEC_COUNT_9                                  0        0.000%                0        0.000%
RET_OP_EXEC_COUNT_10                                 0        0.000%                0        0.000%
RET_OP_EXEC_COUNT_11                                 0        0.000%                0        0.000%
RET_OP_EXEC_COUNT_12                                 0        0.000%                0        0.000%
RET_OP_EXEC_COUNT_13                                 0        0.000%                0        0.000%
RET_OP_EXEC_COUNT_14                                 0        0.000%                0        0.000%
RET_OP_EXEC_COUNT_15                                 0        0.000%                0        0.000%
RET_OP_EXEC_COUNT_16                                 0        0.000%                0        0.000%
RET_OP_EXEC_COUNT_17                                 0        0.000%                0        0.000%
RET_OP_EXEC_COUNT_18                                 0        0.000%                0        0.000%
RET_OP_EXEC_COUNT_19                                 0        0.000%                0        0.000%
RET_OP_EXEC_COUNT_20                                 0        0.000%                0        0.000%
RET_OP_EXEC_COUNT_21                                 0        0.000%                0        0.000%
RET_OP_EXEC_COUNT_22                                 0        0.000%                0        0.000%
RET_OP_EXEC_COUNT_23                                 0        0.000%                0        0.000%
RET_OP_EXEC_COUNT_24                                 0        0.000%                0        0.000%
RET_OP_EXEC_COUNT_25                                 0        0.000%                0        0.000%
RET_OP_EXEC_COUNT_26                                 0        0.000%                0        0.000%
RET_OP_EXEC_COUNT_27                                 0        0.000%                0        0.000%
RET_OP_EXEC_COUNT_28                                 0        0.000%                0        0.000%
RET_OP_EXEC_COUNT_29                                 0        0.000%                0        0.000%
RET_OP_EXEC_COUNT_30                                 0        0.000%                0        0.000%
RET_OP_EXEC_COUNT_31                                 0        0.000%                0        0.000%
RET_OP_EXEC_COUNT_32                                 0        0.000%                0        0.000%
                                              12290817      100.000%         24591565      100.000%
                                                  1.00         0.00              1.00         0.00

RET_STALL_LENGTH_0                            12281513       99.924%         24569374       99.910%
RET_STALL_LENGTH_100                              8539        0.069%            20280        0.082%
RET_STALL_LENGTH_200                               491        0.004%             1322        0.005%
RET_STALL_LENGTH_300                                45        0.000%              113        0.000%
RET_STALL_LENGTH_400                                22        0.000%               50        0.000%
RET_STALL_LENGTH_500                                23        0.000%               38        0.000%
RET_STALL_LENGTH_600                                11        0.000%               20        0.000%
RET_STALL_LENGTH_700                                10        0.000%               19        0.000%
RET_STALL_LENGTH_800                                12        0.000%               28        0.000%
RET_STALL_LENGTH_900                                24        0.000%               35        0.000%
RET_STALL_LENGTH_1000                               20        0.000%               38        0.000%
RET_STALL_LENGTH_1100                               36        0.000%               64        0.000%
RET_STALL_LENGTH_1200                               47        0.000%              127        0.001%
RET_STALL_LENGTH_1300                               21        0.000%               47        0.000%
RET_STALL_LENGTH_1400                                2        0.000%                4        0.000%
RET_STALL_LENGTH_1500                                0        0.000%                4        0.000%
RET_STALL_LENGTH_1600                                1        0.000%                1        0.000%
RET_STALL_LENGTH_1700                                0        0.000%                1        0.000%
RET_STALL_LENGTH_1800                                0        0.000%                0        0.000%
RET_STALL_LENGTH_1900                                0        0.000%                0        0.000%
RET_STALL_LENGTH_2000                                0        0.000%                0        0.000%
RET_STALL_LENGTH_2100                                0        0.000%                0        0.000%
RET_STALL_LENGTH_2200                                0        0.000%                0        0.000%
RET_STALL_LENGTH_2300                                0        0.000%                0        0.000%
RET_STALL_LENGTH_2400                                0        0.000%                0        0.000%
RET_STALL_LENGTH_2500                                0        0.000%                0        0.000%
RET_STALL_LENGTH_2600                                0        0.000%                0        0.000%
RET_STALL_LENGTH_2700                                0        0.000%                0        0.000%
RET_STALL_LENGTH_2800                                0        0.000%                0        0.000%
RET_STALL_LENGTH_2900                                0        0.000%                0        0.000%
RET_STALL_LENGTH_3000                                0        0.000%                0        0.000%
RET_STALL_LENGTH_3100                                0        0.000%                0        0.000%
RET_STALL_LENGTH_3200                                0        0.000%                0        0.000%
RET_STALL_LENGTH_3300                                0        0.000%                0        0.000%
RET_STALL_LENGTH_3400                                0        0.000%                0        0.000%
RET_STALL_LENGTH_3500                                0        0.000%                0        0.000%
RET_STALL_LENGTH_3600                                0        0.000%                0        0.000%
RET_STALL_LENGTH_3700                                0        0.000%                0        0.000%
RET_STALL_LENGTH_3800                                0        0.000%                0        0.000%
RET_STALL_LENGTH_3900                                0        0.000%                0        0.000%
RET_STALL_LENGTH_4000                                0        0.000%                0        0.000%
RET_STALL_LENGTH_4100                                0        0.000%                0        0.000%
RET_STALL_LENGTH_4200                                0        0.000%                0        0.000%
RET_STALL_LENGTH_4300                                0        0.000%                0        0.000%
RET_STALL_LENGTH_4400                                0        0.000%                0        0.000%
RET_STALL_LENGTH_4500                                0        0.000%                0        0.000%
RET_STALL_LENGTH_4600                                0        0.000%                0        0.000%
RET_STALL_LENGTH_4700                                0        0.000%                0        0.000%
RET_STALL_LENGTH_4800                                0        0.000%                0        0.000%
RET_STALL_LENGTH_4900                                0        0.000%                0        0.000%
RET_STALL_LENGTH_5000                                0        0.000%                0        0.000%
                                              12290817      100.000%         24591565      100.000%
                                                  0.00         0.05              0.00         0.06

MEM_BLOCK_LENGTH_0                                   5      100.000%               19      100.000%
MEM_BLOCK_LENGTH_100                                 0        0.000%                0        0.000%
MEM_BLOCK_LENGTH_200                                 0        0.000%                0        0.000%
MEM_BLOCK_LENGTH_300                                 0        0.000%                0        0.000%
MEM_BLOCK_LENGTH_400                                 0        0.000%                0        0.000%
MEM_BLOCK_LENGTH_500                                 0        0.000%                0        0.000%
MEM_BLOCK_LENGTH_600                                 0        0.000%                0        0.000%
MEM_BLOCK_LENGTH_700                                 0        0.000%                0        0.000%
MEM_BLOCK_LENGTH_800                                 0        0.000%                0        0.000%
MEM_BLOCK_LENGTH_900                                 0        0.000%                0        0.000%
MEM_BLOCK_LENGTH_1000                                0        0.000%                0        0.000%
MEM_BLOCK_LENGTH_1100                                0        0.000%                0        0.000%
MEM_BLOCK_LENGTH_1200                                0        0.000%                0        0.000%
MEM_BLOCK_LENGTH_1300                                0        0.000%                0        0.000%
MEM_BLOCK_LENGTH_1400                                0        0.000%                0        0.000%
MEM_BLOCK_LENGTH_1500                                0        0.000%                0        0.000%
MEM_BLOCK_LENGTH_1600                                0        0.000%                0        0.000%
MEM_BLOCK_LENGTH_1700                                0        0.000%                0        0.000%
MEM_BLOCK_LENGTH_1800                                0        0.000%                0        0.000%
MEM_BLOCK_LENGTH_1900                                0        0.000%                0        0.000%
MEM_BLOCK_LENGTH_2000                                0        0.000%                0        0.000%
MEM_BLOCK_LENGTH_2100                                0        0.000%                0        0.000%
MEM_BLOCK_LENGTH_2200                                0        0.000%                0        0.000%
MEM_BLOCK_LENGTH_2300                                0        0.000%                0        0.000%
MEM_BLOCK_LENGTH_2400                                0        0.000%                0        0.000%
MEM_BLOCK_LENGTH_2500                                0        0.000%                0        0.000%
MEM_BLOCK_LENGTH_2600                                0        0.000%                0        0.000%
MEM_BLOCK_LENGTH_2700                                0        0.000%                0        0.000%
MEM_BLOCK_LENGTH_2800                                0        0.000%                0        0.000%
MEM_BLOCK_LENGTH_2900                                0        0.000%                0        0.000%
MEM_BLOCK_LENGTH_3000                                0        0.000%                0        0.000%
MEM_BLOCK_LENGTH_3100                                0        0.000%                0        0.000%
MEM_BLOCK_LENGTH_3200                                0        0.000%                0        0.000%
MEM_BLOCK_LENGTH_3300                                0        0.000%                0        0.000%
MEM_BLOCK_LENGTH_3400                                0        0.000%                0        0.000%
MEM_BLOCK_LENGTH_3500                                0        0.000%                0        0.000%
MEM_BLOCK_LENGTH_3600                                0        0.000%                0        0.000%
MEM_BLOCK_LENGTH_3700                                0        0.000%                0        0.000%
MEM_BLOCK_LENGTH_3800                                0        0.000%                0        0.000%
MEM_BLOCK_LENGTH_3900                                0        0.000%                0        0.000%
MEM_BLOCK_LENGTH_4000                                0        0.000%                0        0.000%
MEM_BLOCK_LENGTH_4100                                0        0.000%                0        0.000%
MEM_BLOCK_LENGTH_4200                                0        0.000%                0        0.000%
MEM_BLOCK_LENGTH_4300                                0        0.000%                0        0.000%
MEM_BLOCK_LENGTH_4400                                0        0.000%                0        0.000%
MEM_BLOCK_LENGTH_4500                                0        0.000%                0        0.000%
MEM_BLOCK_LENGTH_4600                                0        0.000%                0        0.000%
MEM_BLOCK_LENGTH_4700                                0        0.000%                0        0.000%
MEM_BLOCK_LENGTH_4800                                0        0.000%                0        0.000%
MEM_BLOCK_LENGTH_4900                                0        0.000%                0        0.000%
MEM_BLOCK_LENGTH_5000                                0        0.000%                0        0.000%
                                                     5      100.000%               19      100.000%
                                                  0.00         0.00              0.00         0.00

FUS_BUSY_ON_PATH                              12631284        0.8482         25272926        0.8381

FUS_BUSY_OFF_PATH                             17749032        1.1918         35420187        1.1747

FU_BUSY_MEM_STALL                               187993        0.0126           375099        0.0124

FUS_EMPTY                                     88758380        5.9600        180535983        5.9872

FU_UNAVAILABLE                                  213825        0.0144           429951        0.0143

FU_MEM_UNAVAILABLE                               40406        0.0027            81281        0.0027

FU_REPLAY                                            0        0.0000                0        0.0000

FU_STARVED                                    87410397        5.8695        177843217        5.8979

CHIP_UTILIZATION                                     0        0.0000                0        0.0000

CYCLES_UNDER_MEM_REQ                                 0                              0              

CYCLES_UNDER_NO_MEM_REQ                              0                              0              

CYCLES_UNDER_CRITICAL_MEM_REQ                        0                              0              

CYCLES_UNDER_NONCRITICAL_MEM_REQ                     0                              0              

CHIP_UTILIZATION_UNDER_MEM_REQ                       0          -nan                0          -nan

CHIP_UTILIZATION_UNDER_NO_MEM_REQ                    0          -nan                0          -nan

CHIP_UTILIZATION_UNDER_CRITICAL_MEM_REQ              0          -nan                0          -nan

CHIP_UTILIZATION_UNDER_NONCRITICAL_MEM_REQ             0          -nan                0          -nan

CYCLES_NOT_WAITING_FOR_OFF_CHIP                      0        0.0000                0        0.0000

FUS_BUSY_NOT_WAITING_FOR_OFF_CHIP                    0          -nan                0          -nan

CYCLES_WAITING_FOR_OFF_CHIP                          0        0.0000                0        0.0000

FUS_BUSY_WAITING_FOR_OFF_CHIP                        0          -nan                0          -nan

TOTAL_OFF_CHIP_DELAYS_LEFT                           0                              0              

WRONG_IO_SCHED                                       0                              0              

DVFS_CONFIG_SWITCH                                   0                              0              

MAP_STAGE_RECEIVED_OPS_0                             0        0.000%                0        0.000%
MAP_STAGE_RECEIVED_OPS_1                        531833       17.247%          1068967       17.328%
MAP_STAGE_RECEIVED_OPS_2                        440261       14.278%           873292       14.156%
MAP_STAGE_RECEIVED_OPS_3                        493749       16.012%           987538       16.008%
MAP_STAGE_RECEIVED_OPS_4                        263996        8.561%           531041        8.608%
MAP_STAGE_RECEIVED_OPS_5                        199573        6.472%           400844        6.498%
MAP_STAGE_RECEIVED_OPS_6                       1154165       37.429%          2307480       37.403%
MAP_STAGE_RECEIVED_OPS_7                             0        0.000%                0        0.000%
MAP_STAGE_RECEIVED_OPS_8                             0        0.000%                0        0.000%
MAP_STAGE_RECEIVED_OPS_MAX                           0        0.000%                0        0.000%
                                               3083577      100.000%          6169162      100.000%
                                                  3.85         1.96              3.85         1.96

MAP_STAGE_WAIT_FOR_DECODE                            0         -nan%                0         -nan%
MAP_STAGE_CONSUME_DECODE                             0         -nan%                0         -nan%
                                                     0         -nan%                0         -nan%
                                                  -nan         -nan              -nan         -nan

MAP_STAGE_WAIT_FOR_DECODE2                           0         -nan%                0         -nan%
MAP_STAGE_CONSUME_DECODE2                            0         -nan%                0         -nan%
                                                     0         -nan%                0         -nan%
                                                  -nan         -nan              -nan         -nan

FTQ_RECOVER_EXEC                                377395                         754954              

FTQ_RECOVER_DECODE                                   0                             66              

FTQ_OFFPATH_CYCLES                             3019798                        6270614              

FTQ_CYCLES_OFFPATH                            13776752                       27917600              

FTQ_CYCLES_ONPATH                              1115585                        2236037              

FTQ_FETCHED_INS_OFFPATH                      111335815                      222551125              

FTQ_FETCHED_INS_ONPATH                        11913319                       23836545              

FTQ_BREAK_FULL_FT_ONPATH                        114370       15.494%           230690       15.577%
FTQ_BREAK_MAX_CFS_TAKEN_ONPATH                  604238       81.857%          1212075       81.842%
FTQ_BREAK_MAX_BYTES_ONPATH                       19557        2.649%            38226        2.581%
FTQ_BREAK_PRED_BR_ONPATH                             0        0.000%                0        0.000%
FTQ_BREAK_BAR_FETCH_ONPATH                           0        0.000%                0        0.000%
                                                738165      100.000%          1480991      100.000%
                                                  0.87         0.22              0.87         0.22

FTQ_BREAK_FULL_FT_OFFPATH                      8485739       59.952%         17314147       60.386%
FTQ_BREAK_MAX_CFS_TAKEN_OFFPATH                5492736       38.807%         11016396       38.421%
FTQ_BREAK_MAX_BYTES_OFFPATH                     175671        1.241%           342077        1.193%
FTQ_BREAK_PRED_BR_OFFPATH                            0        0.000%                0        0.000%
FTQ_BREAK_BAR_FETCH_OFFPATH                          0        0.000%                0        0.000%
                                              14154146      100.000%         28672620      100.000%
                                                  0.41         0.41              0.41         0.41



