/* -*- Mode: c -*- */
####################################################################################################
Core 0
####################################################################################################
Cumulative:        Cycles: 21274203              Instructions: 20000000              IPC: 0.94011

Periodic:          Cycles: 10611298              Instructions: 10000000              IPC: 0.94239

ST_OP_INV                                            0        0.000%                0        0.000%
ST_OP_NOP                                       366887        0.909%          1014181        1.252%
ST_OP_CF                                       9867572       24.452%         19783690       24.416%
ST_OP_MOV                                       170057        0.421%           278418        0.344%
ST_OP_CMOV                                        3609        0.009%             6424        0.008%
ST_OP_LDA                                        56438        0.140%            95594        0.118%
ST_OP_ILD                                       430997        1.068%           713292        0.880%
ST_OP_IST                                      9755167       24.173%         19606364       24.197%
ST_OP_IADD                                    19394444       48.059%         39015352       48.150%
ST_OP_IMUL                                        1828        0.005%             3045        0.004%
ST_OP_IDIV                                         160        0.000%              276        0.000%
ST_OP_ICMP                                      119642        0.296%           198048        0.244%
ST_OP_LOGIC                                     161926        0.401%           268165        0.331%
ST_OP_SHIFT                                      19149        0.047%            32349        0.040%
ST_OP_FLD                                         2685        0.007%             4922        0.006%
ST_OP_FST                                         4611        0.011%             8623        0.011%
ST_OP_FCVT                                           0        0.000%                0        0.000%
ST_OP_FADD                                           0        0.000%                0        0.000%
ST_OP_FMUL                                           0        0.000%                0        0.000%
ST_OP_FMA                                            0        0.000%                0        0.000%
ST_OP_FDIV                                           0        0.000%                0        0.000%
ST_OP_FCMP                                           0        0.000%                0        0.000%
ST_OP_FCMOV                                          0        0.000%                0        0.000%
ST_OP_GATHER                                         0        0.000%                0        0.000%
ST_OP_SCATTER                                        0        0.000%                0        0.000%
ST_OP_PIPELINED_FAST                                14        0.000%               28        0.000%
ST_OP_PIPELINED_MEDIUM                               0        0.000%                0        0.000%
ST_OP_PIPELINED_SLOW                                 0        0.000%                0        0.000%
ST_OP_NOTPIPELINED_MEDIUM                           18        0.000%               32        0.000%
ST_OP_NOTPIPELINED_SLOW                              0        0.000%                0        0.000%
ST_OP_NOTPIPELINED_VERY_SLOW                         0        0.000%                0        0.000%
                                              40355204      100.000%         81028803      100.000%
                                                  6.21         2.56              6.19         2.57

ST_NOT_CF                                     30487632       75.548%         61245113       75.584%
ST_CF_BR                                         20263        0.050%            32417        0.040%
ST_CF_CBR                                      9770508       24.211%         19625330       24.220%
ST_CF_CALL                                       34065        0.084%            55369        0.068%
ST_CF_IBR                                         5923        0.015%            10147        0.013%
ST_CF_ICALL                                       1568        0.004%             2724        0.003%
ST_CF_ICO                                            0        0.000%                0        0.000%
ST_CF_RET                                        35245        0.087%            57703        0.071%
ST_CF_SYS                                            0        0.000%                0        0.000%
                                              40355204      100.000%         81028803      100.000%
                                                  0.49         0.77              0.49         0.77

ST_BAR_NONE                                   40355204      100.000%         81028803      100.000%
ST_BAR_FETCH                                         0        0.000%                0        0.000%
ST_BAR_ISSUE                                         0        0.000%                0        0.000%
ST_BAR_BOTH                                          0        0.000%                0        0.000%
                                              40355204      100.000%         81028803      100.000%
                                                  0.00         0.00              0.00         0.00

ST_NOT_MEM                                    30161744       74.741%         60695602       74.906%
ST_MEM_LD                                       433682        1.075%           718214        0.886%
ST_MEM_ST                                      9759778       24.185%         19614987       24.207%
ST_MEM_PF                                            0        0.000%                0        0.000%
ST_MEM_WH                                            0        0.000%                0        0.000%
ST_MEM_EVICT                                         0        0.000%                0        0.000%
                                              40355204      100.000%         81028803      100.000%
                                                  0.49         0.74              0.49         0.74

ST_NOT_MEM_OFFPATH                             2470872       72.340%          5036429       75.681%
ST_MEM_LD_OFFPATH                               637533       18.665%          1085824       16.316%
ST_MEM_ST_OFFPATH                               307210        8.994%           532548        8.002%
ST_MEM_PF_OFFPATH                                    0        0.000%                0        0.000%
ST_MEM_WH_OFFPATH                                    0        0.000%                0        0.000%
ST_MEM_EVIC_OFFPATHT                                 0        0.000%                0        0.000%
                                               3415615      100.000%          6654801      100.000%
                                                  0.37         0.56              0.32         0.55

ST_OP_ONPATH                                  40355204                       81028803              

ST_OP_OFFPATH                                  3415615                        6654801              

ST_FAKE_OP_OFFPATH                              678487       19.864%          1991877       29.931%
ST_NOT_FAKE_OP_OFFPATH                         2737128       80.136%          4662924       70.069%
                                               3415615      100.000%          6654801      100.000%
                                                  0.80         0.74              0.70         0.64

ST_FAKE_REASON_NOT_FAKE                        2737128       80.136%          4662924       70.069%
ST_FAKE_REASON_REDIRECT_TO_NOT_INSTRUMENTED        678487       19.864%          1991877       29.931%
ST_FAKE_REASON_RETURN_TO_NOT_INSTRUMENTED             0        0.000%                0        0.000%
ST_FAKE_REASON_NONRET_CF_TO_NOT_INSTRUMENTED             0        0.000%                0        0.000%
ST_FAKE_REASON_NOT_TAKEN_TO_NOT_INSTRUMENTED             0        0.000%                0        0.000%
ST_FAKE_REASON_WRONG_PATH_STORE_TO_NEW_REGION             0        0.000%                0        0.000%
                                               3415615      100.000%          6654801      100.000%
                                                  0.20         0.36              0.30         0.38

ST_INST_ONPATH                                11341822                       22642508              

ST_INST_OFFPATH                                2861362                        5711534              

STATIC_PIN_NOP                                       0                              0              

DYNAMIC_PIN_REP_GREATER_256                          0                              0              

INST_MAP_UPDATE_JITTED                           23224        0.241%            37284        0.192%
INST_MAP_UPDATE_NPC_INV                              0        0.000%                0        0.000%
INST_MAP_UPDATE_NPC_NOP                              0        0.000%                0        0.000%
INST_MAP_UPDATE_NPC_CF                               0        0.000%                0        0.000%
INST_MAP_UPDATE_NPC_MOV                              0        0.000%                0        0.000%
INST_MAP_UPDATE_NPC_CMOV                             0        0.000%                0        0.000%
INST_MAP_UPDATE_NPC_LDA                              0        0.000%                0        0.000%
INST_MAP_UPDATE_NPC_IMEM                             0        0.000%                0        0.000%
INST_MAP_UPDATE_NPC_IADD                             0        0.000%                0        0.000%
INST_MAP_UPDATE_NPC_IMUL                          1220        0.013%             1864        0.010%
INST_MAP_UPDATE_NPC_IDIV                             0        0.000%                0        0.000%
INST_MAP_UPDATE_NPC_ICMP                             0        0.000%                0        0.000%
INST_MAP_UPDATE_NPC_LOGIC                            0        0.000%                0        0.000%
INST_MAP_UPDATE_NPC_SHIFT                            0        0.000%                0        0.000%
INST_MAP_UPDATE_NPC_FMEM                             0        0.000%                0        0.000%
INST_MAP_UPDATE_NPC_FCVT                             0        0.000%                0        0.000%
INST_MAP_UPDATE_NPC_FADD                             0        0.000%                0        0.000%
INST_MAP_UPDATE_NPC_FMUL                             0        0.000%                0        0.000%
INST_MAP_UPDATE_NPC_FMA                              0        0.000%                0        0.000%
INST_MAP_UPDATE_NPC_FDIV                             0        0.000%                0        0.000%
INST_MAP_UPDATE_NPC_FCMP                             0        0.000%                0        0.000%
INST_MAP_UPDATE_NPC_FCMOV                            0        0.000%                0        0.000%
INST_MAP_UPDATE_NPC_GATHER                           0        0.000%                0        0.000%
INST_MAP_UPDATE_NPC_SCATTER                          0        0.000%                0        0.000%
INST_MAP_UPDATE_NPC_PIPELINED_FAST                   0        0.000%                0        0.000%
INST_MAP_UPDATE_NPC_PIPELINED_MEDIUM                 0        0.000%                0        0.000%
INST_MAP_UPDATE_NPC_PIPELINED_SLOW                   0        0.000%                0        0.000%
INST_MAP_UPDATE_NPC_NOTPIPELINED_MEDIUM              0        0.000%                0        0.000%
INST_MAP_UPDATE_NPC_NOTPIPELINED_SLOW                0        0.000%                0        0.000%
INST_MAP_UPDATE_NPC_NOTPIPELINED_VERY_SLOW             0        0.000%                0        0.000%
INST_MAP_UPDATE_MEM_INV                              0        0.000%                0        0.000%
INST_MAP_UPDATE_MEM_NOP                              0        0.000%                0        0.000%
INST_MAP_UPDATE_MEM_CF                               0        0.000%                0        0.000%
INST_MAP_UPDATE_MEM_MOV                        9577078       99.388%         19305314       99.499%
INST_MAP_UPDATE_MEM_CMOV                             7        0.000%                9        0.000%
INST_MAP_UPDATE_MEM_LDA                              0        0.000%                0        0.000%
INST_MAP_UPDATE_MEM_IMEM                             0        0.000%                0        0.000%
INST_MAP_UPDATE_MEM_IADD                             0        0.000%                0        0.000%
INST_MAP_UPDATE_MEM_IMUL                         26788        0.278%            46468        0.239%
INST_MAP_UPDATE_MEM_IDIV                             0        0.000%                0        0.000%
INST_MAP_UPDATE_MEM_ICMP                             0        0.000%                0        0.000%
INST_MAP_UPDATE_MEM_LOGIC                         6497        0.067%             9506        0.049%
INST_MAP_UPDATE_MEM_SHIFT                          796        0.008%             1330        0.007%
INST_MAP_UPDATE_MEM_FMEM                            84        0.001%              128        0.001%
INST_MAP_UPDATE_MEM_FCVT                             0        0.000%                0        0.000%
INST_MAP_UPDATE_MEM_FADD                             0        0.000%                0        0.000%
INST_MAP_UPDATE_MEM_FMUL                             0        0.000%                0        0.000%
INST_MAP_UPDATE_MEM_FMA                              0        0.000%                0        0.000%
INST_MAP_UPDATE_MEM_FDIV                             0        0.000%                0        0.000%
INST_MAP_UPDATE_MEM_FCMP                             0        0.000%                0        0.000%
INST_MAP_UPDATE_MEM_FCMOV                            0        0.000%                0        0.000%
INST_MAP_UPDATE_MEM_GATHER                           0        0.000%                0        0.000%
INST_MAP_UPDATE_MEM_SCATTER                          0        0.000%                0        0.000%
INST_MAP_UPDATE_MEM_PIPELINED_FAST                   0        0.000%                0        0.000%
INST_MAP_UPDATE_MEM_PIPELINED_MEDIUM                 0        0.000%                0        0.000%
INST_MAP_UPDATE_MEM_PIPELINED_SLOW                 357        0.004%              607        0.003%
INST_MAP_UPDATE_MEM_NOTPIPELINED_MEDIUM              0        0.000%                0        0.000%
INST_MAP_UPDATE_MEM_NOTPIPELINED_SLOW                0        0.000%                0        0.000%
INST_MAP_UPDATE_MEM_NOTPIPELINED_VERY_SLOW             0        0.000%                0        0.000%
                                               9636051      100.000%         19402510      100.000%
                                                 32.94         0.47             32.95         0.41



