Scarab gitrev: 3541854
Scarab started at Thu Nov 21 19:12:59 2024

Initialized Ramulator. 
** Heartbeat:   5% -- { 1000000 } -- 0.00 KIPS (45.45 KIPS)
** Heartbeat:  10% -- { 2000000 } -- 45.45 KIPS (45.45 KIPS)
** Heartbeat:  15% -- { 3000000 } -- 55.56 KIPS (48.39 KIPS)
** Heartbeat:  20% -- { 4000000 } -- 43.48 KIPS (47.06 KIPS)
** Heartbeat:  25% -- { 5000000 } -- 35.71 KIPS (44.25 KIPS)
** Heartbeat:  30% -- { 6000000 } -- 66.67 KIPS (46.88 KIPS)
** Heartbeat:  35% -- { 7000000 } -- 62.50 KIPS (48.61 KIPS)
** Heartbeat:  40% -- { 8000000 } -- 58.82 KIPS (49.69 KIPS)
** Heartbeat:  45% -- { 9000000 } -- 50.00 KIPS (49.72 KIPS)
** Heartbeat:  50% -- { 10000000 } -- 52.63 KIPS (50.00 KIPS)
** Heartbeat:  55% -- { 11000000 } -- 62.50 KIPS (50.93 KIPS)
** Heartbeat:  60% -- { 12000000 } -- 58.82 KIPS (51.50 KIPS)
** Heartbeat:  65% -- { 13000000 } -- 43.48 KIPS (50.78 KIPS)
** Heartbeat:  70% -- { 14000000 } -- 50.00 KIPS (50.72 KIPS)
** Heartbeat:  75% -- { 15000000 } -- 47.62 KIPS (50.51 KIPS)
** Heartbeat:  80% -- { 16000000 } -- 50.00 KIPS (50.47 KIPS)
** Heartbeat:  85% -- { 17000000 } -- 55.56 KIPS (50.75 KIPS)
** Heartbeat:  90% -- { 18000000 } -- 52.63 KIPS (50.85 KIPS)
** Heartbeat:  95% -- { 19000004 } -- 47.62 KIPS (50.67 KIPS)
** Core 0 Finished:    insts:20000000    cycles:21274203    time:6648188437500       -- 0.94 IPC (0.94 IPC) --  N/A  KIPS (50.89 KIPS)
Scarab finished at Thu Nov 21 19:19:33 2024

