/* -*- Mode: c -*- */
####################################################################################################
Core 0
####################################################################################################
Cumulative:        Cycles: 14569951              Instructions: 20000000              IPC: 1.37269

Periodic:          Cycles: 7145091               Instructions: 10000000              IPC: 1.39956

EXECUTION_TIME                           2232840937500                  4553109687500              

NODE_CYCLE                                     7145091                       14569951              

NODE_INST_COUNT                               10000000                       20000000              

NODE_INST_COUNT_FETCHED                       10000000                       20000000              

NODE_UOP_COUNT                                12243023                       24482518              

FULL_WINDOW_STALL                               397869        5.568%           902960        6.197%

FULL_WINDOW_MEM_OP                               46346       15.019%           219854       30.290%
FULL_WINDOW_FP_OP                                    0        0.000%                0        0.000%
FULL_WINDOW_OTHER_OP                            262242       84.981%           505974       69.710%
                                                308588      100.000%           725828      100.000%
                                                  1.70         1.59              1.39         1.27

RET_BLOCKED_DC_MISS                             243664        3.410%           730371        5.013%

RET_BLOCKED_L1_MISS                              43286        0.606%           281123        1.929%

RET_BLOCKED_L1_MISS_BW_PREF                          0        0.000%             1673        0.011%

RET_BLOCKED_L1_ACCESS                           200378        2.804%           449273        3.084%

RET_BLOCKED_MEM_STALL                            43286        0.606%           281646        1.933%

RET_BLOCKED_OFFCHIP_DEMAND                           0        0.000%                0        0.000%

OP_ISSUED                                     21899822                       44052456              

OP_RETIRED                                    12243023                       24482518              

REPLAY_SIGNALED                                      0                              0              

REPLAY_COUNTED                                       0                              0              

OFF_CRITICAL_PATH                                    0         -nan%                0         -nan%
ON_CRITICAL_PATH                                     0         -nan%                0         -nan%
                                                     0         -nan%                0         -nan%
                                                  -nan         -nan              -nan         -nan

LD_NO_DEPENDENTS                                102140        3.804%           201765        3.746%
LD_DEPENDENTS                                  2583232       96.196%          5184687       96.254%
                                               2685372      100.000%          5386452      100.000%
                                                  0.96         0.94              0.96         0.95

LD_EXEC_CYCLES_0                                     0        0.000%                0        0.000%
LD_EXEC_CYCLES_1                                     0        0.000%                0        0.000%
LD_EXEC_CYCLES_2                                     0        0.000%                0        0.000%
LD_EXEC_CYCLES_3                                    66       56.410%              114       51.818%
LD_EXEC_CYCLES_4                                    51       43.590%              106       48.182%
                                                   117      100.000%              220      100.000%
                                                  3.44         2.33              3.48         2.47

ICACHE_STAGE_STARVED                              1498        0.058%            28941        0.555%
ICACHE_STAGE_NOT_STARVED                       2591490       99.942%          5183671       99.445%
                                               2592988      100.000%          5212612      100.000%
                                                  1.00         1.00              0.99         0.99

ICACHE_STAGE_STALLED                            238108        3.332%           509559        3.497%
ICACHE_STAGE_NOT_STALLED                       2592272       36.280%          5198375       35.679%
ICACHE_STAGE_OFF_PATH                          4314711       60.387%          8862017       60.824%
                                               7145091      100.000%         14569951      100.000%
                                                  1.57         1.31              1.57         1.32

DECODE_STAGE_STARVED                           4128948       85.045%          8447760       85.343%
DECODE_STAGE_NOT_STARVED                        726054       14.955%          1450833       14.657%
                                               4855002      100.000%          9898593      100.000%
                                                  0.15         0.33              0.15         0.33

DECODE_STAGE_STALLED                              3736        0.052%            14342        0.098%
DECODE_STAGE_NOT_STALLED                       4851266       67.896%          9884251       67.840%
DECODE_STAGE_OFF_PATH                          2290089       32.051%          4671358       32.062%
                                               7145091      100.000%         14569951      100.000%
                                                  1.32         0.88              1.32         0.88

UOPQ_STAGE_STARVED                             2637484       66.468%          5352713       66.638%
UOPQ_STAGE_NOT_STARVED                         1330581       33.532%          2679778       33.362%
                                               3968065      100.000%          8032491      100.000%
                                                  0.34         0.43              0.33         0.43

UOPQ_STAGE_STALLED                              237713        3.327%           509818        3.499%
UOPQ_STAGE_NOT_STALLED                         3968065       55.536%          8032491       55.131%
UOPQ_STAGE_OFF_PATH                            2939313       41.138%          6027642       41.370%
                                               7145091      100.000%         14569951      100.000%
                                                  1.38         1.01              1.38         1.01

MAP_STAGE_STARVED                               955688       23.549%          1963117       23.864%
MAP_STAGE_NOT_STARVED                          3102641       76.451%          6263064       76.136%
                                               4058329      100.000%          8226181      100.000%
                                                  0.76         0.70              0.76         0.70

MAP_STAGE_STALLED                               251172        3.515%           541667        3.718%
MAP_STAGE_NOT_STALLED                          3807157       53.284%          7684514       52.742%
MAP_STAGE_OFF_PATH                             3086762       43.201%          6343770       43.540%
                                               7145091      100.000%         14569951      100.000%
                                                  1.40         1.04              1.40         1.05

EXEC_STAGE_STARVED                             4723665       66.111%          9627475       66.078%
EXEC_STAGE_NOT_STARVED                          559580        7.832%          1058494        7.265%
EXEC_STAGE_OFF_PATH                            1861846       26.058%          3883982       26.657%
                                               7145091      100.000%         14569951      100.000%
                                                  0.60         0.79              0.61         0.79

FU_BUSY_0                                      4578971                        9239018              

FU_BUSY_1                                      3602667                        7210922              

FU_BUSY_2                                      2296736                        4633059              

FU_BUSY_3                                      1807001                        3640459              

FU_BUSY_4                                      1994629                        4006759              

FU_BUSY_5                                      1969051                        3955889              

FU_BUSY_6                                       607326                        1221961              

FU_BUSY_7                                       752365                        1524050              

FU_BUSY_8                                            0                              0              

FU_BUSY_9                                            0                              0              

FU_BUSY_10                                           0                              0              

FU_BUSY_11                                           0                              0              

FU_BUSY_12                                           0                              0              

FU_BUSY_13                                           0                              0              

FU_BUSY_14                                           0                              0              

FU_BUSY_15                                           0                              0              

FU_BUSY_16                                           0                              0              

FU_BUSY_17                                           0                              0              

FU_BUSY_18                                           0                              0              

FU_BUSY_19                                           0                              0              

FU_BUSY_20                                           0                              0              

FU_BUSY_21                                           0                              0              

FU_BUSY_22                                           0                              0              

FU_BUSY_23                                           0                              0              

FU_BUSY_24                                           0                              0              

FU_BUSY_25                                           0                              0              

FU_BUSY_26                                           0                              0              

FU_BUSY_27                                           0                              0              

FU_BUSY_28                                           0                              0              

FU_BUSY_29                                           0                              0              

FU_BUSY_30                                           0                              0              

FU_BUSY_31                                           0                              0              

FU_REJECTED_OP_INV_NOT_SIMD                          0        0.000%                0        0.000%
FU_REJECTED_OP_NOP_NOT_SIMD                        192        0.037%              400        0.041%
FU_REJECTED_OP_CF_NOT_SIMD                        2478        0.481%             5351        0.547%
FU_REJECTED_OP_MOV_NOT_SIMD                      15823        3.074%            30418        3.110%
FU_REJECTED_OP_CMOV_NOT_SIMD                         6        0.001%               12        0.001%
FU_REJECTED_OP_LDA_NOT_SIMD                         59        0.011%              111        0.011%
FU_REJECTED_OP_IMEM_NOT_SIMD                       970        0.188%             2155        0.220%
FU_REJECTED_OP_IADD_NOT_SIMD                     33033        6.417%            65004        6.647%
FU_REJECTED_OP_IMUL_NOT_SIMD                     17425        3.385%            37125        3.796%
FU_REJECTED_OP_IDIV_NOT_SIMD                    182620       35.476%           343430       35.116%
FU_REJECTED_OP_ICMP_NOT_SIMD                    244399       47.477%           454916       46.515%
FU_REJECTED_OP_LOGIC_NOT_SIMD                     3455        0.671%             7038        0.720%
FU_REJECTED_OP_SHIFT_NOT_SIMD                     1703        0.331%             3863        0.395%
FU_REJECTED_OP_FMEM_NOT_SIMD                       593        0.115%             1176        0.120%
FU_REJECTED_OP_FCVT_NOT_SIMD                         0        0.000%                0        0.000%
FU_REJECTED_OP_FADD_NOT_SIMD                         0        0.000%                0        0.000%
FU_REJECTED_OP_FMUL_NOT_SIMD                         0        0.000%                0        0.000%
FU_REJECTED_OP_FMA_NOT_SIMD                          0        0.000%                0        0.000%
FU_REJECTED_OP_FDIV_NOT_SIMD                         0        0.000%                0        0.000%
FU_REJECTED_OP_FCMP_NOT_SIMD                         0        0.000%                0        0.000%
FU_REJECTED_OP_FCMOV_NOT_SIMD                        0        0.000%                0        0.000%
FU_REJECTED_OP_GATHER_NOT_SIMD                       0        0.000%                0        0.000%
FU_REJECTED_OP_SCATTER_NOT_SIMD                      0        0.000%                0        0.000%
FU_REJECTED_OP_PIPELINED_FAST_NOT_SIMD               0        0.000%                0        0.000%
FU_REJECTED_OP_PIPELINED_MEDIUM_NOT_SIMD             0        0.000%                0        0.000%
FU_REJECTED_OP_PIPELINED_SLOW_NOT_SIMD               0        0.000%                0        0.000%
FU_REJECTED_OP_NOTPIPELINED_MEDIUM_NOT_SIMD             0        0.000%                0        0.000%
FU_REJECTED_OP_NOTPIPELINED_SLOW_NOT_SIMD             0        0.000%                0        0.000%
FU_REJECTED_OP_NOTPIPELINED_VERY_SLOW_NOT_SIMD             0        0.000%                0        0.000%
FU_REJECTED_OP_INV_SIMD                              0        0.000%                0        0.000%
FU_REJECTED_OP_NOP_SIMD                              0        0.000%                0        0.000%
FU_REJECTED_OP_CF_SIMD                               0        0.000%                0        0.000%
FU_REJECTED_OP_MOV_SIMD                              0        0.000%                0        0.000%
FU_REJECTED_OP_CMOV_SIMD                             0        0.000%                0        0.000%
FU_REJECTED_OP_LDA_SIMD                              0        0.000%                0        0.000%
FU_REJECTED_OP_IMEM_SIMD                             0        0.000%                0        0.000%
FU_REJECTED_OP_IADD_SIMD                             0        0.000%                0        0.000%
FU_REJECTED_OP_IMUL_SIMD                             0        0.000%                0        0.000%
FU_REJECTED_OP_IDIV_SIMD                             0        0.000%                0        0.000%
FU_REJECTED_OP_ICMP_SIMD                             0        0.000%                0        0.000%
FU_REJECTED_OP_LOGIC_SIMD                            0        0.000%                0        0.000%
FU_REJECTED_OP_SHIFT_SIMD                           16        0.003%               27        0.003%
FU_REJECTED_OP_FMEM_SIMD                             0        0.000%                0        0.000%
FU_REJECTED_OP_FCVT_SIMD                             0        0.000%             2082        0.213%
FU_REJECTED_OP_FADD_SIMD                         11975        2.326%            24837        2.540%
FU_REJECTED_OP_FMUL_SIMD                            29        0.006%               51        0.005%
FU_REJECTED_OP_FMA_SIMD                              0        0.000%                0        0.000%
FU_REJECTED_OP_FDIV_SIMD                             0        0.000%                0        0.000%
FU_REJECTED_OP_FCMP_SIMD                             0        0.000%                0        0.000%
FU_REJECTED_OP_FCMOV_SIMD                            0        0.000%                0        0.000%
FU_REJECTED_OP_GATHER_SIMD                           0        0.000%                0        0.000%
FU_REJECTED_OP_SCATTER_SIMD                          0        0.000%                0        0.000%
FU_REJECTED_OP_PIPELINED_FAST_SIMD                   0        0.000%                0        0.000%
FU_REJECTED_OP_PIPELINED_MEDIUM_SIMD                 0        0.000%                0        0.000%
FU_REJECTED_OP_PIPELINED_SLOW_SIMD                   0        0.000%                0        0.000%
FU_REJECTED_OP_NOTPIPELINED_MEDIUM_SIMD              0        0.000%                0        0.000%
FU_REJECTED_OP_NOTPIPELINED_SLOW_SIMD                0        0.000%                0        0.000%
FU_REJECTED_OP_NOTPIPELINED_VERY_SLOW_SIMD             0        0.000%                0        0.000%
                                                514776      100.000%           977996      100.000%
                                                  9.93         5.47             10.05         5.90

OP_WAIT_0                                      8404052                       16789870              

OP_WAIT_1                                      2735626                        5501719              

OP_WAIT_2                                       514654                        1035747              

OP_WAIT_3                                       197110                         398625              

OP_WAIT_4                                       101750                         200257              

OP_WAIT_5                                        64136                         124517              

OP_WAIT_6                                        44571                          87659              

OP_WAIT_7                                        18540                          35693              

OP_WAIT_8                                         6109                          11394              

OP_WAIT_9                                         5866                          11584              

OP_WAIT_10                                        5367                          10300              

OP_WAIT_11                                        2869                           5109              

OP_WAIT_12                                        3126                           5831              

OP_WAIT_13                                        1812                           3234              

OP_WAIT_14                                        2384                           4806              

OP_WAIT_15                                        3331                           6243              

OP_WAIT_16                                         985                           2819              

OP_WAIT_17                                        4462                           8162              

OP_WAIT_18                                        7677                          14325              

OP_WAIT_19                                        1355                           2928              

OP_WAIT_20                                        1606                           2699              

OP_WAIT_21                                        1472                           2533              

OP_WAIT_22                                        1588                           2649              

OP_WAIT_23                                        1590                           2644              

OP_WAIT_24                                        2897                           4774              

OP_WAIT_25                                         683                           1151              

OP_WAIT_26                                         372                            754              

OP_WAIT_27                                         803                           1445              

OP_WAIT_28                                         547                            813              

OP_WAIT_29                                         545                           1367              

OP_WAIT_30                                         485                           2290              

OP_WAIT_31                                      104653                         198577              

ROW_SIZE_0                                     2702009                        5630401              

ROW_SIZE_1                                     1098403                        2195182              

ROW_SIZE_2                                      369476                         739160              

ROW_SIZE_3                                      239650                         474980              

ROW_SIZE_4                                      286853                         573129              

ROW_SIZE_5                                      145532                         286756              

ROW_SIZE_6                                     1301941                        2609630              

ROW_SIZE_7                                           0                              0              

ROW_SIZE_8                                           0                              0              

ROW_SIZE_9                                           0                              0              

ROW_SIZE_10                                          0                              0              

ROW_SIZE_11                                          0                              0              

ROW_SIZE_12                                          0                              0              

ROW_SIZE_13                                          0                              0              

ROW_SIZE_14                                          0                              0              

ROW_SIZE_15                                          0                              0              

ROW_SIZE_16                                          0                              0              

ROW_SIZE_17                                          0                              0              

ROW_SIZE_18                                          0                              0              

ROW_SIZE_19                                          0                              0              

ROW_SIZE_20                                          0                              0              

ROW_SIZE_21                                          0                              0              

ROW_SIZE_22                                          0                              0              

ROW_SIZE_23                                          0                              0              

ROW_SIZE_24                                          0                              0              

ROW_SIZE_25                                          0                              0              

ROW_SIZE_26                                          0                              0              

ROW_SIZE_27                                          0                              0              

ROW_SIZE_28                                          0                              0              

ROW_SIZE_29                                          0                              0              

ROW_SIZE_30                                          0                              0              

ROW_SIZE_31                                          0                              0              

RET_OP_EXEC_COUNT_0                                  0        0.000%                0        0.000%
RET_OP_EXEC_COUNT_1                           12243023      100.000%         24482518      100.000%
RET_OP_EXEC_COUNT_2                                  0        0.000%                0        0.000%
RET_OP_EXEC_COUNT_3                                  0        0.000%                0        0.000%
RET_OP_EXEC_COUNT_4                                  0        0.000%                0        0.000%
RET_OP_EXEC_COUNT_5                                  0        0.000%                0        0.000%
RET_OP_EXEC_COUNT_6                                  0        0.000%                0        0.000%
RET_OP_EXEC_COUNT_7                                  0        0.000%                0        0.000%
RET_OP_EXEC_COUNT_8                                  0        0.000%                0        0.000%
RET_OP_EXEC_COUNT_9                                  0        0.000%                0        0.000%
RET_OP_EXEC_COUNT_10                                 0        0.000%                0        0.000%
RET_OP_EXEC_COUNT_11                                 0        0.000%                0        0.000%
RET_OP_EXEC_COUNT_12                                 0        0.000%                0        0.000%
RET_OP_EXEC_COUNT_13                                 0        0.000%                0        0.000%
RET_OP_EXEC_COUNT_14                                 0        0.000%                0        0.000%
RET_OP_EXEC_COUNT_15                                 0        0.000%                0        0.000%
RET_OP_EXEC_COUNT_16                                 0        0.000%                0        0.000%
RET_OP_EXEC_COUNT_17                                 0        0.000%                0        0.000%
RET_OP_EXEC_COUNT_18                                 0        0.000%                0        0.000%
RET_OP_EXEC_COUNT_19                                 0        0.000%                0        0.000%
RET_OP_EXEC_COUNT_20                                 0        0.000%                0        0.000%
RET_OP_EXEC_COUNT_21                                 0        0.000%                0        0.000%
RET_OP_EXEC_COUNT_22                                 0        0.000%                0        0.000%
RET_OP_EXEC_COUNT_23                                 0        0.000%                0        0.000%
RET_OP_EXEC_COUNT_24                                 0        0.000%                0        0.000%
RET_OP_EXEC_COUNT_25                                 0        0.000%                0        0.000%
RET_OP_EXEC_COUNT_26                                 0        0.000%                0        0.000%
RET_OP_EXEC_COUNT_27                                 0        0.000%                0        0.000%
RET_OP_EXEC_COUNT_28                                 0        0.000%                0        0.000%
RET_OP_EXEC_COUNT_29                                 0        0.000%                0        0.000%
RET_OP_EXEC_COUNT_30                                 0        0.000%                0        0.000%
RET_OP_EXEC_COUNT_31                                 0        0.000%                0        0.000%
RET_OP_EXEC_COUNT_32                                 0        0.000%                0        0.000%
                                              12243023      100.000%         24482518      100.000%
                                                  1.00         0.00              1.00         0.00

RET_STALL_LENGTH_0                            12242705       99.997%         24480420       99.991%
RET_STALL_LENGTH_100                               301        0.002%             1983        0.008%
RET_STALL_LENGTH_200                                 3        0.000%               45        0.000%
RET_STALL_LENGTH_300                                 0        0.000%                5        0.000%
RET_STALL_LENGTH_400                                 2        0.000%                8        0.000%
RET_STALL_LENGTH_500                                 1        0.000%                3        0.000%
RET_STALL_LENGTH_600                                 0        0.000%                8        0.000%
RET_STALL_LENGTH_700                                 3        0.000%                4        0.000%
RET_STALL_LENGTH_800                                 1        0.000%                7        0.000%
RET_STALL_LENGTH_900                                 2        0.000%                7        0.000%
RET_STALL_LENGTH_1000                                1        0.000%                7        0.000%
RET_STALL_LENGTH_1100                                2        0.000%                5        0.000%
RET_STALL_LENGTH_1200                                2        0.000%               14        0.000%
RET_STALL_LENGTH_1300                                0        0.000%                2        0.000%
RET_STALL_LENGTH_1400                                0        0.000%                0        0.000%
RET_STALL_LENGTH_1500                                0        0.000%                0        0.000%
RET_STALL_LENGTH_1600                                0        0.000%                0        0.000%
RET_STALL_LENGTH_1700                                0        0.000%                0        0.000%
RET_STALL_LENGTH_1800                                0        0.000%                0        0.000%
RET_STALL_LENGTH_1900                                0        0.000%                0        0.000%
RET_STALL_LENGTH_2000                                0        0.000%                0        0.000%
RET_STALL_LENGTH_2100                                0        0.000%                0        0.000%
RET_STALL_LENGTH_2200                                0        0.000%                0        0.000%
RET_STALL_LENGTH_2300                                0        0.000%                0        0.000%
RET_STALL_LENGTH_2400                                0        0.000%                0        0.000%
RET_STALL_LENGTH_2500                                0        0.000%                0        0.000%
RET_STALL_LENGTH_2600                                0        0.000%                0        0.000%
RET_STALL_LENGTH_2700                                0        0.000%                0        0.000%
RET_STALL_LENGTH_2800                                0        0.000%                0        0.000%
RET_STALL_LENGTH_2900                                0        0.000%                0        0.000%
RET_STALL_LENGTH_3000                                0        0.000%                0        0.000%
RET_STALL_LENGTH_3100                                0        0.000%                0        0.000%
RET_STALL_LENGTH_3200                                0        0.000%                0        0.000%
RET_STALL_LENGTH_3300                                0        0.000%                0        0.000%
RET_STALL_LENGTH_3400                                0        0.000%                0        0.000%
RET_STALL_LENGTH_3500                                0        0.000%                0        0.000%
RET_STALL_LENGTH_3600                                0        0.000%                0        0.000%
RET_STALL_LENGTH_3700                                0        0.000%                0        0.000%
RET_STALL_LENGTH_3800                                0        0.000%                0        0.000%
RET_STALL_LENGTH_3900                                0        0.000%                0        0.000%
RET_STALL_LENGTH_4000                                0        0.000%                0        0.000%
RET_STALL_LENGTH_4100                                0        0.000%                0        0.000%
RET_STALL_LENGTH_4200                                0        0.000%                0        0.000%
RET_STALL_LENGTH_4300                                0        0.000%                0        0.000%
RET_STALL_LENGTH_4400                                0        0.000%                0        0.000%
RET_STALL_LENGTH_4500                                0        0.000%                0        0.000%
RET_STALL_LENGTH_4600                                0        0.000%                0        0.000%
RET_STALL_LENGTH_4700                                0        0.000%                0        0.000%
RET_STALL_LENGTH_4800                                0        0.000%                0        0.000%
RET_STALL_LENGTH_4900                                0        0.000%                0        0.000%
RET_STALL_LENGTH_5000                                0        0.000%                0        0.000%
                                              12243023      100.000%         24482518      100.000%
                                                  0.00         0.01              0.00         0.02

MEM_BLOCK_LENGTH_0                                   0         -nan%               11       68.750%
MEM_BLOCK_LENGTH_100                                 0         -nan%                2       12.500%
MEM_BLOCK_LENGTH_200                                 0         -nan%                1        6.250%
MEM_BLOCK_LENGTH_300                                 0         -nan%                1        6.250%
MEM_BLOCK_LENGTH_400                                 0         -nan%                0        0.000%
MEM_BLOCK_LENGTH_500                                 0         -nan%                1        6.250%
MEM_BLOCK_LENGTH_600                                 0         -nan%                0        0.000%
MEM_BLOCK_LENGTH_700                                 0         -nan%                0        0.000%
MEM_BLOCK_LENGTH_800                                 0         -nan%                0        0.000%
MEM_BLOCK_LENGTH_900                                 0         -nan%                0        0.000%
MEM_BLOCK_LENGTH_1000                                0         -nan%                0        0.000%
MEM_BLOCK_LENGTH_1100                                0         -nan%                0        0.000%
MEM_BLOCK_LENGTH_1200                                0         -nan%                0        0.000%
MEM_BLOCK_LENGTH_1300                                0         -nan%                0        0.000%
MEM_BLOCK_LENGTH_1400                                0         -nan%                0        0.000%
MEM_BLOCK_LENGTH_1500                                0         -nan%                0        0.000%
MEM_BLOCK_LENGTH_1600                                0         -nan%                0        0.000%
MEM_BLOCK_LENGTH_1700                                0         -nan%                0        0.000%
MEM_BLOCK_LENGTH_1800                                0         -nan%                0        0.000%
MEM_BLOCK_LENGTH_1900                                0         -nan%                0        0.000%
MEM_BLOCK_LENGTH_2000                                0         -nan%                0        0.000%
MEM_BLOCK_LENGTH_2100                                0         -nan%                0        0.000%
MEM_BLOCK_LENGTH_2200                                0         -nan%                0        0.000%
MEM_BLOCK_LENGTH_2300                                0         -nan%                0        0.000%
MEM_BLOCK_LENGTH_2400                                0         -nan%                0        0.000%
MEM_BLOCK_LENGTH_2500                                0         -nan%                0        0.000%
MEM_BLOCK_LENGTH_2600                                0         -nan%                0        0.000%
MEM_BLOCK_LENGTH_2700                                0         -nan%                0        0.000%
MEM_BLOCK_LENGTH_2800                                0         -nan%                0        0.000%
MEM_BLOCK_LENGTH_2900                                0         -nan%                0        0.000%
MEM_BLOCK_LENGTH_3000                                0         -nan%                0        0.000%
MEM_BLOCK_LENGTH_3100                                0         -nan%                0        0.000%
MEM_BLOCK_LENGTH_3200                                0         -nan%                0        0.000%
MEM_BLOCK_LENGTH_3300                                0         -nan%                0        0.000%
MEM_BLOCK_LENGTH_3400                                0         -nan%                0        0.000%
MEM_BLOCK_LENGTH_3500                                0         -nan%                0        0.000%
MEM_BLOCK_LENGTH_3600                                0         -nan%                0        0.000%
MEM_BLOCK_LENGTH_3700                                0         -nan%                0        0.000%
MEM_BLOCK_LENGTH_3800                                0         -nan%                0        0.000%
MEM_BLOCK_LENGTH_3900                                0         -nan%                0        0.000%
MEM_BLOCK_LENGTH_4000                                0         -nan%                0        0.000%
MEM_BLOCK_LENGTH_4100                                0         -nan%                0        0.000%
MEM_BLOCK_LENGTH_4200                                0         -nan%                0        0.000%
MEM_BLOCK_LENGTH_4300                                0         -nan%                0        0.000%
MEM_BLOCK_LENGTH_4400                                0         -nan%                0        0.000%
MEM_BLOCK_LENGTH_4500                                0         -nan%                0        0.000%
MEM_BLOCK_LENGTH_4600                                0         -nan%                0        0.000%
MEM_BLOCK_LENGTH_4700                                0         -nan%                0        0.000%
MEM_BLOCK_LENGTH_4800                                0         -nan%                0        0.000%
MEM_BLOCK_LENGTH_4900                                0         -nan%                0        0.000%
MEM_BLOCK_LENGTH_5000                                0         -nan%                0        0.000%
                                                     0         -nan%               16      100.000%
                                                  -nan         -nan              0.75         1.29

FUS_BUSY_ON_PATH                              12778451        1.7884         25504314        1.7505

FUS_BUSY_OFF_PATH                              4830295        0.6760          9927803        0.6814

FU_BUSY_MEM_STALL                                88239        0.0123           180355        0.0124

FUS_EMPTY                                     39551982        5.5355         81127491        5.5681

FU_UNAVAILABLE                                  470053        0.0658           886453        0.0608

FU_MEM_UNAVAILABLE                               44723        0.0063            91543        0.0063

FU_REPLAY                                            0        0.0000                0        0.0000

FU_STARVED                                    38980629        5.4556         79967151        5.4885

CHIP_UTILIZATION                                     0        0.0000                0        0.0000

CYCLES_UNDER_MEM_REQ                                 0                              0              

CYCLES_UNDER_NO_MEM_REQ                              0                              0              

CYCLES_UNDER_CRITICAL_MEM_REQ                        0                              0              

CYCLES_UNDER_NONCRITICAL_MEM_REQ                     0                              0              

CHIP_UTILIZATION_UNDER_MEM_REQ                       0          -nan                0          -nan

CHIP_UTILIZATION_UNDER_NO_MEM_REQ                    0          -nan                0          -nan

CHIP_UTILIZATION_UNDER_CRITICAL_MEM_REQ              0          -nan                0          -nan

CHIP_UTILIZATION_UNDER_NONCRITICAL_MEM_REQ             0          -nan                0          -nan

CYCLES_NOT_WAITING_FOR_OFF_CHIP                      0        0.0000                0        0.0000

FUS_BUSY_NOT_WAITING_FOR_OFF_CHIP                    0          -nan                0          -nan

CYCLES_WAITING_FOR_OFF_CHIP                          0        0.0000                0        0.0000

FUS_BUSY_WAITING_FOR_OFF_CHIP                        0          -nan                0          -nan

TOTAL_OFF_CHIP_DELAYS_LEFT                           0                              0              

WRONG_IO_SCHED                                       0                              0              

DVFS_CONFIG_SWITCH                                   0                              0              

MAP_STAGE_RECEIVED_OPS_0                             0        0.000%                0        0.000%
MAP_STAGE_RECEIVED_OPS_1                        289719       10.782%           587053       10.901%
MAP_STAGE_RECEIVED_OPS_2                        188507        7.015%           390946        7.260%
MAP_STAGE_RECEIVED_OPS_3                        321651       11.970%           634800       11.788%
MAP_STAGE_RECEIVED_OPS_4                        166440        6.194%           334813        6.217%
MAP_STAGE_RECEIVED_OPS_5                        567434       21.117%          1127020       20.928%
MAP_STAGE_RECEIVED_OPS_6                       1153395       42.923%          2310492       42.905%
MAP_STAGE_RECEIVED_OPS_7                             0        0.000%                0        0.000%
MAP_STAGE_RECEIVED_OPS_8                             0        0.000%                0        0.000%
MAP_STAGE_RECEIVED_OPS_MAX                           0        0.000%                0        0.000%
                                               2687146      100.000%          5385124      100.000%
                                                  4.49         1.75              4.48         1.76

MAP_STAGE_WAIT_FOR_DECODE                            0         -nan%                0         -nan%
MAP_STAGE_CONSUME_DECODE                             0         -nan%                0         -nan%
                                                     0         -nan%                0         -nan%
                                                  -nan         -nan              -nan         -nan

MAP_STAGE_WAIT_FOR_DECODE2                           0         -nan%                0         -nan%
MAP_STAGE_CONSUME_DECODE2                            0         -nan%                0         -nan%
                                                     0         -nan%                0         -nan%
                                                  -nan         -nan              -nan         -nan

FTQ_RECOVER_EXEC                                164362                         336373              

FTQ_RECOVER_DECODE                                   3                            529              

FTQ_OFFPATH_CYCLES                             1138645                        2290308              

FTQ_CYCLES_OFFPATH                             6139593                       12521440              

FTQ_CYCLES_ONPATH                              1005498                        2048511              

FTQ_FETCHED_INS_OFFPATH                       57427977                      116507567              

FTQ_FETCHED_INS_ONPATH                        12078357                       24145616              

FTQ_BREAK_FULL_FT_ONPATH                        388237       46.158%           810233       47.338%
FTQ_BREAK_MAX_CFS_TAKEN_ONPATH                  377346       44.863%           749385       43.783%
FTQ_BREAK_MAX_BYTES_ONPATH                       75524        8.979%           151964        8.879%
FTQ_BREAK_PRED_BR_ONPATH                             0        0.000%                0        0.000%
FTQ_BREAK_BAR_FETCH_ONPATH                           0        0.000%                0        0.000%
                                                841107      100.000%          1711582      100.000%
                                                  0.63         0.48              0.62         0.48

FTQ_BREAK_FULL_FT_OFFPATH                      4293551       68.109%          8698091       67.646%
FTQ_BREAK_MAX_CFS_TAKEN_OFFPATH                1625649       25.788%          3404680       26.478%
FTQ_BREAK_MAX_BYTES_OFFPATH                     384757        6.103%           755571        5.876%
FTQ_BREAK_PRED_BR_OFFPATH                            0        0.000%                0        0.000%
FTQ_BREAK_BAR_FETCH_OFFPATH                          0        0.000%                0        0.000%
                                               6303957      100.000%         12858342      100.000%
                                                  0.38         0.51              0.38         0.50



