/* -*- Mode: c -*- */
####################################################################################################
Core 0
####################################################################################################
Cumulative:        Cycles: 44437640              Instructions: 20000000              IPC: 0.45007

Periodic:          Cycles: 19837882              Instructions: 10000000              IPC: 0.50409

ST_OP_INV                                            0        0.000%                0        0.000%
ST_OP_NOP                                       474920        1.340%          1237112        1.743%
ST_OP_CF                                       9481510       26.746%         18896426       26.619%
ST_OP_MOV                                      1426894        4.025%          2982222        4.201%
ST_OP_CMOV                                         739        0.002%             1481        0.002%
ST_OP_LDA                                       428264        1.208%           895637        1.262%
ST_OP_ILD                                      9197992       25.946%         18301018       25.780%
ST_OP_IST                                       362975        1.024%           761236        1.072%
ST_OP_IADD                                     4840334       13.654%          9527398       13.421%
ST_OP_IMUL                                        3316        0.009%             7488        0.011%
ST_OP_IDIV                                         397        0.001%              909        0.001%
ST_OP_ICMP                                     5183800       14.623%         10234794       14.417%
ST_OP_LOGIC                                    3897720       10.995%          7826414       11.025%
ST_OP_SHIFT                                     150280        0.424%           314230        0.443%
ST_OP_FLD                                          699        0.002%             1357        0.002%
ST_OP_FST                                          979        0.003%             1844        0.003%
ST_OP_FCVT                                           0        0.000%                0        0.000%
ST_OP_FADD                                           0        0.000%                0        0.000%
ST_OP_FMUL                                           0        0.000%                0        0.000%
ST_OP_FMA                                            0        0.000%                0        0.000%
ST_OP_FDIV                                           0        0.000%                0        0.000%
ST_OP_FCMP                                           0        0.000%                0        0.000%
ST_OP_FCMOV                                          0        0.000%                0        0.000%
ST_OP_GATHER                                         0        0.000%                0        0.000%
ST_OP_SCATTER                                        0        0.000%                0        0.000%
ST_OP_PIPELINED_FAST                                 0        0.000%                0        0.000%
ST_OP_PIPELINED_MEDIUM                               0        0.000%                0        0.000%
ST_OP_PIPELINED_SLOW                                 0        0.000%                0        0.000%
ST_OP_NOTPIPELINED_MEDIUM                            0        0.000%                0        0.000%
ST_OP_NOTPIPELINED_SLOW                              0        0.000%                0        0.000%
ST_OP_NOTPIPELINED_VERY_SLOW                         0        0.000%                0        0.000%
                                              35450819      100.000%         70989566      100.000%
                                                  6.43         3.63              6.40         3.64

ST_NOT_CF                                     25969309       73.254%         52093140       73.381%
ST_CF_BR                                        320418        0.904%           668778        0.942%
ST_CF_CBR                                      8778062       24.761%         17428285       24.550%
ST_CF_CALL                                       83093        0.234%           173281        0.244%
ST_CF_IBR                                         2902        0.008%             5635        0.008%
ST_CF_ICALL                                     111329        0.314%           232885        0.328%
ST_CF_ICO                                            0        0.000%                0        0.000%
ST_CF_RET                                       185706        0.524%           387562        0.546%
ST_CF_SYS                                            0        0.000%                0        0.000%
                                              35450819      100.000%         70989566      100.000%
                                                  0.56         0.90              0.56         0.90

ST_BAR_NONE                                   35450819      100.000%         70989566      100.000%
ST_BAR_FETCH                                         0        0.000%                0        0.000%
ST_BAR_ISSUE                                         0        0.000%                0        0.000%
ST_BAR_BOTH                                          0        0.000%                0        0.000%
                                              35450819      100.000%         70989566      100.000%
                                                  0.00         0.00              0.00         0.00

ST_NOT_MEM                                    25888174       73.026%         51924111       73.143%
ST_MEM_LD                                      9198691       25.948%         18302375       25.782%
ST_MEM_ST                                       363954        1.027%           763080        1.075%
ST_MEM_PF                                            0        0.000%                0        0.000%
ST_MEM_WH                                            0        0.000%                0        0.000%
ST_MEM_EVICT                                         0        0.000%                0        0.000%
                                              35450819      100.000%         70989566      100.000%
                                                  0.28         0.41              0.28         0.41

ST_NOT_MEM_OFFPATH                            57516735       73.920%        121649162       73.965%
ST_MEM_LD_OFFPATH                             19287475       24.788%         40718952       24.758%
ST_MEM_ST_OFFPATH                              1005033        1.292%          2101325        1.278%
ST_MEM_PF_OFFPATH                                    0        0.000%                0        0.000%
ST_MEM_WH_OFFPATH                                    0        0.000%                0        0.000%
ST_MEM_EVIC_OFFPATHT                                 0        0.000%                0        0.000%
                                              77809243      100.000%        164469439      100.000%
                                                  0.27         0.41              0.27         0.41

ST_OP_ONPATH                                  35450819                       70989566              

ST_OP_OFFPATH                                 77809243                      164469439              

ST_FAKE_OP_OFFPATH                              129256        0.166%           769614        0.468%
ST_NOT_FAKE_OP_OFFPATH                        77679987       99.834%        163699825       99.532%
                                              77809243      100.000%        164469439      100.000%
                                                  1.00         1.00              1.00         0.99

ST_FAKE_REASON_NOT_FAKE                       77679987       99.834%        163699825       99.532%
ST_FAKE_REASON_REDIRECT_TO_NOT_INSTRUMENTED        129256        0.166%           769614        0.468%
ST_FAKE_REASON_RETURN_TO_NOT_INSTRUMENTED             0        0.000%                0        0.000%
ST_FAKE_REASON_NONRET_CF_TO_NOT_INSTRUMENTED             0        0.000%                0        0.000%
ST_FAKE_REASON_NOT_TAKEN_TO_NOT_INSTRUMENTED             0        0.000%                0        0.000%
ST_FAKE_REASON_WRONG_PATH_STORE_TO_NEW_REGION             0        0.000%                0        0.000%
                                              77809243      100.000%        164469439      100.000%
                                                  0.00         0.04              0.00         0.07

ST_INST_ONPATH                                29744070                       59659333              

ST_INST_OFFPATH                               65540928                      138672987              

STATIC_PIN_NOP                                       0                              0              

DYNAMIC_PIN_REP_GREATER_256                          0                              0              

INST_MAP_UPDATE_JITTED                          434133       16.989%           910963       18.099%
INST_MAP_UPDATE_NPC_INV                              0        0.000%                0        0.000%
INST_MAP_UPDATE_NPC_NOP                              0        0.000%                0        0.000%
INST_MAP_UPDATE_NPC_CF                               0        0.000%                0        0.000%
INST_MAP_UPDATE_NPC_MOV                              0        0.000%                0        0.000%
INST_MAP_UPDATE_NPC_CMOV                             0        0.000%                0        0.000%
INST_MAP_UPDATE_NPC_LDA                              0        0.000%                0        0.000%
INST_MAP_UPDATE_NPC_IMEM                             0        0.000%                0        0.000%
INST_MAP_UPDATE_NPC_IADD                             0        0.000%                0        0.000%
INST_MAP_UPDATE_NPC_IMUL                           371        0.015%              801        0.016%
INST_MAP_UPDATE_NPC_IDIV                             0        0.000%                0        0.000%
INST_MAP_UPDATE_NPC_ICMP                             0        0.000%                0        0.000%
INST_MAP_UPDATE_NPC_LOGIC                            0        0.000%                0        0.000%
INST_MAP_UPDATE_NPC_SHIFT                            0        0.000%                0        0.000%
INST_MAP_UPDATE_NPC_FMEM                             0        0.000%                0        0.000%
INST_MAP_UPDATE_NPC_FCVT                             0        0.000%                0        0.000%
INST_MAP_UPDATE_NPC_FADD                             0        0.000%                0        0.000%
INST_MAP_UPDATE_NPC_FMUL                             0        0.000%                0        0.000%
INST_MAP_UPDATE_NPC_FMA                              0        0.000%                0        0.000%
INST_MAP_UPDATE_NPC_FDIV                             0        0.000%                0        0.000%
INST_MAP_UPDATE_NPC_FCMP                             0        0.000%                0        0.000%
INST_MAP_UPDATE_NPC_FCMOV                            0        0.000%                0        0.000%
INST_MAP_UPDATE_NPC_GATHER                           0        0.000%                0        0.000%
INST_MAP_UPDATE_NPC_SCATTER                          0        0.000%                0        0.000%
INST_MAP_UPDATE_NPC_PIPELINED_FAST                   0        0.000%                0        0.000%
INST_MAP_UPDATE_NPC_PIPELINED_MEDIUM                 0        0.000%                0        0.000%
INST_MAP_UPDATE_NPC_PIPELINED_SLOW                   0        0.000%                0        0.000%
INST_MAP_UPDATE_NPC_NOTPIPELINED_MEDIUM              0        0.000%                0        0.000%
INST_MAP_UPDATE_NPC_NOTPIPELINED_SLOW                0        0.000%                0        0.000%
INST_MAP_UPDATE_NPC_NOTPIPELINED_VERY_SLOW             0        0.000%                0        0.000%
INST_MAP_UPDATE_MEM_INV                              0        0.000%                0        0.000%
INST_MAP_UPDATE_MEM_NOP                              0        0.000%                0        0.000%
INST_MAP_UPDATE_MEM_CF                               0        0.000%                0        0.000%
INST_MAP_UPDATE_MEM_MOV                         782849       30.635%          1553649       30.868%
INST_MAP_UPDATE_MEM_CMOV                             0        0.000%                0        0.000%
INST_MAP_UPDATE_MEM_LDA                              0        0.000%                0        0.000%
INST_MAP_UPDATE_MEM_IMEM                             0        0.000%                0        0.000%
INST_MAP_UPDATE_MEM_IADD                             0        0.000%                0        0.000%
INST_MAP_UPDATE_MEM_IMUL                         11251        0.440%            24698        0.491%
INST_MAP_UPDATE_MEM_IDIV                             0        0.000%                0        0.000%
INST_MAP_UPDATE_MEM_ICMP                            40        0.002%               91        0.002%
INST_MAP_UPDATE_MEM_LOGIC                      1326361       51.904%          2542088       50.506%
INST_MAP_UPDATE_MEM_SHIFT                          417        0.016%              902        0.018%
INST_MAP_UPDATE_MEM_FMEM                             0        0.000%                0        0.000%
INST_MAP_UPDATE_MEM_FCVT                             0        0.000%                0        0.000%
INST_MAP_UPDATE_MEM_FADD                             0        0.000%                0        0.000%
INST_MAP_UPDATE_MEM_FMUL                             0        0.000%                0        0.000%
INST_MAP_UPDATE_MEM_FMA                              0        0.000%                0        0.000%
INST_MAP_UPDATE_MEM_FDIV                             0        0.000%                0        0.000%
INST_MAP_UPDATE_MEM_FCMP                             0        0.000%                0        0.000%
INST_MAP_UPDATE_MEM_FCMOV                            0        0.000%                0        0.000%
INST_MAP_UPDATE_MEM_GATHER                           0        0.000%                0        0.000%
INST_MAP_UPDATE_MEM_SCATTER                          0        0.000%                0        0.000%
INST_MAP_UPDATE_MEM_PIPELINED_FAST                   0        0.000%                0        0.000%
INST_MAP_UPDATE_MEM_PIPELINED_MEDIUM                 0        0.000%                0        0.000%
INST_MAP_UPDATE_MEM_PIPELINED_SLOW                  11        0.000%               21        0.000%
INST_MAP_UPDATE_MEM_NOTPIPELINED_MEDIUM              0        0.000%                0        0.000%
INST_MAP_UPDATE_MEM_NOTPIPELINED_SLOW                0        0.000%                0        0.000%
INST_MAP_UPDATE_MEM_NOTPIPELINED_VERY_SLOW             0        0.000%                0        0.000%
                                               2555433      100.000%          5033213      100.000%
                                                 31.57         6.86             31.09         7.15



