Scarab gitrev: 3541854
Scarab started at Wed Nov 27 17:19:13 2024

Initialized Ramulator. 
** Heartbeat:   5% -- { 1000000 } -- 0.00 KIPS (83.33 KIPS)
** Heartbeat:  10% -- { 2000000 } -- 83.33 KIPS (83.33 KIPS)
** Heartbeat:  15% -- { 3000003 } -- 83.33 KIPS (83.33 KIPS)
** Heartbeat:  20% -- { 4000004 } -- 45.45 KIPS (68.97 KIPS)
** Heartbeat:  25% -- { 5000008 } -- 100.00 KIPS (73.53 KIPS)
** Heartbeat:  30% -- { 6000008 } -- 100.00 KIPS (76.92 KIPS)
** Heartbeat:  35% -- { 7000009 } -- 62.50 KIPS (74.47 KIPS)
** Heartbeat:  40% -- { 8000009 } -- 58.82 KIPS (72.07 KIPS)
** Heartbeat:  45% -- { 9000011 } -- 71.43 KIPS (72.00 KIPS)
** Heartbeat:  50% -- { 10000013 } -- 66.67 KIPS (71.43 KIPS)
** Heartbeat:  55% -- { 11000013 } -- 90.91 KIPS (72.85 KIPS)
** Heartbeat:  60% -- { 12000016 } -- 100.00 KIPS (74.53 KIPS)
** Heartbeat:  65% -- { 13000016 } -- 76.92 KIPS (74.71 KIPS)
** Heartbeat:  70% -- { 14000016 } -- 100.00 KIPS (76.09 KIPS)
** Heartbeat:  75% -- { 15000017 } -- 83.33 KIPS (76.53 KIPS)
** Heartbeat:  80% -- { 16000022 } -- 83.33 KIPS (76.92 KIPS)
** Heartbeat:  85% -- { 17000022 } -- 58.82 KIPS (75.56 KIPS)
** Heartbeat:  90% -- { 18000022 } -- 58.82 KIPS (74.38 KIPS)
** Heartbeat:  95% -- { 19000022 } -- 90.91 KIPS (75.10 KIPS)
** Core 0 Finished:    insts:20000000    cycles:12775073    time:3992210312500       -- 1.57 IPC (1.57 IPC) --  N/A  KIPS (75.47 KIPS)
Scarab finished at Wed Nov 27 17:23:38 2024

