/* -*- Mode: c -*- */
####################################################################################################
Core 0
####################################################################################################
Cumulative:        Cycles: 12775073              Instructions: 20000000              IPC: 1.56555

Periodic:          Cycles: 6447467               Instructions: 9999997               IPC: 1.55100

DCACHE_PREF_HIT                                      0                              0              

IFETCH_WB_FIRST_SCHEDULE                             0         -nan%                0         -nan%
PREFETCH_LAST_SCHEDULE                               0         -nan%                0         -nan%
DEMAND_PASS_PREF_SCHEDULE                            0         -nan%                0         -nan%
DEMAND_PASS_LOW_OP_SCHEDULE                          0         -nan%                0         -nan%
DEMAND_LAST_SCHEDULE                                 0         -nan%                0         -nan%
                                                     0         -nan%                0         -nan%
                                                  -nan         -nan              -nan         -nan

SEND_MISS_REQ_QUEUE                              32517                          91387              

L1_DATA_EVICT                                    32405                          59217              

STREAM_BUFFER_REQ                                    0                              0              

PREF_SEND_TO_MEM_REQ                                 0         -nan%                0         -nan%
PREF_SEND_TO_MEM_REQ_FAIL                            0         -nan%                0         -nan%
                                                     0         -nan%                0         -nan%
                                                  -nan         -nan              -nan         -nan

HIT_TRAIN_STREAM                                 66690       97.651%           133105       96.814%
MISS_TRAIN_STREAM                                 1604        2.349%             4380        3.186%
                                                 68294      100.000%           137485      100.000%
                                                  0.02         0.15              0.03         0.17

STREAM_TRAIN_CREATE                                820                           2254              

MEM_REQ_MISS_HWP_PREF_Q                              0         -nan%                0         -nan%
MEM_REQ_MISS_SW_PREF_Q                               0         -nan%                0         -nan%
MEM_REQ_MISS_IFETCH_Q                                0         -nan%                0         -nan%
MEM_REQ_MISS_DFETCH_Q                                0         -nan%                0         -nan%
MEM_REQ_MISS_DSTORE_Q                                0         -nan%                0         -nan%
MEM_REQ_MISS_DPRF_Q                                  0         -nan%                0         -nan%
MEM_REQ_MISS_WB_Q                                    0         -nan%                0         -nan%
                                                     0         -nan%                0         -nan%
                                                  -nan         -nan              -nan         -nan

PREF_HIT_BY_DEMAND_IFETCH                            0         -nan%                0         -nan%
PREF_HIT_BY_DEMAND_DFETCH                            0         -nan%                0         -nan%
PREF_HIT_BY_DEMAND_DSTORE                            0         -nan%                0         -nan%
PREF_HIT_BY_DEMAND_IPREF                             0         -nan%                0         -nan%
PREF_HIT_BY_DEMAND_DPRF                              0         -nan%                0         -nan%
PREF_HIT_BY_DEMAND_WB                                0         -nan%                0         -nan%
PREF_HIT_BY_PREF                                     0         -nan%                0         -nan%
                                                     0         -nan%                0         -nan%
                                                  -nan         -nan              -nan         -nan

PREF_HIT_DEMAND_IFETCH                               0         -nan%                0         -nan%
PREF_HIT_DEMAND_DFETCH                               0         -nan%                0         -nan%
PREF_HIT_DEMAND_DSTORE                               0         -nan%                0         -nan%
PREF_HIT_DEMAND_IPREF                                0         -nan%                0         -nan%
PREF_HIT_DEMAND_DPRF                                 0         -nan%                0         -nan%
PREF_HIT_DEMAND_WB                                   0         -nan%                0         -nan%
                                                     0         -nan%                0         -nan%
                                                  -nan         -nan              -nan         -nan

PREF_L1_FILL                                         0         -nan%                0         -nan%
DEMAND_L1_FILL                                       0         -nan%                0         -nan%
                                                     0         -nan%                0         -nan%
                                                  -nan         -nan              -nan         -nan

TOUCH_L1_REPLACE                                     0        0.000%                0        0.000%
NO_TOUCH_L1_REPLACE                              32405      100.000%            59217      100.000%
                                                 32405      100.000%            59217      100.000%
                                                  1.00         1.00              1.00         1.00

PREF_REQ_QUE_FULL                                    0                              0              

STREAM_REQ_QUEUE_HIT_BY_DEMAND                       0                              0              

L2HIT_STREAM_PREF_REQ_QUE_FULL                       0                              0              

L2HIT_HIT_TRAIN_STREAM                               0         -nan%                0         -nan%
L2HIT_MISS_TRAIN_STREAM                              0         -nan%                0         -nan%
                                                     0         -nan%                0         -nan%
                                                  -nan         -nan              -nan         -nan

L2HIT_STREAM_TRAIN_CREATE                            0                              0              

L2HIT_STREAM_BUFFER_REQ                              0                              0              

L2HIT_STREAM_PREF_DCACHE_HIT                         0         -nan%                0         -nan%
L2HIT_STREAM_PREF_DCACHE_INSERT                      0         -nan%                0         -nan%
L2HIT_STREAM_L2_MISS                                 0         -nan%                0         -nan%
                                                     0         -nan%                0         -nan%
                                                  -nan         -nan              -nan         -nan

L2HIT_STREAM_DCACHE_PORT_FULL                        0                              0              

L2HIT_STREAM_PREF_L1_PORT_FULL                       0                              0              

L2HIT_TRAIN_HIT_DEMAND                               0         -nan%                0         -nan%
L2HIT_TRAIN_MISS_REQ                                 0         -nan%                0         -nan%
                                                     0         -nan%                0         -nan%
                                                  -nan         -nan              -nan         -nan

L2HIT_TRAIN_FILTER_MISS                              0         -nan%                0         -nan%
L2HIT_TRAIN_FILTER_HIT                               0         -nan%                0         -nan%
                                                     0         -nan%                0         -nan%
                                                  -nan         -nan              -nan         -nan

L2HIT_PREF_REQ_DCACHE_HIT                            0         -nan%                0         -nan%
L2HIT_PREF_REQ_DCACHE_MISS                           0         -nan%                0         -nan%
                                                     0         -nan%                0         -nan%
                                                  -nan         -nan              -nan         -nan

L2HIT_L2SEND_Q_FULL                                  0         -nan%                0         -nan%
L2HIT_L2SEND_Q_ENTER                                 0         -nan%                0         -nan%
                                                     0         -nan%                0         -nan%
                                                  -nan         -nan              -nan         -nan

L2HIT_MEM_REQ                                        0                              0              

REMOVE_REDUNDANT_STREAM_STAT                         0                              0              

REPLACE_OLD_STREAM                                 820                           2238              

REQ_SEND_QUEUE_STALL                                 0                              0              

STREAM_ENTER_RA                                      0                              0              

CORE_STREAM_LENGTH_0                                14       10.219%               60       16.484%
CORE_STREAM_LENGTH_10                               41       29.927%              141       38.736%
CORE_STREAM_LENGTH_20                               18       13.139%               39       10.714%
CORE_STREAM_LENGTH_30                                5        3.650%               11        3.022%
CORE_STREAM_LENGTH_40                                4        2.920%               13        3.571%
CORE_STREAM_LENGTH_50                                0        0.000%                1        0.275%
CORE_STREAM_LENGTH_60                                2        1.460%                8        2.198%
CORE_STREAM_LENGTH_70                                2        1.460%                2        0.549%
CORE_STREAM_LENGTH_80                                5        3.650%                6        1.648%
CORE_STREAM_LENGTH_90                                6        4.380%                8        2.198%
CORE_STREAM_LENGTH_100_P                            40       29.197%               75       20.604%
                                                   137      100.000%              364      100.000%
                                                  4.58         4.59              3.41         3.89

CORE_CUM_STREAM_LENGTH_0                           118        0.136%              468        0.325%
CORE_CUM_STREAM_LENGTH_10                          578        0.667%             1914        1.330%
CORE_CUM_STREAM_LENGTH_20                          427        0.492%              917        0.637%
CORE_CUM_STREAM_LENGTH_30                          181        0.209%              385        0.267%
CORE_CUM_STREAM_LENGTH_40                          174        0.201%              569        0.395%
CORE_CUM_STREAM_LENGTH_50                            0        0.000%               58        0.040%
CORE_CUM_STREAM_LENGTH_60                          134        0.155%              518        0.360%
CORE_CUM_STREAM_LENGTH_70                          146        0.168%              146        0.101%
CORE_CUM_STREAM_LENGTH_80                          431        0.497%              513        0.356%
CORE_CUM_STREAM_LENGTH_90                          577        0.665%              769        0.534%
CORE_CUM_STREAM_LENGTH_100_P                     83951       96.810%           137678       95.653%
                                                 86717      100.000%           143935      100.000%
                                                  9.83         9.73              9.72         9.60

CORE_STREAM_TRAIN_HITS_0                            76       55.474%              232       63.736%
CORE_STREAM_TRAIN_HITS_10                           10        7.299%               31        8.516%
CORE_STREAM_TRAIN_HITS_20                            9        6.569%               18        4.945%
CORE_STREAM_TRAIN_HITS_30                            2        1.460%                6        1.648%
CORE_STREAM_TRAIN_HITS_40                            4        2.920%                8        2.198%
CORE_STREAM_TRAIN_HITS_50                            0        0.000%                1        0.275%
CORE_STREAM_TRAIN_HITS_60                            0        0.000%                0        0.000%
CORE_STREAM_TRAIN_HITS_70                            0        0.000%                0        0.000%
CORE_STREAM_TRAIN_HITS_80                            0        0.000%                0        0.000%
CORE_STREAM_TRAIN_HITS_90                            0        0.000%                0        0.000%
CORE_STREAM_TRAIN_HITS_100_P                        36       26.277%               68       18.681%
                                                   137      100.000%              364      100.000%
                                                  2.99         3.97              2.20         3.54

CORE_CUM_STREAM_TRAIN_HITS_0                       489        0.603%             1506        1.119%
CORE_CUM_STREAM_TRAIN_HITS_10                      139        0.171%              398        0.296%
CORE_CUM_STREAM_TRAIN_HITS_20                      230        0.284%              447        0.332%
CORE_CUM_STREAM_TRAIN_HITS_30                       62        0.076%              202        0.150%
CORE_CUM_STREAM_TRAIN_HITS_40                      180        0.222%              353        0.262%
CORE_CUM_STREAM_TRAIN_HITS_50                        0        0.000%               58        0.043%
CORE_CUM_STREAM_TRAIN_HITS_60                        0        0.000%                0        0.000%
CORE_CUM_STREAM_TRAIN_HITS_70                        0        0.000%                0        0.000%
CORE_CUM_STREAM_TRAIN_HITS_80                        0        0.000%                0        0.000%
CORE_CUM_STREAM_TRAIN_HITS_90                        0        0.000%                0        0.000%
CORE_CUM_STREAM_TRAIN_HITS_100_P                 79972       98.643%           131597       97.797%
                                                 81072      100.000%           134561      100.000%
                                                  9.88         9.84              9.81         9.73

CORE_STREAM_TRAIN_CREATE                           820                           2254              



