               ramulator.active_cycles_0             4973556                                      # Total active cycles for level _0
                 ramulator.busy_cycles_0             4973556                                      # (All-bank refresh only. busy cycles only include refresh time in rank level) The sum of cycles that the DRAM part is active or under refresh for level _0
            ramulator.serving_requests_0            21904350                                      # The sum of read and write requests that are served in this DRAM element per memory cycle for level _0
    ramulator.average_serving_requests_0            4.117177                                      # The average of read and write requests that are served in this DRAM element per memory cycle for level _0
             ramulator.active_cycles_0_0             4973556                                      # Total active cycles for level _0_0
               ramulator.busy_cycles_0_0             5096196                                      # (All-bank refresh only. busy cycles only include refresh time in rank level) The sum of cycles that the DRAM part is active or under refresh for level _0_0
          ramulator.serving_requests_0_0            21904350                                      # The sum of read and write requests that are served in this DRAM element per memory cycle for level _0_0
  ramulator.average_serving_requests_0_0            4.117177                                      # The average of read and write requests that are served in this DRAM element per memory cycle for level _0_0
           ramulator.active_cycles_0_0_0             2891520                                      # Total active cycles for level _0_0_0
             ramulator.busy_cycles_0_0_0             2891520                                      # (All-bank refresh only. busy cycles only include refresh time in rank level) The sum of cycles that the DRAM part is active or under refresh for level _0_0_0
        ramulator.serving_requests_0_0_0             5354202                                      # The sum of read and write requests that are served in this DRAM element per memory cycle for level _0_0_0
ramulator.average_serving_requests_0_0_0            1.006384                                      # The average of read and write requests that are served in this DRAM element per memory cycle for level _0_0_0
         ramulator.active_cycles_0_0_0_0              620271                                      # Total active cycles for level _0_0_0_0
           ramulator.busy_cycles_0_0_0_0              620271                                      # (All-bank refresh only. busy cycles only include refresh time in rank level) The sum of cycles that the DRAM part is active or under refresh for level _0_0_0_0
      ramulator.serving_requests_0_0_0_0              904246                                      # The sum of read and write requests that are served in this DRAM element per memory cycle for level _0_0_0_0
ramulator.average_serving_requests_0_0_0_0            0.169964                                      # The average of read and write requests that are served in this DRAM element per memory cycle for level _0_0_0_0
         ramulator.active_cycles_0_0_0_1             1066022                                      # Total active cycles for level _0_0_0_1
           ramulator.busy_cycles_0_0_0_1             1066022                                      # (All-bank refresh only. busy cycles only include refresh time in rank level) The sum of cycles that the DRAM part is active or under refresh for level _0_0_0_1
      ramulator.serving_requests_0_0_0_1             1509429                                      # The sum of read and write requests that are served in this DRAM element per memory cycle for level _0_0_0_1
ramulator.average_serving_requests_0_0_0_1            0.283715                                      # The average of read and write requests that are served in this DRAM element per memory cycle for level _0_0_0_1
         ramulator.active_cycles_0_0_0_2             1177814                                      # Total active cycles for level _0_0_0_2
           ramulator.busy_cycles_0_0_0_2             1177814                                      # (All-bank refresh only. busy cycles only include refresh time in rank level) The sum of cycles that the DRAM part is active or under refresh for level _0_0_0_2
      ramulator.serving_requests_0_0_0_2             1610637                                      # The sum of read and write requests that are served in this DRAM element per memory cycle for level _0_0_0_2
ramulator.average_serving_requests_0_0_0_2            0.302738                                      # The average of read and write requests that are served in this DRAM element per memory cycle for level _0_0_0_2
         ramulator.active_cycles_0_0_0_3              942692                                      # Total active cycles for level _0_0_0_3
           ramulator.busy_cycles_0_0_0_3              942692                                      # (All-bank refresh only. busy cycles only include refresh time in rank level) The sum of cycles that the DRAM part is active or under refresh for level _0_0_0_3
      ramulator.serving_requests_0_0_0_3             1329890                                      # The sum of read and write requests that are served in this DRAM element per memory cycle for level _0_0_0_3
ramulator.average_serving_requests_0_0_0_3            0.249968                                      # The average of read and write requests that are served in this DRAM element per memory cycle for level _0_0_0_3
           ramulator.active_cycles_0_0_1             2963368                                      # Total active cycles for level _0_0_1
             ramulator.busy_cycles_0_0_1             2963368                                      # (All-bank refresh only. busy cycles only include refresh time in rank level) The sum of cycles that the DRAM part is active or under refresh for level _0_0_1
        ramulator.serving_requests_0_0_1             5565340                                      # The sum of read and write requests that are served in this DRAM element per memory cycle for level _0_0_1
ramulator.average_serving_requests_0_0_1            1.046070                                      # The average of read and write requests that are served in this DRAM element per memory cycle for level _0_0_1
         ramulator.active_cycles_0_0_1_0              951258                                      # Total active cycles for level _0_0_1_0
           ramulator.busy_cycles_0_0_1_0              951258                                      # (All-bank refresh only. busy cycles only include refresh time in rank level) The sum of cycles that the DRAM part is active or under refresh for level _0_0_1_0
      ramulator.serving_requests_0_0_1_0             1319595                                      # The sum of read and write requests that are served in this DRAM element per memory cycle for level _0_0_1_0
ramulator.average_serving_requests_0_0_1_0            0.248033                                      # The average of read and write requests that are served in this DRAM element per memory cycle for level _0_0_1_0
         ramulator.active_cycles_0_0_1_1             1060998                                      # Total active cycles for level _0_0_1_1
           ramulator.busy_cycles_0_0_1_1             1060998                                      # (All-bank refresh only. busy cycles only include refresh time in rank level) The sum of cycles that the DRAM part is active or under refresh for level _0_0_1_1
      ramulator.serving_requests_0_0_1_1             1460182                                      # The sum of read and write requests that are served in this DRAM element per memory cycle for level _0_0_1_1
ramulator.average_serving_requests_0_0_1_1            0.274458                                      # The average of read and write requests that are served in this DRAM element per memory cycle for level _0_0_1_1
         ramulator.active_cycles_0_0_1_2              904880                                      # Total active cycles for level _0_0_1_2
           ramulator.busy_cycles_0_0_1_2              904880                                      # (All-bank refresh only. busy cycles only include refresh time in rank level) The sum of cycles that the DRAM part is active or under refresh for level _0_0_1_2
      ramulator.serving_requests_0_0_1_2             1257782                                      # The sum of read and write requests that are served in this DRAM element per memory cycle for level _0_0_1_2
ramulator.average_serving_requests_0_0_1_2            0.236415                                      # The average of read and write requests that are served in this DRAM element per memory cycle for level _0_0_1_2
         ramulator.active_cycles_0_0_1_3             1085056                                      # Total active cycles for level _0_0_1_3
           ramulator.busy_cycles_0_0_1_3             1085056                                      # (All-bank refresh only. busy cycles only include refresh time in rank level) The sum of cycles that the DRAM part is active or under refresh for level _0_0_1_3
      ramulator.serving_requests_0_0_1_3             1527778                                      # The sum of read and write requests that are served in this DRAM element per memory cycle for level _0_0_1_3
ramulator.average_serving_requests_0_0_1_3            0.287164                                      # The average of read and write requests that are served in this DRAM element per memory cycle for level _0_0_1_3
           ramulator.active_cycles_0_0_2             2951467                                      # Total active cycles for level _0_0_2
             ramulator.busy_cycles_0_0_2             2951467                                      # (All-bank refresh only. busy cycles only include refresh time in rank level) The sum of cycles that the DRAM part is active or under refresh for level _0_0_2
        ramulator.serving_requests_0_0_2             5454328                                      # The sum of read and write requests that are served in this DRAM element per memory cycle for level _0_0_2
ramulator.average_serving_requests_0_0_2            1.025204                                      # The average of read and write requests that are served in this DRAM element per memory cycle for level _0_0_2
         ramulator.active_cycles_0_0_2_0              921319                                      # Total active cycles for level _0_0_2_0
           ramulator.busy_cycles_0_0_2_0              921319                                      # (All-bank refresh only. busy cycles only include refresh time in rank level) The sum of cycles that the DRAM part is active or under refresh for level _0_0_2_0
      ramulator.serving_requests_0_0_2_0             1287007                                      # The sum of read and write requests that are served in this DRAM element per memory cycle for level _0_0_2_0
ramulator.average_serving_requests_0_0_2_0            0.241908                                      # The average of read and write requests that are served in this DRAM element per memory cycle for level _0_0_2_0
         ramulator.active_cycles_0_0_2_1             1281660                                      # Total active cycles for level _0_0_2_1
           ramulator.busy_cycles_0_0_2_1             1281660                                      # (All-bank refresh only. busy cycles only include refresh time in rank level) The sum of cycles that the DRAM part is active or under refresh for level _0_0_2_1
      ramulator.serving_requests_0_0_2_1             1825891                                      # The sum of read and write requests that are served in this DRAM element per memory cycle for level _0_0_2_1
ramulator.average_serving_requests_0_0_2_1            0.343197                                      # The average of read and write requests that are served in this DRAM element per memory cycle for level _0_0_2_1
         ramulator.active_cycles_0_0_2_2              898477                                      # Total active cycles for level _0_0_2_2
           ramulator.busy_cycles_0_0_2_2              898477                                      # (All-bank refresh only. busy cycles only include refresh time in rank level) The sum of cycles that the DRAM part is active or under refresh for level _0_0_2_2
      ramulator.serving_requests_0_0_2_2             1248889                                      # The sum of read and write requests that are served in this DRAM element per memory cycle for level _0_0_2_2
ramulator.average_serving_requests_0_0_2_2            0.234743                                      # The average of read and write requests that are served in this DRAM element per memory cycle for level _0_0_2_2
         ramulator.active_cycles_0_0_2_3              788371                                      # Total active cycles for level _0_0_2_3
           ramulator.busy_cycles_0_0_2_3              788371                                      # (All-bank refresh only. busy cycles only include refresh time in rank level) The sum of cycles that the DRAM part is active or under refresh for level _0_0_2_3
      ramulator.serving_requests_0_0_2_3             1092530                                      # The sum of read and write requests that are served in this DRAM element per memory cycle for level _0_0_2_3
ramulator.average_serving_requests_0_0_2_3            0.205354                                      # The average of read and write requests that are served in this DRAM element per memory cycle for level _0_0_2_3
           ramulator.active_cycles_0_0_3             2911994                                      # Total active cycles for level _0_0_3
             ramulator.busy_cycles_0_0_3             2911994                                      # (All-bank refresh only. busy cycles only include refresh time in rank level) The sum of cycles that the DRAM part is active or under refresh for level _0_0_3
        ramulator.serving_requests_0_0_3             5529049                                      # The sum of read and write requests that are served in this DRAM element per memory cycle for level _0_0_3
ramulator.average_serving_requests_0_0_3            1.039249                                      # The average of read and write requests that are served in this DRAM element per memory cycle for level _0_0_3
         ramulator.active_cycles_0_0_3_0              841696                                      # Total active cycles for level _0_0_3_0
           ramulator.busy_cycles_0_0_3_0              841696                                      # (All-bank refresh only. busy cycles only include refresh time in rank level) The sum of cycles that the DRAM part is active or under refresh for level _0_0_3_0
      ramulator.serving_requests_0_0_3_0             1228945                                      # The sum of read and write requests that are served in this DRAM element per memory cycle for level _0_0_3_0
ramulator.average_serving_requests_0_0_3_0            0.230994                                      # The average of read and write requests that are served in this DRAM element per memory cycle for level _0_0_3_0
         ramulator.active_cycles_0_0_3_1             1040410                                      # Total active cycles for level _0_0_3_1
           ramulator.busy_cycles_0_0_3_1             1040410                                      # (All-bank refresh only. busy cycles only include refresh time in rank level) The sum of cycles that the DRAM part is active or under refresh for level _0_0_3_1
      ramulator.serving_requests_0_0_3_1             1478278                                      # The sum of read and write requests that are served in this DRAM element per memory cycle for level _0_0_3_1
ramulator.average_serving_requests_0_0_3_1            0.277860                                      # The average of read and write requests that are served in this DRAM element per memory cycle for level _0_0_3_1
         ramulator.active_cycles_0_0_3_2              908215                                      # Total active cycles for level _0_0_3_2
           ramulator.busy_cycles_0_0_3_2              908215                                      # (All-bank refresh only. busy cycles only include refresh time in rank level) The sum of cycles that the DRAM part is active or under refresh for level _0_0_3_2
      ramulator.serving_requests_0_0_3_2             1273281                                      # The sum of read and write requests that are served in this DRAM element per memory cycle for level _0_0_3_2
ramulator.average_serving_requests_0_0_3_2            0.239328                                      # The average of read and write requests that are served in this DRAM element per memory cycle for level _0_0_3_2
         ramulator.active_cycles_0_0_3_3             1094843                                      # Total active cycles for level _0_0_3_3
           ramulator.busy_cycles_0_0_3_3             1094843                                      # (All-bank refresh only. busy cycles only include refresh time in rank level) The sum of cycles that the DRAM part is active or under refresh for level _0_0_3_3
      ramulator.serving_requests_0_0_3_3             1548545                                      # The sum of read and write requests that are served in this DRAM element per memory cycle for level _0_0_3_3
ramulator.average_serving_requests_0_0_3_3            0.291067                                      # The average of read and write requests that are served in this DRAM element per memory cycle for level _0_0_3_3
      ramulator.read_transaction_bytes_0            50201152                                      # The total byte of read transaction per channel
     ramulator.write_transaction_bytes_0             8246656                                      # The total byte of write transaction per channel
       ramulator.row_hits_channel_0_core              791024                                      # Number of row hits per channel per core
     ramulator.row_misses_channel_0_core               19286                                      # Number of row misses per channel per core
  ramulator.row_conflicts_channel_0_core              102937                                      # Number of row conflicts per channel per core
  ramulator.read_row_hits_channel_0_core              692768                                      # Number of row hits for read requests per channel per core
                                     [0]            692768.0                                      # 
ramulator.read_row_misses_channel_0_core               13790                                      # Number of row misses for read requests per channel per core
                                     [0]             13790.0                                      # 
ramulator.read_row_conflicts_channel_0_core               77835                                      # Number of row conflicts for read requests per channel per core
                                     [0]             77835.0                                      # 
 ramulator.write_row_hits_channel_0_core               98256                                      # Number of row hits for write requests per channel per core
                                     [0]             98256.0                                      # 
ramulator.write_row_misses_channel_0_core                5496                                      # Number of row misses for write requests per channel per core
                                     [0]              5496.0                                      # 
ramulator.write_row_conflicts_channel_0_core               25102                                      # Number of row conflicts for write requests per channel per core
                                     [0]             25102.0                                      # 
      ramulator.useless_activates_0_core                 988                                      # Number of useless activations. E.g, ACT -> PRE w/o RD or WR
            ramulator.read_latency_avg_0          121.458583                                      # The average memory latency cycles (in memory time domain) per request for all read requests in this channel
            ramulator.read_latency_sum_0            95295068                                      # The memory latency cycles (in memory time domain) sum for all read requests in this channel
        ramulator.req_queue_length_avg_0           32.048703                                      # Average of read and write queue length per memory cycle per channel.
        ramulator.req_queue_length_sum_0           170506632                                      # Sum of read and write queue length per memory cycle per channel.
   ramulator.read_req_queue_length_avg_0           17.596826                                      # Read queue length average per memory cycle per channel.
   ramulator.read_req_queue_length_sum_0            93619249                                      # Read queue length sum per memory cycle per channel.
  ramulator.write_req_queue_length_avg_0           14.451877                                      # Write queue length average per memory cycle per channel.
  ramulator.write_req_queue_length_sum_0            76887383                                      # Write queue length sum per memory cycle per channel.
              ramulator.record_read_hits                 0.0                                      # record read hit count for this core when it reaches request limit or to the end
                                     [0]                 0.0                                      # 
            ramulator.record_read_misses                 0.0                                      # record_read_miss count for this core when it reaches request limit or to the end
                                     [0]                 0.0                                      # 
         ramulator.record_read_conflicts                 0.0                                      # record read conflict count for this core when it reaches request limit or to the end
                                     [0]                 0.0                                      # 
             ramulator.record_write_hits                 0.0                                      # record write hit count for this core when it reaches request limit or to the end
                                     [0]                 0.0                                      # 
           ramulator.record_write_misses                 0.0                                      # record write miss count for this core when it reaches request limit or to the end
                                     [0]                 0.0                                      # 
        ramulator.record_write_conflicts                 0.0                                      # record write conflict for this core when it reaches request limit or to the end
                                     [0]                 0.0                                      # 
                 ramulator.dram_capacity          8589934592                                      # Number of bytes in simulated DRAM
                   ramulator.dram_cycles             5320235                                      # Number of DRAM cycles simulated
             ramulator.incoming_requests              913465                                      # Number of incoming requests to DRAM
                 ramulator.read_requests              784589                                      # Number of incoming read requests to DRAM per core
                                     [0]            784589.0                                      # 
                ramulator.write_requests              128876                                      # Number of incoming write requests to DRAM per core
                                     [0]            128876.0                                      # 
       ramulator.ramulator_active_cycles             4973558                                      # The total number of cycles that the DRAM part is active (serving R/W)
 ramulator.incoming_requests_per_channel            913465.0                                      # Number of incoming requests to each DRAM channel
                                     [0]            913465.0                                      # 
ramulator.incoming_read_reqs_per_channel            784589.0                                      # Number of incoming read requests to each DRAM channel
                                     [0]            784589.0                                      # 
     ramulator.physical_page_replacement                   0                                      # The number of times that physical page replacement happens.
             ramulator.maximum_bandwidth         19200000000                                      # The theoretical maximum bandwidth (Bps)
          ramulator.in_queue_req_num_sum           170506632                                      # Sum of read/write queue length
     ramulator.in_queue_read_req_num_sum            93619249                                      # Sum of read queue length
    ramulator.in_queue_write_req_num_sum            76887383                                      # Sum of write queue length
          ramulator.in_queue_req_num_avg           32.048703                                      # Average of read/write queue length per memory cycle
     ramulator.in_queue_read_req_num_avg           17.596826                                      # Average of read queue length per memory cycle
    ramulator.in_queue_write_req_num_avg           14.451877                                      # Average of write queue length per memory cycle
          ramulator.record_read_requests                 0.0                                      # record read requests for this core when it reaches request limit or to the end
                                     [0]                 0.0                                      # 
         ramulator.record_write_requests                 0.0                                      # record write requests for this core when it reaches request limit or to the end
                                     [0]                 0.0                                      # 
