/* -*- Mode: c -*- */
####################################################################################################
Core 0
####################################################################################################
Cumulative:        Cycles: 27549562              Instructions: 20000000              IPC: 0.72596

Periodic:          Cycles: 13550014              Instructions: 9999996               IPC: 0.73801

EXECUTION_TIME                           4234379375000                  8609238125000              

NODE_CYCLE                                    13550014                       27549562              

NODE_INST_COUNT                                9999996                       20000000              

NODE_INST_COUNT_FETCHED                        9999996                       20000000              

NODE_UOP_COUNT                                12290817                       24591565              

FULL_WINDOW_STALL                              2547627       18.802%          5546568       20.133%

FULL_WINDOW_MEM_OP                             2358484       99.997%          5167144       99.996%
FULL_WINDOW_FP_OP                                    0        0.000%                0        0.000%
FULL_WINDOW_OTHER_OP                                64        0.003%              186        0.004%
                                               2358548      100.000%          5167330      100.000%
                                                  0.00         0.01              0.00         0.01

RET_BLOCKED_DC_MISS                            5755053       42.473%         11950425       43.378%

RET_BLOCKED_L1_MISS                            1586800       11.711%          3750918       13.615%

RET_BLOCKED_L1_MISS_BW_PREF                       3382        0.025%             8079        0.029%

RET_BLOCKED_L1_ACCESS                          4168307       30.762%          8199711       29.763%

RET_BLOCKED_MEM_STALL                          1586800       11.711%          3750918       13.615%

RET_BLOCKED_OFFCHIP_DEMAND                           0        0.000%                0        0.000%

OP_ISSUED                                     37204219                       74260246              

OP_RETIRED                                    12290817                       24591565              

REPLAY_SIGNALED                                      0                              0              

REPLAY_COUNTED                                       0                              0              

OFF_CRITICAL_PATH                                    0         -nan%                0         -nan%
ON_CRITICAL_PATH                                     0         -nan%                0         -nan%
                                                     0         -nan%                0         -nan%
                                                  -nan         -nan              -nan         -nan

LD_NO_DEPENDENTS                                 24424        0.754%            48614        0.751%
LD_DEPENDENTS                                  3216400       99.246%          6426356       99.249%
                                               3240824      100.000%          6474970      100.000%
                                                  0.99         0.99              0.99         0.99

LD_EXEC_CYCLES_0                                     0        0.000%                0        0.000%
LD_EXEC_CYCLES_1                                     0        0.000%                0        0.000%
LD_EXEC_CYCLES_2                                     0        0.000%                0        0.000%
LD_EXEC_CYCLES_3                                   856       64.848%             1729       65.319%
LD_EXEC_CYCLES_4                                   464       35.152%              918       34.681%
                                                  1320      100.000%             2647      100.000%
                                                  3.35         2.04              3.35         2.03

ICACHE_STAGE_STARVED                                24        0.001%             3389        0.057%
ICACHE_STAGE_NOT_STARVED                       2959696       99.999%          5919721       99.943%
                                               2959720      100.000%          5923110      100.000%
                                                  1.00         1.00              1.00         1.00

ICACHE_STAGE_STALLED                            107245        0.791%           229453        0.833%
ICACHE_STAGE_NOT_STALLED                       2959719       21.843%          5921431       21.494%
ICACHE_STAGE_OFF_PATH                         10483050       77.366%         21398678       77.673%
                                              13550014      100.000%         27549562      100.000%
                                                  1.77         1.61              1.77         1.61

DECODE_STAGE_STARVED                          11955127       98.075%         24274159       98.101%
DECODE_STAGE_NOT_STARVED                        234601        1.925%           469850        1.899%
                                              12189728      100.000%         24744009      100.000%
                                                  0.02         0.14              0.02         0.14

DECODE_STAGE_STALLED                                 5        0.000%              402        0.001%
DECODE_STAGE_NOT_STALLED                      12189723       89.961%         24743607       89.815%
DECODE_STAGE_OFF_PATH                          1360286       10.039%          2805553       10.184%
                                              13550014      100.000%         27549562      100.000%
                                                  1.10         0.46              1.10         0.46

UOPQ_STAGE_STARVED                             7986271       93.163%         15926752       93.153%
UOPQ_STAGE_NOT_STARVED                          586067        6.837%          1170611        6.847%
                                               8572338      100.000%         17097363      100.000%
                                                  0.07         0.24              0.07         0.24

UOPQ_STAGE_STALLED                              108478        0.801%           232118        0.843%
UOPQ_STAGE_NOT_STALLED                         8572338       63.264%         17097363       62.060%
UOPQ_STAGE_OFF_PATH                            4869198       35.935%         10220081       37.097%
                                              13550014      100.000%         27549562      100.000%
                                                  1.35         0.94              1.36         0.96

MAP_STAGE_STARVED                               721190       17.398%          1452861       17.466%
MAP_STAGE_NOT_STARVED                          3423982       82.602%          6865252       82.534%
                                               4145172      100.000%          8318113      100.000%
                                                  0.83         0.77              0.83         0.77

MAP_STAGE_STALLED                               114623        0.846%           246086        0.893%
MAP_STAGE_NOT_STALLED                          4030549       29.746%          8072027       29.300%
MAP_STAGE_OFF_PATH                             9404842       69.408%         19231449       69.807%
                                              13550014      100.000%         27549562      100.000%
                                                  1.69         1.48              1.69         1.48

EXEC_STAGE_STARVED                             5553222       40.983%         11165881       40.530%
EXEC_STAGE_NOT_STARVED                          153395        1.132%           304355        1.105%
EXEC_STAGE_OFF_PATH                            7843397       57.885%         16079326       58.365%
                                              13550014      100.000%         27549562      100.000%
                                                  1.17         1.09              1.18         1.10

FU_BUSY_0                                      7703206                       15422562              

FU_BUSY_1                                      4313651                        8637327              

FU_BUSY_2                                      4914912                        9782754              

FU_BUSY_3                                      4120737                        8198367              

FU_BUSY_4                                      2356738                        4719709              

FU_BUSY_5                                      3019250                        6035939              

FU_BUSY_6                                      1241281                        2485458              

FU_BUSY_7                                      1520010                        3039265              

FU_BUSY_8                                            0                              0              

FU_BUSY_9                                            0                              0              

FU_BUSY_10                                           0                              0              

FU_BUSY_11                                           0                              0              

FU_BUSY_12                                           0                              0              

FU_BUSY_13                                           0                              0              

FU_BUSY_14                                           0                              0              

FU_BUSY_15                                           0                              0              

FU_BUSY_16                                           0                              0              

FU_BUSY_17                                           0                              0              

FU_BUSY_18                                           0                              0              

FU_BUSY_19                                           0                              0              

FU_BUSY_20                                           0                              0              

FU_BUSY_21                                           0                              0              

FU_BUSY_22                                           0                              0              

FU_BUSY_23                                           0                              0              

FU_BUSY_24                                           0                              0              

FU_BUSY_25                                           0                              0              

FU_BUSY_26                                           0                              0              

FU_BUSY_27                                           0                              0              

FU_BUSY_28                                           0                              0              

FU_BUSY_29                                           0                              0              

FU_BUSY_30                                           0                              0              

FU_BUSY_31                                           0                              0              

FU_REJECTED_OP_INV_NOT_SIMD                          0        0.000%                0        0.000%
FU_REJECTED_OP_NOP_NOT_SIMD                      28746       11.727%            58687       12.055%
FU_REJECTED_OP_CF_NOT_SIMD                        2831        1.155%             5731        1.177%
FU_REJECTED_OP_MOV_NOT_SIMD                      66252       27.029%           130315       26.768%
FU_REJECTED_OP_CMOV_NOT_SIMD                        96        0.039%              202        0.041%
FU_REJECTED_OP_LDA_NOT_SIMD                       6254        2.551%            12400        2.547%
FU_REJECTED_OP_IMEM_NOT_SIMD                      1767        0.721%             3245        0.667%
FU_REJECTED_OP_IADD_NOT_SIMD                     32958       13.446%            66113       13.580%
FU_REJECTED_OP_IMUL_NOT_SIMD                     46489       18.966%            91590       18.813%
FU_REJECTED_OP_IDIV_NOT_SIMD                      5808        2.369%            11322        2.326%
FU_REJECTED_OP_ICMP_NOT_SIMD                        21        0.009%               25        0.005%
FU_REJECTED_OP_LOGIC_NOT_SIMD                    16655        6.795%            32759        6.729%
FU_REJECTED_OP_SHIFT_NOT_SIMD                    37161       15.160%            74313       15.264%
FU_REJECTED_OP_FMEM_NOT_SIMD                        80        0.033%              138        0.028%
FU_REJECTED_OP_FCVT_NOT_SIMD                         0        0.000%                0        0.000%
FU_REJECTED_OP_FADD_NOT_SIMD                         0        0.000%                0        0.000%
FU_REJECTED_OP_FMUL_NOT_SIMD                         0        0.000%                0        0.000%
FU_REJECTED_OP_FMA_NOT_SIMD                          0        0.000%                0        0.000%
FU_REJECTED_OP_FDIV_NOT_SIMD                         0        0.000%                0        0.000%
FU_REJECTED_OP_FCMP_NOT_SIMD                         0        0.000%                0        0.000%
FU_REJECTED_OP_FCMOV_NOT_SIMD                        0        0.000%                0        0.000%
FU_REJECTED_OP_GATHER_NOT_SIMD                       0        0.000%                0        0.000%
FU_REJECTED_OP_SCATTER_NOT_SIMD                      0        0.000%                0        0.000%
FU_REJECTED_OP_PIPELINED_FAST_NOT_SIMD               0        0.000%                0        0.000%
FU_REJECTED_OP_PIPELINED_MEDIUM_NOT_SIMD             0        0.000%                0        0.000%
FU_REJECTED_OP_PIPELINED_SLOW_NOT_SIMD               0        0.000%                0        0.000%
FU_REJECTED_OP_NOTPIPELINED_MEDIUM_NOT_SIMD             0        0.000%                0        0.000%
FU_REJECTED_OP_NOTPIPELINED_SLOW_NOT_SIMD             0        0.000%                0        0.000%
FU_REJECTED_OP_NOTPIPELINED_VERY_SLOW_NOT_SIMD             0        0.000%                0        0.000%
FU_REJECTED_OP_INV_SIMD                              0        0.000%                0        0.000%
FU_REJECTED_OP_NOP_SIMD                              0        0.000%                0        0.000%
FU_REJECTED_OP_CF_SIMD                               0        0.000%                0        0.000%
FU_REJECTED_OP_MOV_SIMD                              0        0.000%                0        0.000%
FU_REJECTED_OP_CMOV_SIMD                             0        0.000%                0        0.000%
FU_REJECTED_OP_LDA_SIMD                              0        0.000%                0        0.000%
FU_REJECTED_OP_IMEM_SIMD                             0        0.000%                0        0.000%
FU_REJECTED_OP_IADD_SIMD                             0        0.000%                0        0.000%
FU_REJECTED_OP_IMUL_SIMD                             0        0.000%                0        0.000%
FU_REJECTED_OP_IDIV_SIMD                             0        0.000%                0        0.000%
FU_REJECTED_OP_ICMP_SIMD                             0        0.000%                0        0.000%
FU_REJECTED_OP_LOGIC_SIMD                            0        0.000%                0        0.000%
FU_REJECTED_OP_SHIFT_SIMD                            0        0.000%                0        0.000%
FU_REJECTED_OP_FMEM_SIMD                             0        0.000%                0        0.000%
FU_REJECTED_OP_FCVT_SIMD                             0        0.000%                0        0.000%
FU_REJECTED_OP_FADD_SIMD                             0        0.000%                0        0.000%
FU_REJECTED_OP_FMUL_SIMD                             0        0.000%                0        0.000%
FU_REJECTED_OP_FMA_SIMD                              0        0.000%                0        0.000%
FU_REJECTED_OP_FDIV_SIMD                             0        0.000%                0        0.000%
FU_REJECTED_OP_FCMP_SIMD                             0        0.000%                0        0.000%
FU_REJECTED_OP_FCMOV_SIMD                            0        0.000%                0        0.000%
FU_REJECTED_OP_GATHER_SIMD                           0        0.000%                0        0.000%
FU_REJECTED_OP_SCATTER_SIMD                          0        0.000%                0        0.000%
FU_REJECTED_OP_PIPELINED_FAST_SIMD                   0        0.000%                0        0.000%
FU_REJECTED_OP_PIPELINED_MEDIUM_SIMD                 0        0.000%                0        0.000%
FU_REJECTED_OP_PIPELINED_SLOW_SIMD                   0        0.000%                0        0.000%
FU_REJECTED_OP_NOTPIPELINED_MEDIUM_SIMD              0        0.000%                0        0.000%
FU_REJECTED_OP_NOTPIPELINED_SLOW_SIMD                0        0.000%                0        0.000%
FU_REJECTED_OP_NOTPIPELINED_VERY_SLOW_SIMD             0        0.000%                0        0.000%
                                                245118      100.000%           486840      100.000%
                                                  6.37         3.70              6.36         3.71

OP_WAIT_0                                      7181981                       14365447              

OP_WAIT_1                                      4399732                        8815086              

OP_WAIT_2                                       470207                         938432              

OP_WAIT_3                                       129880                         258886              

OP_WAIT_4                                        62790                         122947              

OP_WAIT_5                                        22285                          44176              

OP_WAIT_6                                         7280                          14220              

OP_WAIT_7                                         4224                           8259              

OP_WAIT_8                                          936                           1859              

OP_WAIT_9                                          525                           1124              

OP_WAIT_10                                         399                            779              

OP_WAIT_11                                         236                            479              

OP_WAIT_12                                         156                            332              

OP_WAIT_13                                          98                            252              

OP_WAIT_14                                         125                            278              

OP_WAIT_15                                          94                            194              

OP_WAIT_16                                          89                            189              

OP_WAIT_17                                         109                            209              

OP_WAIT_18                                         179                            368              

OP_WAIT_19                                         170                            344              

OP_WAIT_20                                         158                            308              

OP_WAIT_21                                          76                            136              

OP_WAIT_22                                         109                            234              

OP_WAIT_23                                         173                            344              

OP_WAIT_24                                         237                            483              

OP_WAIT_25                                         136                            280              

OP_WAIT_26                                          83                            153              

OP_WAIT_27                                          53                             93              

OP_WAIT_28                                          33                             70              

OP_WAIT_29                                         119                            221              

OP_WAIT_30                                          97                            205              

OP_WAIT_31                                        8048                          15178              

ROW_SIZE_0                                     8528050                       17503765              

ROW_SIZE_1                                     1427383                        2849870              

ROW_SIZE_2                                      501319                        1001132              

ROW_SIZE_3                                      316591                         628070              

ROW_SIZE_4                                      233954                         467628              

ROW_SIZE_5                                      131153                         264485              

ROW_SIZE_6                                     1219907                        2443714              

ROW_SIZE_7                                           0                              0              

ROW_SIZE_8                                           0                              0              

ROW_SIZE_9                                           0                              0              

ROW_SIZE_10                                          0                              0              

ROW_SIZE_11                                          0                              0              

ROW_SIZE_12                                          0                              0              

ROW_SIZE_13                                          0                              0              

ROW_SIZE_14                                          0                              0              

ROW_SIZE_15                                          0                              0              

ROW_SIZE_16                                          0                              0              

ROW_SIZE_17                                          0                              0              

ROW_SIZE_18                                          0                              0              

ROW_SIZE_19                                          0                              0              

ROW_SIZE_20                                          0                              0              

ROW_SIZE_21                                          0                              0              

ROW_SIZE_22                                          0                              0              

ROW_SIZE_23                                          0                              0              

ROW_SIZE_24                                          0                              0              

ROW_SIZE_25                                          0                              0              

ROW_SIZE_26                                          0                              0              

ROW_SIZE_27                                          0                              0              

ROW_SIZE_28                                          0                              0              

ROW_SIZE_29                                          0                              0              

ROW_SIZE_30                                          0                              0              

ROW_SIZE_31                                          0                              0              

RET_OP_EXEC_COUNT_0                                  0        0.000%                0        0.000%
RET_OP_EXEC_COUNT_1                           12290817      100.000%         24591565      100.000%
RET_OP_EXEC_COUNT_2                                  0        0.000%                0        0.000%
RET_OP_EXEC_COUNT_3                                  0        0.000%                0        0.000%
RET_OP_EXEC_COUNT_4                                  0        0.000%                0        0.000%
RET_OP_EXEC_COUNT_5                                  0        0.000%                0        0.000%
RET_OP_EXEC_COUNT_6                                  0        0.000%                0        0.000%
RET_OP_EXEC_COUNT_7                                  0        0.000%                0        0.000%
RET_OP_EXEC_COUNT_8                                  0        0.000%                0        0.000%
RET_OP_EXEC_COUNT_9                                  0        0.000%                0        0.000%
RET_OP_EXEC_COUNT_10                                 0        0.000%                0        0.000%
RET_OP_EXEC_COUNT_11                                 0        0.000%                0        0.000%
RET_OP_EXEC_COUNT_12                                 0        0.000%                0        0.000%
RET_OP_EXEC_COUNT_13                                 0        0.000%                0        0.000%
RET_OP_EXEC_COUNT_14                                 0        0.000%                0        0.000%
RET_OP_EXEC_COUNT_15                                 0        0.000%                0        0.000%
RET_OP_EXEC_COUNT_16                                 0        0.000%                0        0.000%
RET_OP_EXEC_COUNT_17                                 0        0.000%                0        0.000%
RET_OP_EXEC_COUNT_18                                 0        0.000%                0        0.000%
RET_OP_EXEC_COUNT_19                                 0        0.000%                0        0.000%
RET_OP_EXEC_COUNT_20                                 0        0.000%                0        0.000%
RET_OP_EXEC_COUNT_21                                 0        0.000%                0        0.000%
RET_OP_EXEC_COUNT_22                                 0        0.000%                0        0.000%
RET_OP_EXEC_COUNT_23                                 0        0.000%                0        0.000%
RET_OP_EXEC_COUNT_24                                 0        0.000%                0        0.000%
RET_OP_EXEC_COUNT_25                                 0        0.000%                0        0.000%
RET_OP_EXEC_COUNT_26                                 0        0.000%                0        0.000%
RET_OP_EXEC_COUNT_27                                 0        0.000%                0        0.000%
RET_OP_EXEC_COUNT_28                                 0        0.000%                0        0.000%
RET_OP_EXEC_COUNT_29                                 0        0.000%                0        0.000%
RET_OP_EXEC_COUNT_30                                 0        0.000%                0        0.000%
RET_OP_EXEC_COUNT_31                                 0        0.000%                0        0.000%
RET_OP_EXEC_COUNT_32                                 0        0.000%                0        0.000%
                                              12290817      100.000%         24591565      100.000%
                                                  1.00         0.00              1.00         0.00

RET_STALL_LENGTH_0                            12281451       99.924%         24569036       99.908%
RET_STALL_LENGTH_100                              8626        0.070%            20726        0.084%
RET_STALL_LENGTH_200                               471        0.004%             1217        0.005%
RET_STALL_LENGTH_300                                40        0.000%              109        0.000%
RET_STALL_LENGTH_400                                19        0.000%               33        0.000%
RET_STALL_LENGTH_500                                26        0.000%               43        0.000%
RET_STALL_LENGTH_600                                14        0.000%               23        0.000%
RET_STALL_LENGTH_700                                11        0.000%               26        0.000%
RET_STALL_LENGTH_800                                12        0.000%               21        0.000%
RET_STALL_LENGTH_900                                18        0.000%               31        0.000%
RET_STALL_LENGTH_1000                               21        0.000%               36        0.000%
RET_STALL_LENGTH_1100                               26        0.000%               70        0.000%
RET_STALL_LENGTH_1200                               61        0.000%              152        0.001%
RET_STALL_LENGTH_1300                               18        0.000%               38        0.000%
RET_STALL_LENGTH_1400                                2        0.000%                2        0.000%
RET_STALL_LENGTH_1500                                1        0.000%                1        0.000%
RET_STALL_LENGTH_1600                                0        0.000%                0        0.000%
RET_STALL_LENGTH_1700                                0        0.000%                1        0.000%
RET_STALL_LENGTH_1800                                0        0.000%                0        0.000%
RET_STALL_LENGTH_1900                                0        0.000%                0        0.000%
RET_STALL_LENGTH_2000                                0        0.000%                0        0.000%
RET_STALL_LENGTH_2100                                0        0.000%                0        0.000%
RET_STALL_LENGTH_2200                                0        0.000%                0        0.000%
RET_STALL_LENGTH_2300                                0        0.000%                0        0.000%
RET_STALL_LENGTH_2400                                0        0.000%                0        0.000%
RET_STALL_LENGTH_2500                                0        0.000%                0        0.000%
RET_STALL_LENGTH_2600                                0        0.000%                0        0.000%
RET_STALL_LENGTH_2700                                0        0.000%                0        0.000%
RET_STALL_LENGTH_2800                                0        0.000%                0        0.000%
RET_STALL_LENGTH_2900                                0        0.000%                0        0.000%
RET_STALL_LENGTH_3000                                0        0.000%                0        0.000%
RET_STALL_LENGTH_3100                                0        0.000%                0        0.000%
RET_STALL_LENGTH_3200                                0        0.000%                0        0.000%
RET_STALL_LENGTH_3300                                0        0.000%                0        0.000%
RET_STALL_LENGTH_3400                                0        0.000%                0        0.000%
RET_STALL_LENGTH_3500                                0        0.000%                0        0.000%
RET_STALL_LENGTH_3600                                0        0.000%                0        0.000%
RET_STALL_LENGTH_3700                                0        0.000%                0        0.000%
RET_STALL_LENGTH_3800                                0        0.000%                0        0.000%
RET_STALL_LENGTH_3900                                0        0.000%                0        0.000%
RET_STALL_LENGTH_4000                                0        0.000%                0        0.000%
RET_STALL_LENGTH_4100                                0        0.000%                0        0.000%
RET_STALL_LENGTH_4200                                0        0.000%                0        0.000%
RET_STALL_LENGTH_4300                                0        0.000%                0        0.000%
RET_STALL_LENGTH_4400                                0        0.000%                0        0.000%
RET_STALL_LENGTH_4500                                0        0.000%                0        0.000%
RET_STALL_LENGTH_4600                                0        0.000%                0        0.000%
RET_STALL_LENGTH_4700                                0        0.000%                0        0.000%
RET_STALL_LENGTH_4800                                0        0.000%                0        0.000%
RET_STALL_LENGTH_4900                                0        0.000%                0        0.000%
RET_STALL_LENGTH_5000                                0        0.000%                0        0.000%
                                              12290817      100.000%         24591565      100.000%
                                                  0.00         0.05              0.00         0.06

MEM_BLOCK_LENGTH_0                                   3      100.000%               11      100.000%
MEM_BLOCK_LENGTH_100                                 0        0.000%                0        0.000%
MEM_BLOCK_LENGTH_200                                 0        0.000%                0        0.000%
MEM_BLOCK_LENGTH_300                                 0        0.000%                0        0.000%
MEM_BLOCK_LENGTH_400                                 0        0.000%                0        0.000%
MEM_BLOCK_LENGTH_500                                 0        0.000%                0        0.000%
MEM_BLOCK_LENGTH_600                                 0        0.000%                0        0.000%
MEM_BLOCK_LENGTH_700                                 0        0.000%                0        0.000%
MEM_BLOCK_LENGTH_800                                 0        0.000%                0        0.000%
MEM_BLOCK_LENGTH_900                                 0        0.000%                0        0.000%
MEM_BLOCK_LENGTH_1000                                0        0.000%                0        0.000%
MEM_BLOCK_LENGTH_1100                                0        0.000%                0        0.000%
MEM_BLOCK_LENGTH_1200                                0        0.000%                0        0.000%
MEM_BLOCK_LENGTH_1300                                0        0.000%                0        0.000%
MEM_BLOCK_LENGTH_1400                                0        0.000%                0        0.000%
MEM_BLOCK_LENGTH_1500                                0        0.000%                0        0.000%
MEM_BLOCK_LENGTH_1600                                0        0.000%                0        0.000%
MEM_BLOCK_LENGTH_1700                                0        0.000%                0        0.000%
MEM_BLOCK_LENGTH_1800                                0        0.000%                0        0.000%
MEM_BLOCK_LENGTH_1900                                0        0.000%                0        0.000%
MEM_BLOCK_LENGTH_2000                                0        0.000%                0        0.000%
MEM_BLOCK_LENGTH_2100                                0        0.000%                0        0.000%
MEM_BLOCK_LENGTH_2200                                0        0.000%                0        0.000%
MEM_BLOCK_LENGTH_2300                                0        0.000%                0        0.000%
MEM_BLOCK_LENGTH_2400                                0        0.000%                0        0.000%
MEM_BLOCK_LENGTH_2500                                0        0.000%                0        0.000%
MEM_BLOCK_LENGTH_2600                                0        0.000%                0        0.000%
MEM_BLOCK_LENGTH_2700                                0        0.000%                0        0.000%
MEM_BLOCK_LENGTH_2800                                0        0.000%                0        0.000%
MEM_BLOCK_LENGTH_2900                                0        0.000%                0        0.000%
MEM_BLOCK_LENGTH_3000                                0        0.000%                0        0.000%
MEM_BLOCK_LENGTH_3100                                0        0.000%                0        0.000%
MEM_BLOCK_LENGTH_3200                                0        0.000%                0        0.000%
MEM_BLOCK_LENGTH_3300                                0        0.000%                0        0.000%
MEM_BLOCK_LENGTH_3400                                0        0.000%                0        0.000%
MEM_BLOCK_LENGTH_3500                                0        0.000%                0        0.000%
MEM_BLOCK_LENGTH_3600                                0        0.000%                0        0.000%
MEM_BLOCK_LENGTH_3700                                0        0.000%                0        0.000%
MEM_BLOCK_LENGTH_3800                                0        0.000%                0        0.000%
MEM_BLOCK_LENGTH_3900                                0        0.000%                0        0.000%
MEM_BLOCK_LENGTH_4000                                0        0.000%                0        0.000%
MEM_BLOCK_LENGTH_4100                                0        0.000%                0        0.000%
MEM_BLOCK_LENGTH_4200                                0        0.000%                0        0.000%
MEM_BLOCK_LENGTH_4300                                0        0.000%                0        0.000%
MEM_BLOCK_LENGTH_4400                                0        0.000%                0        0.000%
MEM_BLOCK_LENGTH_4500                                0        0.000%                0        0.000%
MEM_BLOCK_LENGTH_4600                                0        0.000%                0        0.000%
MEM_BLOCK_LENGTH_4700                                0        0.000%                0        0.000%
MEM_BLOCK_LENGTH_4800                                0        0.000%                0        0.000%
MEM_BLOCK_LENGTH_4900                                0        0.000%                0        0.000%
MEM_BLOCK_LENGTH_5000                                0        0.000%                0        0.000%
                                                     3      100.000%               11      100.000%
                                                  0.00         0.00              0.00         0.00

FUS_BUSY_ON_PATH                              12594155        0.9295         25197156        0.9146

FUS_BUSY_OFF_PATH                             16595630        1.2248         33124225        1.2024

FU_BUSY_MEM_STALL                               138596        0.0102           275144        0.0100

FUS_EMPTY                                     79210327        5.8458        162075115        5.8830

FU_UNAVAILABLE                                  212262        0.0157           420913        0.0153

FU_MEM_UNAVAILABLE                               32856        0.0024            65927        0.0024

FU_REPLAY                                            0        0.0000                0        0.0000

FU_STARVED                                    78267249        5.7762        160183542        5.8144

CHIP_UTILIZATION                                     0        0.0000                0        0.0000

CYCLES_UNDER_MEM_REQ                                 0                              0              

CYCLES_UNDER_NO_MEM_REQ                              0                              0              

CYCLES_UNDER_CRITICAL_MEM_REQ                        0                              0              

CYCLES_UNDER_NONCRITICAL_MEM_REQ                     0                              0              

CHIP_UTILIZATION_UNDER_MEM_REQ                       0          -nan                0          -nan

CHIP_UTILIZATION_UNDER_NO_MEM_REQ                    0          -nan                0          -nan

CHIP_UTILIZATION_UNDER_CRITICAL_MEM_REQ              0          -nan                0          -nan

CHIP_UTILIZATION_UNDER_NONCRITICAL_MEM_REQ             0          -nan                0          -nan

CYCLES_NOT_WAITING_FOR_OFF_CHIP                      0        0.0000                0        0.0000

FUS_BUSY_NOT_WAITING_FOR_OFF_CHIP                    0          -nan                0          -nan

CYCLES_WAITING_FOR_OFF_CHIP                          0        0.0000                0        0.0000

FUS_BUSY_WAITING_FOR_OFF_CHIP                        0          -nan                0          -nan

TOTAL_OFF_CHIP_DELAYS_LEFT                           0                              0              

WRONG_IO_SCHED                                       0                              0              

DVFS_CONFIG_SWITCH                                   0                              0              

MAP_STAGE_RECEIVED_OPS_0                             0        0.000%                0        0.000%
MAP_STAGE_RECEIVED_OPS_1                        487484       15.887%           980541       15.981%
MAP_STAGE_RECEIVED_OPS_2                        400595       13.055%           789453       12.866%
MAP_STAGE_RECEIVED_OPS_3                        540711       17.622%          1081441       17.625%
MAP_STAGE_RECEIVED_OPS_4                        272772        8.890%           550809        8.977%
MAP_STAGE_RECEIVED_OPS_5                        218953        7.136%           437492        7.130%
MAP_STAGE_RECEIVED_OPS_6                       1147952       37.411%          2296102       37.421%
MAP_STAGE_RECEIVED_OPS_7                             0        0.000%                0        0.000%
MAP_STAGE_RECEIVED_OPS_8                             0        0.000%                0        0.000%
MAP_STAGE_RECEIVED_OPS_MAX                           0        0.000%                0        0.000%
                                               3068467      100.000%          6135838      100.000%
                                                  3.91         1.92              3.91         1.92

MAP_STAGE_WAIT_FOR_DECODE                            0         -nan%                0         -nan%
MAP_STAGE_CONSUME_DECODE                             0         -nan%                0         -nan%
                                                     0         -nan%                0         -nan%
                                                  -nan         -nan              -nan         -nan

MAP_STAGE_WAIT_FOR_DECODE2                           0         -nan%                0         -nan%
MAP_STAGE_CONSUME_DECODE2                            0         -nan%                0         -nan%
                                                     0         -nan%                0         -nan%
                                                  -nan         -nan              -nan         -nan

FTQ_RECOVER_EXEC                                240904                         483394              

FTQ_RECOVER_DECODE                                   0                             27              

FTQ_OFFPATH_CYCLES                             2899650                        6093039              

FTQ_CYCLES_OFFPATH                            12416346                       25270116              

FTQ_CYCLES_ONPATH                              1133668                        2279446              

FTQ_FETCHED_INS_OFFPATH                       90105787                      180067594              

FTQ_FETCHED_INS_ONPATH                        12049867                       24108144              

FTQ_BREAK_FULL_FT_ONPATH                        208000       23.300%           424278       23.624%
FTQ_BREAK_MAX_CFS_TAKEN_ONPATH                  664616       74.449%          1332338       74.184%
FTQ_BREAK_MAX_BYTES_ONPATH                       20103        2.252%            39363        2.192%
FTQ_BREAK_PRED_BR_ONPATH                             0        0.000%                0        0.000%
FTQ_BREAK_BAR_FETCH_ONPATH                           0        0.000%                0        0.000%
                                                892719      100.000%          1795979      100.000%
                                                  0.79         0.26              0.79         0.26

FTQ_BREAK_FULL_FT_OFFPATH                      8949176       70.704%         18298615       71.053%
FTQ_BREAK_MAX_CFS_TAKEN_OFFPATH                3460283       27.338%          6975435       27.085%
FTQ_BREAK_MAX_BYTES_OFFPATH                     247790        1.958%           479487        1.862%
FTQ_BREAK_PRED_BR_OFFPATH                            0        0.000%                0        0.000%
FTQ_BREAK_BAR_FETCH_OFFPATH                          0        0.000%                0        0.000%
                                              12657249      100.000%         25753537      100.000%
                                                  0.31         0.43              0.31         0.43



