/* -*- Mode: c -*- */
####################################################################################################
Core 0
####################################################################################################
Cumulative:        Cycles: 16923114              Instructions: 20000000              IPC: 1.18182

Periodic:          Cycles: 8428624               Instructions: 10000000              IPC: 1.18643

EXECUTION_TIME                           2633945000000                  5288473125000              

NODE_CYCLE                                     8428624                       16923114              

NODE_INST_COUNT                               10000000                       20000000              

NODE_INST_COUNT_FETCHED                       10000000                       20000000              

NODE_UOP_COUNT                                12243023                       24482518              

FULL_WINDOW_STALL                               380837        4.518%           895839        5.294%

FULL_WINDOW_MEM_OP                               53614       17.995%           245382       33.768%
FULL_WINDOW_FP_OP                                    0        0.000%                0        0.000%
FULL_WINDOW_OTHER_OP                            244332       82.005%           481296       66.232%
                                                297946      100.000%           726678      100.000%
                                                  1.64         1.52              1.32         1.21

RET_BLOCKED_DC_MISS                             245433        2.912%           734115        4.338%

RET_BLOCKED_L1_MISS                              40849        0.485%           279415        1.651%

RET_BLOCKED_L1_MISS_BW_PREF                          0        0.000%             1960        0.012%

RET_BLOCKED_L1_ACCESS                           204584        2.427%           454714        2.687%

RET_BLOCKED_MEM_STALL                            40849        0.485%           279809        1.653%

RET_BLOCKED_OFFCHIP_DEMAND                           0        0.000%                0        0.000%

OP_ISSUED                                     25022512                       49877531              

OP_RETIRED                                    12243023                       24482518              

REPLAY_SIGNALED                                      0                              0              

REPLAY_COUNTED                                       0                              0              

OFF_CRITICAL_PATH                                    0         -nan%                0         -nan%
ON_CRITICAL_PATH                                     0         -nan%                0         -nan%
                                                     0         -nan%                0         -nan%
                                                  -nan         -nan              -nan         -nan

LD_NO_DEPENDENTS                                108945        4.057%           214367        3.980%
LD_DEPENDENTS                                  2576427       95.943%          5172085       96.020%
                                               2685372      100.000%          5386452      100.000%
                                                  0.96         0.94              0.96         0.94

LD_EXEC_CYCLES_0                                     0        0.000%                0        0.000%
LD_EXEC_CYCLES_1                                     0        0.000%                0        0.000%
LD_EXEC_CYCLES_2                                     0        0.000%                0        0.000%
LD_EXEC_CYCLES_3                                    37       60.656%               87       65.414%
LD_EXEC_CYCLES_4                                    24       39.344%               46       34.586%
                                                    61      100.000%              133      100.000%
                                                  3.39         2.20              3.35         2.03

ICACHE_STAGE_STARVED                              1322        0.052%            32260        0.628%
ICACHE_STAGE_NOT_STARVED                       2548869       99.948%          5103320       99.372%
                                               2550191      100.000%          5135580      100.000%
                                                  1.00         1.00              0.99         0.99

ICACHE_STAGE_STALLED                            222944        2.645%           490255        2.897%
ICACHE_STAGE_NOT_STALLED                       2549573       30.249%          5119602       30.252%
ICACHE_STAGE_OFF_PATH                          5656107       67.106%         11313257       66.851%
                                               8428624      100.000%         16923114      100.000%
                                                  1.64         1.42              1.64         1.42

DECODE_STAGE_STARVED                           5596183       88.680%         11311320       88.935%
DECODE_STAGE_NOT_STARVED                        714368       11.320%          1407312       11.065%
                                               6310551      100.000%         12718632      100.000%
                                                  0.11         0.30              0.11         0.30

DECODE_STAGE_STALLED                              1415        0.017%             9165        0.054%
DECODE_STAGE_NOT_STALLED                       6309136       74.854%         12709467       75.101%
DECODE_STAGE_OFF_PATH                          2118073       25.130%          4204482       24.845%
                                               8428624      100.000%         16923114      100.000%
                                                  1.25         0.76              1.25         0.76

UOPQ_STAGE_STARVED                             3381733       72.102%          6773086       72.119%
UOPQ_STAGE_NOT_STARVED                         1308480       27.898%          2618424       27.881%
                                               4690213      100.000%          9391510      100.000%
                                                  0.28         0.41              0.28         0.41

UOPQ_STAGE_STALLED                              224095        2.659%           493021        2.913%
UOPQ_STAGE_NOT_STALLED                         4690213       55.646%          9391510       55.495%
UOPQ_STAGE_OFF_PATH                            3514316       41.695%          7038583       41.592%
                                               8428624      100.000%         16923114      100.000%
                                                  1.39         1.02              1.39         1.02

MAP_STAGE_STARVED                              1259420       28.556%          2505932       28.283%
MAP_STAGE_NOT_STARVED                          3150874       71.444%          6354128       71.717%
                                               4410294      100.000%          8860060      100.000%
                                                  0.71         0.65              0.72         0.65

MAP_STAGE_STALLED                               230980        2.740%           512822        3.030%
MAP_STAGE_NOT_STALLED                          4179314       49.585%          8347238       49.324%
MAP_STAGE_OFF_PATH                             4018330       47.675%          8063054       47.645%
                                               8428624      100.000%         16923114      100.000%
                                                  1.45         1.12              1.45         1.11

EXEC_STAGE_STARVED                             5533291       65.649%         11111316       65.658%
EXEC_STAGE_NOT_STARVED                          554065        6.574%          1049437        6.201%
EXEC_STAGE_OFF_PATH                            2341268       27.778%          4762361       28.141%
                                               8428624      100.000%         16923114      100.000%
                                                  0.62         0.80              0.62         0.81

FU_BUSY_0                                      5088046                       10168899              

FU_BUSY_1                                      3856813                        7669688              

FU_BUSY_2                                      2568253                        5135928              

FU_BUSY_3                                      1948051                        3904320              

FU_BUSY_4                                      2029823                        4069159              

FU_BUSY_5                                      2031781                        4068836              

FU_BUSY_6                                       632284                        1258221              

FU_BUSY_7                                       820065                        1643424              

FU_BUSY_8                                            0                              0              

FU_BUSY_9                                            0                              0              

FU_BUSY_10                                           0                              0              

FU_BUSY_11                                           0                              0              

FU_BUSY_12                                           0                              0              

FU_BUSY_13                                           0                              0              

FU_BUSY_14                                           0                              0              

FU_BUSY_15                                           0                              0              

FU_BUSY_16                                           0                              0              

FU_BUSY_17                                           0                              0              

FU_BUSY_18                                           0                              0              

FU_BUSY_19                                           0                              0              

FU_BUSY_20                                           0                              0              

FU_BUSY_21                                           0                              0              

FU_BUSY_22                                           0                              0              

FU_BUSY_23                                           0                              0              

FU_BUSY_24                                           0                              0              

FU_BUSY_25                                           0                              0              

FU_BUSY_26                                           0                              0              

FU_BUSY_27                                           0                              0              

FU_BUSY_28                                           0                              0              

FU_BUSY_29                                           0                              0              

FU_BUSY_30                                           0                              0              

FU_BUSY_31                                           0                              0              

FU_REJECTED_OP_INV_NOT_SIMD                          0        0.000%                0        0.000%
FU_REJECTED_OP_NOP_NOT_SIMD                        101        0.020%              256        0.026%
FU_REJECTED_OP_CF_NOT_SIMD                        3609        0.701%             7398        0.756%
FU_REJECTED_OP_MOV_NOT_SIMD                      15698        3.050%            30035        3.069%
FU_REJECTED_OP_CMOV_NOT_SIMD                        14        0.003%               20        0.002%
FU_REJECTED_OP_LDA_NOT_SIMD                         85        0.017%              168        0.017%
FU_REJECTED_OP_IMEM_NOT_SIMD                      1262        0.245%             2584        0.264%
FU_REJECTED_OP_IADD_NOT_SIMD                     30275        5.881%            59441        6.073%
FU_REJECTED_OP_IMUL_NOT_SIMD                     17677        3.434%            37917        3.874%
FU_REJECTED_OP_IDIV_NOT_SIMD                    182389       35.431%           343210       35.066%
FU_REJECTED_OP_ICMP_NOT_SIMD                    245787       47.747%           457383       46.732%
FU_REJECTED_OP_LOGIC_NOT_SIMD                     3119        0.606%             6606        0.675%
FU_REJECTED_OP_SHIFT_NOT_SIMD                     2354        0.457%             6029        0.616%
FU_REJECTED_OP_FMEM_NOT_SIMD                       781        0.152%             1480        0.151%
FU_REJECTED_OP_FCVT_NOT_SIMD                         0        0.000%                0        0.000%
FU_REJECTED_OP_FADD_NOT_SIMD                         0        0.000%                0        0.000%
FU_REJECTED_OP_FMUL_NOT_SIMD                         0        0.000%                0        0.000%
FU_REJECTED_OP_FMA_NOT_SIMD                          0        0.000%                0        0.000%
FU_REJECTED_OP_FDIV_NOT_SIMD                         0        0.000%                0        0.000%
FU_REJECTED_OP_FCMP_NOT_SIMD                         0        0.000%                0        0.000%
FU_REJECTED_OP_FCMOV_NOT_SIMD                        0        0.000%                0        0.000%
FU_REJECTED_OP_GATHER_NOT_SIMD                       0        0.000%                0        0.000%
FU_REJECTED_OP_SCATTER_NOT_SIMD                      0        0.000%                0        0.000%
FU_REJECTED_OP_PIPELINED_FAST_NOT_SIMD               0        0.000%                0        0.000%
FU_REJECTED_OP_PIPELINED_MEDIUM_NOT_SIMD             0        0.000%                0        0.000%
FU_REJECTED_OP_PIPELINED_SLOW_NOT_SIMD               0        0.000%                0        0.000%
FU_REJECTED_OP_NOTPIPELINED_MEDIUM_NOT_SIMD             0        0.000%                0        0.000%
FU_REJECTED_OP_NOTPIPELINED_SLOW_NOT_SIMD             0        0.000%                0        0.000%
FU_REJECTED_OP_NOTPIPELINED_VERY_SLOW_NOT_SIMD             0        0.000%                0        0.000%
FU_REJECTED_OP_INV_SIMD                              0        0.000%                0        0.000%
FU_REJECTED_OP_NOP_SIMD                              0        0.000%                0        0.000%
FU_REJECTED_OP_CF_SIMD                               0        0.000%                0        0.000%
FU_REJECTED_OP_MOV_SIMD                              0        0.000%                0        0.000%
FU_REJECTED_OP_CMOV_SIMD                             0        0.000%                0        0.000%
FU_REJECTED_OP_LDA_SIMD                              0        0.000%                0        0.000%
FU_REJECTED_OP_IMEM_SIMD                             0        0.000%                0        0.000%
FU_REJECTED_OP_IADD_SIMD                             0        0.000%                0        0.000%
FU_REJECTED_OP_IMUL_SIMD                             0        0.000%                0        0.000%
FU_REJECTED_OP_IDIV_SIMD                             0        0.000%                0        0.000%
FU_REJECTED_OP_ICMP_SIMD                             0        0.000%                0        0.000%
FU_REJECTED_OP_LOGIC_SIMD                           10        0.002%               18        0.002%
FU_REJECTED_OP_SHIFT_SIMD                           15        0.003%               30        0.003%
FU_REJECTED_OP_FMEM_SIMD                             0        0.000%                0        0.000%
FU_REJECTED_OP_FCVT_SIMD                             0        0.000%             1812        0.185%
FU_REJECTED_OP_FADD_SIMD                         11581        2.250%            24332        2.486%
FU_REJECTED_OP_FMUL_SIMD                            13        0.003%               24        0.002%
FU_REJECTED_OP_FMA_SIMD                              0        0.000%                0        0.000%
FU_REJECTED_OP_FDIV_SIMD                             0        0.000%                0        0.000%
FU_REJECTED_OP_FCMP_SIMD                             0        0.000%                0        0.000%
FU_REJECTED_OP_FCMOV_SIMD                            0        0.000%                0        0.000%
FU_REJECTED_OP_GATHER_SIMD                           0        0.000%                0        0.000%
FU_REJECTED_OP_SCATTER_SIMD                          0        0.000%                0        0.000%
FU_REJECTED_OP_PIPELINED_FAST_SIMD                   0        0.000%                0        0.000%
FU_REJECTED_OP_PIPELINED_MEDIUM_SIMD                 0        0.000%                0        0.000%
FU_REJECTED_OP_PIPELINED_SLOW_SIMD                   0        0.000%                0        0.000%
FU_REJECTED_OP_NOTPIPELINED_MEDIUM_SIMD              0        0.000%                0        0.000%
FU_REJECTED_OP_NOTPIPELINED_SLOW_SIMD                0        0.000%                0        0.000%
FU_REJECTED_OP_NOTPIPELINED_VERY_SLOW_SIMD             0        0.000%                0        0.000%
                                                514770      100.000%           978743      100.000%
                                                  9.91         5.40             10.03         5.83

OP_WAIT_0                                      8394205                       16774286              

OP_WAIT_1                                      2840766                        5701106              

OP_WAIT_2                                       470859                         951379              

OP_WAIT_3                                       177500                         359059              

OP_WAIT_4                                        87437                         173266              

OP_WAIT_5                                        56488                         109983              

OP_WAIT_6                                        40200                          80055              

OP_WAIT_7                                        15663                          29647              

OP_WAIT_8                                         4254                           7728              

OP_WAIT_9                                         6319                          12218              

OP_WAIT_10                                        6141                          11199              

OP_WAIT_11                                        3133                           5449              

OP_WAIT_12                                        2679                           4968              

OP_WAIT_13                                        2856                           4808              

OP_WAIT_14                                        2619                           5149              

OP_WAIT_15                                        2917                           5595              

OP_WAIT_16                                         946                           2715              

OP_WAIT_17                                        4582                           8377              

OP_WAIT_18                                        7697                          14427              

OP_WAIT_19                                        1473                           3156              

OP_WAIT_20                                        1870                           3114              

OP_WAIT_21                                        1330                           2412              

OP_WAIT_22                                        1207                           2041              

OP_WAIT_23                                        1179                           2004              

OP_WAIT_24                                        2651                           4425              

OP_WAIT_25                                         651                           1085              

OP_WAIT_26                                         512                            894              

OP_WAIT_27                                         662                           1226              

OP_WAIT_28                                         335                            589              

OP_WAIT_29                                         415                           1225              

OP_WAIT_30                                         572                           2385              

OP_WAIT_31                                      102905                         196548              

ROW_SIZE_0                                     3231853                        6617774              

ROW_SIZE_1                                     1323734                        2611583              

ROW_SIZE_2                                      449838                         885747              

ROW_SIZE_3                                      273252                         540639              

ROW_SIZE_4                                      326649                         651566              

ROW_SIZE_5                                      161523                         315420              

ROW_SIZE_6                                     1180941                        2382360              

ROW_SIZE_7                                           0                              0              

ROW_SIZE_8                                           0                              0              

ROW_SIZE_9                                           0                              0              

ROW_SIZE_10                                          0                              0              

ROW_SIZE_11                                          0                              0              

ROW_SIZE_12                                          0                              0              

ROW_SIZE_13                                          0                              0              

ROW_SIZE_14                                          0                              0              

ROW_SIZE_15                                          0                              0              

ROW_SIZE_16                                          0                              0              

ROW_SIZE_17                                          0                              0              

ROW_SIZE_18                                          0                              0              

ROW_SIZE_19                                          0                              0              

ROW_SIZE_20                                          0                              0              

ROW_SIZE_21                                          0                              0              

ROW_SIZE_22                                          0                              0              

ROW_SIZE_23                                          0                              0              

ROW_SIZE_24                                          0                              0              

ROW_SIZE_25                                          0                              0              

ROW_SIZE_26                                          0                              0              

ROW_SIZE_27                                          0                              0              

ROW_SIZE_28                                          0                              0              

ROW_SIZE_29                                          0                              0              

ROW_SIZE_30                                          0                              0              

ROW_SIZE_31                                          0                              0              

RET_OP_EXEC_COUNT_0                                  0        0.000%                0        0.000%
RET_OP_EXEC_COUNT_1                           12243023      100.000%         24482518      100.000%
RET_OP_EXEC_COUNT_2                                  0        0.000%                0        0.000%
RET_OP_EXEC_COUNT_3                                  0        0.000%                0        0.000%
RET_OP_EXEC_COUNT_4                                  0        0.000%                0        0.000%
RET_OP_EXEC_COUNT_5                                  0        0.000%                0        0.000%
RET_OP_EXEC_COUNT_6                                  0        0.000%                0        0.000%
RET_OP_EXEC_COUNT_7                                  0        0.000%                0        0.000%
RET_OP_EXEC_COUNT_8                                  0        0.000%                0        0.000%
RET_OP_EXEC_COUNT_9                                  0        0.000%                0        0.000%
RET_OP_EXEC_COUNT_10                                 0        0.000%                0        0.000%
RET_OP_EXEC_COUNT_11                                 0        0.000%                0        0.000%
RET_OP_EXEC_COUNT_12                                 0        0.000%                0        0.000%
RET_OP_EXEC_COUNT_13                                 0        0.000%                0        0.000%
RET_OP_EXEC_COUNT_14                                 0        0.000%                0        0.000%
RET_OP_EXEC_COUNT_15                                 0        0.000%                0        0.000%
RET_OP_EXEC_COUNT_16                                 0        0.000%                0        0.000%
RET_OP_EXEC_COUNT_17                                 0        0.000%                0        0.000%
RET_OP_EXEC_COUNT_18                                 0        0.000%                0        0.000%
RET_OP_EXEC_COUNT_19                                 0        0.000%                0        0.000%
RET_OP_EXEC_COUNT_20                                 0        0.000%                0        0.000%
RET_OP_EXEC_COUNT_21                                 0        0.000%                0        0.000%
RET_OP_EXEC_COUNT_22                                 0        0.000%                0        0.000%
RET_OP_EXEC_COUNT_23                                 0        0.000%                0        0.000%
RET_OP_EXEC_COUNT_24                                 0        0.000%                0        0.000%
RET_OP_EXEC_COUNT_25                                 0        0.000%                0        0.000%
RET_OP_EXEC_COUNT_26                                 0        0.000%                0        0.000%
RET_OP_EXEC_COUNT_27                                 0        0.000%                0        0.000%
RET_OP_EXEC_COUNT_28                                 0        0.000%                0        0.000%
RET_OP_EXEC_COUNT_29                                 0        0.000%                0        0.000%
RET_OP_EXEC_COUNT_30                                 0        0.000%                0        0.000%
RET_OP_EXEC_COUNT_31                                 0        0.000%                0        0.000%
RET_OP_EXEC_COUNT_32                                 0        0.000%                0        0.000%
                                              12243023      100.000%         24482518      100.000%
                                                  1.00         0.00              1.00         0.00

RET_STALL_LENGTH_0                            12242705       99.997%         24480413       99.991%
RET_STALL_LENGTH_100                               306        0.002%             2003        0.008%
RET_STALL_LENGTH_200                                 1        0.000%               39        0.000%
RET_STALL_LENGTH_300                                 0        0.000%                4        0.000%
RET_STALL_LENGTH_400                                 2        0.000%                3        0.000%
RET_STALL_LENGTH_500                                 0        0.000%                2        0.000%
RET_STALL_LENGTH_600                                 1        0.000%                4        0.000%
RET_STALL_LENGTH_700                                 1        0.000%                8        0.000%
RET_STALL_LENGTH_800                                 2        0.000%                5        0.000%
RET_STALL_LENGTH_900                                 0        0.000%                5        0.000%
RET_STALL_LENGTH_1000                                3        0.000%               12        0.000%
RET_STALL_LENGTH_1100                                0        0.000%               10        0.000%
RET_STALL_LENGTH_1200                                2        0.000%                7        0.000%
RET_STALL_LENGTH_1300                                0        0.000%                3        0.000%
RET_STALL_LENGTH_1400                                0        0.000%                0        0.000%
RET_STALL_LENGTH_1500                                0        0.000%                0        0.000%
RET_STALL_LENGTH_1600                                0        0.000%                0        0.000%
RET_STALL_LENGTH_1700                                0        0.000%                0        0.000%
RET_STALL_LENGTH_1800                                0        0.000%                0        0.000%
RET_STALL_LENGTH_1900                                0        0.000%                0        0.000%
RET_STALL_LENGTH_2000                                0        0.000%                0        0.000%
RET_STALL_LENGTH_2100                                0        0.000%                0        0.000%
RET_STALL_LENGTH_2200                                0        0.000%                0        0.000%
RET_STALL_LENGTH_2300                                0        0.000%                0        0.000%
RET_STALL_LENGTH_2400                                0        0.000%                0        0.000%
RET_STALL_LENGTH_2500                                0        0.000%                0        0.000%
RET_STALL_LENGTH_2600                                0        0.000%                0        0.000%
RET_STALL_LENGTH_2700                                0        0.000%                0        0.000%
RET_STALL_LENGTH_2800                                0        0.000%                0        0.000%
RET_STALL_LENGTH_2900                                0        0.000%                0        0.000%
RET_STALL_LENGTH_3000                                0        0.000%                0        0.000%
RET_STALL_LENGTH_3100                                0        0.000%                0        0.000%
RET_STALL_LENGTH_3200                                0        0.000%                0        0.000%
RET_STALL_LENGTH_3300                                0        0.000%                0        0.000%
RET_STALL_LENGTH_3400                                0        0.000%                0        0.000%
RET_STALL_LENGTH_3500                                0        0.000%                0        0.000%
RET_STALL_LENGTH_3600                                0        0.000%                0        0.000%
RET_STALL_LENGTH_3700                                0        0.000%                0        0.000%
RET_STALL_LENGTH_3800                                0        0.000%                0        0.000%
RET_STALL_LENGTH_3900                                0        0.000%                0        0.000%
RET_STALL_LENGTH_4000                                0        0.000%                0        0.000%
RET_STALL_LENGTH_4100                                0        0.000%                0        0.000%
RET_STALL_LENGTH_4200                                0        0.000%                0        0.000%
RET_STALL_LENGTH_4300                                0        0.000%                0        0.000%
RET_STALL_LENGTH_4400                                0        0.000%                0        0.000%
RET_STALL_LENGTH_4500                                0        0.000%                0        0.000%
RET_STALL_LENGTH_4600                                0        0.000%                0        0.000%
RET_STALL_LENGTH_4700                                0        0.000%                0        0.000%
RET_STALL_LENGTH_4800                                0        0.000%                0        0.000%
RET_STALL_LENGTH_4900                                0        0.000%                0        0.000%
RET_STALL_LENGTH_5000                                0        0.000%                0        0.000%
                                              12243023      100.000%         24482518      100.000%
                                                  0.00         0.01              0.00         0.02

MEM_BLOCK_LENGTH_0                                   0         -nan%               19       76.000%
MEM_BLOCK_LENGTH_100                                 0         -nan%                3       12.000%
MEM_BLOCK_LENGTH_200                                 0         -nan%                2        8.000%
MEM_BLOCK_LENGTH_300                                 0         -nan%                0        0.000%
MEM_BLOCK_LENGTH_400                                 0         -nan%                0        0.000%
MEM_BLOCK_LENGTH_500                                 0         -nan%                0        0.000%
MEM_BLOCK_LENGTH_600                                 0         -nan%                0        0.000%
MEM_BLOCK_LENGTH_700                                 0         -nan%                1        4.000%
MEM_BLOCK_LENGTH_800                                 0         -nan%                0        0.000%
MEM_BLOCK_LENGTH_900                                 0         -nan%                0        0.000%
MEM_BLOCK_LENGTH_1000                                0         -nan%                0        0.000%
MEM_BLOCK_LENGTH_1100                                0         -nan%                0        0.000%
MEM_BLOCK_LENGTH_1200                                0         -nan%                0        0.000%
MEM_BLOCK_LENGTH_1300                                0         -nan%                0        0.000%
MEM_BLOCK_LENGTH_1400                                0         -nan%                0        0.000%
MEM_BLOCK_LENGTH_1500                                0         -nan%                0        0.000%
MEM_BLOCK_LENGTH_1600                                0         -nan%                0        0.000%
MEM_BLOCK_LENGTH_1700                                0         -nan%                0        0.000%
MEM_BLOCK_LENGTH_1800                                0         -nan%                0        0.000%
MEM_BLOCK_LENGTH_1900                                0         -nan%                0        0.000%
MEM_BLOCK_LENGTH_2000                                0         -nan%                0        0.000%
MEM_BLOCK_LENGTH_2100                                0         -nan%                0        0.000%
MEM_BLOCK_LENGTH_2200                                0         -nan%                0        0.000%
MEM_BLOCK_LENGTH_2300                                0         -nan%                0        0.000%
MEM_BLOCK_LENGTH_2400                                0         -nan%                0        0.000%
MEM_BLOCK_LENGTH_2500                                0         -nan%                0        0.000%
MEM_BLOCK_LENGTH_2600                                0         -nan%                0        0.000%
MEM_BLOCK_LENGTH_2700                                0         -nan%                0        0.000%
MEM_BLOCK_LENGTH_2800                                0         -nan%                0        0.000%
MEM_BLOCK_LENGTH_2900                                0         -nan%                0        0.000%
MEM_BLOCK_LENGTH_3000                                0         -nan%                0        0.000%
MEM_BLOCK_LENGTH_3100                                0         -nan%                0        0.000%
MEM_BLOCK_LENGTH_3200                                0         -nan%                0        0.000%
MEM_BLOCK_LENGTH_3300                                0         -nan%                0        0.000%
MEM_BLOCK_LENGTH_3400                                0         -nan%                0        0.000%
MEM_BLOCK_LENGTH_3500                                0         -nan%                0        0.000%
MEM_BLOCK_LENGTH_3600                                0         -nan%                0        0.000%
MEM_BLOCK_LENGTH_3700                                0         -nan%                0        0.000%
MEM_BLOCK_LENGTH_3800                                0         -nan%                0        0.000%
MEM_BLOCK_LENGTH_3900                                0         -nan%                0        0.000%
MEM_BLOCK_LENGTH_4000                                0         -nan%                0        0.000%
MEM_BLOCK_LENGTH_4100                                0         -nan%                0        0.000%
MEM_BLOCK_LENGTH_4200                                0         -nan%                0        0.000%
MEM_BLOCK_LENGTH_4300                                0         -nan%                0        0.000%
MEM_BLOCK_LENGTH_4400                                0         -nan%                0        0.000%
MEM_BLOCK_LENGTH_4500                                0         -nan%                0        0.000%
MEM_BLOCK_LENGTH_4600                                0         -nan%                0        0.000%
MEM_BLOCK_LENGTH_4700                                0         -nan%                0        0.000%
MEM_BLOCK_LENGTH_4800                                0         -nan%                0        0.000%
MEM_BLOCK_LENGTH_4900                                0         -nan%                0        0.000%
MEM_BLOCK_LENGTH_5000                                0         -nan%                0        0.000%
                                                     0         -nan%               25      100.000%
                                                  -nan         -nan              0.56         1.39

FUS_BUSY_ON_PATH                              12778325        1.5161         25503760        1.5070

FUS_BUSY_OFF_PATH                              6196791        0.7352         12414715        0.7336

FU_BUSY_MEM_STALL                                95151        0.0113           191770        0.0113

FUS_EMPTY                                     48453876        5.7487         97466437        5.7594

FU_UNAVAILABLE                                  473243        0.0561           893721        0.0528

FU_MEM_UNAVAILABLE                               41527        0.0049            85022        0.0050

FU_REPLAY                                            0        0.0000                0        0.0000

FU_STARVED                                    47700480        5.6593         95971040        5.6710

CHIP_UTILIZATION                                     0        0.0000                0        0.0000

CYCLES_UNDER_MEM_REQ                                 0                              0              

CYCLES_UNDER_NO_MEM_REQ                              0                              0              

CYCLES_UNDER_CRITICAL_MEM_REQ                        0                              0              

CYCLES_UNDER_NONCRITICAL_MEM_REQ                     0                              0              

CHIP_UTILIZATION_UNDER_MEM_REQ                       0          -nan                0          -nan

CHIP_UTILIZATION_UNDER_NO_MEM_REQ                    0          -nan                0          -nan

CHIP_UTILIZATION_UNDER_CRITICAL_MEM_REQ              0          -nan                0          -nan

CHIP_UTILIZATION_UNDER_NONCRITICAL_MEM_REQ             0          -nan                0          -nan

CYCLES_NOT_WAITING_FOR_OFF_CHIP                      0        0.0000                0        0.0000

FUS_BUSY_NOT_WAITING_FOR_OFF_CHIP                    0          -nan                0          -nan

CYCLES_WAITING_FOR_OFF_CHIP                          0        0.0000                0        0.0000

FUS_BUSY_WAITING_FOR_OFF_CHIP                        0          -nan                0          -nan

TOTAL_OFF_CHIP_DELAYS_LEFT                           0                              0              

WRONG_IO_SCHED                                       0                              0              

DVFS_CONFIG_SWITCH                                   0                              0              

MAP_STAGE_RECEIVED_OPS_0                             0        0.000%                0        0.000%
MAP_STAGE_RECEIVED_OPS_1                        299478       11.141%           605650       11.254%
MAP_STAGE_RECEIVED_OPS_2                        194471        7.234%           398798        7.411%
MAP_STAGE_RECEIVED_OPS_3                        325284       12.101%           641143       11.914%
MAP_STAGE_RECEIVED_OPS_4                        167269        6.222%           334086        6.208%
MAP_STAGE_RECEIVED_OPS_5                        556467       20.701%          1094036       20.330%
MAP_STAGE_RECEIVED_OPS_6                       1145204       42.602%          2307736       42.883%
MAP_STAGE_RECEIVED_OPS_7                             0        0.000%                0        0.000%
MAP_STAGE_RECEIVED_OPS_8                             0        0.000%                0        0.000%
MAP_STAGE_RECEIVED_OPS_MAX                           0        0.000%                0        0.000%
                                               2688173      100.000%          5381449      100.000%
                                                  4.46         1.76              4.46         1.77

MAP_STAGE_WAIT_FOR_DECODE                            0         -nan%                0         -nan%
MAP_STAGE_CONSUME_DECODE                             0         -nan%                0         -nan%
                                                     0         -nan%                0         -nan%
                                                  -nan         -nan              -nan         -nan

MAP_STAGE_WAIT_FOR_DECODE2                           0         -nan%                0         -nan%
MAP_STAGE_CONSUME_DECODE2                            0         -nan%                0         -nan%
                                                     0         -nan%                0         -nan%
                                                  -nan         -nan              -nan         -nan

FTQ_RECOVER_EXEC                                231732                         459936              

FTQ_RECOVER_DECODE                                   4                            441              

FTQ_OFFPATH_CYCLES                             1095055                        2215605              

FTQ_CYCLES_OFFPATH                             7428012                       14888595              

FTQ_CYCLES_ONPATH                              1000612                        2034519              

FTQ_FETCHED_INS_OFFPATH                       76077358                      151926630              

FTQ_FETCHED_INS_ONPATH                        12011229                       24022141              

FTQ_BREAK_FULL_FT_ONPATH                        336961       43.829%           714208       45.373%
FTQ_BREAK_MAX_CFS_TAKEN_ONPATH                  363942       47.338%           721090       45.810%
FTQ_BREAK_MAX_BYTES_ONPATH                       67909        8.833%           138779        8.817%
FTQ_BREAK_PRED_BR_ONPATH                             0        0.000%                0        0.000%
FTQ_BREAK_BAR_FETCH_ONPATH                           0        0.000%                0        0.000%
                                                768812      100.000%          1574077      100.000%
                                                  0.65         0.47              0.63         0.48

FTQ_BREAK_FULL_FT_OFFPATH                      4524688       59.071%          9124795       59.449%
FTQ_BREAK_MAX_CFS_TAKEN_OFFPATH                2715589       35.453%          5364760       34.952%
FTQ_BREAK_MAX_BYTES_OFFPATH                     419470        5.476%           859417        5.599%
FTQ_BREAK_PRED_BR_OFFPATH                            0        0.000%                0        0.000%
FTQ_BREAK_BAR_FETCH_OFFPATH                          0        0.000%                0        0.000%
                                               7659747      100.000%         15348972      100.000%
                                                  0.46         0.48              0.46         0.48



