               ramulator.active_cycles_0             5781922                                      # Total active cycles for level _0
                 ramulator.busy_cycles_0             5781922                                      # (All-bank refresh only. busy cycles only include refresh time in rank level) The sum of cycles that the DRAM part is active or under refresh for level _0
            ramulator.serving_requests_0             9115602                                      # The sum of read and write requests that are served in this DRAM element per memory cycle for level _0
    ramulator.average_serving_requests_0            1.168487                                      # The average of read and write requests that are served in this DRAM element per memory cycle for level _0
             ramulator.active_cycles_0_0             5781922                                      # Total active cycles for level _0_0
               ramulator.busy_cycles_0_0             6084742                                      # (All-bank refresh only. busy cycles only include refresh time in rank level) The sum of cycles that the DRAM part is active or under refresh for level _0_0
          ramulator.serving_requests_0_0             9115602                                      # The sum of read and write requests that are served in this DRAM element per memory cycle for level _0_0
  ramulator.average_serving_requests_0_0            1.168487                                      # The average of read and write requests that are served in this DRAM element per memory cycle for level _0_0
           ramulator.active_cycles_0_0_0             1754222                                      # Total active cycles for level _0_0_0
             ramulator.busy_cycles_0_0_0             1754222                                      # (All-bank refresh only. busy cycles only include refresh time in rank level) The sum of cycles that the DRAM part is active or under refresh for level _0_0_0
        ramulator.serving_requests_0_0_0             2337738                                      # The sum of read and write requests that are served in this DRAM element per memory cycle for level _0_0_0
ramulator.average_serving_requests_0_0_0            0.299664                                      # The average of read and write requests that are served in this DRAM element per memory cycle for level _0_0_0
         ramulator.active_cycles_0_0_0_0              547649                                      # Total active cycles for level _0_0_0_0
           ramulator.busy_cycles_0_0_0_0              547649                                      # (All-bank refresh only. busy cycles only include refresh time in rank level) The sum of cycles that the DRAM part is active or under refresh for level _0_0_0_0
      ramulator.serving_requests_0_0_0_0              673240                                      # The sum of read and write requests that are served in this DRAM element per memory cycle for level _0_0_0_0
ramulator.average_serving_requests_0_0_0_0            0.086300                                      # The average of read and write requests that are served in this DRAM element per memory cycle for level _0_0_0_0
         ramulator.active_cycles_0_0_0_1              430241                                      # Total active cycles for level _0_0_0_1
           ramulator.busy_cycles_0_0_0_1              430241                                      # (All-bank refresh only. busy cycles only include refresh time in rank level) The sum of cycles that the DRAM part is active or under refresh for level _0_0_0_1
      ramulator.serving_requests_0_0_0_1              527687                                      # The sum of read and write requests that are served in this DRAM element per memory cycle for level _0_0_0_1
ramulator.average_serving_requests_0_0_0_1            0.067642                                      # The average of read and write requests that are served in this DRAM element per memory cycle for level _0_0_0_1
         ramulator.active_cycles_0_0_0_2              463395                                      # Total active cycles for level _0_0_0_2
           ramulator.busy_cycles_0_0_0_2              463395                                      # (All-bank refresh only. busy cycles only include refresh time in rank level) The sum of cycles that the DRAM part is active or under refresh for level _0_0_0_2
      ramulator.serving_requests_0_0_0_2              579324                                      # The sum of read and write requests that are served in this DRAM element per memory cycle for level _0_0_0_2
ramulator.average_serving_requests_0_0_0_2            0.074261                                      # The average of read and write requests that are served in this DRAM element per memory cycle for level _0_0_0_2
         ramulator.active_cycles_0_0_0_3              448322                                      # Total active cycles for level _0_0_0_3
           ramulator.busy_cycles_0_0_0_3              448322                                      # (All-bank refresh only. busy cycles only include refresh time in rank level) The sum of cycles that the DRAM part is active or under refresh for level _0_0_0_3
      ramulator.serving_requests_0_0_0_3              557487                                      # The sum of read and write requests that are served in this DRAM element per memory cycle for level _0_0_0_3
ramulator.average_serving_requests_0_0_0_3            0.071462                                      # The average of read and write requests that are served in this DRAM element per memory cycle for level _0_0_0_3
           ramulator.active_cycles_0_0_1             1630021                                      # Total active cycles for level _0_0_1
             ramulator.busy_cycles_0_0_1             1630021                                      # (All-bank refresh only. busy cycles only include refresh time in rank level) The sum of cycles that the DRAM part is active or under refresh for level _0_0_1
        ramulator.serving_requests_0_0_1             2173490                                      # The sum of read and write requests that are served in this DRAM element per memory cycle for level _0_0_1
ramulator.average_serving_requests_0_0_1            0.278610                                      # The average of read and write requests that are served in this DRAM element per memory cycle for level _0_0_1
         ramulator.active_cycles_0_0_1_0              406296                                      # Total active cycles for level _0_0_1_0
           ramulator.busy_cycles_0_0_1_0              406296                                      # (All-bank refresh only. busy cycles only include refresh time in rank level) The sum of cycles that the DRAM part is active or under refresh for level _0_0_1_0
      ramulator.serving_requests_0_0_1_0              507754                                      # The sum of read and write requests that are served in this DRAM element per memory cycle for level _0_0_1_0
ramulator.average_serving_requests_0_0_1_0            0.065087                                      # The average of read and write requests that are served in this DRAM element per memory cycle for level _0_0_1_0
         ramulator.active_cycles_0_0_1_1              402842                                      # Total active cycles for level _0_0_1_1
           ramulator.busy_cycles_0_0_1_1              402842                                      # (All-bank refresh only. busy cycles only include refresh time in rank level) The sum of cycles that the DRAM part is active or under refresh for level _0_0_1_1
      ramulator.serving_requests_0_0_1_1              499360                                      # The sum of read and write requests that are served in this DRAM element per memory cycle for level _0_0_1_1
ramulator.average_serving_requests_0_0_1_1            0.064011                                      # The average of read and write requests that are served in this DRAM element per memory cycle for level _0_0_1_1
         ramulator.active_cycles_0_0_1_2              458950                                      # Total active cycles for level _0_0_1_2
           ramulator.busy_cycles_0_0_1_2              458950                                      # (All-bank refresh only. busy cycles only include refresh time in rank level) The sum of cycles that the DRAM part is active or under refresh for level _0_0_1_2
      ramulator.serving_requests_0_0_1_2              567422                                      # The sum of read and write requests that are served in this DRAM element per memory cycle for level _0_0_1_2
ramulator.average_serving_requests_0_0_1_2            0.072735                                      # The average of read and write requests that are served in this DRAM element per memory cycle for level _0_0_1_2
         ramulator.active_cycles_0_0_1_3              471467                                      # Total active cycles for level _0_0_1_3
           ramulator.busy_cycles_0_0_1_3              471467                                      # (All-bank refresh only. busy cycles only include refresh time in rank level) The sum of cycles that the DRAM part is active or under refresh for level _0_0_1_3
      ramulator.serving_requests_0_0_1_3              598954                                      # The sum of read and write requests that are served in this DRAM element per memory cycle for level _0_0_1_3
ramulator.average_serving_requests_0_0_1_3            0.076777                                      # The average of read and write requests that are served in this DRAM element per memory cycle for level _0_0_1_3
           ramulator.active_cycles_0_0_2             1666479                                      # Total active cycles for level _0_0_2
             ramulator.busy_cycles_0_0_2             1666479                                      # (All-bank refresh only. busy cycles only include refresh time in rank level) The sum of cycles that the DRAM part is active or under refresh for level _0_0_2
        ramulator.serving_requests_0_0_2             2209975                                      # The sum of read and write requests that are served in this DRAM element per memory cycle for level _0_0_2
ramulator.average_serving_requests_0_0_2            0.283287                                      # The average of read and write requests that are served in this DRAM element per memory cycle for level _0_0_2
         ramulator.active_cycles_0_0_2_0              464844                                      # Total active cycles for level _0_0_2_0
           ramulator.busy_cycles_0_0_2_0              464844                                      # (All-bank refresh only. busy cycles only include refresh time in rank level) The sum of cycles that the DRAM part is active or under refresh for level _0_0_2_0
      ramulator.serving_requests_0_0_2_0              574144                                      # The sum of read and write requests that are served in this DRAM element per memory cycle for level _0_0_2_0
ramulator.average_serving_requests_0_0_2_0            0.073597                                      # The average of read and write requests that are served in this DRAM element per memory cycle for level _0_0_2_0
         ramulator.active_cycles_0_0_2_1              372604                                      # Total active cycles for level _0_0_2_1
           ramulator.busy_cycles_0_0_2_1              372604                                      # (All-bank refresh only. busy cycles only include refresh time in rank level) The sum of cycles that the DRAM part is active or under refresh for level _0_0_2_1
      ramulator.serving_requests_0_0_2_1              462645                                      # The sum of read and write requests that are served in this DRAM element per memory cycle for level _0_0_2_1
ramulator.average_serving_requests_0_0_2_1            0.059304                                      # The average of read and write requests that are served in this DRAM element per memory cycle for level _0_0_2_1
         ramulator.active_cycles_0_0_2_2              478768                                      # Total active cycles for level _0_0_2_2
           ramulator.busy_cycles_0_0_2_2              478768                                      # (All-bank refresh only. busy cycles only include refresh time in rank level) The sum of cycles that the DRAM part is active or under refresh for level _0_0_2_2
      ramulator.serving_requests_0_0_2_2              589265                                      # The sum of read and write requests that are served in this DRAM element per memory cycle for level _0_0_2_2
ramulator.average_serving_requests_0_0_2_2            0.075535                                      # The average of read and write requests that are served in this DRAM element per memory cycle for level _0_0_2_2
         ramulator.active_cycles_0_0_2_3              471678                                      # Total active cycles for level _0_0_2_3
           ramulator.busy_cycles_0_0_2_3              471678                                      # (All-bank refresh only. busy cycles only include refresh time in rank level) The sum of cycles that the DRAM part is active or under refresh for level _0_0_2_3
      ramulator.serving_requests_0_0_2_3              583921                                      # The sum of read and write requests that are served in this DRAM element per memory cycle for level _0_0_2_3
ramulator.average_serving_requests_0_0_2_3            0.074850                                      # The average of read and write requests that are served in this DRAM element per memory cycle for level _0_0_2_3
           ramulator.active_cycles_0_0_3             1789719                                      # Total active cycles for level _0_0_3
             ramulator.busy_cycles_0_0_3             1789719                                      # (All-bank refresh only. busy cycles only include refresh time in rank level) The sum of cycles that the DRAM part is active or under refresh for level _0_0_3
        ramulator.serving_requests_0_0_3             2394399                                      # The sum of read and write requests that are served in this DRAM element per memory cycle for level _0_0_3
ramulator.average_serving_requests_0_0_3            0.306927                                      # The average of read and write requests that are served in this DRAM element per memory cycle for level _0_0_3
         ramulator.active_cycles_0_0_3_0              455562                                      # Total active cycles for level _0_0_3_0
           ramulator.busy_cycles_0_0_3_0              455562                                      # (All-bank refresh only. busy cycles only include refresh time in rank level) The sum of cycles that the DRAM part is active or under refresh for level _0_0_3_0
      ramulator.serving_requests_0_0_3_0              562660                                      # The sum of read and write requests that are served in this DRAM element per memory cycle for level _0_0_3_0
ramulator.average_serving_requests_0_0_3_0            0.072125                                      # The average of read and write requests that are served in this DRAM element per memory cycle for level _0_0_3_0
         ramulator.active_cycles_0_0_3_1              510779                                      # Total active cycles for level _0_0_3_1
           ramulator.busy_cycles_0_0_3_1              510779                                      # (All-bank refresh only. busy cycles only include refresh time in rank level) The sum of cycles that the DRAM part is active or under refresh for level _0_0_3_1
      ramulator.serving_requests_0_0_3_1              629981                                      # The sum of read and write requests that are served in this DRAM element per memory cycle for level _0_0_3_1
ramulator.average_serving_requests_0_0_3_1            0.080754                                      # The average of read and write requests that are served in this DRAM element per memory cycle for level _0_0_3_1
         ramulator.active_cycles_0_0_3_2              483471                                      # Total active cycles for level _0_0_3_2
           ramulator.busy_cycles_0_0_3_2              483471                                      # (All-bank refresh only. busy cycles only include refresh time in rank level) The sum of cycles that the DRAM part is active or under refresh for level _0_0_3_2
      ramulator.serving_requests_0_0_3_2              606368                                      # The sum of read and write requests that are served in this DRAM element per memory cycle for level _0_0_3_2
ramulator.average_serving_requests_0_0_3_2            0.077728                                      # The average of read and write requests that are served in this DRAM element per memory cycle for level _0_0_3_2
         ramulator.active_cycles_0_0_3_3              471285                                      # Total active cycles for level _0_0_3_3
           ramulator.busy_cycles_0_0_3_3              471285                                      # (All-bank refresh only. busy cycles only include refresh time in rank level) The sum of cycles that the DRAM part is active or under refresh for level _0_0_3_3
      ramulator.serving_requests_0_0_3_3              595390                                      # The sum of read and write requests that are served in this DRAM element per memory cycle for level _0_0_3_3
ramulator.average_serving_requests_0_0_3_3            0.076320                                      # The average of read and write requests that are served in this DRAM element per memory cycle for level _0_0_3_3
      ramulator.read_transaction_bytes_0            20972480                                      # The total byte of read transaction per channel
     ramulator.write_transaction_bytes_0            17380096                                      # The total byte of write transaction per channel
       ramulator.row_hits_channel_0_core              549726                                      # Number of row hits per channel per core
     ramulator.row_misses_channel_0_core               13898                                      # Number of row misses per channel per core
  ramulator.row_conflicts_channel_0_core               35635                                      # Number of row conflicts per channel per core
  ramulator.read_row_hits_channel_0_core              311935                                      # Number of row hits for read requests per channel per core
                                     [0]            311935.0                                      # 
ramulator.read_row_misses_channel_0_core                3686                                      # Number of row misses for read requests per channel per core
                                     [0]              3686.0                                      # 
ramulator.read_row_conflicts_channel_0_core               12074                                      # Number of row conflicts for read requests per channel per core
                                     [0]             12074.0                                      # 
 ramulator.write_row_hits_channel_0_core              237791                                      # Number of row hits for write requests per channel per core
                                     [0]            237791.0                                      # 
ramulator.write_row_misses_channel_0_core               10212                                      # Number of row misses for write requests per channel per core
                                     [0]             10212.0                                      # 
ramulator.write_row_conflicts_channel_0_core               23561                                      # Number of row conflicts for write requests per channel per core
                                     [0]             23561.0                                      # 
      ramulator.useless_activates_0_core                 100                                      # Number of useless activations. E.g, ACT -> PRE w/o RD or WR
            ramulator.read_latency_avg_0           72.338974                                      # The average memory latency cycles (in memory time domain) per request for all read requests in this channel
            ramulator.read_latency_sum_0            23705120                                      # The memory latency cycles (in memory time domain) sum for all read requests in this channel
        ramulator.req_queue_length_avg_0           17.692972                                      # Average of read and write queue length per memory cycle per channel.
        ramulator.req_queue_length_sum_0           138026376                                      # Sum of read and write queue length per memory cycle per channel.
   ramulator.read_req_queue_length_avg_0            3.003781                                      # Read queue length average per memory cycle per channel.
   ramulator.read_req_queue_length_sum_0            23433087                                      # Read queue length sum per memory cycle per channel.
  ramulator.write_req_queue_length_avg_0           14.689191                                      # Write queue length average per memory cycle per channel.
  ramulator.write_req_queue_length_sum_0           114593289                                      # Write queue length sum per memory cycle per channel.
              ramulator.record_read_hits                 0.0                                      # record read hit count for this core when it reaches request limit or to the end
                                     [0]                 0.0                                      # 
            ramulator.record_read_misses                 0.0                                      # record_read_miss count for this core when it reaches request limit or to the end
                                     [0]                 0.0                                      # 
         ramulator.record_read_conflicts                 0.0                                      # record read conflict count for this core when it reaches request limit or to the end
                                     [0]                 0.0                                      # 
             ramulator.record_write_hits                 0.0                                      # record write hit count for this core when it reaches request limit or to the end
                                     [0]                 0.0                                      # 
           ramulator.record_write_misses                 0.0                                      # record write miss count for this core when it reaches request limit or to the end
                                     [0]                 0.0                                      # 
        ramulator.record_write_conflicts                 0.0                                      # record write conflict for this core when it reaches request limit or to the end
                                     [0]                 0.0                                      # 
                 ramulator.dram_capacity          8589934592                                      # Number of bytes in simulated DRAM
                   ramulator.dram_cycles             7801198                                      # Number of DRAM cycles simulated
             ramulator.incoming_requests              599271                                      # Number of incoming requests to DRAM
                 ramulator.read_requests              327695                                      # Number of incoming read requests to DRAM per core
                                     [0]            327695.0                                      # 
                ramulator.write_requests              271576                                      # Number of incoming write requests to DRAM per core
                                     [0]            271576.0                                      # 
       ramulator.ramulator_active_cycles             5781928                                      # The total number of cycles that the DRAM part is active (serving R/W)
 ramulator.incoming_requests_per_channel            599271.0                                      # Number of incoming requests to each DRAM channel
                                     [0]            599271.0                                      # 
ramulator.incoming_read_reqs_per_channel            327695.0                                      # Number of incoming read requests to each DRAM channel
                                     [0]            327695.0                                      # 
     ramulator.physical_page_replacement                   0                                      # The number of times that physical page replacement happens.
             ramulator.maximum_bandwidth         19200000000                                      # The theoretical maximum bandwidth (Bps)
          ramulator.in_queue_req_num_sum           138026376                                      # Sum of read/write queue length
     ramulator.in_queue_read_req_num_sum            23433087                                      # Sum of read queue length
    ramulator.in_queue_write_req_num_sum           114593289                                      # Sum of write queue length
          ramulator.in_queue_req_num_avg           17.692972                                      # Average of read/write queue length per memory cycle
     ramulator.in_queue_read_req_num_avg            3.003781                                      # Average of read queue length per memory cycle
    ramulator.in_queue_write_req_num_avg           14.689191                                      # Average of write queue length per memory cycle
          ramulator.record_read_requests                 0.0                                      # record read requests for this core when it reaches request limit or to the end
                                     [0]                 0.0                                      # 
         ramulator.record_write_requests                 0.0                                      # record write requests for this core when it reaches request limit or to the end
                                     [0]                 0.0                                      # 
