/* -*- Mode: c -*- */
####################################################################################################
Core 0
####################################################################################################
Cumulative:        Cycles: 12993708              Instructions: 20000000              IPC: 1.53921

Periodic:          Cycles: 6481927               Instructions: 10000000              IPC: 1.54275

EXECUTION_TIME                           2025602187500                  4060533750000              

NODE_CYCLE                                     6481927                       12993708              

NODE_INST_COUNT                               10000000                       20000000              

NODE_INST_COUNT_FETCHED                       10000000                       20000000              

NODE_UOP_COUNT                                12536991                       25073846              

FULL_WINDOW_STALL                              3795052       58.548%          7614342       58.600%

FULL_WINDOW_MEM_OP                              408866       12.632%           830465       12.788%
FULL_WINDOW_FP_OP                              2745695       84.826%          5496138       84.632%
FULL_WINDOW_OTHER_OP                             82311        2.543%           167573        2.580%
                                               3236872      100.000%          6494176      100.000%
                                                  0.90         0.24              0.90         0.25

RET_BLOCKED_DC_MISS                              29559        0.456%            73790        0.568%

RET_BLOCKED_L1_MISS                              27829        0.429%            67369        0.518%

RET_BLOCKED_L1_MISS_BW_PREF                         82        0.001%              553        0.004%

RET_BLOCKED_L1_ACCESS                             1730        0.027%             6421        0.049%

RET_BLOCKED_MEM_STALL                            27829        0.429%            67369        0.518%

RET_BLOCKED_OFFCHIP_DEMAND                           0        0.000%                0        0.000%

OP_ISSUED                                     12549805                       25112533              

OP_RETIRED                                    12536991                       25073846              

REPLAY_SIGNALED                                      0                              0              

REPLAY_COUNTED                                       0                              0              

OFF_CRITICAL_PATH                                    0         -nan%                0         -nan%
ON_CRITICAL_PATH                                     0         -nan%                0         -nan%
                                                     0         -nan%                0         -nan%
                                                  -nan         -nan              -nan         -nan

LD_NO_DEPENDENTS                                 74655        1.870%           149342        1.871%
LD_DEPENDENTS                                  3917504       98.130%          7834619       98.129%
                                               3992159      100.000%          7983961      100.000%
                                                  0.98         0.97              0.98         0.97

LD_EXEC_CYCLES_0                                     0        0.000%                0        0.000%
LD_EXEC_CYCLES_1                                     0        0.000%                0        0.000%
LD_EXEC_CYCLES_2                                     0        0.000%                0        0.000%
LD_EXEC_CYCLES_3                                     4      100.000%               10       83.333%
LD_EXEC_CYCLES_4                                     0        0.000%                2       16.667%
                                                     4      100.000%               12      100.000%
                                                  3.00         0.00              3.17         1.41

ICACHE_STAGE_STARVED                               162        0.006%             3603        0.066%
ICACHE_STAGE_NOT_STARVED                       2723790       99.994%          5447767       99.934%
                                               2723952      100.000%          5451370      100.000%
                                                  1.00         1.00              1.00         1.00

ICACHE_STAGE_STALLED                           3747844       57.820%          7513426       57.824%
ICACHE_STAGE_NOT_STALLED                       2723952       42.024%          5449654       41.941%
ICACHE_STAGE_OFF_PATH                            10131        0.156%            30628        0.236%
                                               6481927      100.000%         12993708      100.000%
                                                  0.42         0.38              0.42         0.38

DECODE_STAGE_STARVED                           6481294       99.998%         12988935       99.996%
DECODE_STAGE_NOT_STARVED                           128        0.002%              551        0.004%
                                               6481422      100.000%         12989486      100.000%
                                                  0.00         0.00              0.00         0.01

DECODE_STAGE_STALLED                               276        0.004%             1558        0.012%
DECODE_STAGE_NOT_STALLED                       6481146       99.988%         12987928       99.956%
DECODE_STAGE_OFF_PATH                              505        0.008%             4222        0.032%
                                               6481927      100.000%         12993708      100.000%
                                                  1.00         0.01              1.00         0.03

UOPQ_STAGE_STARVED                                6069        0.223%            19075        0.350%
UOPQ_STAGE_NOT_STARVED                         2718544       99.777%          5434769       99.650%
                                               2724613      100.000%          5453844      100.000%
                                                  1.00         1.00              1.00         0.99

UOPQ_STAGE_STALLED                             3747852       57.820%          7513443       57.824%
UOPQ_STAGE_NOT_STALLED                         2724613       42.034%          5453844       41.973%
UOPQ_STAGE_OFF_PATH                               9462        0.146%            26421        0.203%
                                               6481927      100.000%         12993708      100.000%
                                                  0.42         0.38              0.42         0.38

MAP_STAGE_STARVED                                  564        0.009%             3280        0.025%
MAP_STAGE_NOT_STARVED                          6473446       99.991%         12965885       99.975%
                                               6474010      100.000%         12969165      100.000%
                                                  1.00         1.00              1.00         1.00

MAP_STAGE_STALLED                              3749442       57.845%          7517510       57.855%
MAP_STAGE_NOT_STALLED                          2724568       42.033%          5451655       41.956%
MAP_STAGE_OFF_PATH                                7917        0.122%            24543        0.189%
                                               6481927      100.000%         12993708      100.000%
                                                  0.42         0.38              0.42         0.38

EXEC_STAGE_STARVED                              762898       11.770%          1551369       11.939%
EXEC_STAGE_NOT_STARVED                         5716480       88.191%         11433241       87.991%
EXEC_STAGE_OFF_PATH                               2549        0.039%             9098        0.070%
                                               6481927      100.000%         12993708      100.000%
                                                  0.88         0.11              0.88         0.12

FU_BUSY_0                                      6281908                       12571097              

FU_BUSY_1                                      3104511                        6203179              

FU_BUSY_2                                      2126517                        4256310              

FU_BUSY_3                                      1866990                        3732231              

FU_BUSY_4                                      1612205                        3222519              

FU_BUSY_5                                      1347844                        2695343              

FU_BUSY_6                                       689663                        1377965              

FU_BUSY_7                                       638746                        1280005              

FU_BUSY_8                                            0                              0              

FU_BUSY_9                                            0                              0              

FU_BUSY_10                                           0                              0              

FU_BUSY_11                                           0                              0              

FU_BUSY_12                                           0                              0              

FU_BUSY_13                                           0                              0              

FU_BUSY_14                                           0                              0              

FU_BUSY_15                                           0                              0              

FU_BUSY_16                                           0                              0              

FU_BUSY_17                                           0                              0              

FU_BUSY_18                                           0                              0              

FU_BUSY_19                                           0                              0              

FU_BUSY_20                                           0                              0              

FU_BUSY_21                                           0                              0              

FU_BUSY_22                                           0                              0              

FU_BUSY_23                                           0                              0              

FU_BUSY_24                                           0                              0              

FU_BUSY_25                                           0                              0              

FU_BUSY_26                                           0                              0              

FU_BUSY_27                                           0                              0              

FU_BUSY_28                                           0                              0              

FU_BUSY_29                                           0                              0              

FU_BUSY_30                                           0                              0              

FU_BUSY_31                                           0                              0              

FU_REJECTED_OP_INV_NOT_SIMD                          0        0.000%                0        0.000%
FU_REJECTED_OP_NOP_NOT_SIMD                     148686        2.978%           297041        2.976%
FU_REJECTED_OP_CF_NOT_SIMD                      977075       19.568%          1957684       19.612%
FU_REJECTED_OP_MOV_NOT_SIMD                      85532        1.713%           171735        1.720%
FU_REJECTED_OP_CMOV_NOT_SIMD                         0        0.000%                0        0.000%
FU_REJECTED_OP_LDA_NOT_SIMD                     252316        5.053%           505724        5.066%
FU_REJECTED_OP_IMEM_NOT_SIMD                         0        0.000%                1        0.000%
FU_REJECTED_OP_IADD_NOT_SIMD                      8216        0.165%            16645        0.167%
FU_REJECTED_OP_IMUL_NOT_SIMD                    490062        9.815%           982720        9.845%
FU_REJECTED_OP_IDIV_NOT_SIMD                         0        0.000%                0        0.000%
FU_REJECTED_OP_ICMP_NOT_SIMD                         0        0.000%                0        0.000%
FU_REJECTED_OP_LOGIC_NOT_SIMD                   174984        3.504%           350799        3.514%
FU_REJECTED_OP_SHIFT_NOT_SIMD                   143285        2.870%           286769        2.873%
FU_REJECTED_OP_FMEM_NOT_SIMD                     12398        0.248%            24958        0.250%
FU_REJECTED_OP_FCVT_NOT_SIMD                         0        0.000%                0        0.000%
FU_REJECTED_OP_FADD_NOT_SIMD                         0        0.000%                0        0.000%
FU_REJECTED_OP_FMUL_NOT_SIMD                         0        0.000%                0        0.000%
FU_REJECTED_OP_FMA_NOT_SIMD                          0        0.000%                0        0.000%
FU_REJECTED_OP_FDIV_NOT_SIMD                         0        0.000%                0        0.000%
FU_REJECTED_OP_FCMP_NOT_SIMD                         0        0.000%                0        0.000%
FU_REJECTED_OP_FCMOV_NOT_SIMD                        0        0.000%                0        0.000%
FU_REJECTED_OP_GATHER_NOT_SIMD                       0        0.000%                0        0.000%
FU_REJECTED_OP_SCATTER_NOT_SIMD                      0        0.000%                0        0.000%
FU_REJECTED_OP_PIPELINED_FAST_NOT_SIMD               0        0.000%                0        0.000%
FU_REJECTED_OP_PIPELINED_MEDIUM_NOT_SIMD             0        0.000%                0        0.000%
FU_REJECTED_OP_PIPELINED_SLOW_NOT_SIMD               0        0.000%                0        0.000%
FU_REJECTED_OP_NOTPIPELINED_MEDIUM_NOT_SIMD             0        0.000%                0        0.000%
FU_REJECTED_OP_NOTPIPELINED_SLOW_NOT_SIMD             0        0.000%                0        0.000%
FU_REJECTED_OP_NOTPIPELINED_VERY_SLOW_NOT_SIMD             0        0.000%                0        0.000%
FU_REJECTED_OP_INV_SIMD                              0        0.000%                0        0.000%
FU_REJECTED_OP_NOP_SIMD                              0        0.000%                0        0.000%
FU_REJECTED_OP_CF_SIMD                               0        0.000%                0        0.000%
FU_REJECTED_OP_MOV_SIMD                          72306        1.448%           145178        1.454%
FU_REJECTED_OP_CMOV_SIMD                             0        0.000%                0        0.000%
FU_REJECTED_OP_LDA_SIMD                              0        0.000%                0        0.000%
FU_REJECTED_OP_IMEM_SIMD                             0        0.000%                0        0.000%
FU_REJECTED_OP_IADD_SIMD                             0        0.000%                0        0.000%
FU_REJECTED_OP_IMUL_SIMD                             0        0.000%                0        0.000%
FU_REJECTED_OP_IDIV_SIMD                             0        0.000%                0        0.000%
FU_REJECTED_OP_ICMP_SIMD                             0        0.000%                0        0.000%
FU_REJECTED_OP_LOGIC_SIMD                            0        0.000%                0        0.000%
FU_REJECTED_OP_SHIFT_SIMD                       114246        2.288%           227975        2.284%
FU_REJECTED_OP_FMEM_SIMD                             0        0.000%                0        0.000%
FU_REJECTED_OP_FCVT_SIMD                             0        0.000%                1        0.000%
FU_REJECTED_OP_FADD_SIMD                         77567        1.553%           155435        1.557%
FU_REJECTED_OP_FMUL_SIMD                             0        0.000%                0        0.000%
FU_REJECTED_OP_FMA_SIMD                         350781        7.025%           700681        7.020%
FU_REJECTED_OP_FDIV_SIMD                        682598       13.671%          1361296       13.638%
FU_REJECTED_OP_FCMP_SIMD                         98721        1.977%           196748        1.971%
FU_REJECTED_OP_FCMOV_SIMD                      1181406       23.661%          2355075       23.594%
FU_REJECTED_OP_GATHER_SIMD                      122970        2.463%           245383        2.458%
FU_REJECTED_OP_SCATTER_SIMD                          0        0.000%                0        0.000%
FU_REJECTED_OP_PIPELINED_FAST_SIMD                   0        0.000%                0        0.000%
FU_REJECTED_OP_PIPELINED_MEDIUM_SIMD                 0        0.000%                0        0.000%
FU_REJECTED_OP_PIPELINED_SLOW_SIMD                   0        0.000%                0        0.000%
FU_REJECTED_OP_NOTPIPELINED_MEDIUM_SIMD              0        0.000%                0        0.000%
FU_REJECTED_OP_NOTPIPELINED_SLOW_SIMD                0        0.000%                0        0.000%
FU_REJECTED_OP_NOTPIPELINED_VERY_SLOW_SIMD             0        0.000%                0        0.000%
                                               4993149      100.000%          9981848      100.000%
                                                 27.80        21.30             27.75        21.30

OP_WAIT_0                                      6289725                       12584866              

OP_WAIT_1                                      1642971                        3285006              

OP_WAIT_2                                       651965                        1301871              

OP_WAIT_3                                       376849                         752034              

OP_WAIT_4                                       204292                         407525              

OP_WAIT_5                                       189235                         379092              

OP_WAIT_6                                       172375                         345163              

OP_WAIT_7                                        97835                         195000              

OP_WAIT_8                                        36000                          72611              

OP_WAIT_9                                        24808                          50479              

OP_WAIT_10                                       75202                         150161              

OP_WAIT_11                                       17818                          36256              

OP_WAIT_12                                       42522                          84565              

OP_WAIT_13                                       22010                          43956              

OP_WAIT_14                                       30678                          61612              

OP_WAIT_15                                       43000                          85830              

OP_WAIT_16                                       42071                          84140              

OP_WAIT_17                                       16617                          33440              

OP_WAIT_18                                       42915                          85837              

OP_WAIT_19                                       26424                          53232              

OP_WAIT_20                                       14840                          29692              

OP_WAIT_21                                       23584                          47577              

OP_WAIT_22                                       26895                          52893              

OP_WAIT_23                                       25888                          51976              

OP_WAIT_24                                       34607                          68529              

OP_WAIT_25                                       20674                          41633              

OP_WAIT_26                                       25909                          51554              

OP_WAIT_27                                       50795                         101334              

OP_WAIT_28                                       60893                         121112              

OP_WAIT_29                                       65338                         130406              

OP_WAIT_30                                       26468                          52023              

OP_WAIT_31                                     2115788                        4232441              

ROW_SIZE_0                                     4016892                        8060465              

ROW_SIZE_1                                      196691                         393861              

ROW_SIZE_2                                      136323                         273201              

ROW_SIZE_3                                      112879                         227175              

ROW_SIZE_4                                      153344                         307728              

ROW_SIZE_5                                       79063                         158428              

ROW_SIZE_6                                     1786721                        3571501              

ROW_SIZE_7                                           0                              0              

ROW_SIZE_8                                           0                              0              

ROW_SIZE_9                                           0                              0              

ROW_SIZE_10                                          0                              0              

ROW_SIZE_11                                          0                              0              

ROW_SIZE_12                                          0                              0              

ROW_SIZE_13                                          0                              0              

ROW_SIZE_14                                          0                              0              

ROW_SIZE_15                                          0                              0              

ROW_SIZE_16                                          0                              0              

ROW_SIZE_17                                          0                              0              

ROW_SIZE_18                                          0                              0              

ROW_SIZE_19                                          0                              0              

ROW_SIZE_20                                          0                              0              

ROW_SIZE_21                                          0                              0              

ROW_SIZE_22                                          0                              0              

ROW_SIZE_23                                          0                              0              

ROW_SIZE_24                                          0                              0              

ROW_SIZE_25                                          0                              0              

ROW_SIZE_26                                          0                              0              

ROW_SIZE_27                                          0                              0              

ROW_SIZE_28                                          0                              0              

ROW_SIZE_29                                          0                              0              

ROW_SIZE_30                                          0                              0              

ROW_SIZE_31                                          0                              0              

RET_OP_EXEC_COUNT_0                                  0        0.000%                0        0.000%
RET_OP_EXEC_COUNT_1                           12536991      100.000%         25073846      100.000%
RET_OP_EXEC_COUNT_2                                  0        0.000%                0        0.000%
RET_OP_EXEC_COUNT_3                                  0        0.000%                0        0.000%
RET_OP_EXEC_COUNT_4                                  0        0.000%                0        0.000%
RET_OP_EXEC_COUNT_5                                  0        0.000%                0        0.000%
RET_OP_EXEC_COUNT_6                                  0        0.000%                0        0.000%
RET_OP_EXEC_COUNT_7                                  0        0.000%                0        0.000%
RET_OP_EXEC_COUNT_8                                  0        0.000%                0        0.000%
RET_OP_EXEC_COUNT_9                                  0        0.000%                0        0.000%
RET_OP_EXEC_COUNT_10                                 0        0.000%                0        0.000%
RET_OP_EXEC_COUNT_11                                 0        0.000%                0        0.000%
RET_OP_EXEC_COUNT_12                                 0        0.000%                0        0.000%
RET_OP_EXEC_COUNT_13                                 0        0.000%                0        0.000%
RET_OP_EXEC_COUNT_14                                 0        0.000%                0        0.000%
RET_OP_EXEC_COUNT_15                                 0        0.000%                0        0.000%
RET_OP_EXEC_COUNT_16                                 0        0.000%                0        0.000%
RET_OP_EXEC_COUNT_17                                 0        0.000%                0        0.000%
RET_OP_EXEC_COUNT_18                                 0        0.000%                0        0.000%
RET_OP_EXEC_COUNT_19                                 0        0.000%                0        0.000%
RET_OP_EXEC_COUNT_20                                 0        0.000%                0        0.000%
RET_OP_EXEC_COUNT_21                                 0        0.000%                0        0.000%
RET_OP_EXEC_COUNT_22                                 0        0.000%                0        0.000%
RET_OP_EXEC_COUNT_23                                 0        0.000%                0        0.000%
RET_OP_EXEC_COUNT_24                                 0        0.000%                0        0.000%
RET_OP_EXEC_COUNT_25                                 0        0.000%                0        0.000%
RET_OP_EXEC_COUNT_26                                 0        0.000%                0        0.000%
RET_OP_EXEC_COUNT_27                                 0        0.000%                0        0.000%
RET_OP_EXEC_COUNT_28                                 0        0.000%                0        0.000%
RET_OP_EXEC_COUNT_29                                 0        0.000%                0        0.000%
RET_OP_EXEC_COUNT_30                                 0        0.000%                0        0.000%
RET_OP_EXEC_COUNT_31                                 0        0.000%                0        0.000%
RET_OP_EXEC_COUNT_32                                 0        0.000%                0        0.000%
                                              12536991      100.000%         25073846      100.000%
                                                  1.00         0.00              1.00         0.00

RET_STALL_LENGTH_0                            12536937      100.000%         25073687       99.999%
RET_STALL_LENGTH_100                                39        0.000%              123        0.000%
RET_STALL_LENGTH_200                                 1        0.000%                4        0.000%
RET_STALL_LENGTH_300                                 1        0.000%                2        0.000%
RET_STALL_LENGTH_400                                 1        0.000%                4        0.000%
RET_STALL_LENGTH_500                                 0        0.000%                3        0.000%
RET_STALL_LENGTH_600                                 4        0.000%                5        0.000%
RET_STALL_LENGTH_700                                 1        0.000%                2        0.000%
RET_STALL_LENGTH_800                                 0        0.000%                4        0.000%
RET_STALL_LENGTH_900                                 2        0.000%                3        0.000%
RET_STALL_LENGTH_1000                                2        0.000%                4        0.000%
RET_STALL_LENGTH_1100                                2        0.000%                4        0.000%
RET_STALL_LENGTH_1200                                1        0.000%                1        0.000%
RET_STALL_LENGTH_1300                                0        0.000%                0        0.000%
RET_STALL_LENGTH_1400                                0        0.000%                0        0.000%
RET_STALL_LENGTH_1500                                0        0.000%                0        0.000%
RET_STALL_LENGTH_1600                                0        0.000%                0        0.000%
RET_STALL_LENGTH_1700                                0        0.000%                0        0.000%
RET_STALL_LENGTH_1800                                0        0.000%                0        0.000%
RET_STALL_LENGTH_1900                                0        0.000%                0        0.000%
RET_STALL_LENGTH_2000                                0        0.000%                0        0.000%
RET_STALL_LENGTH_2100                                0        0.000%                0        0.000%
RET_STALL_LENGTH_2200                                0        0.000%                0        0.000%
RET_STALL_LENGTH_2300                                0        0.000%                0        0.000%
RET_STALL_LENGTH_2400                                0        0.000%                0        0.000%
RET_STALL_LENGTH_2500                                0        0.000%                0        0.000%
RET_STALL_LENGTH_2600                                0        0.000%                0        0.000%
RET_STALL_LENGTH_2700                                0        0.000%                0        0.000%
RET_STALL_LENGTH_2800                                0        0.000%                0        0.000%
RET_STALL_LENGTH_2900                                0        0.000%                0        0.000%
RET_STALL_LENGTH_3000                                0        0.000%                0        0.000%
RET_STALL_LENGTH_3100                                0        0.000%                0        0.000%
RET_STALL_LENGTH_3200                                0        0.000%                0        0.000%
RET_STALL_LENGTH_3300                                0        0.000%                0        0.000%
RET_STALL_LENGTH_3400                                0        0.000%                0        0.000%
RET_STALL_LENGTH_3500                                0        0.000%                0        0.000%
RET_STALL_LENGTH_3600                                0        0.000%                0        0.000%
RET_STALL_LENGTH_3700                                0        0.000%                0        0.000%
RET_STALL_LENGTH_3800                                0        0.000%                0        0.000%
RET_STALL_LENGTH_3900                                0        0.000%                0        0.000%
RET_STALL_LENGTH_4000                                0        0.000%                0        0.000%
RET_STALL_LENGTH_4100                                0        0.000%                0        0.000%
RET_STALL_LENGTH_4200                                0        0.000%                0        0.000%
RET_STALL_LENGTH_4300                                0        0.000%                0        0.000%
RET_STALL_LENGTH_4400                                0        0.000%                0        0.000%
RET_STALL_LENGTH_4500                                0        0.000%                0        0.000%
RET_STALL_LENGTH_4600                                0        0.000%                0        0.000%
RET_STALL_LENGTH_4700                                0        0.000%                0        0.000%
RET_STALL_LENGTH_4800                                0        0.000%                0        0.000%
RET_STALL_LENGTH_4900                                0        0.000%                0        0.000%
RET_STALL_LENGTH_5000                                0        0.000%                0        0.000%
                                              12536991      100.000%         25073846      100.000%
                                                  0.00         0.01              0.00         0.01

MEM_BLOCK_LENGTH_0                                   0         -nan%                4      100.000%
MEM_BLOCK_LENGTH_100                                 0         -nan%                0        0.000%
MEM_BLOCK_LENGTH_200                                 0         -nan%                0        0.000%
MEM_BLOCK_LENGTH_300                                 0         -nan%                0        0.000%
MEM_BLOCK_LENGTH_400                                 0         -nan%                0        0.000%
MEM_BLOCK_LENGTH_500                                 0         -nan%                0        0.000%
MEM_BLOCK_LENGTH_600                                 0         -nan%                0        0.000%
MEM_BLOCK_LENGTH_700                                 0         -nan%                0        0.000%
MEM_BLOCK_LENGTH_800                                 0         -nan%                0        0.000%
MEM_BLOCK_LENGTH_900                                 0         -nan%                0        0.000%
MEM_BLOCK_LENGTH_1000                                0         -nan%                0        0.000%
MEM_BLOCK_LENGTH_1100                                0         -nan%                0        0.000%
MEM_BLOCK_LENGTH_1200                                0         -nan%                0        0.000%
MEM_BLOCK_LENGTH_1300                                0         -nan%                0        0.000%
MEM_BLOCK_LENGTH_1400                                0         -nan%                0        0.000%
MEM_BLOCK_LENGTH_1500                                0         -nan%                0        0.000%
MEM_BLOCK_LENGTH_1600                                0         -nan%                0        0.000%
MEM_BLOCK_LENGTH_1700                                0         -nan%                0        0.000%
MEM_BLOCK_LENGTH_1800                                0         -nan%                0        0.000%
MEM_BLOCK_LENGTH_1900                                0         -nan%                0        0.000%
MEM_BLOCK_LENGTH_2000                                0         -nan%                0        0.000%
MEM_BLOCK_LENGTH_2100                                0         -nan%                0        0.000%
MEM_BLOCK_LENGTH_2200                                0         -nan%                0        0.000%
MEM_BLOCK_LENGTH_2300                                0         -nan%                0        0.000%
MEM_BLOCK_LENGTH_2400                                0         -nan%                0        0.000%
MEM_BLOCK_LENGTH_2500                                0         -nan%                0        0.000%
MEM_BLOCK_LENGTH_2600                                0         -nan%                0        0.000%
MEM_BLOCK_LENGTH_2700                                0         -nan%                0        0.000%
MEM_BLOCK_LENGTH_2800                                0         -nan%                0        0.000%
MEM_BLOCK_LENGTH_2900                                0         -nan%                0        0.000%
MEM_BLOCK_LENGTH_3000                                0         -nan%                0        0.000%
MEM_BLOCK_LENGTH_3100                                0         -nan%                0        0.000%
MEM_BLOCK_LENGTH_3200                                0         -nan%                0        0.000%
MEM_BLOCK_LENGTH_3300                                0         -nan%                0        0.000%
MEM_BLOCK_LENGTH_3400                                0         -nan%                0        0.000%
MEM_BLOCK_LENGTH_3500                                0         -nan%                0        0.000%
MEM_BLOCK_LENGTH_3600                                0         -nan%                0        0.000%
MEM_BLOCK_LENGTH_3700                                0         -nan%                0        0.000%
MEM_BLOCK_LENGTH_3800                                0         -nan%                0        0.000%
MEM_BLOCK_LENGTH_3900                                0         -nan%                0        0.000%
MEM_BLOCK_LENGTH_4000                                0         -nan%                0        0.000%
MEM_BLOCK_LENGTH_4100                                0         -nan%                0        0.000%
MEM_BLOCK_LENGTH_4200                                0         -nan%                0        0.000%
MEM_BLOCK_LENGTH_4300                                0         -nan%                0        0.000%
MEM_BLOCK_LENGTH_4400                                0         -nan%                0        0.000%
MEM_BLOCK_LENGTH_4500                                0         -nan%                0        0.000%
MEM_BLOCK_LENGTH_4600                                0         -nan%                0        0.000%
MEM_BLOCK_LENGTH_4700                                0         -nan%                0        0.000%
MEM_BLOCK_LENGTH_4800                                0         -nan%                0        0.000%
MEM_BLOCK_LENGTH_4900                                0         -nan%                0        0.000%
MEM_BLOCK_LENGTH_5000                                0         -nan%                0        0.000%
                                                     0         -nan%                4      100.000%
                                                  -nan         -nan              0.00         0.00

FUS_BUSY_ON_PATH                              17665603        2.7254         35327465        2.7188

FUS_BUSY_OFF_PATH                                 2781        0.0004            11184        0.0009

FU_BUSY_MEM_STALL                               170792        0.0263           341743        0.0263

FUS_EMPTY                                     34187032        5.2742         68611015        5.2803

FU_UNAVAILABLE                                 4907371        0.7571          9809778        0.7550

FU_MEM_UNAVAILABLE                               85778        0.0132           172070        0.0132

FU_REPLAY                                            0        0.0000                0        0.0000

FU_STARVED                                    34186803        5.2742         68610348        5.2803

CHIP_UTILIZATION                                     0        0.0000                0        0.0000

CYCLES_UNDER_MEM_REQ                                 0                              0              

CYCLES_UNDER_NO_MEM_REQ                              0                              0              

CYCLES_UNDER_CRITICAL_MEM_REQ                        0                              0              

CYCLES_UNDER_NONCRITICAL_MEM_REQ                     0                              0              

CHIP_UTILIZATION_UNDER_MEM_REQ                       0          -nan                0          -nan

CHIP_UTILIZATION_UNDER_NO_MEM_REQ                    0          -nan                0          -nan

CHIP_UTILIZATION_UNDER_CRITICAL_MEM_REQ              0          -nan                0          -nan

CHIP_UTILIZATION_UNDER_NONCRITICAL_MEM_REQ             0          -nan                0          -nan

CYCLES_NOT_WAITING_FOR_OFF_CHIP                      0        0.0000                0        0.0000

FUS_BUSY_NOT_WAITING_FOR_OFF_CHIP                    0          -nan                0          -nan

CYCLES_WAITING_FOR_OFF_CHIP                          0        0.0000                0        0.0000

FUS_BUSY_WAITING_FOR_OFF_CHIP                        0          -nan                0          -nan

TOTAL_OFF_CHIP_DELAYS_LEFT                           0                              0              

WRONG_IO_SCHED                                       0                              0              

DVFS_CONFIG_SWITCH                                   0                              0              

MAP_STAGE_RECEIVED_OPS_0                             0        0.000%                0        0.000%
MAP_STAGE_RECEIVED_OPS_1                        223920        8.221%           447940        8.222%
MAP_STAGE_RECEIVED_OPS_2                        261235        9.591%           522490        9.590%
MAP_STAGE_RECEIVED_OPS_3                        223894        8.220%           447801        8.219%
MAP_STAGE_RECEIVED_OPS_4                        335994       12.335%           672102       12.337%
MAP_STAGE_RECEIVED_OPS_5                        298602       10.962%           597463       10.967%
MAP_STAGE_RECEIVED_OPS_6                       1380243       50.672%          2760240       50.665%
MAP_STAGE_RECEIVED_OPS_7                             0        0.000%                0        0.000%
MAP_STAGE_RECEIVED_OPS_8                             0        0.000%                0        0.000%
MAP_STAGE_RECEIVED_OPS_MAX                           0        0.000%                0        0.000%
                                               2723888      100.000%          5448036      100.000%
                                                  4.60         1.73              4.60         1.73

MAP_STAGE_WAIT_FOR_DECODE                            0         -nan%                0         -nan%
MAP_STAGE_CONSUME_DECODE                             0         -nan%                0         -nan%
                                                     0         -nan%                0         -nan%
                                                  -nan         -nan              -nan         -nan

MAP_STAGE_WAIT_FOR_DECODE2                           0         -nan%                0         -nan%
MAP_STAGE_CONSUME_DECODE2                            0         -nan%                0         -nan%
                                                     0         -nan%                0         -nan%
                                                  -nan         -nan              -nan         -nan

FTQ_RECOVER_EXEC                                   116                            343              

FTQ_RECOVER_DECODE                                   0                              5              

FTQ_OFFPATH_CYCLES                                4687                          15058              

FTQ_CYCLES_OFFPATH                               21316                          61255              

FTQ_CYCLES_ONPATH                              6460611                       12932453              

FTQ_FETCHED_INS_OFFPATH                          49185                         150917              

FTQ_FETCHED_INS_ONPATH                        12536227                       25073498              

FTQ_BREAK_FULL_FT_ONPATH                       6458659       99.977%         12927836       99.970%
FTQ_BREAK_MAX_CFS_TAKEN_ONPATH                     873        0.014%             2295        0.018%
FTQ_BREAK_MAX_BYTES_ONPATH                         632        0.010%             1643        0.013%
FTQ_BREAK_PRED_BR_ONPATH                             0        0.000%                0        0.000%
FTQ_BREAK_BAR_FETCH_ONPATH                           0        0.000%                0        0.000%
                                               6460164      100.000%         12931774      100.000%
                                                  0.00         0.02              0.00         0.03

FTQ_BREAK_FULL_FT_OFFPATH                        21181       98.829%            60283       97.857%
FTQ_BREAK_MAX_CFS_TAKEN_OFFPATH                    171        0.798%              650        1.055%
FTQ_BREAK_MAX_BYTES_OFFPATH                         80        0.373%              670        1.088%
FTQ_BREAK_PRED_BR_OFFPATH                            0        0.000%                0        0.000%
FTQ_BREAK_BAR_FETCH_OFFPATH                          0        0.000%                0        0.000%
                                                 21432      100.000%            61603      100.000%
                                                  0.02         0.15              0.03         0.23



