/* -*- Mode: c -*- */
####################################################################################################
Core 0
####################################################################################################
Cumulative:        Cycles: 17248364              Instructions: 20000002              IPC: 1.15953

Periodic:          Cycles: 8606295               Instructions: 9999997               IPC: 1.16194

ST_OP_INV                                            0        0.000%                0        0.000%
ST_OP_NOP                                        14301        0.056%            72672        0.147%
ST_OP_CF                                       5162506       20.236%         10180939       20.551%
ST_OP_MOV                                      5629483       22.066%         10962875       22.129%
ST_OP_CMOV                                      460869        1.807%           791316        1.597%
ST_OP_LDA                                       838720        3.288%          1534799        3.098%
ST_OP_ILD                                      5773366       22.630%         11317727       22.845%
ST_OP_IST                                       544089        2.133%           998173        2.015%
ST_OP_IADD                                     1174453        4.604%          2167000        4.374%
ST_OP_IMUL                                        1068        0.004%            14104        0.028%
ST_OP_IDIV                                           0        0.000%                0        0.000%
ST_OP_ICMP                                     5338680       20.926%         10439966       21.074%
ST_OP_LOGIC                                     537934        2.109%           964939        1.948%
ST_OP_SHIFT                                      36124        0.142%            96051        0.194%
ST_OP_FLD                                            0        0.000%                2        0.000%
ST_OP_FST                                            0        0.000%                2        0.000%
ST_OP_FCVT                                           0        0.000%                0        0.000%
ST_OP_FADD                                           0        0.000%                0        0.000%
ST_OP_FMUL                                           0        0.000%                0        0.000%
ST_OP_FMA                                            0        0.000%                0        0.000%
ST_OP_FDIV                                           0        0.000%                0        0.000%
ST_OP_FCMP                                           0        0.000%                0        0.000%
ST_OP_FCMOV                                          0        0.000%                0        0.000%
ST_OP_GATHER                                         0        0.000%                0        0.000%
ST_OP_SCATTER                                        0        0.000%                0        0.000%
ST_OP_PIPELINED_FAST                                 0        0.000%                0        0.000%
ST_OP_PIPELINED_MEDIUM                               0        0.000%                0        0.000%
ST_OP_PIPELINED_SLOW                                 0        0.000%                0        0.000%
ST_OP_NOTPIPELINED_MEDIUM                            0        0.000%                0        0.000%
ST_OP_NOTPIPELINED_SLOW                              0        0.000%                0        0.000%
ST_OP_NOTPIPELINED_VERY_SLOW                         0        0.000%                0        0.000%
                                              25511593      100.000%         49540565      100.000%
                                                  5.75         3.40              5.74         3.41

ST_NOT_CF                                     20349087       79.764%         39359626       79.449%
ST_CF_BR                                        231295        0.907%           420415        0.849%
ST_CF_CBR                                      4916177       19.270%          9729298       19.639%
ST_CF_CALL                                       10984        0.043%            22169        0.045%
ST_CF_IBR                                         1081        0.004%             3327        0.007%
ST_CF_ICALL                                         96        0.000%              482        0.001%
ST_CF_ICO                                            0        0.000%                0        0.000%
ST_CF_RET                                         2873        0.011%             5248        0.011%
ST_CF_SYS                                            0        0.000%                0        0.000%
                                              25511593      100.000%         49540565      100.000%
                                                  0.40         0.71              0.40         0.72

ST_BAR_NONE                                   25511593      100.000%         49540565      100.000%
ST_BAR_FETCH                                         0        0.000%                0        0.000%
ST_BAR_ISSUE                                         0        0.000%                0        0.000%
ST_BAR_BOTH                                          0        0.000%                0        0.000%
                                              25511593      100.000%         49540565      100.000%
                                                  0.00         0.00              0.00         0.00

ST_NOT_MEM                                    19194138       75.237%         37224661       75.140%
ST_MEM_LD                                      5773366       22.630%         11317729       22.845%
ST_MEM_ST                                       544089        2.133%           998175        2.015%
ST_MEM_PF                                            0        0.000%                0        0.000%
ST_MEM_WH                                            0        0.000%                0        0.000%
ST_MEM_EVICT                                         0        0.000%                0        0.000%
                                              25511593      100.000%         49540565      100.000%
                                                  0.27         0.43              0.27         0.43

ST_NOT_MEM_OFFPATH                            26634681       76.216%         49599983       76.143%
ST_MEM_LD_OFFPATH                              7392661       21.154%         13863323       21.282%
ST_MEM_ST_OFFPATH                               918891        2.629%          1677410        2.575%
ST_MEM_PF_OFFPATH                                    0        0.000%                0        0.000%
ST_MEM_WH_OFFPATH                                    0        0.000%                0        0.000%
ST_MEM_EVIC_OFFPATHT                                 0        0.000%                0        0.000%
                                              34946233      100.000%         65140716      100.000%
                                                  0.26         0.44              0.26         0.44

ST_OP_ONPATH                                  25511593                       49540565              

ST_OP_OFFPATH                                 34946233                       65140716              

ST_FAKE_OP_OFFPATH                                5838        0.017%            85148        0.131%
ST_NOT_FAKE_OP_OFFPATH                        34940395       99.983%         65055568       99.869%
                                              34946233      100.000%         65140716      100.000%
                                                  1.00         1.00              1.00         1.00

ST_FAKE_REASON_NOT_FAKE                       34940395       99.983%         65055568       99.869%
ST_FAKE_REASON_REDIRECT_TO_NOT_INSTRUMENTED          5838        0.017%            85148        0.131%
ST_FAKE_REASON_RETURN_TO_NOT_INSTRUMENTED             0        0.000%                0        0.000%
ST_FAKE_REASON_NONRET_CF_TO_NOT_INSTRUMENTED             0        0.000%                0        0.000%
ST_FAKE_REASON_NOT_TAKEN_TO_NOT_INSTRUMENTED             0        0.000%                0        0.000%
ST_FAKE_REASON_WRONG_PATH_STORE_TO_NEW_REGION             0        0.000%                0        0.000%
                                              34946233      100.000%         65140716      100.000%
                                                  0.00         0.01              0.00         0.04

ST_INST_ONPATH                                24978755                       48503055              

ST_INST_OFFPATH                               34229161                       63786559              

STATIC_PIN_NOP                                       0                              0              

DYNAMIC_PIN_REP_GREATER_256                          0                              0              

INST_MAP_UPDATE_JITTED                          294066       12.972%           588956       12.869%
INST_MAP_UPDATE_NPC_INV                              0        0.000%                0        0.000%
INST_MAP_UPDATE_NPC_NOP                              0        0.000%                0        0.000%
INST_MAP_UPDATE_NPC_CF                               0        0.000%                0        0.000%
INST_MAP_UPDATE_NPC_MOV                              0        0.000%                0        0.000%
INST_MAP_UPDATE_NPC_CMOV                             0        0.000%                0        0.000%
INST_MAP_UPDATE_NPC_LDA                              0        0.000%                0        0.000%
INST_MAP_UPDATE_NPC_IMEM                             0        0.000%                0        0.000%
INST_MAP_UPDATE_NPC_IADD                             0        0.000%                0        0.000%
INST_MAP_UPDATE_NPC_IMUL                             1        0.000%                2        0.000%
INST_MAP_UPDATE_NPC_IDIV                             0        0.000%                0        0.000%
INST_MAP_UPDATE_NPC_ICMP                             0        0.000%                0        0.000%
INST_MAP_UPDATE_NPC_LOGIC                            0        0.000%                0        0.000%
INST_MAP_UPDATE_NPC_SHIFT                            0        0.000%                0        0.000%
INST_MAP_UPDATE_NPC_FMEM                             0        0.000%                0        0.000%
INST_MAP_UPDATE_NPC_FCVT                             0        0.000%                0        0.000%
INST_MAP_UPDATE_NPC_FADD                             0        0.000%                0        0.000%
INST_MAP_UPDATE_NPC_FMUL                             0        0.000%                0        0.000%
INST_MAP_UPDATE_NPC_FMA                              0        0.000%                0        0.000%
INST_MAP_UPDATE_NPC_FDIV                             0        0.000%                0        0.000%
INST_MAP_UPDATE_NPC_FCMP                             0        0.000%                0        0.000%
INST_MAP_UPDATE_NPC_FCMOV                            0        0.000%                0        0.000%
INST_MAP_UPDATE_NPC_GATHER                           0        0.000%                0        0.000%
INST_MAP_UPDATE_NPC_SCATTER                          0        0.000%                0        0.000%
INST_MAP_UPDATE_NPC_PIPELINED_FAST                   0        0.000%                0        0.000%
INST_MAP_UPDATE_NPC_PIPELINED_MEDIUM                 0        0.000%                0        0.000%
INST_MAP_UPDATE_NPC_PIPELINED_SLOW                   0        0.000%                0        0.000%
INST_MAP_UPDATE_NPC_NOTPIPELINED_MEDIUM              0        0.000%                0        0.000%
INST_MAP_UPDATE_NPC_NOTPIPELINED_SLOW                0        0.000%                0        0.000%
INST_MAP_UPDATE_NPC_NOTPIPELINED_VERY_SLOW             0        0.000%                0        0.000%
INST_MAP_UPDATE_MEM_INV                              0        0.000%                0        0.000%
INST_MAP_UPDATE_MEM_NOP                              0        0.000%                0        0.000%
INST_MAP_UPDATE_MEM_CF                               0        0.000%                0        0.000%
INST_MAP_UPDATE_MEM_MOV                        1953697       86.184%          3939017       86.066%
INST_MAP_UPDATE_MEM_CMOV                             0        0.000%                0        0.000%
INST_MAP_UPDATE_MEM_LDA                              0        0.000%                0        0.000%
INST_MAP_UPDATE_MEM_IMEM                             0        0.000%                0        0.000%
INST_MAP_UPDATE_MEM_IADD                             0        0.000%                0        0.000%
INST_MAP_UPDATE_MEM_IMUL                            49        0.002%             2186        0.048%
INST_MAP_UPDATE_MEM_IDIV                             0        0.000%                0        0.000%
INST_MAP_UPDATE_MEM_ICMP                             0        0.000%                0        0.000%
INST_MAP_UPDATE_MEM_LOGIC                        12931        0.570%            34083        0.745%
INST_MAP_UPDATE_MEM_SHIFT                         6147        0.271%            12474        0.273%
INST_MAP_UPDATE_MEM_FMEM                             0        0.000%                0        0.000%
INST_MAP_UPDATE_MEM_FCVT                             0        0.000%                0        0.000%
INST_MAP_UPDATE_MEM_FADD                             0        0.000%                0        0.000%
INST_MAP_UPDATE_MEM_FMUL                             0        0.000%                0        0.000%
INST_MAP_UPDATE_MEM_FMA                              0        0.000%                0        0.000%
INST_MAP_UPDATE_MEM_FDIV                             0        0.000%                0        0.000%
INST_MAP_UPDATE_MEM_FCMP                             0        0.000%                0        0.000%
INST_MAP_UPDATE_MEM_FCMOV                            0        0.000%                0        0.000%
INST_MAP_UPDATE_MEM_GATHER                           0        0.000%                0        0.000%
INST_MAP_UPDATE_MEM_SCATTER                          0        0.000%                0        0.000%
INST_MAP_UPDATE_MEM_PIPELINED_FAST                   0        0.000%                0        0.000%
INST_MAP_UPDATE_MEM_PIPELINED_MEDIUM                 0        0.000%                0        0.000%
INST_MAP_UPDATE_MEM_PIPELINED_SLOW                   0        0.000%                0        0.000%
INST_MAP_UPDATE_MEM_NOTPIPELINED_MEDIUM              0        0.000%                0        0.000%
INST_MAP_UPDATE_MEM_NOTPIPELINED_SLOW                0        0.000%                0        0.000%
INST_MAP_UPDATE_MEM_NOTPIPELINED_VERY_SLOW             0        0.000%                0        0.000%
                                               2266891      100.000%          4576718      100.000%
                                                 28.79         4.08             28.84         4.06



