/* -*- Mode: c -*- */
####################################################################################################
Core 0
####################################################################################################
Cumulative:        Cycles: 17248364              Instructions: 20000002              IPC: 1.15953

Periodic:          Cycles: 8606295               Instructions: 9999997               IPC: 1.16194

DCACHE_PREF_HIT                                      0                              0              

IFETCH_WB_FIRST_SCHEDULE                             0         -nan%                0         -nan%
PREFETCH_LAST_SCHEDULE                               0         -nan%                0         -nan%
DEMAND_PASS_PREF_SCHEDULE                            0         -nan%                0         -nan%
DEMAND_PASS_LOW_OP_SCHEDULE                          0         -nan%                0         -nan%
DEMAND_LAST_SCHEDULE                                 0         -nan%                0         -nan%
                                                     0         -nan%                0         -nan%
                                                  -nan         -nan              -nan         -nan

SEND_MISS_REQ_QUEUE                              21232                          48879              

L1_DATA_EVICT                                    15359                          16259              

STREAM_BUFFER_REQ                                    0                              0              

PREF_SEND_TO_MEM_REQ                                 0         -nan%                0         -nan%
PREF_SEND_TO_MEM_REQ_FAIL                            0         -nan%                0         -nan%
                                                     0         -nan%                0         -nan%
                                                  -nan         -nan              -nan         -nan

HIT_TRAIN_STREAM                                   878        4.161%             1885        3.970%
MISS_TRAIN_STREAM                                20225       95.839%            45599       96.030%
                                                 21103      100.000%            47484      100.000%
                                                  0.96         0.94              0.96         0.94

STREAM_TRAIN_CREATE                              16951                          38550              

MEM_REQ_MISS_HWP_PREF_Q                              0         -nan%                0         -nan%
MEM_REQ_MISS_SW_PREF_Q                               0         -nan%                0         -nan%
MEM_REQ_MISS_IFETCH_Q                                0         -nan%                0         -nan%
MEM_REQ_MISS_DFETCH_Q                                0         -nan%                0         -nan%
MEM_REQ_MISS_DSTORE_Q                                0         -nan%                0         -nan%
MEM_REQ_MISS_DPRF_Q                                  0         -nan%                0         -nan%
MEM_REQ_MISS_WB_Q                                    0         -nan%                0         -nan%
                                                     0         -nan%                0         -nan%
                                                  -nan         -nan              -nan         -nan

PREF_HIT_BY_DEMAND_IFETCH                            0         -nan%                0         -nan%
PREF_HIT_BY_DEMAND_DFETCH                            0         -nan%                0         -nan%
PREF_HIT_BY_DEMAND_DSTORE                            0         -nan%                0         -nan%
PREF_HIT_BY_DEMAND_IPREF                             0         -nan%                0         -nan%
PREF_HIT_BY_DEMAND_DPRF                              0         -nan%                0         -nan%
PREF_HIT_BY_DEMAND_WB                                0         -nan%                0         -nan%
PREF_HIT_BY_PREF                                     0         -nan%                0         -nan%
                                                     0         -nan%                0         -nan%
                                                  -nan         -nan              -nan         -nan

PREF_HIT_DEMAND_IFETCH                               0         -nan%                0         -nan%
PREF_HIT_DEMAND_DFETCH                               0         -nan%                0         -nan%
PREF_HIT_DEMAND_DSTORE                               0         -nan%                0         -nan%
PREF_HIT_DEMAND_IPREF                                0         -nan%                0         -nan%
PREF_HIT_DEMAND_DPRF                                 0         -nan%                0         -nan%
PREF_HIT_DEMAND_WB                                   0         -nan%                0         -nan%
                                                     0         -nan%                0         -nan%
                                                  -nan         -nan              -nan         -nan

PREF_L1_FILL                                         0         -nan%                0         -nan%
DEMAND_L1_FILL                                       0         -nan%                0         -nan%
                                                     0         -nan%                0         -nan%
                                                  -nan         -nan              -nan         -nan

TOUCH_L1_REPLACE                                     0        0.000%                0        0.000%
NO_TOUCH_L1_REPLACE                              15359      100.000%            16259      100.000%
                                                 15359      100.000%            16259      100.000%
                                                  1.00         1.00              1.00         1.00

PREF_REQ_QUE_FULL                                    0                              0              

STREAM_REQ_QUEUE_HIT_BY_DEMAND                       0                              0              

L2HIT_STREAM_PREF_REQ_QUE_FULL                       0                              0              

L2HIT_HIT_TRAIN_STREAM                               0         -nan%                0         -nan%
L2HIT_MISS_TRAIN_STREAM                              0         -nan%                0         -nan%
                                                     0         -nan%                0         -nan%
                                                  -nan         -nan              -nan         -nan

L2HIT_STREAM_TRAIN_CREATE                            0                              0              

L2HIT_STREAM_BUFFER_REQ                              0                              0              

L2HIT_STREAM_PREF_DCACHE_HIT                         0         -nan%                0         -nan%
L2HIT_STREAM_PREF_DCACHE_INSERT                      0         -nan%                0         -nan%
L2HIT_STREAM_L2_MISS                                 0         -nan%                0         -nan%
                                                     0         -nan%                0         -nan%
                                                  -nan         -nan              -nan         -nan

L2HIT_STREAM_DCACHE_PORT_FULL                        0                              0              

L2HIT_STREAM_PREF_L1_PORT_FULL                       0                              0              

L2HIT_TRAIN_HIT_DEMAND                               0         -nan%                0         -nan%
L2HIT_TRAIN_MISS_REQ                                 0         -nan%                0         -nan%
                                                     0         -nan%                0         -nan%
                                                  -nan         -nan              -nan         -nan

L2HIT_TRAIN_FILTER_MISS                              0         -nan%                0         -nan%
L2HIT_TRAIN_FILTER_HIT                               0         -nan%                0         -nan%
                                                     0         -nan%                0         -nan%
                                                  -nan         -nan              -nan         -nan

L2HIT_PREF_REQ_DCACHE_HIT                            0         -nan%                0         -nan%
L2HIT_PREF_REQ_DCACHE_MISS                           0         -nan%                0         -nan%
                                                     0         -nan%                0         -nan%
                                                  -nan         -nan              -nan         -nan

L2HIT_L2SEND_Q_FULL                                  0         -nan%                0         -nan%
L2HIT_L2SEND_Q_ENTER                                 0         -nan%                0         -nan%
                                                     0         -nan%                0         -nan%
                                                  -nan         -nan              -nan         -nan

L2HIT_MEM_REQ                                        0                              0              

REMOVE_REDUNDANT_STREAM_STAT                         0                              0              

REPLACE_OLD_STREAM                               16951                          38534              

REQ_SEND_QUEUE_STALL                                 0                              0              

STREAM_ENTER_RA                                      0                              0              

CORE_STREAM_LENGTH_0                                11       11.458%               45       17.442%
CORE_STREAM_LENGTH_10                               51       53.125%              138       53.488%
CORE_STREAM_LENGTH_20                               14       14.583%               42       16.279%
CORE_STREAM_LENGTH_30                                7        7.292%               14        5.426%
CORE_STREAM_LENGTH_40                                5        5.208%                6        2.326%
CORE_STREAM_LENGTH_50                                1        1.042%                2        0.775%
CORE_STREAM_LENGTH_60                                2        2.083%                3        1.163%
CORE_STREAM_LENGTH_70                                1        1.042%                1        0.388%
CORE_STREAM_LENGTH_80                                1        1.042%                1        0.388%
CORE_STREAM_LENGTH_90                                0        0.000%                0        0.000%
CORE_STREAM_LENGTH_100_P                             3        3.125%                6        2.326%
                                                    96      100.000%              258      100.000%
                                                  1.90         2.02              1.52         1.67

CORE_CUM_STREAM_LENGTH_0                            84        3.552%              329        6.130%
CORE_CUM_STREAM_LENGTH_10                          709       29.979%             1972       36.743%
CORE_CUM_STREAM_LENGTH_20                          334       14.123%              987       18.390%
CORE_CUM_STREAM_LENGTH_30                          242       10.233%              483        8.999%
CORE_CUM_STREAM_LENGTH_40                          226        9.556%              271        5.049%
CORE_CUM_STREAM_LENGTH_50                           54        2.283%              106        1.975%
CORE_CUM_STREAM_LENGTH_60                          128        5.412%              197        3.671%
CORE_CUM_STREAM_LENGTH_70                           71        3.002%               71        1.323%
CORE_CUM_STREAM_LENGTH_80                           85        3.594%               85        1.584%
CORE_CUM_STREAM_LENGTH_90                            0        0.000%                0        0.000%
CORE_CUM_STREAM_LENGTH_100_P                       432       18.266%              866       16.136%
                                                  2365      100.000%             5367      100.000%
                                                  4.03         3.74              3.36         3.49

CORE_STREAM_TRAIN_HITS_0                            66       68.750%              194       75.194%
CORE_STREAM_TRAIN_HITS_10                           19       19.792%               44       17.054%
CORE_STREAM_TRAIN_HITS_20                            4        4.167%                8        3.101%
CORE_STREAM_TRAIN_HITS_30                            3        3.125%                4        1.550%
CORE_STREAM_TRAIN_HITS_40                            1        1.042%                1        0.388%
CORE_STREAM_TRAIN_HITS_50                            0        0.000%                1        0.388%
CORE_STREAM_TRAIN_HITS_60                            0        0.000%                0        0.000%
CORE_STREAM_TRAIN_HITS_70                            0        0.000%                0        0.000%
CORE_STREAM_TRAIN_HITS_80                            0        0.000%                0        0.000%
CORE_STREAM_TRAIN_HITS_90                            0        0.000%                0        0.000%
CORE_STREAM_TRAIN_HITS_100_P                         3        3.125%                6        2.326%
                                                    96      100.000%              258      100.000%
                                                  0.73         1.76              0.55         1.55

CORE_CUM_STREAM_TRAIN_HITS_0                       388       30.745%             1165       39.938%
CORE_CUM_STREAM_TRAIN_HITS_10                      251       19.889%              567       19.438%
CORE_CUM_STREAM_TRAIN_HITS_20                       92        7.290%              179        6.136%
CORE_CUM_STREAM_TRAIN_HITS_30                      106        8.399%              142        4.868%
CORE_CUM_STREAM_TRAIN_HITS_40                       41        3.249%               41        1.406%
CORE_CUM_STREAM_TRAIN_HITS_50                        0        0.000%               53        1.817%
CORE_CUM_STREAM_TRAIN_HITS_60                        0        0.000%                0        0.000%
CORE_CUM_STREAM_TRAIN_HITS_70                        0        0.000%                0        0.000%
CORE_CUM_STREAM_TRAIN_HITS_80                        0        0.000%                0        0.000%
CORE_CUM_STREAM_TRAIN_HITS_90                        0        0.000%                0        0.000%
CORE_CUM_STREAM_TRAIN_HITS_100_P                   384       30.428%              770       26.397%
                                                  1262      100.000%             2917      100.000%
                                                  3.77         4.24              3.25         4.00

CORE_STREAM_TRAIN_CREATE                         16951                          38550              



