/* -*- Mode: c -*- */
####################################################################################################
Core 0
####################################################################################################
Cumulative:        Cycles: 10132915              Instructions: 20000000              IPC: 1.97377

Periodic:          Cycles: 4898572               Instructions: 10000000              IPC: 2.04141

MISS_WAIT_TIME                             16890838587                    22831961090              

ICACHE_STAGE_MISS                                 2207                           5088              

ICACHE_CYCLE                                   4898572                       10132915              

TCACHE_CYCLE                                         0                              0              

ICACHE_CYCLE_ONPATH                            2877134       58.734%          5774747       56.990%
ICACHE_CYCLE_OFFPATH                           2021438       41.266%          4358168       43.010%
                                               4898572      100.000%         10132915      100.000%
                                                  0.41         0.46              0.43         0.47

FETCH_ON_PATH                                  2852721       59.907%          5739646       58.542%
FETCH_OFF_PATH                                 1909173       40.093%          4064688       41.458%
                                               4761894      100.000%          9804334      100.000%
                                                  0.40         0.46              0.41         0.46

FETCHED_OPS_ON_PATH                                  0         -nan%                0         -nan%
FETCHED_OPS_OFF_PATH                                 0         -nan%                0         -nan%
                                                     0         -nan%                0         -nan%
                                                  -nan         -nan              -nan         -nan

INST_LOST_FETCH                               12930773       45.225%         25864365       43.758%
INST_LOST_OFF_PATH                             8663417       30.300%         18392935       31.118%
INST_LOST_FULL_WINDOW                            17832        0.062%            34896        0.059%
INST_LOST_ROB_STALL_OTHER                       633288        2.215%          1218000        2.061%
INST_LOST_ROB_STALL_WAIT_FOR_RECOVERY             2994        0.010%             8778        0.015%
INST_LOST_ROB_STALL_WAIT_FOR_REDIRECT                0        0.000%                0        0.000%
INST_LOST_ROB_STALL_WAIT_FOR_GAP_FILL                0        0.000%                0        0.000%
INST_LOST_ROB_STALL_WAIT_FOR_L1_MISS                 0        0.000%                0        0.000%
INST_LOST_ROB_STALL_WAIT_FOR_MEMORY                  0        0.000%               72        0.000%
INST_LOST_ROB_STALL_WAIT_FOR_DC_MISS            165954        0.580%           709740        1.201%
INST_LOST_ROB_BLOCK_ISSUE_FULL                       0        0.000%                0        0.000%
INST_LOST_ROB_BLOCK_ISSUE_GAP_TOO_LARGE              0        0.000%                0        0.000%
INST_LOST_BREAK_DONT                                 0        0.000%                0        0.000%
INST_LOST_BREAK_RENAME                               0        0.000%                0        0.000%
INST_LOST_BREAK_FT_UNAVAILABLE                     120        0.000%              120        0.000%
INST_LOST_BREAK_ICACHE_TO_UOP_CACHE_SWITCH        216818        0.758%           449877        0.761%
INST_LOST_BREAK_ICACHE_MISS_REQ_SUCCESS           9089        0.032%            20758        0.035%
INST_LOST_BREAK_ICACHE_MISS_REQ_FAILURE              0        0.000%               24        0.000%
INST_LOST_BREAK_WAIT_FOR_MISS                   101105        0.354%           365285        0.618%
INST_LOST_BREAK_UOP_CACHE_READ_LIMIT           5649903       19.760%         11624402       19.667%
INST_LOST_BREAK_UOP_CACHE_READ_LIMIT_AND_ISSUE_WIDTH             0        0.000%                0        0.000%
INST_LOST_BREAK_ICACHE_READ_LIMIT               201011        0.703%           418332        0.708%
INST_LOST_BREAK_ICACHE_READ_LIMIT_AND_ISSUE_WIDTH             0        0.000%                0        0.000%
INST_LOST_BREAK_ISSUE_WIDTH                          0        0.000%                0        0.000%
INST_LOST_BREAK_BARRIERT                             0        0.000%                0        0.000%
INST_LOST_BREAK_WAIT_FOR_EMPTY_ROB                   0        0.000%                0        0.000%
INST_LOST_BREAK_APP_EXIT                             3        0.000%                3        0.000%
INST_LOST_BREAK_STALL                                0        0.000%                0        0.000%
                                              28592307      100.000%         59107587      100.000%
                                                  4.51         6.99              4.60         7.00

INST_LOST_TOTAL                               28592307                       59107587              

INST_LOST_WAIT_FOR_ICACHE_MISS_NOT_PREFETCHED             0        0.000%            33285       10.410%
INST_LOST_WAIT_FOR_ICACHE_MISS_PREFETCHED_AND_EVICTED_BY_IFETCH             0        0.000%                0        0.000%
INST_LOST_WAIT_FOR_ICACHE_MISS_PREFETCHED_AND_EVICTED_BY_FDIP             0        0.000%                0        0.000%
INST_LOST_WAIT_FOR_ICACHE_MISS_MSHR_HIT_PREF_OFFPATH           465        0.492%             1515        0.474%
INST_LOST_WAIT_FOR_ICACHE_MISS_MSHR_HIT_PREF_ONPATH         94130       99.508%           284945       89.116%
                                                 94595      100.000%           319745      100.000%
                                                  4.00         3.99              3.58         3.40

FETCH_0_OPS                                     180684        3.672%           482770        4.728%
FETCH_1_OPS                                     280922        5.709%           572112        5.603%
FETCH_2_OPS                                     410928        8.350%           863486        8.456%
FETCH_3_OPS                                     564990       11.481%          1157415       11.335%
FETCH_4_OPS                                     472257        9.597%           965597        9.456%
FETCH_5_OPS                                    1159900       23.570%          2394527       23.450%
FETCH_6_OPS                                    1851319       37.621%          3775158       36.971%
FETCH_7_OPS                                          0        0.000%                0        0.000%
FETCH_8_OPS                                          0        0.000%                0        0.000%
FETCH_9_OPS                                          0        0.000%                0        0.000%
FETCH_10_OPS                                         0        0.000%                0        0.000%
FETCH_11_OPS                                         0        0.000%                0        0.000%
FETCH_12_OPS                                         0        0.000%                0        0.000%
FETCH_13_OPS                                         0        0.000%                0        0.000%
FETCH_14_OPS                                         0        0.000%                0        0.000%
FETCH_15_OPS                                         0        0.000%                0        0.000%
FETCH_16_OPS                                         0        0.000%                0        0.000%
                                               4921000      100.000%         10211065      100.000%
                                                  4.39         1.56              4.33         1.56

ST_BREAK_DONT                                        0        0.000%                0        0.000%
ST_BREAK_RENAME                                      0        0.000%                0        0.000%
ST_BREAK_FT_UNAVAILABLE                             24        0.001%               24        0.000%
ST_BREAK_ICACHE_TO_UOP_CACHE_SWITCH              85548        1.797%           177464        1.810%
ST_BREAK_ICACHE_MISS_REQ_SUCCESS                  2207        0.046%             5088        0.052%
ST_BREAK_ICACHE_MISS_REQ_FAILURE                     0        0.000%                5        0.000%
ST_BREAK_WAIT_FOR_MISS                           20221        0.425%            73057        0.745%
ST_BREAK_UOP_CACHE_READ_LIMIT                  2111450       44.341%          4339273       44.259%
ST_BREAK_UOP_CACHE_READ_LIMIT_AND_ISSUE_WIDTH        260826        5.477%           528564        5.391%
ST_BREAK_ICACHE_READ_LIMIT                       96839        2.034%           200803        2.048%
ST_BREAK_ICACHE_READ_LIMIT_AND_ISSUE_WIDTH         49896        1.048%           103686        1.058%
ST_BREAK_ISSUE_WIDTH                           2134882       44.833%          4376369       44.637%
ST_BREAK_BARRIERT                                    0        0.000%                0        0.000%
ST_BREAK_WAIT_FOR_EMPTY_ROB                          0        0.000%                0        0.000%
ST_BREAK_APP_EXIT                                    1        0.000%                1        0.000%
ST_BREAK_STALL                                       0        0.000%                0        0.000%
                                               4761894      100.000%          9804334      100.000%
                                                  8.84         2.07              8.83         2.08

ORACLE_ON_PATH_INST                           12930773       59.881%         25864365       58.441%
ORACLE_OFF_PATH_INST                           8663417       40.119%         18392935       41.559%
                                              21594190      100.000%         44257300      100.000%
                                                  0.40         0.46              0.42         0.46

ORACLE_ON_PATH_INST_MEM                        4997501       23.143%         10006078       22.609%
ORACLE_ON_PATH_INST_NOTMEM                     7933272       36.738%         15858287       35.832%
ORACLE_OFF_PATH_INST_MEM                       3328425       15.414%          7069262       15.973%
ORACLE_OFF_PATH_INST_NOTMEM                    5334992       24.706%         11323673       25.586%
                                              21594190      100.000%         44257300      100.000%
                                                  1.42         1.11              1.45         1.13

ICACHE_CYCLE_NONRA_ONPATH                            0         -nan%                0         -nan%
ICACHE_CYCLE_NONRA_OFFPATH                           0         -nan%                0         -nan%
ICACHE_CYCLE_RA_ONPATH                               0         -nan%                0         -nan%
ICACHE_CYCLE_RA_OFFPATH                              0         -nan%                0         -nan%
                                                     0         -nan%                0         -nan%
                                                  -nan         -nan              -nan         -nan

ICACHE_CYCLE_ONPATH_NONRA                            0         -nan%                0         -nan%
ICACHE_CYCLE_OFFPATH_NONRA                           0         -nan%                0         -nan%
                                                     0         -nan%                0         -nan%
                                                  -nan         -nan              -nan         -nan

ICACHE_CYCLE_ONPATH_RA                               0         -nan%                0         -nan%
ICACHE_CYCLE_OFFPATH_RA                              0         -nan%                0         -nan%
                                                     0         -nan%                0         -nan%
                                                  -nan         -nan              -nan         -nan

INACCURATE_OFFPATH_CYCLES                            0        0.0000                0        0.0000

FETCH_ALL_INST                                21594190                       44257300              

EXEC_ALL_INST                                 16168747                       32780286              

RET_ALL_INST                                  12931172                       25864365              

EXEC_ON_PATH_INST                             12930897       79.975%         25864365       78.902%
EXEC_OFF_PATH_INST                             3237850       20.025%          6915921       21.098%
                                              16168747      100.000%         32780286      100.000%
                                                  0.20         0.37              0.21         0.38

EXEC_ON_PATH_INST_MEM                          4997550       30.909%         10006078       30.525%
EXEC_ON_PATH_INST_NOTMEM                       7933347       49.066%         15858287       48.378%
EXEC_OFF_PATH_INST_MEM                         1397099        8.641%          2971851        9.066%
EXEC_OFF_PATH_INST_NOTMEM                      1840751       11.385%          3944070       12.032%
                                              16168747      100.000%         32780286      100.000%
                                                  1.01         0.81              1.03         0.83

EXEC_RA_INST                                         0         -nan%                0         -nan%
EXEC_NONRA_INST                                      0         -nan%                0         -nan%
                                                     0         -nan%                0         -nan%
                                                  -nan         -nan              -nan         -nan

EXEC_ON_PATH_INST_RA                                 0         -nan%                0         -nan%
EXEC_OFF_PATH_INST_RA                                0         -nan%                0         -nan%
                                                     0         -nan%                0         -nan%
                                                  -nan         -nan              -nan         -nan

EXEC_ON_PATH_INST_NONRA                              0         -nan%                0         -nan%
EXEC_OFF_PATH_INST_NONRA                             0         -nan%                0         -nan%
                                                     0         -nan%                0         -nan%
                                                  -nan         -nan              -nan         -nan

EXEC_RA_ON_PATH_INST                                 0         -nan%                0         -nan%
EXEC_RA_OFF_PATH_INST                                0         -nan%                0         -nan%
EXEC_NONRA_ON_PATH_INST                              0         -nan%                0         -nan%
EXEC_NONRA_OFF_PATH_INST                             0         -nan%                0         -nan%
                                                     0         -nan%                0         -nan%
                                                  -nan         -nan              -nan         -nan

ICACHE_THROTTLE_CYCLE                                0                              0              

FETCH_ENABLE_THROTTLE_OFF_PATH                       0         -nan%                0         -nan%
FETCH_ENABLE_THROTTLE_ON_PATH                        0         -nan%                0         -nan%
                                                     0         -nan%                0         -nan%
                                                  -nan         -nan              -nan         -nan

FETCH_DISABLE_THROTTLE_OFF_PATH                      0         -nan%                0         -nan%
FETCH_DISABLE_THROTTLE_ON_PATH                       0         -nan%                0         -nan%
                                                     0         -nan%                0         -nan%
                                                  -nan         -nan              -nan         -nan

FETCH_TH_ADJUST__0                                   0         -nan%                0         -nan%
FETCH_TH_ADJUST__1                                   0         -nan%                0         -nan%
FETCH_TH_ADJUST__2                                   0         -nan%                0         -nan%
FETCH_TH_ADJUST__3                                   0         -nan%                0         -nan%
FETCH_TH_ADJUST__4                                   0         -nan%                0         -nan%
FETCH_TH_ADJUST__5                                   0         -nan%                0         -nan%
FETCH_TH_ADJUST__6                                   0         -nan%                0         -nan%
FETCH_TH_ADJUST__7                                   0         -nan%                0         -nan%
FETCH_TH_ADJUST__8                                   0         -nan%                0         -nan%
FETCH_TH_ADJUST__9                                   0         -nan%                0         -nan%
FETCH_TH_ADJUST__MAX                                 0         -nan%                0         -nan%
                                                     0         -nan%                0         -nan%
                                                  -nan         -nan              -nan         -nan

FETCH_TH_ADJUST_UP                                   0         -nan%                0         -nan%
FETCH_TH_ADJUST_DOWN                                 0         -nan%                0         -nan%
FETCH_TH_ADJUST_SAME                                 0         -nan%                0         -nan%
                                                     0         -nan%                0         -nan%
                                                  -nan         -nan              -nan         -nan

THROTTLE_ADJUST_CACHE_MISS_INFO                      0                              0              

LOW_CONF_COUNT_BP_MIS_0                              0         -nan%                0         -nan%
LOW_CONF_COUNT_BP_MIS_1                              0         -nan%                0         -nan%
LOW_CONF_COUNT_BP_MIS_2                              0         -nan%                0         -nan%
LOW_CONF_COUNT_BP_MIS_3                              0         -nan%                0         -nan%
LOW_CONF_COUNT_BP_MIS_4                              0         -nan%                0         -nan%
LOW_CONF_COUNT_BP_MIS_5                              0         -nan%                0         -nan%
LOW_CONF_COUNT_BP_MIS_6                              0         -nan%                0         -nan%
LOW_CONF_COUNT_BP_MIS_7                              0         -nan%                0         -nan%
LOW_CONF_COUNT_BP_MIS_8                              0         -nan%                0         -nan%
LOW_CONF_COUNT_BP_MIS_9                              0         -nan%                0         -nan%
LOW_CONF_COUNT_BP_MIS_10                             0         -nan%                0         -nan%
LOW_CONF_COUNT_BP_MIS_11                             0         -nan%                0         -nan%
LOW_CONF_COUNT_BP_MIS_12                             0         -nan%                0         -nan%
LOW_CONF_COUNT_BP_MIS_13                             0         -nan%                0         -nan%
LOW_CONF_COUNT_BP_MIS_14                             0         -nan%                0         -nan%
LOW_CONF_COUNT_BP_MIS_15                             0         -nan%                0         -nan%
LOW_CONF_COUNT_BP_MIS_16                             0         -nan%                0         -nan%
LOW_CONF_COUNT_BP_MIS_17                             0         -nan%                0         -nan%
LOW_CONF_COUNT_BP_MIS_18                             0         -nan%                0         -nan%
LOW_CONF_COUNT_BP_MIS_19                             0         -nan%                0         -nan%
LOW_CONF_COUNT_BP_MIS_20                             0         -nan%                0         -nan%
                                                     0         -nan%                0         -nan%
                                                  -nan         -nan              -nan         -nan

LOW_CONF_COUNT_RET_0                                 0         -nan%                0         -nan%
LOW_CONF_COUNT_RET_1                                 0         -nan%                0         -nan%
LOW_CONF_COUNT_RET_2                                 0         -nan%                0         -nan%
LOW_CONF_COUNT_RET_3                                 0         -nan%                0         -nan%
LOW_CONF_COUNT_RET_4                                 0         -nan%                0         -nan%
LOW_CONF_COUNT_RET_5                                 0         -nan%                0         -nan%
LOW_CONF_COUNT_RET_6                                 0         -nan%                0         -nan%
LOW_CONF_COUNT_RET_7                                 0         -nan%                0         -nan%
LOW_CONF_COUNT_RET_8                                 0         -nan%                0         -nan%
LOW_CONF_COUNT_RET_9                                 0         -nan%                0         -nan%
LOW_CONF_COUNT_RET_10                                0         -nan%                0         -nan%
LOW_CONF_COUNT_RET_11                                0         -nan%                0         -nan%
LOW_CONF_COUNT_RET_12                                0         -nan%                0         -nan%
LOW_CONF_COUNT_RET_13                                0         -nan%                0         -nan%
LOW_CONF_COUNT_RET_14                                0         -nan%                0         -nan%
LOW_CONF_COUNT_RET_15                                0         -nan%                0         -nan%
LOW_CONF_COUNT_RET_16                                0         -nan%                0         -nan%
LOW_CONF_COUNT_RET_17                                0         -nan%                0         -nan%
LOW_CONF_COUNT_RET_18                                0         -nan%                0         -nan%
LOW_CONF_COUNT_RET_19                                0         -nan%                0         -nan%
LOW_CONF_COUNT_RET_20                                0         -nan%                0         -nan%
                                                     0         -nan%                0         -nan%
                                                  -nan         -nan              -nan         -nan

CYCLES_RESTEER_MISPRED                               0         -nan%                0         -nan%
CYCLES_RESTEER_MISFETCH                              0         -nan%                0         -nan%
CYCLES_RESTEER_BTB_MISS                              0         -nan%                0         -nan%
                                                     0         -nan%                0         -nan%
                                                  -nan         -nan              -nan         -nan

CYCLES_RESTEER_MISPRED_SAVED_UC_FETCH                0         -nan%                0         -nan%
CYCLES_RESTEER_MISPRED_COULD_BE_SAVED_UC_FETCH             0         -nan%                0         -nan%
CYCLES_RESTEER_MISFETCH_SAVED_UC_FETCH               0         -nan%                0         -nan%
CYCLES_RESTEER_MISFETCH_COULD_BE_SAVED_UC_FETCH             0         -nan%                0         -nan%
CYCLES_RESTEER_BTB_MISS_SAVED_UC_FETCH               0         -nan%                0         -nan%
CYCLES_RESTEER_BTB_MISS_COULD_BE_SAVED_UC_FETCH             0         -nan%                0         -nan%
                                                     0         -nan%                0         -nan%
                                                  -nan         -nan              -nan         -nan

CYCLES_UOC_IC_SWITCH                                 0                              0              



