/* -*- Mode: c -*- */
####################################################################################################
Core 0
####################################################################################################
Cumulative:        Cycles: 10132915              Instructions: 20000000              IPC: 1.97377

Periodic:          Cycles: 4898572               Instructions: 10000000              IPC: 2.04141

ST_OP_INV                                            0        0.000%                0        0.000%
ST_OP_NOP                                       550408        2.358%          1230471        2.595%
ST_OP_CF                                       3276183       14.034%          6646150       14.016%
ST_OP_MOV                                      2323416        9.953%          4712377        9.938%
ST_OP_CMOV                                        4103        0.018%             8275        0.017%
ST_OP_LDA                                       253044        1.084%           509681        1.075%
ST_OP_ILD                                      3746410       16.049%          7641722       16.116%
ST_OP_IST                                      1974236        8.457%          4017633        8.473%
ST_OP_IADD                                     2826257       12.107%          5753858       12.134%
ST_OP_IMUL                                       48457        0.208%            96424        0.203%
ST_OP_IDIV                                           0        0.000%                0        0.000%
ST_OP_ICMP                                      982567        4.209%          1995667        4.209%
ST_OP_LOGIC                                    1759346        7.537%          3565588        7.520%
ST_OP_SHIFT                                     195120        0.836%           408646        0.862%
ST_OP_FLD                                      2721534       11.658%          5478942       11.555%
ST_OP_FST                                       529141        2.267%          1072252        2.261%
ST_OP_FCVT                                      219078        0.938%           437630        0.923%
ST_OP_FADD                                      439535        1.883%           882879        1.862%
ST_OP_FMUL                                      519240        2.224%          1034535        2.182%
ST_OP_FMA                                       901096        3.860%          1775364        3.744%
ST_OP_FDIV                                       50816        0.218%           101560        0.214%
ST_OP_FCMP                                       24122        0.103%            47767        0.101%
ST_OP_FCMOV                                          0        0.000%                0        0.000%
ST_OP_GATHER                                         0        0.000%                0        0.000%
ST_OP_SCATTER                                        0        0.000%                0        0.000%
ST_OP_PIPELINED_FAST                                 0        0.000%                0        0.000%
ST_OP_PIPELINED_MEDIUM                               0        0.000%                0        0.000%
ST_OP_PIPELINED_SLOW                                 0        0.000%                0        0.000%
ST_OP_NOTPIPELINED_MEDIUM                            0        0.000%                0        0.000%
ST_OP_NOTPIPELINED_SLOW                              0        0.000%                0        0.000%
ST_OP_NOTPIPELINED_VERY_SLOW                         0        0.000%                0        0.000%
                                              23344109      100.000%         47417421      100.000%
                                                  8.32         5.10              8.27         5.09

ST_NOT_CF                                     20067926       85.966%         40771271       85.984%
ST_CF_BR                                        239310        1.025%           482440        1.017%
ST_CF_CBR                                      2187333        9.370%          4440919        9.366%
ST_CF_CALL                                      285730        1.224%           577503        1.218%
ST_CF_IBR                                         3636        0.016%             6687        0.014%
ST_CF_ICALL                                     143396        0.614%           291339        0.614%
ST_CF_ICO                                            0        0.000%                0        0.000%
ST_CF_RET                                       416778        1.785%           847262        1.787%
ST_CF_SYS                                            0        0.000%                0        0.000%
                                              23344109      100.000%         47417421      100.000%
                                                  0.39         1.11              0.39         1.11

ST_BAR_NONE                                   23344109      100.000%         47417421      100.000%
ST_BAR_FETCH                                         0        0.000%                0        0.000%
ST_BAR_ISSUE                                         0        0.000%                0        0.000%
ST_BAR_BOTH                                          0        0.000%                0        0.000%
                                              23344109      100.000%         47417421      100.000%
                                                  0.00         0.00              0.00         0.00

ST_NOT_MEM                                    14372788       61.569%         29206872       61.595%
ST_MEM_LD                                      6467944       27.707%         13120664       27.671%
ST_MEM_ST                                      2503377       10.724%          5089885       10.734%
ST_MEM_PF                                            0        0.000%                0        0.000%
ST_MEM_WH                                            0        0.000%                0        0.000%
ST_MEM_EVICT                                         0        0.000%                0        0.000%
                                              23344109      100.000%         47417421      100.000%
                                                  0.49         0.56              0.49         0.56

ST_NOT_MEM_OFFPATH                             8296300       62.489%         18342967       62.694%
ST_MEM_LD_OFFPATH                              3757499       28.302%          8218311       28.089%
ST_MEM_ST_OFFPATH                              1222544        9.208%          2696560        9.217%
ST_MEM_PF_OFFPATH                                    0        0.000%                0        0.000%
ST_MEM_WH_OFFPATH                                    0        0.000%                0        0.000%
ST_MEM_EVIC_OFFPATHT                                 0        0.000%                0        0.000%
                                              13276343      100.000%         29257838      100.000%
                                                  0.47         0.54              0.47         0.55

ST_OP_ONPATH                                  23344109                       47417421              

ST_OP_OFFPATH                                 13276343                       29257838              

ST_FAKE_OP_OFFPATH                              193711        1.459%           751505        2.569%
ST_NOT_FAKE_OP_OFFPATH                        13082632       98.541%         28506333       97.431%
                                              13276343      100.000%         29257838      100.000%
                                                  0.99         0.98              0.97         0.96

ST_FAKE_REASON_NOT_FAKE                       13082632       98.541%         28506333       97.431%
ST_FAKE_REASON_REDIRECT_TO_NOT_INSTRUMENTED        193711        1.459%           751505        2.569%
ST_FAKE_REASON_RETURN_TO_NOT_INSTRUMENTED             0        0.000%                0        0.000%
ST_FAKE_REASON_NONRET_CF_TO_NOT_INSTRUMENTED             0        0.000%                0        0.000%
ST_FAKE_REASON_NOT_TAKEN_TO_NOT_INSTRUMENTED             0        0.000%                0        0.000%
ST_FAKE_REASON_WRONG_PATH_STORE_TO_NEW_REGION             0        0.000%                0        0.000%
                                              13276343      100.000%         29257838      100.000%
                                                  0.01         0.12              0.03         0.16

ST_INST_ONPATH                                18284898                       37152366              

ST_INST_OFFPATH                               10745167                       23754225              

STATIC_PIN_NOP                                       0                              0              

DYNAMIC_PIN_REP_GREATER_256                          0                              0              

INST_MAP_UPDATE_JITTED                          384159       18.284%           771212       18.302%
INST_MAP_UPDATE_NPC_INV                              0        0.000%                0        0.000%
INST_MAP_UPDATE_NPC_NOP                              0        0.000%                0        0.000%
INST_MAP_UPDATE_NPC_CF                               0        0.000%                0        0.000%
INST_MAP_UPDATE_NPC_MOV                              0        0.000%                0        0.000%
INST_MAP_UPDATE_NPC_CMOV                             0        0.000%                0        0.000%
INST_MAP_UPDATE_NPC_LDA                              0        0.000%                0        0.000%
INST_MAP_UPDATE_NPC_IMEM                             0        0.000%                0        0.000%
INST_MAP_UPDATE_NPC_IADD                             0        0.000%                0        0.000%
INST_MAP_UPDATE_NPC_IMUL                          5540        0.264%            11269        0.267%
INST_MAP_UPDATE_NPC_IDIV                             0        0.000%                0        0.000%
INST_MAP_UPDATE_NPC_ICMP                             0        0.000%                0        0.000%
INST_MAP_UPDATE_NPC_LOGIC                            0        0.000%                0        0.000%
INST_MAP_UPDATE_NPC_SHIFT                            0        0.000%                0        0.000%
INST_MAP_UPDATE_NPC_FMEM                             0        0.000%                0        0.000%
INST_MAP_UPDATE_NPC_FCVT                             0        0.000%                0        0.000%
INST_MAP_UPDATE_NPC_FADD                             0        0.000%                0        0.000%
INST_MAP_UPDATE_NPC_FMUL                             0        0.000%                0        0.000%
INST_MAP_UPDATE_NPC_FMA                              0        0.000%                0        0.000%
INST_MAP_UPDATE_NPC_FDIV                             0        0.000%                0        0.000%
INST_MAP_UPDATE_NPC_FCMP                             0        0.000%                0        0.000%
INST_MAP_UPDATE_NPC_FCMOV                            0        0.000%                0        0.000%
INST_MAP_UPDATE_NPC_GATHER                           0        0.000%                0        0.000%
INST_MAP_UPDATE_NPC_SCATTER                          0        0.000%                0        0.000%
INST_MAP_UPDATE_NPC_PIPELINED_FAST                   0        0.000%                0        0.000%
INST_MAP_UPDATE_NPC_PIPELINED_MEDIUM                 0        0.000%                0        0.000%
INST_MAP_UPDATE_NPC_PIPELINED_SLOW                   0        0.000%                0        0.000%
INST_MAP_UPDATE_NPC_NOTPIPELINED_MEDIUM              0        0.000%                0        0.000%
INST_MAP_UPDATE_NPC_NOTPIPELINED_SLOW                0        0.000%                0        0.000%
INST_MAP_UPDATE_NPC_NOTPIPELINED_VERY_SLOW             0        0.000%                0        0.000%
INST_MAP_UPDATE_MEM_INV                              0        0.000%                0        0.000%
INST_MAP_UPDATE_MEM_NOP                              0        0.000%                0        0.000%
INST_MAP_UPDATE_MEM_CF                               0        0.000%                0        0.000%
INST_MAP_UPDATE_MEM_MOV                        1060518       50.476%          2139622       50.776%
INST_MAP_UPDATE_MEM_CMOV                           323        0.015%              688        0.016%
INST_MAP_UPDATE_MEM_LDA                              0        0.000%                0        0.000%
INST_MAP_UPDATE_MEM_IMEM                             0        0.000%                0        0.000%
INST_MAP_UPDATE_MEM_IADD                             0        0.000%                0        0.000%
INST_MAP_UPDATE_MEM_IMUL                        254823       12.129%           517666       12.285%
INST_MAP_UPDATE_MEM_IDIV                             0        0.000%                0        0.000%
INST_MAP_UPDATE_MEM_ICMP                             0        0.000%                0        0.000%
INST_MAP_UPDATE_MEM_LOGIC                        44138        2.101%            88382        2.097%
INST_MAP_UPDATE_MEM_SHIFT                        22953        1.092%            47056        1.117%
INST_MAP_UPDATE_MEM_FMEM                             0        0.000%                0        0.000%
INST_MAP_UPDATE_MEM_FCVT                             0        0.000%                0        0.000%
INST_MAP_UPDATE_MEM_FADD                             0        0.000%                0        0.000%
INST_MAP_UPDATE_MEM_FMUL                         41520        1.976%            83624        1.985%
INST_MAP_UPDATE_MEM_FMA                          57056        2.716%           114893        2.727%
INST_MAP_UPDATE_MEM_FDIV                         35733        1.701%            71688        1.701%
INST_MAP_UPDATE_MEM_FCMP                        157260        7.485%           290281        6.889%
INST_MAP_UPDATE_MEM_FCMOV                           29        0.001%               82        0.002%
INST_MAP_UPDATE_MEM_GATHER                        1901        0.090%             3943        0.094%
INST_MAP_UPDATE_MEM_SCATTER                          0        0.000%                0        0.000%
INST_MAP_UPDATE_MEM_PIPELINED_FAST                   0        0.000%                0        0.000%
INST_MAP_UPDATE_MEM_PIPELINED_MEDIUM                 0        0.000%                0        0.000%
INST_MAP_UPDATE_MEM_PIPELINED_SLOW               35066        1.669%            73428        1.743%
INST_MAP_UPDATE_MEM_NOTPIPELINED_MEDIUM              0        0.000%                0        0.000%
INST_MAP_UPDATE_MEM_NOTPIPELINED_SLOW                0        0.000%                0        0.000%
INST_MAP_UPDATE_MEM_NOTPIPELINED_VERY_SLOW             0        0.000%                0        0.000%
                                               2101019      100.000%          4213834      100.000%
                                                 30.25         8.43             30.18         8.39



