/* -*- Mode: c -*- */
####################################################################################################
Core 0
####################################################################################################
Cumulative:        Cycles: 15533668              Instructions: 20000000              IPC: 1.28753

Periodic:          Cycles: 7610711               Instructions: 9999996               IPC: 1.31394

MISS_WAIT_TIME                               845472968                     1305855363              

ICACHE_STAGE_MISS                                   72                            529              

ICACHE_CYCLE                                   7610711                       15533668              

TCACHE_CYCLE                                         0                              0              

ICACHE_CYCLE_ONPATH                            2797989       36.764%          5653189       36.393%
ICACHE_CYCLE_OFFPATH                           4812722       63.236%          9880479       63.607%
                                               7610711      100.000%         15533668      100.000%
                                                  0.63         0.58              0.64         0.58

FETCH_ON_PATH                                  2765159       38.037%          5555133       37.710%
FETCH_OFF_PATH                                 4504463       61.963%          9176105       62.290%
                                               7269622      100.000%         14731238      100.000%
                                                  0.62         0.57              0.62         0.57

FETCHED_OPS_ON_PATH                                  0         -nan%                0         -nan%
FETCHED_OPS_OFF_PATH                                 0         -nan%                0         -nan%
                                                     0         -nan%                0         -nan%
                                                  -nan         -nan              -nan         -nan

INST_LOST_FETCH                               12242824       28.066%         24482518       27.475%
INST_LOST_OFF_PATH                            20402124       46.770%         41387880       46.447%
INST_LOST_FULL_WINDOW                             2598        0.006%            10968        0.012%
INST_LOST_ROB_STALL_OTHER                      1818276        4.168%          3607374        4.048%
INST_LOST_ROB_STALL_WAIT_FOR_RECOVERY             2280        0.005%             4818        0.005%
INST_LOST_ROB_STALL_WAIT_FOR_REDIRECT                0        0.000%                0        0.000%
INST_LOST_ROB_STALL_WAIT_FOR_GAP_FILL                0        0.000%                0        0.000%
INST_LOST_ROB_STALL_WAIT_FOR_L1_MISS                 0        0.000%                0        0.000%
INST_LOST_ROB_STALL_WAIT_FOR_MEMORY                  0        0.000%             2070        0.002%
INST_LOST_ROB_STALL_WAIT_FOR_DC_MISS            223380        0.512%          1189350        1.335%
INST_LOST_ROB_BLOCK_ISSUE_FULL                       0        0.000%                0        0.000%
INST_LOST_ROB_BLOCK_ISSUE_GAP_TOO_LARGE              0        0.000%                0        0.000%
INST_LOST_BREAK_DONT                                 0        0.000%                0        0.000%
INST_LOST_BREAK_RENAME                               0        0.000%                0        0.000%
INST_LOST_BREAK_FT_UNAVAILABLE                     130        0.000%              130        0.000%
INST_LOST_BREAK_ICACHE_TO_UOP_CACHE_SWITCH        774483        1.775%          1551703        1.741%
INST_LOST_BREAK_ICACHE_MISS_REQ_SUCCESS            256        0.001%             2009        0.002%
INST_LOST_BREAK_ICACHE_MISS_REQ_FAILURE              0        0.000%             1100        0.001%
INST_LOST_BREAK_WAIT_FOR_MISS                     3120        0.007%            97035        0.109%
INST_LOST_BREAK_UOP_CACHE_READ_LIMIT           7504418       17.203%         15447277       17.336%
INST_LOST_BREAK_UOP_CACHE_READ_LIMIT_AND_ISSUE_WIDTH             0        0.000%                0        0.000%
INST_LOST_BREAK_ICACHE_READ_LIMIT               648226        1.486%          1322650        1.484%
INST_LOST_BREAK_ICACHE_READ_LIMIT_AND_ISSUE_WIDTH             0        0.000%                0        0.000%
INST_LOST_BREAK_ISSUE_WIDTH                          0        0.000%                0        0.000%
INST_LOST_BREAK_BARRIERT                             0        0.000%                0        0.000%
INST_LOST_BREAK_WAIT_FOR_EMPTY_ROB                   0        0.000%                0        0.000%
INST_LOST_BREAK_APP_EXIT                             1        0.000%                1        0.000%
INST_LOST_BREAK_STALL                                0        0.000%                0        0.000%
                                              43622116      100.000%         89106883      100.000%
                                                  4.49         6.94              4.59         6.96

INST_LOST_TOTAL                               43622116                       89106883              

INST_LOST_WAIT_FOR_ICACHE_MISS_NOT_PREFETCHED             0        0.000%            14490       18.028%
INST_LOST_WAIT_FOR_ICACHE_MISS_PREFETCHED_AND_EVICTED_BY_IFETCH             0        0.000%                0        0.000%
INST_LOST_WAIT_FOR_ICACHE_MISS_PREFETCHED_AND_EVICTED_BY_FDIP             0        0.000%                0        0.000%
INST_LOST_WAIT_FOR_ICACHE_MISS_MSHR_HIT_PREF_OFFPATH            55        2.153%             1785        2.221%
INST_LOST_WAIT_FOR_ICACHE_MISS_MSHR_HIT_PREF_ONPATH          2500       97.847%            64100       79.751%
                                                  2555      100.000%            80375      100.000%
                                                  3.98         3.94              3.26         2.98

FETCH_0_OPS                                     342473        4.499%           842461        5.416%
FETCH_1_OPS                                     771696       10.139%          1582314       10.173%
FETCH_2_OPS                                     470004        6.175%           984143        6.327%
FETCH_3_OPS                                     806159       10.591%          1621797       10.427%
FETCH_4_OPS                                     460924        6.056%           952882        6.126%
FETCH_5_OPS                                    1889835       24.829%          3778483       24.293%
FETCH_6_OPS                                    2870316       37.711%          5791744       37.237%
FETCH_7_OPS                                          0        0.000%                0        0.000%
FETCH_8_OPS                                          0        0.000%                0        0.000%
FETCH_9_OPS                                          0        0.000%                0        0.000%
FETCH_10_OPS                                         0        0.000%                0        0.000%
FETCH_11_OPS                                         0        0.000%                0        0.000%
FETCH_12_OPS                                         0        0.000%                0        0.000%
FETCH_13_OPS                                         0        0.000%                0        0.000%
FETCH_14_OPS                                         0        0.000%                0        0.000%
FETCH_15_OPS                                         0        0.000%                0        0.000%
FETCH_16_OPS                                         0        0.000%                0        0.000%
                                               7611407      100.000%         15553824      100.000%
                                                  4.29         1.68              4.23         1.69

ST_BREAK_DONT                                        0        0.000%                0        0.000%
ST_BREAK_RENAME                                      0        0.000%                0        0.000%
ST_BREAK_FT_UNAVAILABLE                             26        0.000%               26        0.000%
ST_BREAK_ICACHE_TO_UOP_CACHE_SWITCH             283758        3.903%           568027        3.856%
ST_BREAK_ICACHE_MISS_REQ_SUCCESS                    72        0.001%              529        0.004%
ST_BREAK_ICACHE_MISS_REQ_FAILURE                     0        0.000%              220        0.001%
ST_BREAK_WAIT_FOR_MISS                             624        0.009%            19407        0.132%
ST_BREAK_UOP_CACHE_READ_LIMIT                  2357156       32.425%          4844369       32.885%
ST_BREAK_UOP_CACHE_READ_LIMIT_AND_ISSUE_WIDTH        657144        9.040%          1311310        8.902%
ST_BREAK_ICACHE_READ_LIMIT                      278429        3.830%           567058        3.849%
ST_BREAK_ICACHE_READ_LIMIT_AND_ISSUE_WIDTH         93644        1.288%           188577        1.280%
ST_BREAK_ISSUE_WIDTH                           3598768       49.504%          7231714       49.091%
ST_BREAK_BARRIERT                                    0        0.000%                0        0.000%
ST_BREAK_WAIT_FOR_EMPTY_ROB                          0        0.000%                0        0.000%
ST_BREAK_APP_EXIT                                    1        0.000%                1        0.000%
ST_BREAK_STALL                                       0        0.000%                0        0.000%
                                               7269622      100.000%         14731238      100.000%
                                                  9.03         2.19              9.01         2.19

ORACLE_ON_PATH_INST                           12242824       37.503%         24482518       37.168%
ORACLE_OFF_PATH_INST                          20402124       62.497%         41387880       62.832%
                                              32644948      100.000%         65870398      100.000%
                                                  0.62         0.58              0.63         0.58

ORACLE_ON_PATH_INST_MEM                        3641299       11.154%          7298490       11.080%
ORACLE_ON_PATH_INST_NOTMEM                     8601525       26.349%         17184028       26.088%
ORACLE_OFF_PATH_INST_MEM                       6324039       19.372%         12846101       19.502%
ORACLE_OFF_PATH_INST_NOTMEM                   14078085       43.125%         28541779       43.330%
                                              32644948      100.000%         65870398      100.000%
                                                  1.94         1.53              1.95         1.54

ICACHE_CYCLE_NONRA_ONPATH                            0         -nan%                0         -nan%
ICACHE_CYCLE_NONRA_OFFPATH                           0         -nan%                0         -nan%
ICACHE_CYCLE_RA_ONPATH                               0         -nan%                0         -nan%
ICACHE_CYCLE_RA_OFFPATH                              0         -nan%                0         -nan%
                                                     0         -nan%                0         -nan%
                                                  -nan         -nan              -nan         -nan

ICACHE_CYCLE_ONPATH_NONRA                            0         -nan%                0         -nan%
ICACHE_CYCLE_OFFPATH_NONRA                           0         -nan%                0         -nan%
                                                     0         -nan%                0         -nan%
                                                  -nan         -nan              -nan         -nan

ICACHE_CYCLE_ONPATH_RA                               0         -nan%                0         -nan%
ICACHE_CYCLE_OFFPATH_RA                              0         -nan%                0         -nan%
                                                     0         -nan%                0         -nan%
                                                  -nan         -nan              -nan         -nan

INACCURATE_OFFPATH_CYCLES                            0        0.0000                0        0.0000

FETCH_ALL_INST                                32644948                       65870398              

EXEC_ALL_INST                                 17476370                       35286161              

RET_ALL_INST                                  12243019                       24482518              

EXEC_ON_PATH_INST                             12242945       70.054%         24482518       69.383%
EXEC_OFF_PATH_INST                             5233425       29.946%         10803643       30.617%
                                              17476370      100.000%         35286161      100.000%
                                                  0.30         0.42              0.31         0.42

EXEC_ON_PATH_INST_MEM                          3641329       20.836%          7298490       20.684%
EXEC_ON_PATH_INST_NOTMEM                       8601616       49.219%         17184028       48.699%
EXEC_OFF_PATH_INST_MEM                         1890546       10.818%          3874278       10.980%
EXEC_OFF_PATH_INST_NOTMEM                      3342879       19.128%          6929365       19.638%
                                              17476370      100.000%         35286161      100.000%
                                                  1.28         0.99              1.30         1.00

EXEC_RA_INST                                         0         -nan%                0         -nan%
EXEC_NONRA_INST                                      0         -nan%                0         -nan%
                                                     0         -nan%                0         -nan%
                                                  -nan         -nan              -nan         -nan

EXEC_ON_PATH_INST_RA                                 0         -nan%                0         -nan%
EXEC_OFF_PATH_INST_RA                                0         -nan%                0         -nan%
                                                     0         -nan%                0         -nan%
                                                  -nan         -nan              -nan         -nan

EXEC_ON_PATH_INST_NONRA                              0         -nan%                0         -nan%
EXEC_OFF_PATH_INST_NONRA                             0         -nan%                0         -nan%
                                                     0         -nan%                0         -nan%
                                                  -nan         -nan              -nan         -nan

EXEC_RA_ON_PATH_INST                                 0         -nan%                0         -nan%
EXEC_RA_OFF_PATH_INST                                0         -nan%                0         -nan%
EXEC_NONRA_ON_PATH_INST                              0         -nan%                0         -nan%
EXEC_NONRA_OFF_PATH_INST                             0         -nan%                0         -nan%
                                                     0         -nan%                0         -nan%
                                                  -nan         -nan              -nan         -nan

ICACHE_THROTTLE_CYCLE                                0                              0              

FETCH_ENABLE_THROTTLE_OFF_PATH                       0         -nan%                0         -nan%
FETCH_ENABLE_THROTTLE_ON_PATH                        0         -nan%                0         -nan%
                                                     0         -nan%                0         -nan%
                                                  -nan         -nan              -nan         -nan

FETCH_DISABLE_THROTTLE_OFF_PATH                      0         -nan%                0         -nan%
FETCH_DISABLE_THROTTLE_ON_PATH                       0         -nan%                0         -nan%
                                                     0         -nan%                0         -nan%
                                                  -nan         -nan              -nan         -nan

FETCH_TH_ADJUST__0                                   0         -nan%                0         -nan%
FETCH_TH_ADJUST__1                                   0         -nan%                0         -nan%
FETCH_TH_ADJUST__2                                   0         -nan%                0         -nan%
FETCH_TH_ADJUST__3                                   0         -nan%                0         -nan%
FETCH_TH_ADJUST__4                                   0         -nan%                0         -nan%
FETCH_TH_ADJUST__5                                   0         -nan%                0         -nan%
FETCH_TH_ADJUST__6                                   0         -nan%                0         -nan%
FETCH_TH_ADJUST__7                                   0         -nan%                0         -nan%
FETCH_TH_ADJUST__8                                   0         -nan%                0         -nan%
FETCH_TH_ADJUST__9                                   0         -nan%                0         -nan%
FETCH_TH_ADJUST__MAX                                 0         -nan%                0         -nan%
                                                     0         -nan%                0         -nan%
                                                  -nan         -nan              -nan         -nan

FETCH_TH_ADJUST_UP                                   0         -nan%                0         -nan%
FETCH_TH_ADJUST_DOWN                                 0         -nan%                0         -nan%
FETCH_TH_ADJUST_SAME                                 0         -nan%                0         -nan%
                                                     0         -nan%                0         -nan%
                                                  -nan         -nan              -nan         -nan

THROTTLE_ADJUST_CACHE_MISS_INFO                      0                              0              

LOW_CONF_COUNT_BP_MIS_0                              0         -nan%                0         -nan%
LOW_CONF_COUNT_BP_MIS_1                              0         -nan%                0         -nan%
LOW_CONF_COUNT_BP_MIS_2                              0         -nan%                0         -nan%
LOW_CONF_COUNT_BP_MIS_3                              0         -nan%                0         -nan%
LOW_CONF_COUNT_BP_MIS_4                              0         -nan%                0         -nan%
LOW_CONF_COUNT_BP_MIS_5                              0         -nan%                0         -nan%
LOW_CONF_COUNT_BP_MIS_6                              0         -nan%                0         -nan%
LOW_CONF_COUNT_BP_MIS_7                              0         -nan%                0         -nan%
LOW_CONF_COUNT_BP_MIS_8                              0         -nan%                0         -nan%
LOW_CONF_COUNT_BP_MIS_9                              0         -nan%                0         -nan%
LOW_CONF_COUNT_BP_MIS_10                             0         -nan%                0         -nan%
LOW_CONF_COUNT_BP_MIS_11                             0         -nan%                0         -nan%
LOW_CONF_COUNT_BP_MIS_12                             0         -nan%                0         -nan%
LOW_CONF_COUNT_BP_MIS_13                             0         -nan%                0         -nan%
LOW_CONF_COUNT_BP_MIS_14                             0         -nan%                0         -nan%
LOW_CONF_COUNT_BP_MIS_15                             0         -nan%                0         -nan%
LOW_CONF_COUNT_BP_MIS_16                             0         -nan%                0         -nan%
LOW_CONF_COUNT_BP_MIS_17                             0         -nan%                0         -nan%
LOW_CONF_COUNT_BP_MIS_18                             0         -nan%                0         -nan%
LOW_CONF_COUNT_BP_MIS_19                             0         -nan%                0         -nan%
LOW_CONF_COUNT_BP_MIS_20                             0         -nan%                0         -nan%
                                                     0         -nan%                0         -nan%
                                                  -nan         -nan              -nan         -nan

LOW_CONF_COUNT_RET_0                                 0         -nan%                0         -nan%
LOW_CONF_COUNT_RET_1                                 0         -nan%                0         -nan%
LOW_CONF_COUNT_RET_2                                 0         -nan%                0         -nan%
LOW_CONF_COUNT_RET_3                                 0         -nan%                0         -nan%
LOW_CONF_COUNT_RET_4                                 0         -nan%                0         -nan%
LOW_CONF_COUNT_RET_5                                 0         -nan%                0         -nan%
LOW_CONF_COUNT_RET_6                                 0         -nan%                0         -nan%
LOW_CONF_COUNT_RET_7                                 0         -nan%                0         -nan%
LOW_CONF_COUNT_RET_8                                 0         -nan%                0         -nan%
LOW_CONF_COUNT_RET_9                                 0         -nan%                0         -nan%
LOW_CONF_COUNT_RET_10                                0         -nan%                0         -nan%
LOW_CONF_COUNT_RET_11                                0         -nan%                0         -nan%
LOW_CONF_COUNT_RET_12                                0         -nan%                0         -nan%
LOW_CONF_COUNT_RET_13                                0         -nan%                0         -nan%
LOW_CONF_COUNT_RET_14                                0         -nan%                0         -nan%
LOW_CONF_COUNT_RET_15                                0         -nan%                0         -nan%
LOW_CONF_COUNT_RET_16                                0         -nan%                0         -nan%
LOW_CONF_COUNT_RET_17                                0         -nan%                0         -nan%
LOW_CONF_COUNT_RET_18                                0         -nan%                0         -nan%
LOW_CONF_COUNT_RET_19                                0         -nan%                0         -nan%
LOW_CONF_COUNT_RET_20                                0         -nan%                0         -nan%
                                                     0         -nan%                0         -nan%
                                                  -nan         -nan              -nan         -nan

CYCLES_RESTEER_MISPRED                               0         -nan%                0         -nan%
CYCLES_RESTEER_MISFETCH                              0         -nan%                0         -nan%
CYCLES_RESTEER_BTB_MISS                              0         -nan%                0         -nan%
                                                     0         -nan%                0         -nan%
                                                  -nan         -nan              -nan         -nan

CYCLES_RESTEER_MISPRED_SAVED_UC_FETCH                0         -nan%                0         -nan%
CYCLES_RESTEER_MISPRED_COULD_BE_SAVED_UC_FETCH             0         -nan%                0         -nan%
CYCLES_RESTEER_MISFETCH_SAVED_UC_FETCH               0         -nan%                0         -nan%
CYCLES_RESTEER_MISFETCH_COULD_BE_SAVED_UC_FETCH             0         -nan%                0         -nan%
CYCLES_RESTEER_BTB_MISS_SAVED_UC_FETCH               0         -nan%                0         -nan%
CYCLES_RESTEER_BTB_MISS_COULD_BE_SAVED_UC_FETCH             0         -nan%                0         -nan%
                                                     0         -nan%                0         -nan%
                                                  -nan         -nan              -nan         -nan

CYCLES_UOC_IC_SWITCH                                 0                              0              



