/* -*- Mode: c -*- */
####################################################################################################
Core 0
####################################################################################################
Cumulative:        Cycles: 15379763              Instructions: 20000000              IPC: 1.30041

Periodic:          Cycles: 7762702               Instructions: 10000000              IPC: 1.28821

DCACHE_PREF_HIT                                      0                              0              

IFETCH_WB_FIRST_SCHEDULE                             0         -nan%                0         -nan%
PREFETCH_LAST_SCHEDULE                               0         -nan%                0         -nan%
DEMAND_PASS_PREF_SCHEDULE                            0         -nan%                0         -nan%
DEMAND_PASS_LOW_OP_SCHEDULE                          0         -nan%                0         -nan%
DEMAND_LAST_SCHEDULE                                 0         -nan%                0         -nan%
                                                     0         -nan%                0         -nan%
                                                  -nan         -nan              -nan         -nan

SEND_MISS_REQ_QUEUE                             100056                         201505              

L1_DATA_EVICT                                   102212                         172301              

STREAM_BUFFER_REQ                                    0                              0              

PREF_SEND_TO_MEM_REQ                                 0         -nan%                0         -nan%
PREF_SEND_TO_MEM_REQ_FAIL                            0         -nan%                0         -nan%
                                                     0         -nan%                0         -nan%
                                                  -nan         -nan              -nan         -nan

HIT_TRAIN_STREAM                                 42987       73.743%            82553       68.383%
MISS_TRAIN_STREAM                                15306       26.257%            38169       31.617%
                                                 58293      100.000%           120722      100.000%
                                                  0.26         0.40              0.32         0.42

STREAM_TRAIN_CREATE                               6776                          16049              

MEM_REQ_MISS_HWP_PREF_Q                              0         -nan%                0         -nan%
MEM_REQ_MISS_SW_PREF_Q                               0         -nan%                0         -nan%
MEM_REQ_MISS_IFETCH_Q                                0         -nan%                0         -nan%
MEM_REQ_MISS_DFETCH_Q                                0         -nan%                0         -nan%
MEM_REQ_MISS_DSTORE_Q                                0         -nan%                0         -nan%
MEM_REQ_MISS_DPRF_Q                                  0         -nan%                0         -nan%
MEM_REQ_MISS_WB_Q                                    0         -nan%                0         -nan%
                                                     0         -nan%                0         -nan%
                                                  -nan         -nan              -nan         -nan

PREF_HIT_BY_DEMAND_IFETCH                            0         -nan%                0         -nan%
PREF_HIT_BY_DEMAND_DFETCH                            0         -nan%                0         -nan%
PREF_HIT_BY_DEMAND_DSTORE                            0         -nan%                0         -nan%
PREF_HIT_BY_DEMAND_IPREF                             0         -nan%                0         -nan%
PREF_HIT_BY_DEMAND_DPRF                              0         -nan%                0         -nan%
PREF_HIT_BY_DEMAND_WB                                0         -nan%                0         -nan%
PREF_HIT_BY_PREF                                     0         -nan%                0         -nan%
                                                     0         -nan%                0         -nan%
                                                  -nan         -nan              -nan         -nan

PREF_HIT_DEMAND_IFETCH                               0         -nan%                0         -nan%
PREF_HIT_DEMAND_DFETCH                               0         -nan%                0         -nan%
PREF_HIT_DEMAND_DSTORE                               0         -nan%                0         -nan%
PREF_HIT_DEMAND_IPREF                                0         -nan%                0         -nan%
PREF_HIT_DEMAND_DPRF                                 0         -nan%                0         -nan%
PREF_HIT_DEMAND_WB                                   0         -nan%                0         -nan%
                                                     0         -nan%                0         -nan%
                                                  -nan         -nan              -nan         -nan

PREF_L1_FILL                                         0         -nan%                0         -nan%
DEMAND_L1_FILL                                       0         -nan%                0         -nan%
                                                     0         -nan%                0         -nan%
                                                  -nan         -nan              -nan         -nan

TOUCH_L1_REPLACE                                     0        0.000%                0        0.000%
NO_TOUCH_L1_REPLACE                             102212      100.000%           172301      100.000%
                                                102212      100.000%           172301      100.000%
                                                  1.00         1.00              1.00         1.00

PREF_REQ_QUE_FULL                                    0                              0              

STREAM_REQ_QUEUE_HIT_BY_DEMAND                       0                              0              

L2HIT_STREAM_PREF_REQ_QUE_FULL                       0                              0              

L2HIT_HIT_TRAIN_STREAM                               0         -nan%                0         -nan%
L2HIT_MISS_TRAIN_STREAM                              0         -nan%                0         -nan%
                                                     0         -nan%                0         -nan%
                                                  -nan         -nan              -nan         -nan

L2HIT_STREAM_TRAIN_CREATE                            0                              0              

L2HIT_STREAM_BUFFER_REQ                              0                              0              

L2HIT_STREAM_PREF_DCACHE_HIT                         0         -nan%                0         -nan%
L2HIT_STREAM_PREF_DCACHE_INSERT                      0         -nan%                0         -nan%
L2HIT_STREAM_L2_MISS                                 0         -nan%                0         -nan%
                                                     0         -nan%                0         -nan%
                                                  -nan         -nan              -nan         -nan

L2HIT_STREAM_DCACHE_PORT_FULL                        0                              0              

L2HIT_STREAM_PREF_L1_PORT_FULL                       0                              0              

L2HIT_TRAIN_HIT_DEMAND                               0         -nan%                0         -nan%
L2HIT_TRAIN_MISS_REQ                                 0         -nan%                0         -nan%
                                                     0         -nan%                0         -nan%
                                                  -nan         -nan              -nan         -nan

L2HIT_TRAIN_FILTER_MISS                              0         -nan%                0         -nan%
L2HIT_TRAIN_FILTER_HIT                               0         -nan%                0         -nan%
                                                     0         -nan%                0         -nan%
                                                  -nan         -nan              -nan         -nan

L2HIT_PREF_REQ_DCACHE_HIT                            0         -nan%                0         -nan%
L2HIT_PREF_REQ_DCACHE_MISS                           0         -nan%                0         -nan%
                                                     0         -nan%                0         -nan%
                                                  -nan         -nan              -nan         -nan

L2HIT_L2SEND_Q_FULL                                  0         -nan%                0         -nan%
L2HIT_L2SEND_Q_ENTER                                 0         -nan%                0         -nan%
                                                     0         -nan%                0         -nan%
                                                  -nan         -nan              -nan         -nan

L2HIT_MEM_REQ                                        0                              0              

REMOVE_REDUNDANT_STREAM_STAT                         0                              0              

REPLACE_OLD_STREAM                                6776                          16033              

REQ_SEND_QUEUE_STALL                                 0                              0              

STREAM_ENTER_RA                                      0                              0              

CORE_STREAM_LENGTH_0                               151        9.179%              415        9.087%
CORE_STREAM_LENGTH_10                              410       24.924%             1788       39.150%
CORE_STREAM_LENGTH_20                              510       31.003%             1356       29.691%
CORE_STREAM_LENGTH_30                              139        8.450%              243        5.321%
CORE_STREAM_LENGTH_40                              221       13.435%              374        8.189%
CORE_STREAM_LENGTH_50                               18        1.094%               52        1.139%
CORE_STREAM_LENGTH_60                                6        0.365%               18        0.394%
CORE_STREAM_LENGTH_70                               11        0.669%               22        0.482%
CORE_STREAM_LENGTH_80                               12        0.729%               17        0.372%
CORE_STREAM_LENGTH_90                                9        0.547%               35        0.766%
CORE_STREAM_LENGTH_100_P                           158        9.605%              247        5.408%
                                                  1645      100.000%             4567      100.000%
                                                  2.85         2.75              2.23         2.27

CORE_CUM_STREAM_LENGTH_0                          1110        0.863%             2995        1.275%
CORE_CUM_STREAM_LENGTH_10                         6192        4.816%            24944       10.620%
CORE_CUM_STREAM_LENGTH_20                        11590        9.015%            30892       13.153%
CORE_CUM_STREAM_LENGTH_30                         4908        3.818%             8505        3.621%
CORE_CUM_STREAM_LENGTH_40                         9983        7.765%            16803        7.154%
CORE_CUM_STREAM_LENGTH_50                          942        0.733%             2752        1.172%
CORE_CUM_STREAM_LENGTH_60                          372        0.289%             1129        0.481%
CORE_CUM_STREAM_LENGTH_70                          800        0.622%             1620        0.690%
CORE_CUM_STREAM_LENGTH_80                         1002        0.779%             1420        0.605%
CORE_CUM_STREAM_LENGTH_90                          827        0.643%             3287        1.399%
CORE_CUM_STREAM_LENGTH_100_P                     90836       70.655%           140524       59.830%
                                                128562      100.000%           234871      100.000%
                                                  7.94         7.43              7.06         6.60

CORE_STREAM_TRAIN_HITS_0                          1142       69.422%             3347       73.287%
CORE_STREAM_TRAIN_HITS_10                          317       19.271%              861       18.853%
CORE_STREAM_TRAIN_HITS_20                           35        2.128%               85        1.861%
CORE_STREAM_TRAIN_HITS_30                           25        1.520%               53        1.160%
CORE_STREAM_TRAIN_HITS_40                           25        1.520%               49        1.073%
CORE_STREAM_TRAIN_HITS_50                            8        0.486%               14        0.307%
CORE_STREAM_TRAIN_HITS_60                           23        1.398%               39        0.854%
CORE_STREAM_TRAIN_HITS_70                            4        0.243%               12        0.263%
CORE_STREAM_TRAIN_HITS_80                            6        0.365%                6        0.131%
CORE_STREAM_TRAIN_HITS_90                            0        0.000%                1        0.022%
CORE_STREAM_TRAIN_HITS_100_P                        60        3.647%              100        2.190%
                                                  1645      100.000%             4567      100.000%
                                                  0.86         2.01              0.62         1.64

CORE_CUM_STREAM_TRAIN_HITS_0                      7389       14.036%            21151       20.979%
CORE_CUM_STREAM_TRAIN_HITS_10                     4207        7.992%            11153       11.062%
CORE_CUM_STREAM_TRAIN_HITS_20                      858        1.630%             2129        2.112%
CORE_CUM_STREAM_TRAIN_HITS_30                      867        1.647%             1830        1.815%
CORE_CUM_STREAM_TRAIN_HITS_40                     1097        2.084%             2146        2.129%
CORE_CUM_STREAM_TRAIN_HITS_50                      426        0.809%              753        0.747%
CORE_CUM_STREAM_TRAIN_HITS_60                     1489        2.829%             2523        2.502%
CORE_CUM_STREAM_TRAIN_HITS_70                      302        0.574%              910        0.903%
CORE_CUM_STREAM_TRAIN_HITS_80                      492        0.935%              492        0.488%
CORE_CUM_STREAM_TRAIN_HITS_90                        0        0.000%               91        0.090%
CORE_CUM_STREAM_TRAIN_HITS_100_P                 35515       67.465%            57643       57.174%
                                                 52642      100.000%           100821      100.000%
                                                  7.32         6.73              6.31         5.87

CORE_STREAM_TRAIN_CREATE                          6776                          16049              



