Scarab gitrev: 3541854
Scarab started at Sun Nov 17 22:20:35 2024

Initialized Ramulator. 
** Heartbeat:   5% -- { 1000000 } -- 0.00 KIPS (26.32 KIPS)
** Heartbeat:  10% -- { 2000000 } -- 10.42 KIPS (14.93 KIPS)
** Heartbeat:  15% -- { 3000000 } -- 2.99 KIPS (6.40 KIPS)
** Heartbeat:  20% -- { 4000000 } -- 62.50 KIPS (8.25 KIPS)
** Heartbeat:  25% -- { 5000000 } -- 76.92 KIPS (10.04 KIPS)
** Heartbeat:  30% -- { 6000000 } -- 43.48 KIPS (11.52 KIPS)
** Heartbeat:  35% -- { 7000000 } -- 38.46 KIPS (12.80 KIPS)
** Heartbeat:  40% -- { 8000000 } -- 43.48 KIPS (14.04 KIPS)
** Heartbeat:  45% -- { 9000000 } -- 47.62 KIPS (15.23 KIPS)
** Heartbeat:  50% -- { 10000000 } -- 45.45 KIPS (16.31 KIPS)
** Heartbeat:  55% -- { 11000000 } -- 38.46 KIPS (17.21 KIPS)
** Heartbeat:  60% -- { 12000000 } -- 45.45 KIPS (18.15 KIPS)
** Heartbeat:  65% -- { 13000000 } -- 43.48 KIPS (19.01 KIPS)
** Heartbeat:  70% -- { 14000000 } -- 37.04 KIPS (19.69 KIPS)
** Heartbeat:  75% -- { 15000000 } -- 41.67 KIPS (20.41 KIPS)
** Heartbeat:  80% -- { 16000000 } -- 37.04 KIPS (21.00 KIPS)
** Heartbeat:  85% -- { 17000000 } -- 35.71 KIPS (21.52 KIPS)
** Heartbeat:  90% -- { 18000000 } -- 45.45 KIPS (22.17 KIPS)
** Heartbeat:  95% -- { 19000000 } -- 43.48 KIPS (22.75 KIPS)
** Heartbeat: 100% -- { 20000000 } -- 37.04 KIPS (23.20 KIPS)
** Core 0 Finished:    insts:20000000    cycles:20337827    time:6355570937500       -- 0.98 IPC (0.98 IPC) --  N/A  KIPS (23.20 KIPS)
Scarab finished at Sun Nov 17 22:34:57 2024

