Scarab gitrev: 3541854
Scarab started at Wed Nov 27 17:13:31 2024

Initialized Ramulator. 
** Heartbeat:   5% -- { 1000000 } -- 0.00 KIPS (38.46 KIPS)
** Heartbeat:  10% -- { 2000000 } -- 47.62 KIPS (42.55 KIPS)
** Heartbeat:  15% -- { 3000000 } -- 37.04 KIPS (40.54 KIPS)
** Heartbeat:  20% -- { 4000000 } -- 47.62 KIPS (42.11 KIPS)
** Heartbeat:  25% -- { 5000000 } -- 50.00 KIPS (43.48 KIPS)
** Heartbeat:  30% -- { 6000000 } -- 30.30 KIPS (40.54 KIPS)
** Heartbeat:  35% -- { 7000000 } -- 47.62 KIPS (41.42 KIPS)
** Heartbeat:  40% -- { 8000000 } -- 47.62 KIPS (42.11 KIPS)
** Heartbeat:  45% -- { 9000000 } -- 45.45 KIPS (42.45 KIPS)
** Heartbeat:  50% -- { 10000000 } -- 41.67 KIPS (42.37 KIPS)
** Heartbeat:  55% -- { 11000000 } -- 45.45 KIPS (42.64 KIPS)
** Heartbeat:  60% -- { 12000000 } -- 50.00 KIPS (43.17 KIPS)
** Heartbeat:  65% -- { 13000000 } -- 41.67 KIPS (43.05 KIPS)
** Heartbeat:  70% -- { 14000000 } -- 45.45 KIPS (43.21 KIPS)
** Heartbeat:  75% -- { 15000000 } -- 55.56 KIPS (43.86 KIPS)
** Heartbeat:  80% -- { 16000000 } -- 50.00 KIPS (44.20 KIPS)
** Heartbeat:  85% -- { 17000000 } -- 50.00 KIPS (44.50 KIPS)
** Heartbeat:  90% -- { 18000000 } -- 43.48 KIPS (44.44 KIPS)
** Heartbeat:  95% -- { 19000000 } -- 43.48 KIPS (44.39 KIPS)
** Heartbeat: 100% -- { 20000000 } -- 43.48 KIPS (44.35 KIPS)
** Core 0 Finished:    insts:20000000    cycles:20337513    time:6355472812500       -- 0.98 IPC (0.98 IPC) --  N/A  KIPS (44.35 KIPS)
Scarab finished at Wed Nov 27 17:21:02 2024

