Scarab gitrev: 3541854
Scarab started at Wed Nov 27 17:38:39 2024

Initialized Ramulator. 
** Heartbeat:   5% -- { 1000004 } -- 0.00 KIPS (76.92 KIPS)
** Heartbeat:  10% -- { 2000007 } -- 76.92 KIPS (76.92 KIPS)
** Heartbeat:  15% -- { 3000010 } -- 76.92 KIPS (76.92 KIPS)
** Heartbeat:  20% -- { 4000011 } -- 111.11 KIPS (83.33 KIPS)
** Heartbeat:  25% -- { 5000011 } -- 62.50 KIPS (78.13 KIPS)
** Heartbeat:  30% -- { 6000011 } -- 58.82 KIPS (74.07 KIPS)
** Heartbeat:  35% -- { 7000011 } -- 71.43 KIPS (73.68 KIPS)
** Heartbeat:  40% -- { 8000014 } -- 76.92 KIPS (74.07 KIPS)
** Heartbeat:  45% -- { 9000015 } -- 76.92 KIPS (74.38 KIPS)
** Heartbeat:  50% -- { 10000015 } -- 100.00 KIPS (76.34 KIPS)
** Heartbeat:  55% -- { 11000020 } -- 76.92 KIPS (76.39 KIPS)
** Heartbeat:  60% -- { 12000022 } -- 83.33 KIPS (76.92 KIPS)
** Heartbeat:  65% -- { 13000022 } -- 71.43 KIPS (76.47 KIPS)
** Heartbeat:  70% -- { 14000024 } -- 142.86 KIPS (79.10 KIPS)
** Heartbeat:  75% -- { 15000029 } -- 125.00 KIPS (81.08 KIPS)
** Heartbeat:  80% -- { 16000031 } -- 71.43 KIPS (80.40 KIPS)
** Heartbeat:  85% -- { 17000031 } -- 76.92 KIPS (80.19 KIPS)
** Heartbeat:  90% -- { 18000032 } -- 100.00 KIPS (81.08 KIPS)
** Heartbeat:  95% -- { 19000032 } -- 200.00 KIPS (83.70 KIPS)
** Core 0 Finished:    insts:20000000    cycles:15054222    time:4704444375000       -- 1.33 IPC (1.33 IPC) --  N/A  KIPS (84.39 KIPS)
Scarab finished at Wed Nov 27 17:42:36 2024

