/* -*- Mode: c -*- */
####################################################################################################
Core 0
####################################################################################################
Cumulative:        Cycles: 21663191              Instructions: 20000000              IPC: 0.92323

Periodic:          Cycles: 10777164              Instructions: 9999997               IPC: 0.92789

ST_OP_INV                                            0        0.000%                0        0.000%
ST_OP_NOP                                       551595        2.699%          1193059        2.892%
ST_OP_CF                                       3627178       17.748%          7283508       17.658%
ST_OP_MOV                                      2184758       10.690%          4401079       10.670%
ST_OP_CMOV                                       14795        0.072%            28771        0.070%
ST_OP_LDA                                      1050364        5.140%          2123246        5.147%
ST_OP_ILD                                      4688943       22.944%          9439138       22.883%
ST_OP_IST                                      2545393       12.455%          5142920       12.468%
ST_OP_IADD                                     2594792       12.697%          5245264       12.716%
ST_OP_IMUL                                        4564        0.022%             9130        0.022%
ST_OP_IDIV                                           0        0.000%                0        0.000%
ST_OP_ICMP                                     1586135        7.761%          3184406        7.720%
ST_OP_LOGIC                                    1075420        5.262%          2162974        5.244%
ST_OP_SHIFT                                     262283        1.283%           530368        1.286%
ST_OP_FLD                                       123206        0.603%           248356        0.602%
ST_OP_FST                                        16434        0.080%            32815        0.080%
ST_OP_FCVT                                       24855        0.122%            51017        0.124%
ST_OP_FADD                                           0        0.000%                0        0.000%
ST_OP_FMUL                                       13788        0.067%            27880        0.068%
ST_OP_FMA                                            0        0.000%                0        0.000%
ST_OP_FDIV                                           0        0.000%                0        0.000%
ST_OP_FCMP                                           0        0.000%                0        0.000%
ST_OP_FCMOV                                          0        0.000%                0        0.000%
ST_OP_GATHER                                         0        0.000%                0        0.000%
ST_OP_SCATTER                                        0        0.000%                0        0.000%
ST_OP_PIPELINED_FAST                             36603        0.179%            73653        0.179%
ST_OP_PIPELINED_MEDIUM                               0        0.000%                0        0.000%
ST_OP_PIPELINED_SLOW                                 0        0.000%                0        0.000%
ST_OP_NOTPIPELINED_MEDIUM                        35476        0.174%            71141        0.172%
ST_OP_NOTPIPELINED_SLOW                              0        0.000%                0        0.000%
ST_OP_NOTPIPELINED_VERY_SLOW                         0        0.000%                0        0.000%
                                              20436582      100.000%         41248725      100.000%
                                                  6.10         3.43              6.09         3.43

ST_NOT_CF                                     16809404       82.252%         33965217       82.342%
ST_CF_BR                                        377523        1.847%           762342        1.848%
ST_CF_CBR                                      2467718       12.075%          4949934       12.000%
ST_CF_CALL                                      208274        1.019%           416840        1.011%
ST_CF_IBR                                       118078        0.578%           235462        0.571%
ST_CF_ICALL                                     121005        0.592%           245539        0.595%
ST_CF_ICO                                            0        0.000%                0        0.000%
ST_CF_RET                                       334580        1.637%           673391        1.633%
ST_CF_SYS                                            0        0.000%                0        0.000%
                                              20436582      100.000%         41248725      100.000%
                                                  0.46         1.12              0.46         1.12

ST_BAR_NONE                                   20436582      100.000%         41248725      100.000%
ST_BAR_FETCH                                         0        0.000%                0        0.000%
ST_BAR_ISSUE                                         0        0.000%                0        0.000%
ST_BAR_BOTH                                          0        0.000%                0        0.000%
                                              20436582      100.000%         41248725      100.000%
                                                  0.00         0.00              0.00         0.00

ST_NOT_MEM                                    13062606       63.918%         26385496       63.967%
ST_MEM_LD                                      4812149       23.547%          9687494       23.486%
ST_MEM_ST                                      2561827       12.535%          5175735       12.548%
ST_MEM_PF                                            0        0.000%                0        0.000%
ST_MEM_WH                                            0        0.000%                0        0.000%
ST_MEM_EVICT                                         0        0.000%                0        0.000%
                                              20436582      100.000%         41248725      100.000%
                                                  0.49         0.59              0.49         0.59

ST_NOT_MEM_OFFPATH                             9394559       66.294%         19717266       66.407%
ST_MEM_LD_OFFPATH                              3188942       22.503%          6617197       22.286%
ST_MEM_ST_OFFPATH                              1587503       11.202%          3357107       11.307%
ST_MEM_PF_OFFPATH                                    0        0.000%                0        0.000%
ST_MEM_WH_OFFPATH                                    0        0.000%                0        0.000%
ST_MEM_EVIC_OFFPATHT                                 0        0.000%                0        0.000%
                                              14171004      100.000%         29691570      100.000%
                                                  0.45         0.58              0.45         0.58

ST_OP_ONPATH                                  20436582                       41248725              

ST_OP_OFFPATH                                 14171004                       29691570              

ST_FAKE_OP_OFFPATH                               92794        0.655%           553404        1.864%
ST_NOT_FAKE_OP_OFFPATH                        14078210       99.345%         29138166       98.136%
                                              14171004      100.000%         29691570      100.000%
                                                  0.99         0.99              0.98         0.97

ST_FAKE_REASON_NOT_FAKE                       14078210       99.345%         29138166       98.136%
ST_FAKE_REASON_REDIRECT_TO_NOT_INSTRUMENTED         92794        0.655%           553404        1.864%
ST_FAKE_REASON_RETURN_TO_NOT_INSTRUMENTED             0        0.000%                0        0.000%
ST_FAKE_REASON_NONRET_CF_TO_NOT_INSTRUMENTED             0        0.000%                0        0.000%
ST_FAKE_REASON_NOT_TAKEN_TO_NOT_INSTRUMENTED             0        0.000%                0        0.000%
ST_FAKE_REASON_WRONG_PATH_STORE_TO_NEW_REGION             0        0.000%                0        0.000%
                                              14171004      100.000%         29691570      100.000%
                                                  0.01         0.08              0.02         0.13

ST_INST_ONPATH                                16499174                       33316144              

ST_INST_OFFPATH                               12313670                       25756641              

STATIC_PIN_NOP                                       0                              0              

DYNAMIC_PIN_REP_GREATER_256                          0                              0              

INST_MAP_UPDATE_JITTED                          361307       16.209%           722586       16.120%
INST_MAP_UPDATE_NPC_INV                              0        0.000%                0        0.000%
INST_MAP_UPDATE_NPC_NOP                              0        0.000%                0        0.000%
INST_MAP_UPDATE_NPC_CF                               0        0.000%                0        0.000%
INST_MAP_UPDATE_NPC_MOV                              0        0.000%                0        0.000%
INST_MAP_UPDATE_NPC_CMOV                             0        0.000%                0        0.000%
INST_MAP_UPDATE_NPC_LDA                              0        0.000%                0        0.000%
INST_MAP_UPDATE_NPC_IMEM                             0        0.000%                0        0.000%
INST_MAP_UPDATE_NPC_IADD                             0        0.000%                0        0.000%
INST_MAP_UPDATE_NPC_IMUL                         16375        0.735%            33328        0.744%
INST_MAP_UPDATE_NPC_IDIV                             0        0.000%                0        0.000%
INST_MAP_UPDATE_NPC_ICMP                             0        0.000%                0        0.000%
INST_MAP_UPDATE_NPC_LOGIC                            0        0.000%                0        0.000%
INST_MAP_UPDATE_NPC_SHIFT                            0        0.000%                0        0.000%
INST_MAP_UPDATE_NPC_FMEM                             0        0.000%                0        0.000%
INST_MAP_UPDATE_NPC_FCVT                             0        0.000%                0        0.000%
INST_MAP_UPDATE_NPC_FADD                             0        0.000%                0        0.000%
INST_MAP_UPDATE_NPC_FMUL                             0        0.000%                0        0.000%
INST_MAP_UPDATE_NPC_FMA                              0        0.000%                0        0.000%
INST_MAP_UPDATE_NPC_FDIV                             0        0.000%                0        0.000%
INST_MAP_UPDATE_NPC_FCMP                             0        0.000%                0        0.000%
INST_MAP_UPDATE_NPC_FCMOV                            0        0.000%                0        0.000%
INST_MAP_UPDATE_NPC_GATHER                           0        0.000%                0        0.000%
INST_MAP_UPDATE_NPC_SCATTER                          0        0.000%                0        0.000%
INST_MAP_UPDATE_NPC_PIPELINED_FAST                   0        0.000%                0        0.000%
INST_MAP_UPDATE_NPC_PIPELINED_MEDIUM                 0        0.000%                0        0.000%
INST_MAP_UPDATE_NPC_PIPELINED_SLOW                   0        0.000%                0        0.000%
INST_MAP_UPDATE_NPC_NOTPIPELINED_MEDIUM              0        0.000%                0        0.000%
INST_MAP_UPDATE_NPC_NOTPIPELINED_SLOW                0        0.000%                0        0.000%
INST_MAP_UPDATE_NPC_NOTPIPELINED_VERY_SLOW             0        0.000%                0        0.000%
INST_MAP_UPDATE_MEM_INV                              0        0.000%                0        0.000%
INST_MAP_UPDATE_MEM_NOP                              0        0.000%                0        0.000%
INST_MAP_UPDATE_MEM_CF                               0        0.000%                0        0.000%
INST_MAP_UPDATE_MEM_MOV                        1304296       58.514%          2619662       58.443%
INST_MAP_UPDATE_MEM_CMOV                             0        0.000%                0        0.000%
INST_MAP_UPDATE_MEM_LDA                              0        0.000%                0        0.000%
INST_MAP_UPDATE_MEM_IMEM                             0        0.000%                0        0.000%
INST_MAP_UPDATE_MEM_IADD                             0        0.000%                0        0.000%
INST_MAP_UPDATE_MEM_IMUL                        365262       16.387%           745679       16.635%
INST_MAP_UPDATE_MEM_IDIV                             0        0.000%                0        0.000%
INST_MAP_UPDATE_MEM_ICMP                             0        0.000%                0        0.000%
INST_MAP_UPDATE_MEM_LOGIC                       148212        6.649%           294652        6.573%
INST_MAP_UPDATE_MEM_SHIFT                        24251        1.088%            48228        1.076%
INST_MAP_UPDATE_MEM_FMEM                             0        0.000%                0        0.000%
INST_MAP_UPDATE_MEM_FCVT                             0        0.000%                0        0.000%
INST_MAP_UPDATE_MEM_FADD                             0        0.000%                0        0.000%
INST_MAP_UPDATE_MEM_FMUL                          4159        0.187%             8546        0.191%
INST_MAP_UPDATE_MEM_FMA                              0        0.000%                0        0.000%
INST_MAP_UPDATE_MEM_FDIV                             0        0.000%                0        0.000%
INST_MAP_UPDATE_MEM_FCMP                             0        0.000%                0        0.000%
INST_MAP_UPDATE_MEM_FCMOV                            0        0.000%                0        0.000%
INST_MAP_UPDATE_MEM_GATHER                           0        0.000%                0        0.000%
INST_MAP_UPDATE_MEM_SCATTER                          0        0.000%                0        0.000%
INST_MAP_UPDATE_MEM_PIPELINED_FAST                   0        0.000%                0        0.000%
INST_MAP_UPDATE_MEM_PIPELINED_MEDIUM                 0        0.000%                0        0.000%
INST_MAP_UPDATE_MEM_PIPELINED_SLOW                5165        0.232%             9777        0.218%
INST_MAP_UPDATE_MEM_NOTPIPELINED_MEDIUM              0        0.000%                0        0.000%
INST_MAP_UPDATE_MEM_NOTPIPELINED_SLOW                0        0.000%                0        0.000%
INST_MAP_UPDATE_MEM_NOTPIPELINED_VERY_SLOW             0        0.000%                0        0.000%
                                               2229027      100.000%          4482458      100.000%
                                                 29.00         6.25             29.03         6.23



