/* -*- Mode: c -*- */
####################################################################################################
Core 0
####################################################################################################
Cumulative:        Cycles: 12451030              Instructions: 20000000              IPC: 1.60629

Periodic:          Cycles: 6229497               Instructions: 9999997               IPC: 1.60527

MISS_WAIT_TIME                                       0                          26565              

ICACHE_STAGE_MISS                                    0                             23              

ICACHE_CYCLE                                   6229497                       12451030              

TCACHE_CYCLE                                         0                              0              

ICACHE_CYCLE_ONPATH                            6221966       99.879%         12434629       99.868%
ICACHE_CYCLE_OFFPATH                              7531        0.121%            16401        0.132%
                                               6229497      100.000%         12451030      100.000%
                                                  0.00         0.03              0.00         0.04

FETCH_ON_PATH                                  3093349       99.887%          6187979       99.874%
FETCH_OFF_PATH                                    3497        0.113%             7816        0.126%
                                               3096846      100.000%          6195795      100.000%
                                                  0.00         0.03              0.00         0.04

FETCHED_OPS_ON_PATH                                  0         -nan%                0         -nan%
FETCHED_OPS_OFF_PATH                                 0         -nan%                0         -nan%
                                                     0         -nan%                0         -nan%
                                                  -nan         -nan              -nan         -nan

INST_LOST_FETCH                               14411651       38.558%         28823983       38.584%
INST_LOST_OFF_PATH                               16435        0.044%            35985        0.048%
INST_LOST_FULL_WINDOW                                0        0.000%                0        0.000%
INST_LOST_ROB_STALL_OTHER                     16374330       43.809%         32733384       43.817%
INST_LOST_ROB_STALL_WAIT_FOR_RECOVERY                0        0.000%                0        0.000%
INST_LOST_ROB_STALL_WAIT_FOR_REDIRECT                0        0.000%                0        0.000%
INST_LOST_ROB_STALL_WAIT_FOR_GAP_FILL                0        0.000%                0        0.000%
INST_LOST_ROB_STALL_WAIT_FOR_L1_MISS                 0        0.000%                0        0.000%
INST_LOST_ROB_STALL_WAIT_FOR_MEMORY             145758        0.390%           261438        0.350%
INST_LOST_ROB_STALL_WAIT_FOR_DC_MISS           2275818        6.089%          4536588        6.073%
INST_LOST_ROB_BLOCK_ISSUE_FULL                       0        0.000%                0        0.000%
INST_LOST_ROB_BLOCK_ISSUE_GAP_TOO_LARGE              0        0.000%                0        0.000%
INST_LOST_BREAK_DONT                                 0        0.000%                0        0.000%
INST_LOST_BREAK_RENAME                               0        0.000%                0        0.000%
INST_LOST_BREAK_FT_UNAVAILABLE                     790        0.002%              790        0.001%
INST_LOST_BREAK_ICACHE_TO_UOP_CACHE_SWITCH             0        0.000%               57        0.000%
INST_LOST_BREAK_ICACHE_MISS_REQ_SUCCESS              0        0.000%               83        0.000%
INST_LOST_BREAK_ICACHE_MISS_REQ_FAILURE              0        0.000%                0        0.000%
INST_LOST_BREAK_WAIT_FOR_MISS                        0        0.000%             7075        0.009%
INST_LOST_BREAK_UOP_CACHE_READ_LIMIT           4152035       11.109%          8304980       11.117%
INST_LOST_BREAK_UOP_CACHE_READ_LIMIT_AND_ISSUE_WIDTH             0        0.000%                0        0.000%
INST_LOST_BREAK_ICACHE_READ_LIMIT                    0        0.000%               11        0.000%
INST_LOST_BREAK_ICACHE_READ_LIMIT_AND_ISSUE_WIDTH             0        0.000%                0        0.000%
INST_LOST_BREAK_ISSUE_WIDTH                          0        0.000%                0        0.000%
INST_LOST_BREAK_BARRIERT                             0        0.000%                0        0.000%
INST_LOST_BREAK_WAIT_FOR_EMPTY_ROB                   0        0.000%                0        0.000%
INST_LOST_BREAK_APP_EXIT                             4        0.000%                4        0.000%
INST_LOST_BREAK_STALL                                0        0.000%                0        0.000%
                                              37376821      100.000%         74704378      100.000%
                                                  4.00         5.20              4.00         5.20

INST_LOST_TOTAL                               37376821                       74704378              

INST_LOST_WAIT_FOR_ICACHE_MISS_NOT_PREFETCHED             0         -nan%             2315       36.572%
INST_LOST_WAIT_FOR_ICACHE_MISS_PREFETCHED_AND_EVICTED_BY_IFETCH             0         -nan%                0        0.000%
INST_LOST_WAIT_FOR_ICACHE_MISS_PREFETCHED_AND_EVICTED_BY_FDIP             0         -nan%                0        0.000%
INST_LOST_WAIT_FOR_ICACHE_MISS_MSHR_HIT_PREF_OFFPATH             0         -nan%               75        1.185%
INST_LOST_WAIT_FOR_ICACHE_MISS_MSHR_HIT_PREF_ONPATH             0         -nan%             3940       62.243%
                                                     0         -nan%             6330      100.000%
                                                  -nan         -nan              2.53         2.31

FETCH_0_OPS                                    3132809       50.290%          6258252       50.257%
FETCH_1_OPS                                     351803        5.647%           703715        5.651%
FETCH_2_OPS                                     451793        7.252%           903705        7.257%
FETCH_3_OPS                                     100519        1.614%           201040        1.614%
FETCH_4_OPS                                     100239        1.609%           200494        1.610%
FETCH_5_OPS                                      83820        1.346%           167825        1.348%
FETCH_6_OPS                                    2008514       32.242%          4017437       32.262%
FETCH_7_OPS                                          0        0.000%                0        0.000%
FETCH_8_OPS                                          0        0.000%                0        0.000%
FETCH_9_OPS                                          0        0.000%                0        0.000%
FETCH_10_OPS                                         0        0.000%                0        0.000%
FETCH_11_OPS                                         0        0.000%                0        0.000%
FETCH_12_OPS                                         0        0.000%                0        0.000%
FETCH_13_OPS                                         0        0.000%                0        0.000%
FETCH_14_OPS                                         0        0.000%                0        0.000%
FETCH_15_OPS                                         0        0.000%                0        0.000%
FETCH_16_OPS                                         0        0.000%                0        0.000%
                                               6229497      100.000%         12452468      100.000%
                                                  2.32         2.15              2.32         2.15

ST_BREAK_DONT                                        0        0.000%                0        0.000%
ST_BREAK_RENAME                                      0        0.000%                0        0.000%
ST_BREAK_FT_UNAVAILABLE                            158        0.005%              158        0.003%
ST_BREAK_ICACHE_TO_UOP_CACHE_SWITCH                  0        0.000%               21        0.000%
ST_BREAK_ICACHE_MISS_REQ_SUCCESS                     0        0.000%               23        0.000%
ST_BREAK_ICACHE_MISS_REQ_FAILURE                     0        0.000%                0        0.000%
ST_BREAK_WAIT_FOR_MISS                               0        0.000%             1415        0.023%
ST_BREAK_UOP_CACHE_READ_LIMIT                  1088171       35.138%          2176556       35.130%
ST_BREAK_UOP_CACHE_READ_LIMIT_AND_ISSUE_WIDTH         33555        1.084%            67112        1.083%
ST_BREAK_ICACHE_READ_LIMIT                           0        0.000%                4        0.000%
ST_BREAK_ICACHE_READ_LIMIT_AND_ISSUE_WIDTH             0        0.000%                2        0.000%
ST_BREAK_ISSUE_WIDTH                           1974961       63.773%          3950503       63.761%
ST_BREAK_BARRIERT                                    0        0.000%                0        0.000%
ST_BREAK_WAIT_FOR_EMPTY_ROB                          0        0.000%                0        0.000%
ST_BREAK_APP_EXIT                                    1        0.000%                1        0.000%
ST_BREAK_STALL                                       0        0.000%                0        0.000%
                                               3096846      100.000%          6195795      100.000%
                                                  9.56         1.91              9.56         1.91

ORACLE_ON_PATH_INST                           14411651       99.886%         28823983       99.875%
ORACLE_OFF_PATH_INST                             16435        0.114%            35985        0.125%
                                              14428086      100.000%         28859968      100.000%
                                                  0.00         0.03              0.00         0.04

ORACLE_ON_PATH_INST_MEM                        8475165       58.741%         16950738       58.734%
ORACLE_ON_PATH_INST_NOTMEM                     5936486       41.145%         11873245       41.141%
ORACLE_OFF_PATH_INST_MEM                          8326        0.058%            18240        0.063%
ORACLE_OFF_PATH_INST_NOTMEM                       8109        0.056%            17745        0.061%
                                              14428086      100.000%         28859968      100.000%
                                                  0.41         0.38              0.41         0.38

ICACHE_CYCLE_NONRA_ONPATH                            0         -nan%                0         -nan%
ICACHE_CYCLE_NONRA_OFFPATH                           0         -nan%                0         -nan%
ICACHE_CYCLE_RA_ONPATH                               0         -nan%                0         -nan%
ICACHE_CYCLE_RA_OFFPATH                              0         -nan%                0         -nan%
                                                     0         -nan%                0         -nan%
                                                  -nan         -nan              -nan         -nan

ICACHE_CYCLE_ONPATH_NONRA                            0         -nan%                0         -nan%
ICACHE_CYCLE_OFFPATH_NONRA                           0         -nan%                0         -nan%
                                                     0         -nan%                0         -nan%
                                                  -nan         -nan              -nan         -nan

ICACHE_CYCLE_ONPATH_RA                               0         -nan%                0         -nan%
ICACHE_CYCLE_OFFPATH_RA                              0         -nan%                0         -nan%
                                                     0         -nan%                0         -nan%
                                                  -nan         -nan              -nan         -nan

INACCURATE_OFFPATH_CYCLES                            0        0.0000                0        0.0000

FETCH_ALL_INST                                14428086                       28859968              

EXEC_ALL_INST                                 14414129                       28829206              

RET_ALL_INST                                  14411993                       28823983              

EXEC_ON_PATH_INST                             14411791       99.984%         28823983       99.982%
EXEC_OFF_PATH_INST                                2338        0.016%             5223        0.018%
                                              14414129      100.000%         28829206      100.000%
                                                  0.00         0.01              0.00         0.01

EXEC_ON_PATH_INST_MEM                          8475235       58.798%         16950738       58.797%
EXEC_ON_PATH_INST_NOTMEM                       5936556       41.186%         11873245       41.185%
EXEC_OFF_PATH_INST_MEM                            1558        0.011%             3326        0.012%
EXEC_OFF_PATH_INST_NOTMEM                          780        0.005%             1897        0.007%
                                              14414129      100.000%         28829206      100.000%
                                                  0.41         0.38              0.41         0.38

EXEC_RA_INST                                         0         -nan%                0         -nan%
EXEC_NONRA_INST                                      0         -nan%                0         -nan%
                                                     0         -nan%                0         -nan%
                                                  -nan         -nan              -nan         -nan

EXEC_ON_PATH_INST_RA                                 0         -nan%                0         -nan%
EXEC_OFF_PATH_INST_RA                                0         -nan%                0         -nan%
                                                     0         -nan%                0         -nan%
                                                  -nan         -nan              -nan         -nan

EXEC_ON_PATH_INST_NONRA                              0         -nan%                0         -nan%
EXEC_OFF_PATH_INST_NONRA                             0         -nan%                0         -nan%
                                                     0         -nan%                0         -nan%
                                                  -nan         -nan              -nan         -nan

EXEC_RA_ON_PATH_INST                                 0         -nan%                0         -nan%
EXEC_RA_OFF_PATH_INST                                0         -nan%                0         -nan%
EXEC_NONRA_ON_PATH_INST                              0         -nan%                0         -nan%
EXEC_NONRA_OFF_PATH_INST                             0         -nan%                0         -nan%
                                                     0         -nan%                0         -nan%
                                                  -nan         -nan              -nan         -nan

ICACHE_THROTTLE_CYCLE                                0                              0              

FETCH_ENABLE_THROTTLE_OFF_PATH                       0         -nan%                0         -nan%
FETCH_ENABLE_THROTTLE_ON_PATH                        0         -nan%                0         -nan%
                                                     0         -nan%                0         -nan%
                                                  -nan         -nan              -nan         -nan

FETCH_DISABLE_THROTTLE_OFF_PATH                      0         -nan%                0         -nan%
FETCH_DISABLE_THROTTLE_ON_PATH                       0         -nan%                0         -nan%
                                                     0         -nan%                0         -nan%
                                                  -nan         -nan              -nan         -nan

FETCH_TH_ADJUST__0                                   0         -nan%                0         -nan%
FETCH_TH_ADJUST__1                                   0         -nan%                0         -nan%
FETCH_TH_ADJUST__2                                   0         -nan%                0         -nan%
FETCH_TH_ADJUST__3                                   0         -nan%                0         -nan%
FETCH_TH_ADJUST__4                                   0         -nan%                0         -nan%
FETCH_TH_ADJUST__5                                   0         -nan%                0         -nan%
FETCH_TH_ADJUST__6                                   0         -nan%                0         -nan%
FETCH_TH_ADJUST__7                                   0         -nan%                0         -nan%
FETCH_TH_ADJUST__8                                   0         -nan%                0         -nan%
FETCH_TH_ADJUST__9                                   0         -nan%                0         -nan%
FETCH_TH_ADJUST__MAX                                 0         -nan%                0         -nan%
                                                     0         -nan%                0         -nan%
                                                  -nan         -nan              -nan         -nan

FETCH_TH_ADJUST_UP                                   0         -nan%                0         -nan%
FETCH_TH_ADJUST_DOWN                                 0         -nan%                0         -nan%
FETCH_TH_ADJUST_SAME                                 0         -nan%                0         -nan%
                                                     0         -nan%                0         -nan%
                                                  -nan         -nan              -nan         -nan

THROTTLE_ADJUST_CACHE_MISS_INFO                      0                              0              

LOW_CONF_COUNT_BP_MIS_0                              0         -nan%                0         -nan%
LOW_CONF_COUNT_BP_MIS_1                              0         -nan%                0         -nan%
LOW_CONF_COUNT_BP_MIS_2                              0         -nan%                0         -nan%
LOW_CONF_COUNT_BP_MIS_3                              0         -nan%                0         -nan%
LOW_CONF_COUNT_BP_MIS_4                              0         -nan%                0         -nan%
LOW_CONF_COUNT_BP_MIS_5                              0         -nan%                0         -nan%
LOW_CONF_COUNT_BP_MIS_6                              0         -nan%                0         -nan%
LOW_CONF_COUNT_BP_MIS_7                              0         -nan%                0         -nan%
LOW_CONF_COUNT_BP_MIS_8                              0         -nan%                0         -nan%
LOW_CONF_COUNT_BP_MIS_9                              0         -nan%                0         -nan%
LOW_CONF_COUNT_BP_MIS_10                             0         -nan%                0         -nan%
LOW_CONF_COUNT_BP_MIS_11                             0         -nan%                0         -nan%
LOW_CONF_COUNT_BP_MIS_12                             0         -nan%                0         -nan%
LOW_CONF_COUNT_BP_MIS_13                             0         -nan%                0         -nan%
LOW_CONF_COUNT_BP_MIS_14                             0         -nan%                0         -nan%
LOW_CONF_COUNT_BP_MIS_15                             0         -nan%                0         -nan%
LOW_CONF_COUNT_BP_MIS_16                             0         -nan%                0         -nan%
LOW_CONF_COUNT_BP_MIS_17                             0         -nan%                0         -nan%
LOW_CONF_COUNT_BP_MIS_18                             0         -nan%                0         -nan%
LOW_CONF_COUNT_BP_MIS_19                             0         -nan%                0         -nan%
LOW_CONF_COUNT_BP_MIS_20                             0         -nan%                0         -nan%
                                                     0         -nan%                0         -nan%
                                                  -nan         -nan              -nan         -nan

LOW_CONF_COUNT_RET_0                                 0         -nan%                0         -nan%
LOW_CONF_COUNT_RET_1                                 0         -nan%                0         -nan%
LOW_CONF_COUNT_RET_2                                 0         -nan%                0         -nan%
LOW_CONF_COUNT_RET_3                                 0         -nan%                0         -nan%
LOW_CONF_COUNT_RET_4                                 0         -nan%                0         -nan%
LOW_CONF_COUNT_RET_5                                 0         -nan%                0         -nan%
LOW_CONF_COUNT_RET_6                                 0         -nan%                0         -nan%
LOW_CONF_COUNT_RET_7                                 0         -nan%                0         -nan%
LOW_CONF_COUNT_RET_8                                 0         -nan%                0         -nan%
LOW_CONF_COUNT_RET_9                                 0         -nan%                0         -nan%
LOW_CONF_COUNT_RET_10                                0         -nan%                0         -nan%
LOW_CONF_COUNT_RET_11                                0         -nan%                0         -nan%
LOW_CONF_COUNT_RET_12                                0         -nan%                0         -nan%
LOW_CONF_COUNT_RET_13                                0         -nan%                0         -nan%
LOW_CONF_COUNT_RET_14                                0         -nan%                0         -nan%
LOW_CONF_COUNT_RET_15                                0         -nan%                0         -nan%
LOW_CONF_COUNT_RET_16                                0         -nan%                0         -nan%
LOW_CONF_COUNT_RET_17                                0         -nan%                0         -nan%
LOW_CONF_COUNT_RET_18                                0         -nan%                0         -nan%
LOW_CONF_COUNT_RET_19                                0         -nan%                0         -nan%
LOW_CONF_COUNT_RET_20                                0         -nan%                0         -nan%
                                                     0         -nan%                0         -nan%
                                                  -nan         -nan              -nan         -nan

CYCLES_RESTEER_MISPRED                               0         -nan%                0         -nan%
CYCLES_RESTEER_MISFETCH                              0         -nan%                0         -nan%
CYCLES_RESTEER_BTB_MISS                              0         -nan%                0         -nan%
                                                     0         -nan%                0         -nan%
                                                  -nan         -nan              -nan         -nan

CYCLES_RESTEER_MISPRED_SAVED_UC_FETCH                0         -nan%                0         -nan%
CYCLES_RESTEER_MISPRED_COULD_BE_SAVED_UC_FETCH             0         -nan%                0         -nan%
CYCLES_RESTEER_MISFETCH_SAVED_UC_FETCH               0         -nan%                0         -nan%
CYCLES_RESTEER_MISFETCH_COULD_BE_SAVED_UC_FETCH             0         -nan%                0         -nan%
CYCLES_RESTEER_BTB_MISS_SAVED_UC_FETCH               0         -nan%                0         -nan%
CYCLES_RESTEER_BTB_MISS_COULD_BE_SAVED_UC_FETCH             0         -nan%                0         -nan%
                                                     0         -nan%                0         -nan%
                                                  -nan         -nan              -nan         -nan

CYCLES_UOC_IC_SWITCH                                 0                              0              



