/* -*- Mode: c -*- */
####################################################################################################
Core 0
####################################################################################################
Cumulative:        Cycles: 12451030              Instructions: 20000000              IPC: 1.60629

Periodic:          Cycles: 6229497               Instructions: 9999997               IPC: 1.60527

ST_OP_INV                                            0        0.000%                0        0.000%
ST_OP_NOP                                       117635        0.813%           237797        0.822%
ST_OP_CF                                        603765        4.175%          1207798        4.174%
ST_OP_MOV                                       269549        1.864%           539147        1.863%
ST_OP_CMOV                                           0        0.000%                0        0.000%
ST_OP_LDA                                        67814        0.469%           135642        0.469%
ST_OP_ILD                                      1979931       13.690%          3960446       13.688%
ST_OP_IST                                       537119        3.714%          1074274        3.713%
ST_OP_IADD                                     1259482        8.709%          2519484        8.707%
ST_OP_IMUL                                       33976        0.235%            67959        0.235%
ST_OP_IDIV                                       33976        0.235%            67956        0.235%
ST_OP_ICMP                                      553227        3.825%          1106715        3.825%
ST_OP_LOGIC                                      84793        0.586%           169596        0.586%
ST_OP_SHIFT                                          0        0.000%                0        0.000%
ST_OP_FLD                                      5869566       40.584%         11742565       40.583%
ST_OP_FST                                       117355        0.811%           234727        0.811%
ST_OP_FCVT                                           0        0.000%                0        0.000%
ST_OP_FADD                                           0        0.000%                0        0.000%
ST_OP_FMUL                                           0        0.000%                0        0.000%
ST_OP_FMA                                      2934438       20.290%          5870599       20.289%
ST_OP_FDIV                                           0        0.000%                0        0.000%
ST_OP_FCMP                                           0        0.000%                0        0.000%
ST_OP_FCMOV                                          0        0.000%                0        0.000%
ST_OP_GATHER                                         0        0.000%                0        0.000%
ST_OP_SCATTER                                        0        0.000%                0        0.000%
ST_OP_PIPELINED_FAST                                 0        0.000%                0        0.000%
ST_OP_PIPELINED_MEDIUM                               0        0.000%                0        0.000%
ST_OP_PIPELINED_SLOW                                 0        0.000%                0        0.000%
ST_OP_NOTPIPELINED_MEDIUM                            0        0.000%                0        0.000%
ST_OP_NOTPIPELINED_SLOW                              0        0.000%                0        0.000%
ST_OP_NOTPIPELINED_VERY_SLOW                         0        0.000%                0        0.000%
                                              14462626      100.000%         28934705      100.000%
                                                 12.14         5.08             12.14         5.08

ST_NOT_CF                                     13858861       95.825%         27726907       95.826%
ST_CF_BR                                             0        0.000%                0        0.000%
ST_CF_CBR                                       553227        3.825%          1106715        3.825%
ST_CF_CALL                                       16847        0.116%            33697        0.116%
ST_CF_IBR                                        16847        0.116%            33697        0.116%
ST_CF_ICALL                                          0        0.000%                0        0.000%
ST_CF_ICO                                            0        0.000%                0        0.000%
ST_CF_RET                                        16844        0.116%            33689        0.116%
ST_CF_SYS                                            0        0.000%                0        0.000%
                                              14462626      100.000%         28934705      100.000%
                                                  0.09         0.47              0.09         0.47

ST_BAR_NONE                                   14462626      100.000%         28934705      100.000%
ST_BAR_FETCH                                         0        0.000%                0        0.000%
ST_BAR_ISSUE                                         0        0.000%                0        0.000%
ST_BAR_BOTH                                          0        0.000%                0        0.000%
                                              14462626      100.000%         28934705      100.000%
                                                  0.00         0.00              0.00         0.00

ST_NOT_MEM                                     5958655       41.200%         11922693       41.206%
ST_MEM_LD                                      7849497       54.274%         15703011       54.271%
ST_MEM_ST                                       654474        4.525%          1309001        4.524%
ST_MEM_PF                                            0        0.000%                0        0.000%
ST_MEM_WH                                            0        0.000%                0        0.000%
ST_MEM_EVICT                                         0        0.000%                0        0.000%
                                              14462626      100.000%         28934705      100.000%
                                                  0.63         0.40              0.63         0.40

ST_NOT_MEM_OFFPATH                                9994       40.498%            24209       42.639%
ST_MEM_LD_OFFPATH                                13961       56.573%            31003       54.605%
ST_MEM_ST_OFFPATH                                  723        2.930%             1565        2.756%
ST_MEM_PF_OFFPATH                                    0        0.000%                0        0.000%
ST_MEM_WH_OFFPATH                                    0        0.000%                0        0.000%
ST_MEM_EVIC_OFFPATHT                                 0        0.000%                0        0.000%
                                                 24678      100.000%            56777      100.000%
                                                  0.62         0.37              0.60         0.38

ST_OP_ONPATH                                  14462626                       28934705              

ST_OP_OFFPATH                                    24678                          56777              

ST_FAKE_OP_OFFPATH                                   0        0.000%             2025        3.567%
ST_NOT_FAKE_OP_OFFPATH                           24678      100.000%            54752       96.433%
                                                 24678      100.000%            56777      100.000%
                                                  1.00         1.00              0.96         0.95

ST_FAKE_REASON_NOT_FAKE                          24678      100.000%            54752       96.433%
ST_FAKE_REASON_REDIRECT_TO_NOT_INSTRUMENTED             0        0.000%             2025        3.567%
ST_FAKE_REASON_RETURN_TO_NOT_INSTRUMENTED             0        0.000%                0        0.000%
ST_FAKE_REASON_NONRET_CF_TO_NOT_INSTRUMENTED             0        0.000%                0        0.000%
ST_FAKE_REASON_NOT_TAKEN_TO_NOT_INSTRUMENTED             0        0.000%                0        0.000%
ST_FAKE_REASON_WRONG_PATH_STORE_TO_NEW_REGION             0        0.000%                0        0.000%
                                                 24678      100.000%            56777      100.000%
                                                  0.00         0.00              0.04         0.18

ST_INST_ONPATH                                10036369                       20079951              

ST_INST_OFFPATH                                  16887                          39492              

STATIC_PIN_NOP                                       0                              0              

DYNAMIC_PIN_REP_GREATER_256                          0                              0              

INST_MAP_UPDATE_JITTED                          401508        6.308%           803058        6.308%
INST_MAP_UPDATE_NPC_INV                              0        0.000%                0        0.000%
INST_MAP_UPDATE_NPC_NOP                              0        0.000%                0        0.000%
INST_MAP_UPDATE_NPC_CF                               0        0.000%                0        0.000%
INST_MAP_UPDATE_NPC_MOV                              0        0.000%                0        0.000%
INST_MAP_UPDATE_NPC_CMOV                             0        0.000%                0        0.000%
INST_MAP_UPDATE_NPC_LDA                              0        0.000%                0        0.000%
INST_MAP_UPDATE_NPC_IMEM                             0        0.000%                0        0.000%
INST_MAP_UPDATE_NPC_IADD                             0        0.000%                0        0.000%
INST_MAP_UPDATE_NPC_IMUL                             0        0.000%                0        0.000%
INST_MAP_UPDATE_NPC_IDIV                             0        0.000%                0        0.000%
INST_MAP_UPDATE_NPC_ICMP                             0        0.000%                0        0.000%
INST_MAP_UPDATE_NPC_LOGIC                            0        0.000%                0        0.000%
INST_MAP_UPDATE_NPC_SHIFT                            0        0.000%                0        0.000%
INST_MAP_UPDATE_NPC_FMEM                             0        0.000%                0        0.000%
INST_MAP_UPDATE_NPC_FCVT                             0        0.000%                0        0.000%
INST_MAP_UPDATE_NPC_FADD                             0        0.000%                0        0.000%
INST_MAP_UPDATE_NPC_FMUL                             0        0.000%                0        0.000%
INST_MAP_UPDATE_NPC_FMA                              0        0.000%                0        0.000%
INST_MAP_UPDATE_NPC_FDIV                             0        0.000%                0        0.000%
INST_MAP_UPDATE_NPC_FCMP                             0        0.000%                0        0.000%
INST_MAP_UPDATE_NPC_FCMOV                            0        0.000%                0        0.000%
INST_MAP_UPDATE_NPC_GATHER                           0        0.000%                0        0.000%
INST_MAP_UPDATE_NPC_SCATTER                          0        0.000%                0        0.000%
INST_MAP_UPDATE_NPC_PIPELINED_FAST                   0        0.000%                0        0.000%
INST_MAP_UPDATE_NPC_PIPELINED_MEDIUM                 0        0.000%                0        0.000%
INST_MAP_UPDATE_NPC_PIPELINED_SLOW                   0        0.000%                0        0.000%
INST_MAP_UPDATE_NPC_NOTPIPELINED_MEDIUM              0        0.000%                0        0.000%
INST_MAP_UPDATE_NPC_NOTPIPELINED_SLOW                0        0.000%                0        0.000%
INST_MAP_UPDATE_NPC_NOTPIPELINED_VERY_SLOW             0        0.000%                0        0.000%
INST_MAP_UPDATE_MEM_INV                              0        0.000%                0        0.000%
INST_MAP_UPDATE_MEM_NOP                              0        0.000%                0        0.000%
INST_MAP_UPDATE_MEM_CF                               0        0.000%                0        0.000%
INST_MAP_UPDATE_MEM_MOV                        3040477       47.765%          6081252       47.765%
INST_MAP_UPDATE_MEM_CMOV                             0        0.000%                0        0.000%
INST_MAP_UPDATE_MEM_LDA                              0        0.000%                0        0.000%
INST_MAP_UPDATE_MEM_IMEM                             0        0.000%                0        0.000%
INST_MAP_UPDATE_MEM_IADD                             0        0.000%                0        0.000%
INST_MAP_UPDATE_MEM_IMUL                             0        0.000%                0        0.000%
INST_MAP_UPDATE_MEM_IDIV                             0        0.000%                0        0.000%
INST_MAP_UPDATE_MEM_ICMP                             0        0.000%                0        0.000%
INST_MAP_UPDATE_MEM_LOGIC                            0        0.000%                0        0.000%
INST_MAP_UPDATE_MEM_SHIFT                            0        0.000%                0        0.000%
INST_MAP_UPDATE_MEM_FMEM                             0        0.000%                0        0.000%
INST_MAP_UPDATE_MEM_FCVT                             0        0.000%                0        0.000%
INST_MAP_UPDATE_MEM_FADD                             0        0.000%                0        0.000%
INST_MAP_UPDATE_MEM_FMUL                             0        0.000%                0        0.000%
INST_MAP_UPDATE_MEM_FMA                              0        0.000%                0        0.000%
INST_MAP_UPDATE_MEM_FDIV                             0        0.000%                0        0.000%
INST_MAP_UPDATE_MEM_FCMP                       2923535       45.928%          5847358       45.928%
INST_MAP_UPDATE_MEM_FCMOV                            0        0.000%                0        0.000%
INST_MAP_UPDATE_MEM_GATHER                           0        0.000%                0        0.000%
INST_MAP_UPDATE_MEM_SCATTER                          0        0.000%                0        0.000%
INST_MAP_UPDATE_MEM_PIPELINED_FAST                   0        0.000%                0        0.000%
INST_MAP_UPDATE_MEM_PIPELINED_MEDIUM                 0        0.000%                0        0.000%
INST_MAP_UPDATE_MEM_PIPELINED_SLOW                   0        0.000%                0        0.000%
INST_MAP_UPDATE_MEM_NOTPIPELINED_MEDIUM              0        0.000%                0        0.000%
INST_MAP_UPDATE_MEM_NOTPIPELINED_SLOW                0        0.000%                0        0.000%
INST_MAP_UPDATE_MEM_NOTPIPELINED_VERY_SLOW             0        0.000%                0        0.000%
                                               6365520      100.000%         12731668      100.000%
                                                 38.27         8.13             38.27         8.13



