/* -*- Mode: c -*- */
####################################################################################################
Core 0
####################################################################################################
Cumulative:        Cycles: 5671447               Instructions: 20000000              IPC: 3.52644

Periodic:          Cycles: 2828643               Instructions: 9999998               IPC: 3.53526

ST_OP_INV                                            0        0.000%                0        0.000%
ST_OP_NOP                                        97115        0.647%           432544        1.432%
ST_OP_CF                                        922906        6.153%          1710700        5.665%
ST_OP_MOV                                      2151083       14.341%          4363635       14.450%
ST_OP_CMOV                                       35513        0.237%            61229        0.203%
ST_OP_LDA                                       945148        6.301%          1762930        5.838%
ST_OP_ILD                                      3392224       22.616%          6721974       22.259%
ST_OP_IST                                       957085        6.381%          1928057        6.385%
ST_OP_IADD                                     3263317       21.757%          6688435       22.148%
ST_OP_IMUL                                      300579        2.004%           647661        2.145%
ST_OP_IDIV                                           3        0.000%                5        0.000%
ST_OP_ICMP                                      657646        4.385%          1229088        4.070%
ST_OP_LOGIC                                     970686        6.472%          1973994        6.537%
ST_OP_SHIFT                                    1291638        8.611%          2646222        8.763%
ST_OP_FLD                                         7047        0.047%            16371        0.054%
ST_OP_FST                                         6881        0.046%            14523        0.048%
ST_OP_FCVT                                          91        0.001%              165        0.001%
ST_OP_FADD                                         122        0.001%              220        0.001%
ST_OP_FMUL                                           0        0.000%                0        0.000%
ST_OP_FMA                                            0        0.000%                0        0.000%
ST_OP_FDIV                                           0        0.000%                0        0.000%
ST_OP_FCMP                                           0        0.000%                0        0.000%
ST_OP_FCMOV                                          0        0.000%                0        0.000%
ST_OP_GATHER                                         0        0.000%                0        0.000%
ST_OP_SCATTER                                        0        0.000%                0        0.000%
ST_OP_PIPELINED_FAST                               184        0.001%             1052        0.003%
ST_OP_PIPELINED_MEDIUM                               0        0.000%                0        0.000%
ST_OP_PIPELINED_SLOW                                 0        0.000%                0        0.000%
ST_OP_NOTPIPELINED_MEDIUM                            0        0.000%                0        0.000%
ST_OP_NOTPIPELINED_SLOW                              0        0.000%                0        0.000%
ST_OP_NOTPIPELINED_VERY_SLOW                         0        0.000%                0        0.000%
                                              14999268      100.000%         30198805      100.000%
                                                  7.00         3.22              7.00         3.25

ST_NOT_CF                                     14076362       93.847%         28488105       94.335%
ST_CF_BR                                         35075        0.234%            70985        0.235%
ST_CF_CBR                                       841240        5.609%          1537556        5.091%
ST_CF_CALL                                       10935        0.073%            25317        0.084%
ST_CF_IBR                                         1038        0.007%             2047        0.007%
ST_CF_ICALL                                      13220        0.088%            27613        0.091%
ST_CF_ICO                                            0        0.000%                0        0.000%
ST_CF_RET                                        21398        0.143%            47182        0.156%
ST_CF_SYS                                            0        0.000%                0        0.000%
                                              14999268      100.000%         30198805      100.000%
                                                  0.13         0.54              0.12         0.53

ST_BAR_NONE                                   14999268      100.000%         30198805      100.000%
ST_BAR_FETCH                                         0        0.000%                0        0.000%
ST_BAR_ISSUE                                         0        0.000%                0        0.000%
ST_BAR_BOTH                                          0        0.000%                0        0.000%
                                              14999268      100.000%         30198805      100.000%
                                                  0.00         0.00              0.00         0.00

ST_NOT_MEM                                    10636031       70.910%         21517880       71.254%
ST_MEM_LD                                      3398993       22.661%          6737869       22.312%
ST_MEM_ST                                       963966        6.427%          1942580        6.433%
ST_MEM_PF                                          278        0.002%              476        0.002%
ST_MEM_WH                                            0        0.000%                0        0.000%
ST_MEM_EVICT                                         0        0.000%                0        0.000%
                                              14999268      100.000%         30198805      100.000%
                                                  0.36         0.52              0.35         0.52

ST_NOT_MEM_OFFPATH                             4355725       71.582%          8758942       70.884%
ST_MEM_LD_OFFPATH                              1258542       20.683%          2602236       21.059%
ST_MEM_ST_OFFPATH                               470452        7.731%           994982        8.052%
ST_MEM_PF_OFFPATH                                  191        0.003%              615        0.005%
ST_MEM_WH_OFFPATH                                    0        0.000%                0        0.000%
ST_MEM_EVIC_OFFPATHT                                 0        0.000%                0        0.000%
                                               6084910      100.000%         12356775      100.000%
                                                  0.36         0.54              0.37         0.54

ST_OP_ONPATH                                  14999268                       30198805              

ST_OP_OFFPATH                                  6084910                       12356775              

ST_FAKE_OP_OFFPATH                              122536        2.014%           628291        5.085%
ST_NOT_FAKE_OP_OFFPATH                         5962374       97.986%         11728484       94.915%
                                               6084910      100.000%         12356775      100.000%
                                                  0.98         0.97              0.95         0.93

ST_FAKE_REASON_NOT_FAKE                        5962374       97.986%         11728484       94.915%
ST_FAKE_REASON_REDIRECT_TO_NOT_INSTRUMENTED        122536        2.014%           628291        5.085%
ST_FAKE_REASON_RETURN_TO_NOT_INSTRUMENTED             0        0.000%                0        0.000%
ST_FAKE_REASON_NONRET_CF_TO_NOT_INSTRUMENTED             0        0.000%                0        0.000%
ST_FAKE_REASON_NOT_TAKEN_TO_NOT_INSTRUMENTED             0        0.000%                0        0.000%
ST_FAKE_REASON_WRONG_PATH_STORE_TO_NEW_REGION             0        0.000%                0        0.000%
                                               6084910      100.000%         12356775      100.000%
                                                  0.02         0.14              0.05         0.21

ST_INST_ONPATH                                14456591                       29107573              

ST_INST_OFFPATH                                5754989                       11707855              

STATIC_PIN_NOP                                       0                              0              

DYNAMIC_PIN_REP_GREATER_256                          0                              0              

INST_MAP_UPDATE_JITTED                          146010        5.911%           315956        6.578%
INST_MAP_UPDATE_NPC_INV                              0        0.000%                0        0.000%
INST_MAP_UPDATE_NPC_NOP                              0        0.000%                0        0.000%
INST_MAP_UPDATE_NPC_CF                               0        0.000%                0        0.000%
INST_MAP_UPDATE_NPC_MOV                              0        0.000%                0        0.000%
INST_MAP_UPDATE_NPC_CMOV                             0        0.000%                0        0.000%
INST_MAP_UPDATE_NPC_LDA                              0        0.000%                0        0.000%
INST_MAP_UPDATE_NPC_IMEM                             0        0.000%                0        0.000%
INST_MAP_UPDATE_NPC_IADD                             0        0.000%                0        0.000%
INST_MAP_UPDATE_NPC_IMUL                          6183        0.250%            14067        0.293%
INST_MAP_UPDATE_NPC_IDIV                             0        0.000%                0        0.000%
INST_MAP_UPDATE_NPC_ICMP                             0        0.000%                0        0.000%
INST_MAP_UPDATE_NPC_LOGIC                            0        0.000%                0        0.000%
INST_MAP_UPDATE_NPC_SHIFT                            0        0.000%                0        0.000%
INST_MAP_UPDATE_NPC_FMEM                             0        0.000%                0        0.000%
INST_MAP_UPDATE_NPC_FCVT                             0        0.000%                0        0.000%
INST_MAP_UPDATE_NPC_FADD                             0        0.000%                0        0.000%
INST_MAP_UPDATE_NPC_FMUL                             0        0.000%                0        0.000%
INST_MAP_UPDATE_NPC_FMA                              0        0.000%                0        0.000%
INST_MAP_UPDATE_NPC_FDIV                             0        0.000%                0        0.000%
INST_MAP_UPDATE_NPC_FCMP                             0        0.000%                0        0.000%
INST_MAP_UPDATE_NPC_FCMOV                            0        0.000%                0        0.000%
INST_MAP_UPDATE_NPC_GATHER                           0        0.000%                0        0.000%
INST_MAP_UPDATE_NPC_SCATTER                          0        0.000%                0        0.000%
INST_MAP_UPDATE_NPC_PIPELINED_FAST                   0        0.000%                0        0.000%
INST_MAP_UPDATE_NPC_PIPELINED_MEDIUM                 0        0.000%                0        0.000%
INST_MAP_UPDATE_NPC_PIPELINED_SLOW                   0        0.000%                0        0.000%
INST_MAP_UPDATE_NPC_NOTPIPELINED_MEDIUM              0        0.000%                0        0.000%
INST_MAP_UPDATE_NPC_NOTPIPELINED_SLOW                0        0.000%                0        0.000%
INST_MAP_UPDATE_NPC_NOTPIPELINED_VERY_SLOW             0        0.000%                0        0.000%
INST_MAP_UPDATE_MEM_INV                              0        0.000%                0        0.000%
INST_MAP_UPDATE_MEM_NOP                              0        0.000%                0        0.000%
INST_MAP_UPDATE_MEM_CF                               0        0.000%                0        0.000%
INST_MAP_UPDATE_MEM_MOV                        2279917       92.299%          4392036       91.441%
INST_MAP_UPDATE_MEM_CMOV                             0        0.000%                0        0.000%
INST_MAP_UPDATE_MEM_LDA                              0        0.000%                0        0.000%
INST_MAP_UPDATE_MEM_IMEM                             0        0.000%                0        0.000%
INST_MAP_UPDATE_MEM_IADD                             0        0.000%                0        0.000%
INST_MAP_UPDATE_MEM_IMUL                         29719        1.203%            63949        1.331%
INST_MAP_UPDATE_MEM_IDIV                          1187        0.048%             3239        0.067%
INST_MAP_UPDATE_MEM_ICMP                             0        0.000%                0        0.000%
INST_MAP_UPDATE_MEM_LOGIC                         4379        0.177%             8477        0.176%
INST_MAP_UPDATE_MEM_SHIFT                         1721        0.070%             3600        0.075%
INST_MAP_UPDATE_MEM_FMEM                             3        0.000%                3        0.000%
INST_MAP_UPDATE_MEM_FCVT                             0        0.000%                0        0.000%
INST_MAP_UPDATE_MEM_FADD                             0        0.000%                0        0.000%
INST_MAP_UPDATE_MEM_FMUL                             0        0.000%                0        0.000%
INST_MAP_UPDATE_MEM_FMA                              0        0.000%                0        0.000%
INST_MAP_UPDATE_MEM_FDIV                             0        0.000%                0        0.000%
INST_MAP_UPDATE_MEM_FCMP                             0        0.000%                0        0.000%
INST_MAP_UPDATE_MEM_FCMOV                            0        0.000%                0        0.000%
INST_MAP_UPDATE_MEM_GATHER                           0        0.000%                0        0.000%
INST_MAP_UPDATE_MEM_SCATTER                          0        0.000%                0        0.000%
INST_MAP_UPDATE_MEM_PIPELINED_FAST                   0        0.000%                0        0.000%
INST_MAP_UPDATE_MEM_PIPELINED_MEDIUM                 0        0.000%                0        0.000%
INST_MAP_UPDATE_MEM_PIPELINED_SLOW                1028        0.042%             1828        0.038%
INST_MAP_UPDATE_MEM_NOTPIPELINED_MEDIUM              0        0.000%                0        0.000%
INST_MAP_UPDATE_MEM_NOTPIPELINED_SLOW                0        0.000%                0        0.000%
INST_MAP_UPDATE_MEM_NOTPIPELINED_VERY_SLOW             0        0.000%                0        0.000%
                                               2470147      100.000%          4803155      100.000%
                                                 31.08         2.39             30.86         2.61



