/* -*- Mode: c -*- */
####################################################################################################
Core 0
####################################################################################################
Cumulative:        Cycles: 12090866              Instructions: 20000000              IPC: 1.65414

Periodic:          Cycles: 6174336               Instructions: 10000000              IPC: 1.61961

EXECUTION_TIME                           1929480000000                  3778395625000              

NODE_CYCLE                                     6174336                       12090866              

NODE_INST_COUNT                               10000000                       20000000              

NODE_INST_COUNT_FETCHED                       10000000                       20000000              

NODE_UOP_COUNT                                11981394                       23962788              

FULL_WINDOW_STALL                              3708155       60.058%          7158876       59.209%

FULL_WINDOW_MEM_OP                             2989589       88.665%          5755350       88.558%
FULL_WINDOW_FP_OP                               382201       11.335%           743645       11.442%
FULL_WINDOW_OTHER_OP                                 0        0.000%                0        0.000%
                                               3371790      100.000%          6498995      100.000%
                                                  0.11         0.30              0.11         0.30

RET_BLOCKED_DC_MISS                            2876007       46.580%          5541430       45.832%

RET_BLOCKED_L1_MISS                            2434832       39.435%          4735501       39.166%

RET_BLOCKED_L1_MISS_BW_PREF                    2356452       38.165%          4575766       37.845%

RET_BLOCKED_L1_ACCESS                           441175        7.145%           805929        6.666%

RET_BLOCKED_MEM_STALL                          2438578       39.495%          4741376       39.215%

RET_BLOCKED_OFFCHIP_DEMAND                           0        0.000%                0        0.000%

OP_ISSUED                                     12215549                       24417378              

OP_RETIRED                                    11981394                       23962788              

REPLAY_SIGNALED                                      0                              0              

REPLAY_COUNTED                                       0                              0              

OFF_CRITICAL_PATH                                    0         -nan%                0         -nan%
ON_CRITICAL_PATH                                     0         -nan%                0         -nan%
                                                     0         -nan%                0         -nan%
                                                  -nan         -nan              -nan         -nan

LD_NO_DEPENDENTS                                  1907        0.030%             3818        0.030%
LD_DEPENDENTS                                  6331069       99.970%         12662139       99.970%
                                               6332976      100.000%         12665957      100.000%
                                                  1.00         1.00              1.00         1.00

LD_EXEC_CYCLES_0                                     0        0.000%                0        0.000%
LD_EXEC_CYCLES_1                                     0        0.000%                0        0.000%
LD_EXEC_CYCLES_2                                     0        0.000%                0        0.000%
LD_EXEC_CYCLES_3                                 13700       49.389%            28324       49.844%
LD_EXEC_CYCLES_4                                 14039       50.611%            28501       50.156%
                                                 27739      100.000%            56825      100.000%
                                                  3.51         2.54              3.50         2.53

ICACHE_STAGE_STARVED                               109        0.005%             3462        0.072%
ICACHE_STAGE_NOT_STARVED                       2414093       99.995%          4828355       99.928%
                                               2414202      100.000%          4831817      100.000%
                                                  1.00         1.00              1.00         1.00

ICACHE_STAGE_STALLED                           3631456       58.815%          7015946       58.027%
ICACHE_STAGE_NOT_STALLED                       2414202       39.101%          4830155       39.949%
ICACHE_STAGE_OFF_PATH                           128678        2.084%           244765        2.024%
                                               6174336      100.000%         12090866      100.000%
                                                  0.43         0.43              0.44         0.42

DECODE_STAGE_STARVED                           6174335      100.000%         12089891       99.999%
DECODE_STAGE_NOT_STARVED                             1        0.000%               97        0.001%
                                               6174336      100.000%         12089988      100.000%
                                                  0.00         0.00              0.00         0.00

DECODE_STAGE_STALLED                                 0        0.000%                0        0.000%
DECODE_STAGE_NOT_STALLED                       6174336      100.000%         12089988       99.993%
DECODE_STAGE_OFF_PATH                                0        0.000%              878        0.007%
                                               6174336      100.000%         12090866      100.000%
                                                  1.00         0.00              1.00         0.01

UOPQ_STAGE_STARVED                              141016        5.827%           282793        5.840%
UOPQ_STAGE_NOT_STARVED                         2279077       94.173%          4559941       94.160%
                                               2420093      100.000%          4842734      100.000%
                                                  0.94         0.92              0.94         0.92

UOPQ_STAGE_STALLED                             3640380       58.960%          7031954       58.159%
UOPQ_STAGE_NOT_STALLED                         2420093       39.196%          4842734       40.053%
UOPQ_STAGE_OFF_PATH                             113863        1.844%           216178        1.788%
                                               6174336      100.000%         12090866      100.000%
                                                  0.43         0.42              0.44         0.42

MAP_STAGE_STARVED                                 2045        0.034%             5751        0.048%
MAP_STAGE_NOT_STARVED                          6086352       99.966%         11921045       99.952%
                                               6088397      100.000%         11926796      100.000%
                                                  1.00         1.00              1.00         1.00

MAP_STAGE_STALLED                              3668396       59.414%          7084982       58.598%
MAP_STAGE_NOT_STALLED                          2420001       39.195%          4841814       40.045%
MAP_STAGE_OFF_PATH                               85939        1.392%           164070        1.357%
                                               6174336      100.000%         12090866      100.000%
                                                  0.42         0.41              0.43         0.41

EXEC_STAGE_STARVED                             3882345       62.879%          7671023       63.445%
EXEC_STAGE_NOT_STARVED                         2263403       36.658%          4365439       36.105%
EXEC_STAGE_OFF_PATH                              28588        0.463%            54404        0.450%
                                               6174336      100.000%         12090866      100.000%
                                                  0.38         0.39              0.37         0.39

FU_BUSY_0                                      2373214                        4715874              

FU_BUSY_1                                      1456624                        2920135              

FU_BUSY_2                                      3804969                        7482851              

FU_BUSY_3                                      3785140                        7435235              

FU_BUSY_4                                       840827                        1698733              

FU_BUSY_5                                       264829                         535925              

FU_BUSY_6                                       398078                         798161              

FU_BUSY_7                                       401186                         804149              

FU_BUSY_8                                            0                              0              

FU_BUSY_9                                            0                              0              

FU_BUSY_10                                           0                              0              

FU_BUSY_11                                           0                              0              

FU_BUSY_12                                           0                              0              

FU_BUSY_13                                           0                              0              

FU_BUSY_14                                           0                              0              

FU_BUSY_15                                           0                              0              

FU_BUSY_16                                           0                              0              

FU_BUSY_17                                           0                              0              

FU_BUSY_18                                           0                              0              

FU_BUSY_19                                           0                              0              

FU_BUSY_20                                           0                              0              

FU_BUSY_21                                           0                              0              

FU_BUSY_22                                           0                              0              

FU_BUSY_23                                           0                              0              

FU_BUSY_24                                           0                              0              

FU_BUSY_25                                           0                              0              

FU_BUSY_26                                           0                              0              

FU_BUSY_27                                           0                              0              

FU_BUSY_28                                           0                              0              

FU_BUSY_29                                           0                              0              

FU_BUSY_30                                           0                              0              

FU_BUSY_31                                           0                              0              

FU_REJECTED_OP_INV_NOT_SIMD                          0        0.000%                0        0.000%
FU_REJECTED_OP_NOP_NOT_SIMD                          0        0.000%                0        0.000%
FU_REJECTED_OP_CF_NOT_SIMD                           0        0.000%                0        0.000%
FU_REJECTED_OP_MOV_NOT_SIMD                          0        0.000%                0        0.000%
FU_REJECTED_OP_CMOV_NOT_SIMD                         0        0.000%                0        0.000%
FU_REJECTED_OP_LDA_NOT_SIMD                          0        0.000%                1        0.000%
FU_REJECTED_OP_IMEM_NOT_SIMD                    418917       33.199%           757418       33.460%
FU_REJECTED_OP_IADD_NOT_SIMD                      8403        0.666%            16864        0.745%
FU_REJECTED_OP_IMUL_NOT_SIMD                        60        0.005%              104        0.005%
FU_REJECTED_OP_IDIV_NOT_SIMD                         0        0.000%                0        0.000%
FU_REJECTED_OP_ICMP_NOT_SIMD                         0        0.000%                0        0.000%
FU_REJECTED_OP_LOGIC_NOT_SIMD                        0        0.000%                0        0.000%
FU_REJECTED_OP_SHIFT_NOT_SIMD                        0        0.000%                0        0.000%
FU_REJECTED_OP_FMEM_NOT_SIMD                         0        0.000%                0        0.000%
FU_REJECTED_OP_FCVT_NOT_SIMD                         0        0.000%                0        0.000%
FU_REJECTED_OP_FADD_NOT_SIMD                         0        0.000%                0        0.000%
FU_REJECTED_OP_FMUL_NOT_SIMD                         0        0.000%                0        0.000%
FU_REJECTED_OP_FMA_NOT_SIMD                          0        0.000%                0        0.000%
FU_REJECTED_OP_FDIV_NOT_SIMD                         0        0.000%                0        0.000%
FU_REJECTED_OP_FCMP_NOT_SIMD                         0        0.000%                0        0.000%
FU_REJECTED_OP_FCMOV_NOT_SIMD                        0        0.000%                0        0.000%
FU_REJECTED_OP_GATHER_NOT_SIMD                       0        0.000%                0        0.000%
FU_REJECTED_OP_SCATTER_NOT_SIMD                      0        0.000%                0        0.000%
FU_REJECTED_OP_PIPELINED_FAST_NOT_SIMD               0        0.000%                0        0.000%
FU_REJECTED_OP_PIPELINED_MEDIUM_NOT_SIMD             0        0.000%                0        0.000%
FU_REJECTED_OP_PIPELINED_SLOW_NOT_SIMD               0        0.000%                0        0.000%
FU_REJECTED_OP_NOTPIPELINED_MEDIUM_NOT_SIMD             0        0.000%                0        0.000%
FU_REJECTED_OP_NOTPIPELINED_SLOW_NOT_SIMD             0        0.000%                0        0.000%
FU_REJECTED_OP_NOTPIPELINED_VERY_SLOW_NOT_SIMD             0        0.000%                0        0.000%
FU_REJECTED_OP_INV_SIMD                              0        0.000%                0        0.000%
FU_REJECTED_OP_NOP_SIMD                              0        0.000%                0        0.000%
FU_REJECTED_OP_CF_SIMD                               0        0.000%                0        0.000%
FU_REJECTED_OP_MOV_SIMD                              0        0.000%                0        0.000%
FU_REJECTED_OP_CMOV_SIMD                             0        0.000%                0        0.000%
FU_REJECTED_OP_LDA_SIMD                              0        0.000%                0        0.000%
FU_REJECTED_OP_IMEM_SIMD                             0        0.000%                0        0.000%
FU_REJECTED_OP_IADD_SIMD                             0        0.000%                0        0.000%
FU_REJECTED_OP_IMUL_SIMD                             0        0.000%                0        0.000%
FU_REJECTED_OP_IDIV_SIMD                             0        0.000%                0        0.000%
FU_REJECTED_OP_ICMP_SIMD                             0        0.000%                0        0.000%
FU_REJECTED_OP_LOGIC_SIMD                            0        0.000%                0        0.000%
FU_REJECTED_OP_SHIFT_SIMD                            0        0.000%                0        0.000%
FU_REJECTED_OP_FMEM_SIMD                             0        0.000%                0        0.000%
FU_REJECTED_OP_FCVT_SIMD                        811615       64.320%          1442323       63.716%
FU_REJECTED_OP_FADD_SIMD                         22699        1.799%            46665        2.061%
FU_REJECTED_OP_FMUL_SIMD                             0        0.000%                0        0.000%
FU_REJECTED_OP_FMA_SIMD                             48        0.004%              106        0.005%
FU_REJECTED_OP_FDIV_SIMD                             0        0.000%                0        0.000%
FU_REJECTED_OP_FCMP_SIMD                            88        0.007%              183        0.008%
FU_REJECTED_OP_FCMOV_SIMD                            0        0.000%                0        0.000%
FU_REJECTED_OP_GATHER_SIMD                           0        0.000%                0        0.000%
FU_REJECTED_OP_SCATTER_SIMD                          0        0.000%                0        0.000%
FU_REJECTED_OP_PIPELINED_FAST_SIMD                   0        0.000%                0        0.000%
FU_REJECTED_OP_PIPELINED_MEDIUM_SIMD                 0        0.000%                0        0.000%
FU_REJECTED_OP_PIPELINED_SLOW_SIMD                   0        0.000%                0        0.000%
FU_REJECTED_OP_NOTPIPELINED_MEDIUM_SIMD              0        0.000%                0        0.000%
FU_REJECTED_OP_NOTPIPELINED_SLOW_SIMD                0        0.000%                0        0.000%
FU_REJECTED_OP_NOTPIPELINED_VERY_SLOW_SIMD             0        0.000%                0        0.000%
                                               1261830      100.000%          2263664      100.000%
                                                 30.49        17.52             30.37        17.56

OP_WAIT_0                                      5873017                       11730816              

OP_WAIT_1                                      1357211                        2742229              

OP_WAIT_2                                       504509                        1018361              

OP_WAIT_3                                       204925                         411132              

OP_WAIT_4                                       142570                         287690              

OP_WAIT_5                                       112159                         226863              

OP_WAIT_6                                       101915                         205283              

OP_WAIT_7                                        87136                         175964              

OP_WAIT_8                                        78873                         159868              

OP_WAIT_9                                        77424                         155502              

OP_WAIT_10                                       70819                         143196              

OP_WAIT_11                                       72761                         147376              

OP_WAIT_12                                       72515                         147029              

OP_WAIT_13                                       77138                         156671              

OP_WAIT_14                                       78646                         160803              

OP_WAIT_15                                       84781                         171765              

OP_WAIT_16                                       89428                         182111              

OP_WAIT_17                                       94161                         192349              

OP_WAIT_18                                       99542                         203669              

OP_WAIT_19                                      104497                         214542              

OP_WAIT_20                                      109672                         225682              

OP_WAIT_21                                      114188                         236155              

OP_WAIT_22                                      118211                         244613              

OP_WAIT_23                                      120655                         249799              

OP_WAIT_24                                      121390                         252517              

OP_WAIT_25                                      120417                         248570              

OP_WAIT_26                                      117546                         243185              

OP_WAIT_27                                      114608                         235339              

OP_WAIT_28                                      108758                         223662              

OP_WAIT_29                                      100848                         207307              

OP_WAIT_30                                       93293                         190613              

OP_WAIT_31                                     1357781                        2572127              

ROW_SIZE_0                                     4002416                        7750676              

ROW_SIZE_1                                       56557                         111463              

ROW_SIZE_2                                       73607                         145139              

ROW_SIZE_3                                       59976                         117431              

ROW_SIZE_4                                       97719                         194620              

ROW_SIZE_5                                       97547                         191520              

ROW_SIZE_6                                     1786514                        3578779              

ROW_SIZE_7                                           0                              0              

ROW_SIZE_8                                           0                              0              

ROW_SIZE_9                                           0                              0              

ROW_SIZE_10                                          0                              0              

ROW_SIZE_11                                          0                              0              

ROW_SIZE_12                                          0                              0              

ROW_SIZE_13                                          0                              0              

ROW_SIZE_14                                          0                              0              

ROW_SIZE_15                                          0                              0              

ROW_SIZE_16                                          0                              0              

ROW_SIZE_17                                          0                              0              

ROW_SIZE_18                                          0                              0              

ROW_SIZE_19                                          0                              0              

ROW_SIZE_20                                          0                              0              

ROW_SIZE_21                                          0                              0              

ROW_SIZE_22                                          0                              0              

ROW_SIZE_23                                          0                              0              

ROW_SIZE_24                                          0                              0              

ROW_SIZE_25                                          0                              0              

ROW_SIZE_26                                          0                              0              

ROW_SIZE_27                                          0                              0              

ROW_SIZE_28                                          0                              0              

ROW_SIZE_29                                          0                              0              

ROW_SIZE_30                                          0                              0              

ROW_SIZE_31                                          0                              0              

RET_OP_EXEC_COUNT_0                                  0        0.000%                0        0.000%
RET_OP_EXEC_COUNT_1                           11981394      100.000%         23962788      100.000%
RET_OP_EXEC_COUNT_2                                  0        0.000%                0        0.000%
RET_OP_EXEC_COUNT_3                                  0        0.000%                0        0.000%
RET_OP_EXEC_COUNT_4                                  0        0.000%                0        0.000%
RET_OP_EXEC_COUNT_5                                  0        0.000%                0        0.000%
RET_OP_EXEC_COUNT_6                                  0        0.000%                0        0.000%
RET_OP_EXEC_COUNT_7                                  0        0.000%                0        0.000%
RET_OP_EXEC_COUNT_8                                  0        0.000%                0        0.000%
RET_OP_EXEC_COUNT_9                                  0        0.000%                0        0.000%
RET_OP_EXEC_COUNT_10                                 0        0.000%                0        0.000%
RET_OP_EXEC_COUNT_11                                 0        0.000%                0        0.000%
RET_OP_EXEC_COUNT_12                                 0        0.000%                0        0.000%
RET_OP_EXEC_COUNT_13                                 0        0.000%                0        0.000%
RET_OP_EXEC_COUNT_14                                 0        0.000%                0        0.000%
RET_OP_EXEC_COUNT_15                                 0        0.000%                0        0.000%
RET_OP_EXEC_COUNT_16                                 0        0.000%                0        0.000%
RET_OP_EXEC_COUNT_17                                 0        0.000%                0        0.000%
RET_OP_EXEC_COUNT_18                                 0        0.000%                0        0.000%
RET_OP_EXEC_COUNT_19                                 0        0.000%                0        0.000%
RET_OP_EXEC_COUNT_20                                 0        0.000%                0        0.000%
RET_OP_EXEC_COUNT_21                                 0        0.000%                0        0.000%
RET_OP_EXEC_COUNT_22                                 0        0.000%                0        0.000%
RET_OP_EXEC_COUNT_23                                 0        0.000%                0        0.000%
RET_OP_EXEC_COUNT_24                                 0        0.000%                0        0.000%
RET_OP_EXEC_COUNT_25                                 0        0.000%                0        0.000%
RET_OP_EXEC_COUNT_26                                 0        0.000%                0        0.000%
RET_OP_EXEC_COUNT_27                                 0        0.000%                0        0.000%
RET_OP_EXEC_COUNT_28                                 0        0.000%                0        0.000%
RET_OP_EXEC_COUNT_29                                 0        0.000%                0        0.000%
RET_OP_EXEC_COUNT_30                                 0        0.000%                0        0.000%
RET_OP_EXEC_COUNT_31                                 0        0.000%                0        0.000%
RET_OP_EXEC_COUNT_32                                 0        0.000%                0        0.000%
                                              11981394      100.000%         23962788      100.000%
                                                  1.00         0.00              1.00         0.00

RET_STALL_LENGTH_0                            11974126       99.939%         23948720       99.941%
RET_STALL_LENGTH_100                              3851        0.032%             7422        0.031%
RET_STALL_LENGTH_200                              1001        0.008%             1991        0.008%
RET_STALL_LENGTH_300                               653        0.005%             1214        0.005%
RET_STALL_LENGTH_400                               551        0.005%             1086        0.005%
RET_STALL_LENGTH_500                               402        0.003%              758        0.003%
RET_STALL_LENGTH_600                               238        0.002%              481        0.002%
RET_STALL_LENGTH_700                               164        0.001%              312        0.001%
RET_STALL_LENGTH_800                               111        0.001%              215        0.001%
RET_STALL_LENGTH_900                                76        0.001%              145        0.001%
RET_STALL_LENGTH_1000                               26        0.000%               65        0.000%
RET_STALL_LENGTH_1100                               24        0.000%               46        0.000%
RET_STALL_LENGTH_1200                               41        0.000%               84        0.000%
RET_STALL_LENGTH_1300                               38        0.000%               70        0.000%
RET_STALL_LENGTH_1400                               16        0.000%               29        0.000%
RET_STALL_LENGTH_1500                               14        0.000%               26        0.000%
RET_STALL_LENGTH_1600                               18        0.000%               41        0.000%
RET_STALL_LENGTH_1700                               16        0.000%               25        0.000%
RET_STALL_LENGTH_1800                                8        0.000%               21        0.000%
RET_STALL_LENGTH_1900                               10        0.000%               15        0.000%
RET_STALL_LENGTH_2000                                4        0.000%                9        0.000%
RET_STALL_LENGTH_2100                                1        0.000%                4        0.000%
RET_STALL_LENGTH_2200                                3        0.000%                5        0.000%
RET_STALL_LENGTH_2300                                2        0.000%                2        0.000%
RET_STALL_LENGTH_2400                                0        0.000%                2        0.000%
RET_STALL_LENGTH_2500                                0        0.000%                0        0.000%
RET_STALL_LENGTH_2600                                0        0.000%                0        0.000%
RET_STALL_LENGTH_2700                                0        0.000%                0        0.000%
RET_STALL_LENGTH_2800                                0        0.000%                0        0.000%
RET_STALL_LENGTH_2900                                0        0.000%                0        0.000%
RET_STALL_LENGTH_3000                                0        0.000%                0        0.000%
RET_STALL_LENGTH_3100                                0        0.000%                0        0.000%
RET_STALL_LENGTH_3200                                0        0.000%                0        0.000%
RET_STALL_LENGTH_3300                                0        0.000%                0        0.000%
RET_STALL_LENGTH_3400                                0        0.000%                0        0.000%
RET_STALL_LENGTH_3500                                0        0.000%                0        0.000%
RET_STALL_LENGTH_3600                                0        0.000%                0        0.000%
RET_STALL_LENGTH_3700                                0        0.000%                0        0.000%
RET_STALL_LENGTH_3800                                0        0.000%                0        0.000%
RET_STALL_LENGTH_3900                                0        0.000%                0        0.000%
RET_STALL_LENGTH_4000                                0        0.000%                0        0.000%
RET_STALL_LENGTH_4100                                0        0.000%                0        0.000%
RET_STALL_LENGTH_4200                                0        0.000%                0        0.000%
RET_STALL_LENGTH_4300                                0        0.000%                0        0.000%
RET_STALL_LENGTH_4400                                0        0.000%                0        0.000%
RET_STALL_LENGTH_4500                                0        0.000%                0        0.000%
RET_STALL_LENGTH_4600                                0        0.000%                0        0.000%
RET_STALL_LENGTH_4700                                0        0.000%                0        0.000%
RET_STALL_LENGTH_4800                                0        0.000%                0        0.000%
RET_STALL_LENGTH_4900                                0        0.000%                0        0.000%
RET_STALL_LENGTH_5000                                0        0.000%                0        0.000%
                                              11981394      100.000%         23962788      100.000%
                                                  0.00         0.09              0.00         0.09

MEM_BLOCK_LENGTH_0                               22597       90.536%            44853       91.876%
MEM_BLOCK_LENGTH_100                              1861        7.456%             3114        6.379%
MEM_BLOCK_LENGTH_200                               301        1.206%              474        0.971%
MEM_BLOCK_LENGTH_300                               113        0.453%              217        0.444%
MEM_BLOCK_LENGTH_400                                51        0.204%               91        0.186%
MEM_BLOCK_LENGTH_500                                17        0.068%               32        0.066%
MEM_BLOCK_LENGTH_600                                 6        0.024%               13        0.027%
MEM_BLOCK_LENGTH_700                                 0        0.000%                1        0.002%
MEM_BLOCK_LENGTH_800                                 1        0.004%                3        0.006%
MEM_BLOCK_LENGTH_900                                 2        0.008%                4        0.008%
MEM_BLOCK_LENGTH_1000                                2        0.008%                2        0.004%
MEM_BLOCK_LENGTH_1100                                2        0.008%                5        0.010%
MEM_BLOCK_LENGTH_1200                                2        0.008%                5        0.010%
MEM_BLOCK_LENGTH_1300                                1        0.004%                1        0.002%
MEM_BLOCK_LENGTH_1400                                0        0.000%                0        0.000%
MEM_BLOCK_LENGTH_1500                                0        0.000%                0        0.000%
MEM_BLOCK_LENGTH_1600                                1        0.004%                2        0.004%
MEM_BLOCK_LENGTH_1700                                2        0.008%                2        0.004%
MEM_BLOCK_LENGTH_1800                                0        0.000%                0        0.000%
MEM_BLOCK_LENGTH_1900                                0        0.000%                0        0.000%
MEM_BLOCK_LENGTH_2000                                0        0.000%                0        0.000%
MEM_BLOCK_LENGTH_2100                                0        0.000%                0        0.000%
MEM_BLOCK_LENGTH_2200                                0        0.000%                0        0.000%
MEM_BLOCK_LENGTH_2300                                0        0.000%                0        0.000%
MEM_BLOCK_LENGTH_2400                                0        0.000%                0        0.000%
MEM_BLOCK_LENGTH_2500                                0        0.000%                0        0.000%
MEM_BLOCK_LENGTH_2600                                0        0.000%                0        0.000%
MEM_BLOCK_LENGTH_2700                                0        0.000%                0        0.000%
MEM_BLOCK_LENGTH_2800                                0        0.000%                0        0.000%
MEM_BLOCK_LENGTH_2900                                0        0.000%                0        0.000%
MEM_BLOCK_LENGTH_3000                                0        0.000%                0        0.000%
MEM_BLOCK_LENGTH_3100                                0        0.000%                0        0.000%
MEM_BLOCK_LENGTH_3200                                0        0.000%                0        0.000%
MEM_BLOCK_LENGTH_3300                                0        0.000%                0        0.000%
MEM_BLOCK_LENGTH_3400                                0        0.000%                0        0.000%
MEM_BLOCK_LENGTH_3500                                0        0.000%                0        0.000%
MEM_BLOCK_LENGTH_3600                                0        0.000%                0        0.000%
MEM_BLOCK_LENGTH_3700                                0        0.000%                0        0.000%
MEM_BLOCK_LENGTH_3800                                0        0.000%                0        0.000%
MEM_BLOCK_LENGTH_3900                                0        0.000%                0        0.000%
MEM_BLOCK_LENGTH_4000                                0        0.000%                0        0.000%
MEM_BLOCK_LENGTH_4100                                0        0.000%                0        0.000%
MEM_BLOCK_LENGTH_4200                                0        0.000%                0        0.000%
MEM_BLOCK_LENGTH_4300                                0        0.000%                0        0.000%
MEM_BLOCK_LENGTH_4400                                0        0.000%                0        0.000%
MEM_BLOCK_LENGTH_4500                                0        0.000%                0        0.000%
MEM_BLOCK_LENGTH_4600                                0        0.000%                0        0.000%
MEM_BLOCK_LENGTH_4700                                0        0.000%                0        0.000%
MEM_BLOCK_LENGTH_4800                                0        0.000%                0        0.000%
MEM_BLOCK_LENGTH_4900                                0        0.000%                0        0.000%
MEM_BLOCK_LENGTH_5000                                0        0.000%                0        0.000%
                                                 24959      100.000%            48819      100.000%
                                                  0.13         0.52              0.11         0.49

FUS_BUSY_ON_PATH                              13293711        2.1531         26329903        2.1777

FUS_BUSY_OFF_PATH                                31156        0.0050            61160        0.0051

FU_BUSY_MEM_STALL                              1313222        0.2127          2368283        0.1959

FUS_EMPTY                                     36069821        5.8419         70335865        5.8173

FU_UNAVAILABLE                                     487        0.0001              978        0.0001

FU_MEM_UNAVAILABLE                             1261343        0.2043          2262686        0.1871

FU_REPLAY                                            0        0.0000                0        0.0000

FU_STARVED                                    36066048        5.8413         70328262        5.8166

CHIP_UTILIZATION                                     0        0.0000                0        0.0000

CYCLES_UNDER_MEM_REQ                                 0                              0              

CYCLES_UNDER_NO_MEM_REQ                              0                              0              

CYCLES_UNDER_CRITICAL_MEM_REQ                        0                              0              

CYCLES_UNDER_NONCRITICAL_MEM_REQ                     0                              0              

CHIP_UTILIZATION_UNDER_MEM_REQ                       0          -nan                0          -nan

CHIP_UTILIZATION_UNDER_NO_MEM_REQ                    0          -nan                0          -nan

CHIP_UTILIZATION_UNDER_CRITICAL_MEM_REQ              0          -nan                0          -nan

CHIP_UTILIZATION_UNDER_NONCRITICAL_MEM_REQ             0          -nan                0          -nan

CYCLES_NOT_WAITING_FOR_OFF_CHIP                      0        0.0000                0        0.0000

FUS_BUSY_NOT_WAITING_FOR_OFF_CHIP                    0          -nan                0          -nan

CYCLES_WAITING_FOR_OFF_CHIP                          0        0.0000                0        0.0000

FUS_BUSY_WAITING_FOR_OFF_CHIP                        0          -nan                0          -nan

TOTAL_OFF_CHIP_DELAYS_LEFT                           0                              0              

WRONG_IO_SCHED                                       0                              0              

DVFS_CONFIG_SWITCH                                   0                              0              

MAP_STAGE_RECEIVED_OPS_0                             0        0.000%                0        0.000%
MAP_STAGE_RECEIVED_OPS_1                        228794        9.470%           457614        9.470%
MAP_STAGE_RECEIVED_OPS_2                        114422        4.736%           228848        4.736%
MAP_STAGE_RECEIVED_OPS_3                        226916        9.392%           453844        9.392%
MAP_STAGE_RECEIVED_OPS_4                          1911        0.079%             3823        0.079%
MAP_STAGE_RECEIVED_OPS_5                        228824        9.471%           457728        9.472%
MAP_STAGE_RECEIVED_OPS_6                       1615145       66.852%          3230325       66.850%
MAP_STAGE_RECEIVED_OPS_7                             0        0.000%                0        0.000%
MAP_STAGE_RECEIVED_OPS_8                             0        0.000%                0        0.000%
MAP_STAGE_RECEIVED_OPS_MAX                           0        0.000%                0        0.000%
                                               2416012      100.000%          4832182      100.000%
                                                  4.96         1.73              4.96         1.73

MAP_STAGE_WAIT_FOR_DECODE                            0         -nan%                0         -nan%
MAP_STAGE_CONSUME_DECODE                             0         -nan%                0         -nan%
                                                     0         -nan%                0         -nan%
                                                  -nan         -nan              -nan         -nan

MAP_STAGE_WAIT_FOR_DECODE2                           0         -nan%                0         -nan%
MAP_STAGE_CONSUME_DECODE2                            0         -nan%                0         -nan%
                                                     0         -nan%                0         -nan%
                                                  -nan         -nan              -nan         -nan

FTQ_RECOVER_EXEC                                  1944                           3881              

FTQ_RECOVER_DECODE                                   0                              3              

FTQ_OFFPATH_CYCLES                               61778                         118617              

FTQ_CYCLES_OFFPATH                              504491                         979868              

FTQ_CYCLES_ONPATH                              5669845                       11110998              

FTQ_FETCHED_INS_OFFPATH                        1169594                        2323914              

FTQ_FETCHED_INS_ONPATH                        11978658                       23958904              

FTQ_BREAK_FULL_FT_ONPATH                       5636628       99.452%         11044979       99.443%
FTQ_BREAK_MAX_CFS_TAKEN_ONPATH                       0        0.000%                0        0.000%
FTQ_BREAK_MAX_BYTES_ONPATH                       31052        0.548%            61914        0.557%
FTQ_BREAK_PRED_BR_ONPATH                             0        0.000%                0        0.000%
FTQ_BREAK_BAR_FETCH_ONPATH                           0        0.000%                0        0.000%
                                               5667680      100.000%         11106893      100.000%
                                                  0.01         0.15              0.01         0.15

FTQ_BREAK_FULL_FT_OFFPATH                       506383       99.990%           983507       99.975%
FTQ_BREAK_MAX_CFS_TAKEN_OFFPATH                      0        0.000%                0        0.000%
FTQ_BREAK_MAX_BYTES_OFFPATH                         52        0.010%              245        0.025%
FTQ_BREAK_PRED_BR_OFFPATH                            0        0.000%                0        0.000%
FTQ_BREAK_BAR_FETCH_OFFPATH                          0        0.000%                0        0.000%
                                                506435      100.000%           983752      100.000%
                                                  0.00         0.02              0.00         0.03



