/* -*- Mode: c -*- */
####################################################################################################
Core 0
####################################################################################################
Cumulative:        Cycles: 16673576              Instructions: 20000000              IPC: 1.19950

Periodic:          Cycles: 8242660               Instructions: 10000000              IPC: 1.21320

EXECUTION_TIME                           2575831250000                  5210492500000              

NODE_CYCLE                                     8242660                       16673576              

NODE_INST_COUNT                               10000000                       20000000              

NODE_INST_COUNT_FETCHED                       10000000                       20000000              

NODE_UOP_COUNT                                10463590                       20934875              

FULL_WINDOW_STALL                               199953        2.426%           533222        3.198%

FULL_WINDOW_MEM_OP                               84775       50.556%           282601       61.033%
FULL_WINDOW_FP_OP                                80118       47.779%           175279       37.855%
FULL_WINDOW_OTHER_OP                              2792        1.665%             5150        1.112%
                                                167685      100.000%           463030      100.000%
                                                  0.51         0.39              0.40         0.41

RET_BLOCKED_DC_MISS                             161226        1.956%           493279        2.958%

RET_BLOCKED_L1_MISS                              71469        0.867%           269567        1.617%

RET_BLOCKED_L1_MISS_BW_PREF                        219        0.003%             5682        0.034%

RET_BLOCKED_L1_ACCESS                            89757        1.089%           223786        1.342%

RET_BLOCKED_MEM_STALL                            71469        0.867%           269567        1.617%

RET_BLOCKED_OFFCHIP_DEMAND                           0        0.000%                0        0.000%

OP_ISSUED                                     26926949                       54092660              

OP_RETIRED                                    10463590                       20934875              

REPLAY_SIGNALED                                      0                              0              

REPLAY_COUNTED                                       0                              0              

OFF_CRITICAL_PATH                                    0         -nan%                0         -nan%
ON_CRITICAL_PATH                                     0         -nan%                0         -nan%
                                                     0         -nan%                0         -nan%
                                                  -nan         -nan              -nan         -nan

LD_NO_DEPENDENTS                                 44997        1.455%            90719        1.467%
LD_DEPENDENTS                                  3048230       98.545%          6092456       98.533%
                                               3093227      100.000%          6183175      100.000%
                                                  0.99         0.98              0.99         0.98

LD_EXEC_CYCLES_0                                     0        0.000%                0        0.000%
LD_EXEC_CYCLES_1                                     0        0.000%                0        0.000%
LD_EXEC_CYCLES_2                                     0        0.000%                0        0.000%
LD_EXEC_CYCLES_3                                    78       41.711%              152       44.058%
LD_EXEC_CYCLES_4                                   109       58.289%              193       55.942%
                                                   187      100.000%              345      100.000%
                                                  3.58         2.79              3.56         2.71

ICACHE_STAGE_STARVED                             13811        0.639%            74854        1.714%
ICACHE_STAGE_NOT_STARVED                       2148185       99.361%          4293470       98.286%
                                               2161996      100.000%          4368324      100.000%
                                                  0.99         0.99              0.98         0.97

ICACHE_STAGE_STALLED                              8822        0.107%            20451        0.123%
ICACHE_STAGE_NOT_STALLED                       2155348       26.149%          4331403       25.978%
ICACHE_STAGE_OFF_PATH                          6078490       73.744%         12321722       73.900%
                                               8242660      100.000%         16673576      100.000%
                                                  1.74         1.55              1.74         1.56

DECODE_STAGE_STARVED                           7130919       97.247%         14378257       97.263%
DECODE_STAGE_NOT_STARVED                        201905        2.753%           404570        2.737%
                                               7332824      100.000%         14782827      100.000%
                                                  0.03         0.16              0.03         0.16

DECODE_STAGE_STALLED                              3002        0.036%             5985        0.036%
DECODE_STAGE_NOT_STALLED                       7329822       88.925%         14776842       88.624%
DECODE_STAGE_OFF_PATH                           909836       11.038%          1890749       11.340%
                                               8242660      100.000%         16673576      100.000%
                                                  1.11         0.48              1.11         0.49

UOPQ_STAGE_STARVED                             5933183       93.870%         11876828       93.904%
UOPQ_STAGE_NOT_STARVED                          387437        6.130%           770982        6.096%
                                               6320620      100.000%         12647810      100.000%
                                                  0.06         0.23              0.06         0.23

UOPQ_STAGE_STALLED                                8161        0.099%            19423        0.116%
UOPQ_STAGE_NOT_STALLED                         6320620       76.682%         12647810       75.855%
UOPQ_STAGE_OFF_PATH                            1913879       23.219%          4006343       24.028%
                                               8242660      100.000%         16673576      100.000%
                                                  1.23         0.73              1.24         0.74

MAP_STAGE_STARVED                               665480       20.920%          1356226       21.247%
MAP_STAGE_NOT_STARVED                          2515568       79.080%          5026772       78.753%
                                               3181048      100.000%          6382998      100.000%
                                                  0.79         0.73              0.79         0.72

MAP_STAGE_STALLED                                10961        0.133%            25170        0.151%
MAP_STAGE_NOT_STALLED                          3170087       38.460%          6357828       38.131%
MAP_STAGE_OFF_PATH                             5061612       61.408%         10290578       61.718%
                                               8242660      100.000%         16673576      100.000%
                                                  1.61         1.35              1.62         1.36

EXEC_STAGE_STARVED                             4213129       51.114%          8459955       50.739%
EXEC_STAGE_NOT_STARVED                          673737        8.174%          1318339        7.907%
EXEC_STAGE_OFF_PATH                            3355794       40.713%          6895282       41.355%
                                               8242660      100.000%         16673576      100.000%
                                                  0.90         0.91              0.91         0.91

FU_BUSY_0                                      4971362                        9991838              

FU_BUSY_1                                      3429541                        6879561              

FU_BUSY_2                                      3275372                        6567900              

FU_BUSY_3                                      3190019                        6400048              

FU_BUSY_4                                      2375588                        4766170              

FU_BUSY_5                                      1891499                        3800471              

FU_BUSY_6                                       210337                         424399              

FU_BUSY_7                                       427852                         859758              

FU_BUSY_8                                            0                              0              

FU_BUSY_9                                            0                              0              

FU_BUSY_10                                           0                              0              

FU_BUSY_11                                           0                              0              

FU_BUSY_12                                           0                              0              

FU_BUSY_13                                           0                              0              

FU_BUSY_14                                           0                              0              

FU_BUSY_15                                           0                              0              

FU_BUSY_16                                           0                              0              

FU_BUSY_17                                           0                              0              

FU_BUSY_18                                           0                              0              

FU_BUSY_19                                           0                              0              

FU_BUSY_20                                           0                              0              

FU_BUSY_21                                           0                              0              

FU_BUSY_22                                           0                              0              

FU_BUSY_23                                           0                              0              

FU_BUSY_24                                           0                              0              

FU_BUSY_25                                           0                              0              

FU_BUSY_26                                           0                              0              

FU_BUSY_27                                           0                              0              

FU_BUSY_28                                           0                              0              

FU_BUSY_29                                           0                              0              

FU_BUSY_30                                           0                              0              

FU_BUSY_31                                           0                              0              

FU_REJECTED_OP_INV_NOT_SIMD                          0        0.000%                0        0.000%
FU_REJECTED_OP_NOP_NOT_SIMD                       8534        1.593%            17640        1.635%
FU_REJECTED_OP_CF_NOT_SIMD                      130361       24.340%           259284       24.037%
FU_REJECTED_OP_MOV_NOT_SIMD                      24266        4.531%            47962        4.446%
FU_REJECTED_OP_CMOV_NOT_SIMD                       608        0.114%             1030        0.095%
FU_REJECTED_OP_LDA_NOT_SIMD                      27265        5.091%            53104        4.923%
FU_REJECTED_OP_IMEM_NOT_SIMD                        18        0.003%               83        0.008%
FU_REJECTED_OP_IADD_NOT_SIMD                     11369        2.123%            20810        1.929%
FU_REJECTED_OP_IMUL_NOT_SIMD                     51955        9.701%           100755        9.341%
FU_REJECTED_OP_IDIV_NOT_SIMD                         0        0.000%                0        0.000%
FU_REJECTED_OP_ICMP_NOT_SIMD                         0        0.000%                0        0.000%
FU_REJECTED_OP_LOGIC_NOT_SIMD                    17595        3.285%            34000        3.152%
FU_REJECTED_OP_SHIFT_NOT_SIMD                    18698        3.491%            48638        4.509%
FU_REJECTED_OP_FMEM_NOT_SIMD                      1979        0.370%             4246        0.394%
FU_REJECTED_OP_FCVT_NOT_SIMD                         0        0.000%                0        0.000%
FU_REJECTED_OP_FADD_NOT_SIMD                         1        0.000%                1        0.000%
FU_REJECTED_OP_FMUL_NOT_SIMD                         0        0.000%                0        0.000%
FU_REJECTED_OP_FMA_NOT_SIMD                          0        0.000%                0        0.000%
FU_REJECTED_OP_FDIV_NOT_SIMD                         0        0.000%                0        0.000%
FU_REJECTED_OP_FCMP_NOT_SIMD                         0        0.000%                0        0.000%
FU_REJECTED_OP_FCMOV_NOT_SIMD                        0        0.000%                0        0.000%
FU_REJECTED_OP_GATHER_NOT_SIMD                       0        0.000%                0        0.000%
FU_REJECTED_OP_SCATTER_NOT_SIMD                      0        0.000%                0        0.000%
FU_REJECTED_OP_PIPELINED_FAST_NOT_SIMD               0        0.000%                0        0.000%
FU_REJECTED_OP_PIPELINED_MEDIUM_NOT_SIMD             0        0.000%                0        0.000%
FU_REJECTED_OP_PIPELINED_SLOW_NOT_SIMD               0        0.000%                0        0.000%
FU_REJECTED_OP_NOTPIPELINED_MEDIUM_NOT_SIMD             0        0.000%                0        0.000%
FU_REJECTED_OP_NOTPIPELINED_SLOW_NOT_SIMD             0        0.000%                0        0.000%
FU_REJECTED_OP_NOTPIPELINED_VERY_SLOW_NOT_SIMD             0        0.000%                0        0.000%
FU_REJECTED_OP_INV_SIMD                              0        0.000%                0        0.000%
FU_REJECTED_OP_NOP_SIMD                              0        0.000%                0        0.000%
FU_REJECTED_OP_CF_SIMD                               0        0.000%                0        0.000%
FU_REJECTED_OP_MOV_SIMD                           2660        0.497%             4734        0.439%
FU_REJECTED_OP_CMOV_SIMD                             0        0.000%                0        0.000%
FU_REJECTED_OP_LDA_SIMD                              0        0.000%                0        0.000%
FU_REJECTED_OP_IMEM_SIMD                             0        0.000%                0        0.000%
FU_REJECTED_OP_IADD_SIMD                             0        0.000%                0        0.000%
FU_REJECTED_OP_IMUL_SIMD                             0        0.000%                0        0.000%
FU_REJECTED_OP_IDIV_SIMD                             0        0.000%                0        0.000%
FU_REJECTED_OP_ICMP_SIMD                             0        0.000%                0        0.000%
FU_REJECTED_OP_LOGIC_SIMD                        11884        2.219%            23184        2.149%
FU_REJECTED_OP_SHIFT_SIMD                         5776        1.078%            12270        1.137%
FU_REJECTED_OP_FMEM_SIMD                             0        0.000%                0        0.000%
FU_REJECTED_OP_FCVT_SIMD                           130        0.024%              333        0.031%
FU_REJECTED_OP_FADD_SIMD                          5155        0.963%             9842        0.912%
FU_REJECTED_OP_FMUL_SIMD                          3342        0.624%             6689        0.620%
FU_REJECTED_OP_FMA_SIMD                          22038        4.115%            43499        4.033%
FU_REJECTED_OP_FDIV_SIMD                         29788        5.562%            64160        5.948%
FU_REJECTED_OP_FCMP_SIMD                          3954        0.738%            15086        1.399%
FU_REJECTED_OP_FCMOV_SIMD                       157389       29.386%           309671       28.708%
FU_REJECTED_OP_GATHER_SIMD                         818        0.153%             1663        0.154%
FU_REJECTED_OP_SCATTER_SIMD                          0        0.000%                0        0.000%
FU_REJECTED_OP_PIPELINED_FAST_SIMD                   0        0.000%                0        0.000%
FU_REJECTED_OP_PIPELINED_MEDIUM_SIMD                 0        0.000%                0        0.000%
FU_REJECTED_OP_PIPELINED_SLOW_SIMD                   0        0.000%                0        0.000%
FU_REJECTED_OP_NOTPIPELINED_MEDIUM_SIMD              0        0.000%                0        0.000%
FU_REJECTED_OP_NOTPIPELINED_SLOW_SIMD                0        0.000%                0        0.000%
FU_REJECTED_OP_NOTPIPELINED_VERY_SLOW_SIMD             0        0.000%                0        0.000%
                                                535583      100.000%          1078684      100.000%
                                                 24.19        21.47             24.33        21.44

OP_WAIT_0                                      6679786                       13381144              

OP_WAIT_1                                      2402337                        4793880              

OP_WAIT_2                                       851199                        1694500              

OP_WAIT_3                                       296158                         596204              

OP_WAIT_4                                       129775                         262117              

OP_WAIT_5                                        40731                          84218              

OP_WAIT_6                                        12104                          24404              

OP_WAIT_7                                         6037                          12242              

OP_WAIT_8                                         3745                           7448              

OP_WAIT_9                                         2290                           5193              

OP_WAIT_10                                        1961                           3562              

OP_WAIT_11                                        1574                           3091              

OP_WAIT_12                                        1425                           2673              

OP_WAIT_13                                         960                           1779              

OP_WAIT_14                                        1344                           2397              

OP_WAIT_15                                        1112                           1986              

OP_WAIT_16                                        1205                           2381              

OP_WAIT_17                                        1296                           2346              

OP_WAIT_18                                        1014                           1842              

OP_WAIT_19                                        2756                           5262              

OP_WAIT_20                                        1833                           3256              

OP_WAIT_21                                         818                           1444              

OP_WAIT_22                                        1032                           1863              

OP_WAIT_23                                        1398                           2561              

OP_WAIT_24                                         994                           1687              

OP_WAIT_25                                         726                           1291              

OP_WAIT_26                                         747                           1400              

OP_WAIT_27                                        1083                           1838              

OP_WAIT_28                                         816                           1520              

OP_WAIT_29                                        1055                           1972              

OP_WAIT_30                                         929                           1748              

OP_WAIT_31                                       13350                          25626              

ROW_SIZE_0                                     3429987                        7013862              

ROW_SIZE_1                                     1625799                        3249203              

ROW_SIZE_2                                      230081                         462291              

ROW_SIZE_3                                      573117                        1147491              

ROW_SIZE_4                                      311501                         627340              

ROW_SIZE_5                                      120344                         240565              

ROW_SIZE_6                                      801759                        1601072              

ROW_SIZE_7                                           0                              0              

ROW_SIZE_8                                           0                              0              

ROW_SIZE_9                                           0                              0              

ROW_SIZE_10                                          0                              0              

ROW_SIZE_11                                          0                              0              

ROW_SIZE_12                                          0                              0              

ROW_SIZE_13                                          0                              0              

ROW_SIZE_14                                          0                              0              

ROW_SIZE_15                                          0                              0              

ROW_SIZE_16                                          0                              0              

ROW_SIZE_17                                          0                              0              

ROW_SIZE_18                                          0                              0              

ROW_SIZE_19                                          0                              0              

ROW_SIZE_20                                          0                              0              

ROW_SIZE_21                                          0                              0              

ROW_SIZE_22                                          0                              0              

ROW_SIZE_23                                          0                              0              

ROW_SIZE_24                                          0                              0              

ROW_SIZE_25                                          0                              0              

ROW_SIZE_26                                          0                              0              

ROW_SIZE_27                                          0                              0              

ROW_SIZE_28                                          0                              0              

ROW_SIZE_29                                          0                              0              

ROW_SIZE_30                                          0                              0              

ROW_SIZE_31                                          0                              0              

RET_OP_EXEC_COUNT_0                                  0        0.000%                0        0.000%
RET_OP_EXEC_COUNT_1                           10463590      100.000%         20934875      100.000%
RET_OP_EXEC_COUNT_2                                  0        0.000%                0        0.000%
RET_OP_EXEC_COUNT_3                                  0        0.000%                0        0.000%
RET_OP_EXEC_COUNT_4                                  0        0.000%                0        0.000%
RET_OP_EXEC_COUNT_5                                  0        0.000%                0        0.000%
RET_OP_EXEC_COUNT_6                                  0        0.000%                0        0.000%
RET_OP_EXEC_COUNT_7                                  0        0.000%                0        0.000%
RET_OP_EXEC_COUNT_8                                  0        0.000%                0        0.000%
RET_OP_EXEC_COUNT_9                                  0        0.000%                0        0.000%
RET_OP_EXEC_COUNT_10                                 0        0.000%                0        0.000%
RET_OP_EXEC_COUNT_11                                 0        0.000%                0        0.000%
RET_OP_EXEC_COUNT_12                                 0        0.000%                0        0.000%
RET_OP_EXEC_COUNT_13                                 0        0.000%                0        0.000%
RET_OP_EXEC_COUNT_14                                 0        0.000%                0        0.000%
RET_OP_EXEC_COUNT_15                                 0        0.000%                0        0.000%
RET_OP_EXEC_COUNT_16                                 0        0.000%                0        0.000%
RET_OP_EXEC_COUNT_17                                 0        0.000%                0        0.000%
RET_OP_EXEC_COUNT_18                                 0        0.000%                0        0.000%
RET_OP_EXEC_COUNT_19                                 0        0.000%                0        0.000%
RET_OP_EXEC_COUNT_20                                 0        0.000%                0        0.000%
RET_OP_EXEC_COUNT_21                                 0        0.000%                0        0.000%
RET_OP_EXEC_COUNT_22                                 0        0.000%                0        0.000%
RET_OP_EXEC_COUNT_23                                 0        0.000%                0        0.000%
RET_OP_EXEC_COUNT_24                                 0        0.000%                0        0.000%
RET_OP_EXEC_COUNT_25                                 0        0.000%                0        0.000%
RET_OP_EXEC_COUNT_26                                 0        0.000%                0        0.000%
RET_OP_EXEC_COUNT_27                                 0        0.000%                0        0.000%
RET_OP_EXEC_COUNT_28                                 0        0.000%                0        0.000%
RET_OP_EXEC_COUNT_29                                 0        0.000%                0        0.000%
RET_OP_EXEC_COUNT_30                                 0        0.000%                0        0.000%
RET_OP_EXEC_COUNT_31                                 0        0.000%                0        0.000%
RET_OP_EXEC_COUNT_32                                 0        0.000%                0        0.000%
                                              10463590      100.000%         20934875      100.000%
                                                  1.00         0.00              1.00         0.00

RET_STALL_LENGTH_0                            10462912       99.994%         20932422       99.988%
RET_STALL_LENGTH_100                               665        0.006%             2383        0.011%
RET_STALL_LENGTH_200                                 6        0.000%               34        0.000%
RET_STALL_LENGTH_300                                 0        0.000%                4        0.000%
RET_STALL_LENGTH_400                                 1        0.000%                1        0.000%
RET_STALL_LENGTH_500                                 1        0.000%                4        0.000%
RET_STALL_LENGTH_600                                 0        0.000%                2        0.000%
RET_STALL_LENGTH_700                                 1        0.000%                5        0.000%
RET_STALL_LENGTH_800                                 0        0.000%                0        0.000%
RET_STALL_LENGTH_900                                 1        0.000%                3        0.000%
RET_STALL_LENGTH_1000                                1        0.000%                3        0.000%
RET_STALL_LENGTH_1100                                0        0.000%                5        0.000%
RET_STALL_LENGTH_1200                                2        0.000%                8        0.000%
RET_STALL_LENGTH_1300                                0        0.000%                1        0.000%
RET_STALL_LENGTH_1400                                0        0.000%                0        0.000%
RET_STALL_LENGTH_1500                                0        0.000%                0        0.000%
RET_STALL_LENGTH_1600                                0        0.000%                0        0.000%
RET_STALL_LENGTH_1700                                0        0.000%                0        0.000%
RET_STALL_LENGTH_1800                                0        0.000%                0        0.000%
RET_STALL_LENGTH_1900                                0        0.000%                0        0.000%
RET_STALL_LENGTH_2000                                0        0.000%                0        0.000%
RET_STALL_LENGTH_2100                                0        0.000%                0        0.000%
RET_STALL_LENGTH_2200                                0        0.000%                0        0.000%
RET_STALL_LENGTH_2300                                0        0.000%                0        0.000%
RET_STALL_LENGTH_2400                                0        0.000%                0        0.000%
RET_STALL_LENGTH_2500                                0        0.000%                0        0.000%
RET_STALL_LENGTH_2600                                0        0.000%                0        0.000%
RET_STALL_LENGTH_2700                                0        0.000%                0        0.000%
RET_STALL_LENGTH_2800                                0        0.000%                0        0.000%
RET_STALL_LENGTH_2900                                0        0.000%                0        0.000%
RET_STALL_LENGTH_3000                                0        0.000%                0        0.000%
RET_STALL_LENGTH_3100                                0        0.000%                0        0.000%
RET_STALL_LENGTH_3200                                0        0.000%                0        0.000%
RET_STALL_LENGTH_3300                                0        0.000%                0        0.000%
RET_STALL_LENGTH_3400                                0        0.000%                0        0.000%
RET_STALL_LENGTH_3500                                0        0.000%                0        0.000%
RET_STALL_LENGTH_3600                                0        0.000%                0        0.000%
RET_STALL_LENGTH_3700                                0        0.000%                0        0.000%
RET_STALL_LENGTH_3800                                0        0.000%                0        0.000%
RET_STALL_LENGTH_3900                                0        0.000%                0        0.000%
RET_STALL_LENGTH_4000                                0        0.000%                0        0.000%
RET_STALL_LENGTH_4100                                0        0.000%                0        0.000%
RET_STALL_LENGTH_4200                                0        0.000%                0        0.000%
RET_STALL_LENGTH_4300                                0        0.000%                0        0.000%
RET_STALL_LENGTH_4400                                0        0.000%                0        0.000%
RET_STALL_LENGTH_4500                                0        0.000%                0        0.000%
RET_STALL_LENGTH_4600                                0        0.000%                0        0.000%
RET_STALL_LENGTH_4700                                0        0.000%                0        0.000%
RET_STALL_LENGTH_4800                                0        0.000%                0        0.000%
RET_STALL_LENGTH_4900                                0        0.000%                0        0.000%
RET_STALL_LENGTH_5000                                0        0.000%                0        0.000%
                                              10463590      100.000%         20934875      100.000%
                                                  0.00         0.01              0.00         0.02

MEM_BLOCK_LENGTH_0                                   0         -nan%                2      100.000%
MEM_BLOCK_LENGTH_100                                 0         -nan%                0        0.000%
MEM_BLOCK_LENGTH_200                                 0         -nan%                0        0.000%
MEM_BLOCK_LENGTH_300                                 0         -nan%                0        0.000%
MEM_BLOCK_LENGTH_400                                 0         -nan%                0        0.000%
MEM_BLOCK_LENGTH_500                                 0         -nan%                0        0.000%
MEM_BLOCK_LENGTH_600                                 0         -nan%                0        0.000%
MEM_BLOCK_LENGTH_700                                 0         -nan%                0        0.000%
MEM_BLOCK_LENGTH_800                                 0         -nan%                0        0.000%
MEM_BLOCK_LENGTH_900                                 0         -nan%                0        0.000%
MEM_BLOCK_LENGTH_1000                                0         -nan%                0        0.000%
MEM_BLOCK_LENGTH_1100                                0         -nan%                0        0.000%
MEM_BLOCK_LENGTH_1200                                0         -nan%                0        0.000%
MEM_BLOCK_LENGTH_1300                                0         -nan%                0        0.000%
MEM_BLOCK_LENGTH_1400                                0         -nan%                0        0.000%
MEM_BLOCK_LENGTH_1500                                0         -nan%                0        0.000%
MEM_BLOCK_LENGTH_1600                                0         -nan%                0        0.000%
MEM_BLOCK_LENGTH_1700                                0         -nan%                0        0.000%
MEM_BLOCK_LENGTH_1800                                0         -nan%                0        0.000%
MEM_BLOCK_LENGTH_1900                                0         -nan%                0        0.000%
MEM_BLOCK_LENGTH_2000                                0         -nan%                0        0.000%
MEM_BLOCK_LENGTH_2100                                0         -nan%                0        0.000%
MEM_BLOCK_LENGTH_2200                                0         -nan%                0        0.000%
MEM_BLOCK_LENGTH_2300                                0         -nan%                0        0.000%
MEM_BLOCK_LENGTH_2400                                0         -nan%                0        0.000%
MEM_BLOCK_LENGTH_2500                                0         -nan%                0        0.000%
MEM_BLOCK_LENGTH_2600                                0         -nan%                0        0.000%
MEM_BLOCK_LENGTH_2700                                0         -nan%                0        0.000%
MEM_BLOCK_LENGTH_2800                                0         -nan%                0        0.000%
MEM_BLOCK_LENGTH_2900                                0         -nan%                0        0.000%
MEM_BLOCK_LENGTH_3000                                0         -nan%                0        0.000%
MEM_BLOCK_LENGTH_3100                                0         -nan%                0        0.000%
MEM_BLOCK_LENGTH_3200                                0         -nan%                0        0.000%
MEM_BLOCK_LENGTH_3300                                0         -nan%                0        0.000%
MEM_BLOCK_LENGTH_3400                                0         -nan%                0        0.000%
MEM_BLOCK_LENGTH_3500                                0         -nan%                0        0.000%
MEM_BLOCK_LENGTH_3600                                0         -nan%                0        0.000%
MEM_BLOCK_LENGTH_3700                                0         -nan%                0        0.000%
MEM_BLOCK_LENGTH_3800                                0         -nan%                0        0.000%
MEM_BLOCK_LENGTH_3900                                0         -nan%                0        0.000%
MEM_BLOCK_LENGTH_4000                                0         -nan%                0        0.000%
MEM_BLOCK_LENGTH_4100                                0         -nan%                0        0.000%
MEM_BLOCK_LENGTH_4200                                0         -nan%                0        0.000%
MEM_BLOCK_LENGTH_4300                                0         -nan%                0        0.000%
MEM_BLOCK_LENGTH_4400                                0         -nan%                0        0.000%
MEM_BLOCK_LENGTH_4500                                0         -nan%                0        0.000%
MEM_BLOCK_LENGTH_4600                                0         -nan%                0        0.000%
MEM_BLOCK_LENGTH_4700                                0         -nan%                0        0.000%
MEM_BLOCK_LENGTH_4800                                0         -nan%                0        0.000%
MEM_BLOCK_LENGTH_4900                                0         -nan%                0        0.000%
MEM_BLOCK_LENGTH_5000                                0         -nan%                0        0.000%
                                                     0         -nan%                2      100.000%
                                                  -nan         -nan              0.00         0.00

FUS_BUSY_ON_PATH                              10970158        1.3309         21945247        1.3162

FUS_BUSY_OFF_PATH                              8801412        1.0678         17744898        1.0643

FU_BUSY_MEM_STALL                                31641        0.0038            60079        0.0036

FUS_EMPTY                                     46169710        5.6013         93698463        5.6196

FU_UNAVAILABLE                                  519108        0.0630          1048013        0.0629

FU_MEM_UNAVAILABLE                               16475        0.0020            30671        0.0018

FU_REPLAY                                            0        0.0000                0        0.0000

FU_STARVED                                    45401837        5.5082         92167137        5.5277

CHIP_UTILIZATION                                     0        0.0000                0        0.0000

CYCLES_UNDER_MEM_REQ                                 0                              0              

CYCLES_UNDER_NO_MEM_REQ                              0                              0              

CYCLES_UNDER_CRITICAL_MEM_REQ                        0                              0              

CYCLES_UNDER_NONCRITICAL_MEM_REQ                     0                              0              

CHIP_UTILIZATION_UNDER_MEM_REQ                       0          -nan                0          -nan

CHIP_UTILIZATION_UNDER_NO_MEM_REQ                    0          -nan                0          -nan

CHIP_UTILIZATION_UNDER_CRITICAL_MEM_REQ              0          -nan                0          -nan

CHIP_UTILIZATION_UNDER_NONCRITICAL_MEM_REQ             0          -nan                0          -nan

CYCLES_NOT_WAITING_FOR_OFF_CHIP                      0        0.0000                0        0.0000

FUS_BUSY_NOT_WAITING_FOR_OFF_CHIP                    0          -nan                0          -nan

CYCLES_WAITING_FOR_OFF_CHIP                          0        0.0000                0        0.0000

FUS_BUSY_WAITING_FOR_OFF_CHIP                        0          -nan                0          -nan

TOTAL_OFF_CHIP_DELAYS_LEFT                           0                              0              

WRONG_IO_SCHED                                       0                              0              

DVFS_CONFIG_SWITCH                                   0                              0              

MAP_STAGE_RECEIVED_OPS_0                             0        0.000%                0        0.000%
MAP_STAGE_RECEIVED_OPS_1                        270752       11.974%           538506       11.923%
MAP_STAGE_RECEIVED_OPS_2                        102231        4.521%           198739        4.400%
MAP_STAGE_RECEIVED_OPS_3                        457618       20.238%           916381       20.290%
MAP_STAGE_RECEIVED_OPS_4                         64206        2.840%           128119        2.837%
MAP_STAGE_RECEIVED_OPS_5                        169294        7.487%           339085        7.508%
MAP_STAGE_RECEIVED_OPS_6                       1197038       52.940%          2395580       53.042%
MAP_STAGE_RECEIVED_OPS_7                             0        0.000%                0        0.000%
MAP_STAGE_RECEIVED_OPS_8                             0        0.000%                0        0.000%
MAP_STAGE_RECEIVED_OPS_MAX                           0        0.000%                0        0.000%
                                               2261139      100.000%          4516410      100.000%
                                                  4.48         1.85              4.49         1.85

MAP_STAGE_WAIT_FOR_DECODE                            0         -nan%                0         -nan%
MAP_STAGE_CONSUME_DECODE                             0         -nan%                0         -nan%
                                                     0         -nan%                0         -nan%
                                                  -nan         -nan              -nan         -nan

MAP_STAGE_WAIT_FOR_DECODE2                           0         -nan%                0         -nan%
MAP_STAGE_CONSUME_DECODE2                            0         -nan%                0         -nan%
                                                     0         -nan%                0         -nan%
                                                  -nan         -nan              -nan         -nan

FTQ_RECOVER_EXEC                                243480                         485214              

FTQ_RECOVER_DECODE                                   3                            340              

FTQ_OFFPATH_CYCLES                             1600522                        3329455              

FTQ_CYCLES_OFFPATH                             7677117                       15541177              

FTQ_CYCLES_ONPATH                               565543                        1132399              

FTQ_FETCHED_INS_OFFPATH                       87687475                      176963891              

FTQ_FETCHED_INS_ONPATH                        10220087                       20449321              

FTQ_BREAK_FULL_FT_ONPATH                         27626        8.581%            53427        8.261%
FTQ_BREAK_MAX_CFS_TAKEN_ONPATH                  138937       43.158%           276869       42.812%
FTQ_BREAK_MAX_BYTES_ONPATH                      155363       48.260%           316414       48.927%
FTQ_BREAK_PRED_BR_ONPATH                             0        0.000%                0        0.000%
FTQ_BREAK_BAR_FETCH_ONPATH                           0        0.000%                0        0.000%
                                                321926      100.000%           646710      100.000%
                                                  1.40         0.49              1.41         0.49

FTQ_BREAK_FULL_FT_OFFPATH                      4960361       62.626%         10087496       62.942%
FTQ_BREAK_MAX_CFS_TAKEN_OFFPATH                1704033       21.514%          3366525       21.006%
FTQ_BREAK_MAX_BYTES_OFFPATH                    1256205       15.860%          2572710       16.053%
FTQ_BREAK_PRED_BR_OFFPATH                            0        0.000%                0        0.000%
FTQ_BREAK_BAR_FETCH_OFFPATH                          0        0.000%                0        0.000%
                                               7920599      100.000%         16026731      100.000%
                                                  0.53         0.62              0.53         0.63



