/* -*- Mode: c -*- */
####################################################################################################
Core 0
####################################################################################################
Cumulative:        Cycles: 29411273              Instructions: 20000000              IPC: 0.68001

Periodic:          Cycles: 14490210              Instructions: 10000000              IPC: 0.69012

EXECUTION_TIME                           4528190625000                  9191022812500              

NODE_CYCLE                                    14490210                       29411273              

NODE_INST_COUNT                               10000000                       20000000              

NODE_INST_COUNT_FETCHED                       10000000                       20000000              

NODE_UOP_COUNT                                12290822                       24591565              

FULL_WINDOW_STALL                              2545802       17.569%          5534958       18.819%

FULL_WINDOW_MEM_OP                             2360160       99.992%          5161558       99.993%
FULL_WINDOW_FP_OP                                    0        0.000%                0        0.000%
FULL_WINDOW_OTHER_OP                               188        0.008%              358        0.007%
                                               2360348      100.000%          5161916      100.000%
                                                  0.00         0.02              0.00         0.02

RET_BLOCKED_DC_MISS                            5871735       40.522%         12178289       41.407%

RET_BLOCKED_L1_MISS                            1607119       11.091%          3788451       12.881%

RET_BLOCKED_L1_MISS_BW_PREF                       3607        0.025%             6080        0.021%

RET_BLOCKED_L1_ACCESS                          4264665       29.431%          8390019       28.527%

RET_BLOCKED_MEM_STALL                          1607119       11.091%          3788451       12.881%

RET_BLOCKED_OFFCHIP_DEMAND                           0        0.000%                0        0.000%

OP_ISSUED                                     38513880                       76822760              

OP_RETIRED                                    12290822                       24591565              

REPLAY_SIGNALED                                      0                              0              

REPLAY_COUNTED                                       0                              0              

OFF_CRITICAL_PATH                                    0         -nan%                0         -nan%
ON_CRITICAL_PATH                                     0         -nan%                0         -nan%
                                                     0         -nan%                0         -nan%
                                                  -nan         -nan              -nan         -nan

LD_NO_DEPENDENTS                                 23656        0.730%            47636        0.736%
LD_DEPENDENTS                                  3217171       99.270%          6427334       99.264%
                                               3240827      100.000%          6474970      100.000%
                                                  0.99         0.99              0.99         0.99

LD_EXEC_CYCLES_0                                     0        0.000%                0        0.000%
LD_EXEC_CYCLES_1                                     0        0.000%                0        0.000%
LD_EXEC_CYCLES_2                                     0        0.000%                0        0.000%
LD_EXEC_CYCLES_3                                   749       60.355%             1528       62.829%
LD_EXEC_CYCLES_4                                   492       39.645%              904       37.171%
                                                  1241      100.000%             2432      100.000%
                                                  3.40         2.19              3.37         2.11

ICACHE_STAGE_STARVED                                21        0.001%             3030        0.052%
ICACHE_STAGE_NOT_STARVED                       2934959       99.999%          5873541       99.948%
                                               2934980      100.000%          5876571      100.000%
                                                  1.00         1.00              1.00         1.00

ICACHE_STAGE_STALLED                            106420        0.734%           227689        0.774%
ICACHE_STAGE_NOT_STALLED                       2934980       20.255%          5875070       19.976%
ICACHE_STAGE_OFF_PATH                         11448810       79.011%         23308514       79.250%
                                              14490210      100.000%         29411273      100.000%
                                                  1.78         1.63              1.78         1.64

DECODE_STAGE_STARVED                          12248871       97.662%         24809339       97.692%
DECODE_STAGE_NOT_STARVED                        293253        2.338%           586024        2.308%
                                              12542124      100.000%         25395363      100.000%
                                                  0.02         0.15              0.02         0.15

DECODE_STAGE_STALLED                                 0        0.000%                1        0.000%
DECODE_STAGE_NOT_STALLED                      12542124       86.556%         25395362       86.346%
DECODE_STAGE_OFF_PATH                          1948086       13.444%          4015910       13.654%
                                              14490210      100.000%         29411273      100.000%
                                                  1.13         0.54              1.14         0.54

UOPQ_STAGE_STARVED                             8404088       93.439%         16769792       93.443%
UOPQ_STAGE_NOT_STARVED                          590066        6.561%          1176682        6.557%
                                               8994154      100.000%         17946474      100.000%
                                                  0.07         0.24              0.07         0.24

UOPQ_STAGE_STALLED                              110113        0.760%           232237        0.790%
UOPQ_STAGE_NOT_STALLED                         8994154       62.071%         17946474       61.019%
UOPQ_STAGE_OFF_PATH                            5385943       37.170%         11232562       38.191%
                                              14490210      100.000%         29411273      100.000%
                                                  1.36         0.96              1.37         0.98

MAP_STAGE_STARVED                               901132       20.445%          1816697       20.525%
MAP_STAGE_NOT_STARVED                          3506385       79.555%          7034337       79.475%
                                               4407517      100.000%          8851034      100.000%
                                                  0.80         0.73              0.79         0.73

MAP_STAGE_STALLED                               118382        0.817%           251197        0.854%
MAP_STAGE_NOT_STALLED                          4289135       29.600%          8599837       29.240%
MAP_STAGE_OFF_PATH                            10082693       69.583%         20560239       69.906%
                                              14490210      100.000%         29411273      100.000%
                                                  1.69         1.48              1.69         1.48

EXEC_STAGE_STARVED                             6218476       42.915%         12499046       42.497%
EXEC_STAGE_NOT_STARVED                          147269        1.016%           293991        1.000%
EXEC_STAGE_OFF_PATH                            8124465       56.069%         16618236       56.503%
                                              14490210      100.000%         29411273      100.000%
                                                  1.13         1.07              1.14         1.07

FU_BUSY_0                                      8100498                       16217633              

FU_BUSY_1                                      4442667                        8900860              

FU_BUSY_2                                      5001316                        9950337              

FU_BUSY_3                                      4187194                        8329793              

FU_BUSY_4                                      2437824                        4880652              

FU_BUSY_5                                      3031021                        6057193              

FU_BUSY_6                                      1242202                        2487742              

FU_BUSY_7                                      1551951                        3107625              

FU_BUSY_8                                            0                              0              

FU_BUSY_9                                            0                              0              

FU_BUSY_10                                           0                              0              

FU_BUSY_11                                           0                              0              

FU_BUSY_12                                           0                              0              

FU_BUSY_13                                           0                              0              

FU_BUSY_14                                           0                              0              

FU_BUSY_15                                           0                              0              

FU_BUSY_16                                           0                              0              

FU_BUSY_17                                           0                              0              

FU_BUSY_18                                           0                              0              

FU_BUSY_19                                           0                              0              

FU_BUSY_20                                           0                              0              

FU_BUSY_21                                           0                              0              

FU_BUSY_22                                           0                              0              

FU_BUSY_23                                           0                              0              

FU_BUSY_24                                           0                              0              

FU_BUSY_25                                           0                              0              

FU_BUSY_26                                           0                              0              

FU_BUSY_27                                           0                              0              

FU_BUSY_28                                           0                              0              

FU_BUSY_29                                           0                              0              

FU_BUSY_30                                           0                              0              

FU_BUSY_31                                           0                              0              

FU_REJECTED_OP_INV_NOT_SIMD                          0        0.000%                0        0.000%
FU_REJECTED_OP_NOP_NOT_SIMD                      26933       10.838%            54680       10.996%
FU_REJECTED_OP_CF_NOT_SIMD                        3626        1.459%             7562        1.521%
FU_REJECTED_OP_MOV_NOT_SIMD                      66671       26.828%           133493       26.845%
FU_REJECTED_OP_CMOV_NOT_SIMD                       125        0.050%              230        0.046%
FU_REJECTED_OP_LDA_NOT_SIMD                       6307        2.538%            12481        2.510%
FU_REJECTED_OP_IMEM_NOT_SIMD                      2702        1.087%             5204        1.046%
FU_REJECTED_OP_IADD_NOT_SIMD                     34703       13.964%            68941       13.864%
FU_REJECTED_OP_IMUL_NOT_SIMD                     44078       17.737%            87194       17.534%
FU_REJECTED_OP_IDIV_NOT_SIMD                      7252        2.918%            14701        2.956%
FU_REJECTED_OP_ICMP_NOT_SIMD                        81        0.033%              113        0.023%
FU_REJECTED_OP_LOGIC_NOT_SIMD                    15282        6.149%            30590        6.151%
FU_REJECTED_OP_SHIFT_NOT_SIMD                    40691       16.374%            81980       16.486%
FU_REJECTED_OP_FMEM_NOT_SIMD                        58        0.023%              110        0.022%
FU_REJECTED_OP_FCVT_NOT_SIMD                         0        0.000%                0        0.000%
FU_REJECTED_OP_FADD_NOT_SIMD                         0        0.000%                0        0.000%
FU_REJECTED_OP_FMUL_NOT_SIMD                         0        0.000%                0        0.000%
FU_REJECTED_OP_FMA_NOT_SIMD                          0        0.000%                0        0.000%
FU_REJECTED_OP_FDIV_NOT_SIMD                         0        0.000%                0        0.000%
FU_REJECTED_OP_FCMP_NOT_SIMD                         0        0.000%                0        0.000%
FU_REJECTED_OP_FCMOV_NOT_SIMD                        0        0.000%                0        0.000%
FU_REJECTED_OP_GATHER_NOT_SIMD                       0        0.000%                0        0.000%
FU_REJECTED_OP_SCATTER_NOT_SIMD                      0        0.000%                0        0.000%
FU_REJECTED_OP_PIPELINED_FAST_NOT_SIMD               0        0.000%                0        0.000%
FU_REJECTED_OP_PIPELINED_MEDIUM_NOT_SIMD             0        0.000%                0        0.000%
FU_REJECTED_OP_PIPELINED_SLOW_NOT_SIMD               0        0.000%                0        0.000%
FU_REJECTED_OP_NOTPIPELINED_MEDIUM_NOT_SIMD             0        0.000%                0        0.000%
FU_REJECTED_OP_NOTPIPELINED_SLOW_NOT_SIMD             0        0.000%                0        0.000%
FU_REJECTED_OP_NOTPIPELINED_VERY_SLOW_NOT_SIMD             0        0.000%                0        0.000%
FU_REJECTED_OP_INV_SIMD                              0        0.000%                0        0.000%
FU_REJECTED_OP_NOP_SIMD                              0        0.000%                0        0.000%
FU_REJECTED_OP_CF_SIMD                               0        0.000%                0        0.000%
FU_REJECTED_OP_MOV_SIMD                              0        0.000%                0        0.000%
FU_REJECTED_OP_CMOV_SIMD                             0        0.000%                0        0.000%
FU_REJECTED_OP_LDA_SIMD                              0        0.000%                0        0.000%
FU_REJECTED_OP_IMEM_SIMD                             0        0.000%                0        0.000%
FU_REJECTED_OP_IADD_SIMD                             0        0.000%                0        0.000%
FU_REJECTED_OP_IMUL_SIMD                             0        0.000%                0        0.000%
FU_REJECTED_OP_IDIV_SIMD                             0        0.000%                0        0.000%
FU_REJECTED_OP_ICMP_SIMD                             0        0.000%                0        0.000%
FU_REJECTED_OP_LOGIC_SIMD                            0        0.000%                0        0.000%
FU_REJECTED_OP_SHIFT_SIMD                            0        0.000%                0        0.000%
FU_REJECTED_OP_FMEM_SIMD                             0        0.000%                0        0.000%
FU_REJECTED_OP_FCVT_SIMD                             0        0.000%                0        0.000%
FU_REJECTED_OP_FADD_SIMD                             0        0.000%                0        0.000%
FU_REJECTED_OP_FMUL_SIMD                             0        0.000%                0        0.000%
FU_REJECTED_OP_FMA_SIMD                              0        0.000%                0        0.000%
FU_REJECTED_OP_FDIV_SIMD                             0        0.000%                0        0.000%
FU_REJECTED_OP_FCMP_SIMD                             0        0.000%                0        0.000%
FU_REJECTED_OP_FCMOV_SIMD                            0        0.000%                0        0.000%
FU_REJECTED_OP_GATHER_SIMD                           0        0.000%                0        0.000%
FU_REJECTED_OP_SCATTER_SIMD                          0        0.000%                0        0.000%
FU_REJECTED_OP_PIPELINED_FAST_SIMD                   0        0.000%                0        0.000%
FU_REJECTED_OP_PIPELINED_MEDIUM_SIMD                 0        0.000%                0        0.000%
FU_REJECTED_OP_PIPELINED_SLOW_SIMD                   0        0.000%                0        0.000%
FU_REJECTED_OP_NOTPIPELINED_MEDIUM_SIMD              0        0.000%                0        0.000%
FU_REJECTED_OP_NOTPIPELINED_SLOW_SIMD                0        0.000%                0        0.000%
FU_REJECTED_OP_NOTPIPELINED_VERY_SLOW_SIMD             0        0.000%                0        0.000%
                                                248509      100.000%           497279      100.000%
                                                  6.44         3.71              6.44         3.72

OP_WAIT_0                                      7146735                       14291300              

OP_WAIT_1                                      4498951                        9017368              

OP_WAIT_2                                       431604                         860560              

OP_WAIT_3                                       109141                         218392              

OP_WAIT_4                                        58591                         114693              

OP_WAIT_5                                        22116                          42988              

OP_WAIT_6                                         6569                          12740              

OP_WAIT_7                                         4401                           8724              

OP_WAIT_8                                         1075                           2097              

OP_WAIT_9                                          719                           1492              

OP_WAIT_10                                         492                            982              

OP_WAIT_11                                         265                            572              

OP_WAIT_12                                         193                            412              

OP_WAIT_13                                         137                            302              

OP_WAIT_14                                         149                            311              

OP_WAIT_15                                         144                            272              

OP_WAIT_16                                         106                            227              

OP_WAIT_17                                         109                            232              

OP_WAIT_18                                         124                            296              

OP_WAIT_19                                         135                            281              

OP_WAIT_20                                         106                            224              

OP_WAIT_21                                         106                            224              

OP_WAIT_22                                         112                            239              

OP_WAIT_23                                         168                            301              

OP_WAIT_24                                         216                            435              

OP_WAIT_25                                         163                            378              

OP_WAIT_26                                          92                            188              

OP_WAIT_27                                          67                            117              

OP_WAIT_28                                          51                            104              

OP_WAIT_29                                         136                            243              

OP_WAIT_30                                          91                            178              

OP_WAIT_31                                        7758                          14693              

ROW_SIZE_0                                     9028559                       18489568              

ROW_SIZE_1                                     1564168                        3124619              

ROW_SIZE_2                                      550696                        1099065              

ROW_SIZE_3                                      361651                         719570              

ROW_SIZE_4                                      251533                         502380              

ROW_SIZE_5                                      124829                         250660              

ROW_SIZE_6                                     1151672                        2307881              

ROW_SIZE_7                                           0                              0              

ROW_SIZE_8                                           0                              0              

ROW_SIZE_9                                           0                              0              

ROW_SIZE_10                                          0                              0              

ROW_SIZE_11                                          0                              0              

ROW_SIZE_12                                          0                              0              

ROW_SIZE_13                                          0                              0              

ROW_SIZE_14                                          0                              0              

ROW_SIZE_15                                          0                              0              

ROW_SIZE_16                                          0                              0              

ROW_SIZE_17                                          0                              0              

ROW_SIZE_18                                          0                              0              

ROW_SIZE_19                                          0                              0              

ROW_SIZE_20                                          0                              0              

ROW_SIZE_21                                          0                              0              

ROW_SIZE_22                                          0                              0              

ROW_SIZE_23                                          0                              0              

ROW_SIZE_24                                          0                              0              

ROW_SIZE_25                                          0                              0              

ROW_SIZE_26                                          0                              0              

ROW_SIZE_27                                          0                              0              

ROW_SIZE_28                                          0                              0              

ROW_SIZE_29                                          0                              0              

ROW_SIZE_30                                          0                              0              

ROW_SIZE_31                                          0                              0              

RET_OP_EXEC_COUNT_0                                  0        0.000%                0        0.000%
RET_OP_EXEC_COUNT_1                           12290822      100.000%         24591565      100.000%
RET_OP_EXEC_COUNT_2                                  0        0.000%                0        0.000%
RET_OP_EXEC_COUNT_3                                  0        0.000%                0        0.000%
RET_OP_EXEC_COUNT_4                                  0        0.000%                0        0.000%
RET_OP_EXEC_COUNT_5                                  0        0.000%                0        0.000%
RET_OP_EXEC_COUNT_6                                  0        0.000%                0        0.000%
RET_OP_EXEC_COUNT_7                                  0        0.000%                0        0.000%
RET_OP_EXEC_COUNT_8                                  0        0.000%                0        0.000%
RET_OP_EXEC_COUNT_9                                  0        0.000%                0        0.000%
RET_OP_EXEC_COUNT_10                                 0        0.000%                0        0.000%
RET_OP_EXEC_COUNT_11                                 0        0.000%                0        0.000%
RET_OP_EXEC_COUNT_12                                 0        0.000%                0        0.000%
RET_OP_EXEC_COUNT_13                                 0        0.000%                0        0.000%
RET_OP_EXEC_COUNT_14                                 0        0.000%                0        0.000%
RET_OP_EXEC_COUNT_15                                 0        0.000%                0        0.000%
RET_OP_EXEC_COUNT_16                                 0        0.000%                0        0.000%
RET_OP_EXEC_COUNT_17                                 0        0.000%                0        0.000%
RET_OP_EXEC_COUNT_18                                 0        0.000%                0        0.000%
RET_OP_EXEC_COUNT_19                                 0        0.000%                0        0.000%
RET_OP_EXEC_COUNT_20                                 0        0.000%                0        0.000%
RET_OP_EXEC_COUNT_21                                 0        0.000%                0        0.000%
RET_OP_EXEC_COUNT_22                                 0        0.000%                0        0.000%
RET_OP_EXEC_COUNT_23                                 0        0.000%                0        0.000%
RET_OP_EXEC_COUNT_24                                 0        0.000%                0        0.000%
RET_OP_EXEC_COUNT_25                                 0        0.000%                0        0.000%
RET_OP_EXEC_COUNT_26                                 0        0.000%                0        0.000%
RET_OP_EXEC_COUNT_27                                 0        0.000%                0        0.000%
RET_OP_EXEC_COUNT_28                                 0        0.000%                0        0.000%
RET_OP_EXEC_COUNT_29                                 0        0.000%                0        0.000%
RET_OP_EXEC_COUNT_30                                 0        0.000%                0        0.000%
RET_OP_EXEC_COUNT_31                                 0        0.000%                0        0.000%
RET_OP_EXEC_COUNT_32                                 0        0.000%                0        0.000%
                                              12290822      100.000%         24591565      100.000%
                                                  1.00         0.00              1.00         0.00

RET_STALL_LENGTH_0                            12281266       99.922%         24568745       99.907%
RET_STALL_LENGTH_100                              8806        0.072%            20923        0.085%
RET_STALL_LENGTH_200                               477        0.004%             1304        0.005%
RET_STALL_LENGTH_300                                47        0.000%              108        0.000%
RET_STALL_LENGTH_400                                23        0.000%               43        0.000%
RET_STALL_LENGTH_500                                12        0.000%               35        0.000%
RET_STALL_LENGTH_600                                15        0.000%               23        0.000%
RET_STALL_LENGTH_700                                 8        0.000%               16        0.000%
RET_STALL_LENGTH_800                                21        0.000%               35        0.000%
RET_STALL_LENGTH_900                                15        0.000%               33        0.000%
RET_STALL_LENGTH_1000                               19        0.000%               37        0.000%
RET_STALL_LENGTH_1100                               36        0.000%               73        0.000%
RET_STALL_LENGTH_1200                               56        0.000%              144        0.001%
RET_STALL_LENGTH_1300                               17        0.000%               39        0.000%
RET_STALL_LENGTH_1400                                1        0.000%                3        0.000%
RET_STALL_LENGTH_1500                                1        0.000%                1        0.000%
RET_STALL_LENGTH_1600                                1        0.000%                1        0.000%
RET_STALL_LENGTH_1700                                0        0.000%                1        0.000%
RET_STALL_LENGTH_1800                                1        0.000%                1        0.000%
RET_STALL_LENGTH_1900                                0        0.000%                0        0.000%
RET_STALL_LENGTH_2000                                0        0.000%                0        0.000%
RET_STALL_LENGTH_2100                                0        0.000%                0        0.000%
RET_STALL_LENGTH_2200                                0        0.000%                0        0.000%
RET_STALL_LENGTH_2300                                0        0.000%                0        0.000%
RET_STALL_LENGTH_2400                                0        0.000%                0        0.000%
RET_STALL_LENGTH_2500                                0        0.000%                0        0.000%
RET_STALL_LENGTH_2600                                0        0.000%                0        0.000%
RET_STALL_LENGTH_2700                                0        0.000%                0        0.000%
RET_STALL_LENGTH_2800                                0        0.000%                0        0.000%
RET_STALL_LENGTH_2900                                0        0.000%                0        0.000%
RET_STALL_LENGTH_3000                                0        0.000%                0        0.000%
RET_STALL_LENGTH_3100                                0        0.000%                0        0.000%
RET_STALL_LENGTH_3200                                0        0.000%                0        0.000%
RET_STALL_LENGTH_3300                                0        0.000%                0        0.000%
RET_STALL_LENGTH_3400                                0        0.000%                0        0.000%
RET_STALL_LENGTH_3500                                0        0.000%                0        0.000%
RET_STALL_LENGTH_3600                                0        0.000%                0        0.000%
RET_STALL_LENGTH_3700                                0        0.000%                0        0.000%
RET_STALL_LENGTH_3800                                0        0.000%                0        0.000%
RET_STALL_LENGTH_3900                                0        0.000%                0        0.000%
RET_STALL_LENGTH_4000                                0        0.000%                0        0.000%
RET_STALL_LENGTH_4100                                0        0.000%                0        0.000%
RET_STALL_LENGTH_4200                                0        0.000%                0        0.000%
RET_STALL_LENGTH_4300                                0        0.000%                0        0.000%
RET_STALL_LENGTH_4400                                0        0.000%                0        0.000%
RET_STALL_LENGTH_4500                                0        0.000%                0        0.000%
RET_STALL_LENGTH_4600                                0        0.000%                0        0.000%
RET_STALL_LENGTH_4700                                0        0.000%                0        0.000%
RET_STALL_LENGTH_4800                                0        0.000%                0        0.000%
RET_STALL_LENGTH_4900                                0        0.000%                0        0.000%
RET_STALL_LENGTH_5000                                0        0.000%                0        0.000%
                                              12290822      100.000%         24591565      100.000%
                                                  0.00         0.05              0.00         0.06

MEM_BLOCK_LENGTH_0                                   6      100.000%                7      100.000%
MEM_BLOCK_LENGTH_100                                 0        0.000%                0        0.000%
MEM_BLOCK_LENGTH_200                                 0        0.000%                0        0.000%
MEM_BLOCK_LENGTH_300                                 0        0.000%                0        0.000%
MEM_BLOCK_LENGTH_400                                 0        0.000%                0        0.000%
MEM_BLOCK_LENGTH_500                                 0        0.000%                0        0.000%
MEM_BLOCK_LENGTH_600                                 0        0.000%                0        0.000%
MEM_BLOCK_LENGTH_700                                 0        0.000%                0        0.000%
MEM_BLOCK_LENGTH_800                                 0        0.000%                0        0.000%
MEM_BLOCK_LENGTH_900                                 0        0.000%                0        0.000%
MEM_BLOCK_LENGTH_1000                                0        0.000%                0        0.000%
MEM_BLOCK_LENGTH_1100                                0        0.000%                0        0.000%
MEM_BLOCK_LENGTH_1200                                0        0.000%                0        0.000%
MEM_BLOCK_LENGTH_1300                                0        0.000%                0        0.000%
MEM_BLOCK_LENGTH_1400                                0        0.000%                0        0.000%
MEM_BLOCK_LENGTH_1500                                0        0.000%                0        0.000%
MEM_BLOCK_LENGTH_1600                                0        0.000%                0        0.000%
MEM_BLOCK_LENGTH_1700                                0        0.000%                0        0.000%
MEM_BLOCK_LENGTH_1800                                0        0.000%                0        0.000%
MEM_BLOCK_LENGTH_1900                                0        0.000%                0        0.000%
MEM_BLOCK_LENGTH_2000                                0        0.000%                0        0.000%
MEM_BLOCK_LENGTH_2100                                0        0.000%                0        0.000%
MEM_BLOCK_LENGTH_2200                                0        0.000%                0        0.000%
MEM_BLOCK_LENGTH_2300                                0        0.000%                0        0.000%
MEM_BLOCK_LENGTH_2400                                0        0.000%                0        0.000%
MEM_BLOCK_LENGTH_2500                                0        0.000%                0        0.000%
MEM_BLOCK_LENGTH_2600                                0        0.000%                0        0.000%
MEM_BLOCK_LENGTH_2700                                0        0.000%                0        0.000%
MEM_BLOCK_LENGTH_2800                                0        0.000%                0        0.000%
MEM_BLOCK_LENGTH_2900                                0        0.000%                0        0.000%
MEM_BLOCK_LENGTH_3000                                0        0.000%                0        0.000%
MEM_BLOCK_LENGTH_3100                                0        0.000%                0        0.000%
MEM_BLOCK_LENGTH_3200                                0        0.000%                0        0.000%
MEM_BLOCK_LENGTH_3300                                0        0.000%                0        0.000%
MEM_BLOCK_LENGTH_3400                                0        0.000%                0        0.000%
MEM_BLOCK_LENGTH_3500                                0        0.000%                0        0.000%
MEM_BLOCK_LENGTH_3600                                0        0.000%                0        0.000%
MEM_BLOCK_LENGTH_3700                                0        0.000%                0        0.000%
MEM_BLOCK_LENGTH_3800                                0        0.000%                0        0.000%
MEM_BLOCK_LENGTH_3900                                0        0.000%                0        0.000%
MEM_BLOCK_LENGTH_4000                                0        0.000%                0        0.000%
MEM_BLOCK_LENGTH_4100                                0        0.000%                0        0.000%
MEM_BLOCK_LENGTH_4200                                0        0.000%                0        0.000%
MEM_BLOCK_LENGTH_4300                                0        0.000%                0        0.000%
MEM_BLOCK_LENGTH_4400                                0        0.000%                0        0.000%
MEM_BLOCK_LENGTH_4500                                0        0.000%                0        0.000%
MEM_BLOCK_LENGTH_4600                                0        0.000%                0        0.000%
MEM_BLOCK_LENGTH_4700                                0        0.000%                0        0.000%
MEM_BLOCK_LENGTH_4800                                0        0.000%                0        0.000%
MEM_BLOCK_LENGTH_4900                                0        0.000%                0        0.000%
MEM_BLOCK_LENGTH_5000                                0        0.000%                0        0.000%
                                                     6      100.000%                7      100.000%
                                                  0.00         0.00              0.00         0.00

FUS_BUSY_ON_PATH                              12605341        0.8699         25219058        0.8575

FUS_BUSY_OFF_PATH                             17389332        1.2001         34712777        1.1803

FU_BUSY_MEM_STALL                               153140        0.0106           304875        0.0104

FUS_EMPTY                                     85927007        5.9300        175358349        5.9623

FU_UNAVAILABLE                                  214038        0.0148           428787        0.0146

FU_MEM_UNAVAILABLE                               34471        0.0024            68492        0.0023

FU_REPLAY                                            0        0.0000                0        0.0000

FU_STARVED                                    84791781        5.8517        173085055        5.8850

CHIP_UTILIZATION                                     0        0.0000                0        0.0000

CYCLES_UNDER_MEM_REQ                                 0                              0              

CYCLES_UNDER_NO_MEM_REQ                              0                              0              

CYCLES_UNDER_CRITICAL_MEM_REQ                        0                              0              

CYCLES_UNDER_NONCRITICAL_MEM_REQ                     0                              0              

CHIP_UTILIZATION_UNDER_MEM_REQ                       0          -nan                0          -nan

CHIP_UTILIZATION_UNDER_NO_MEM_REQ                    0          -nan                0          -nan

CHIP_UTILIZATION_UNDER_CRITICAL_MEM_REQ              0          -nan                0          -nan

CHIP_UTILIZATION_UNDER_NONCRITICAL_MEM_REQ             0          -nan                0          -nan

CYCLES_NOT_WAITING_FOR_OFF_CHIP                      0        0.0000                0        0.0000

FUS_BUSY_NOT_WAITING_FOR_OFF_CHIP                    0          -nan                0          -nan

CYCLES_WAITING_FOR_OFF_CHIP                          0        0.0000                0        0.0000

FUS_BUSY_WAITING_FOR_OFF_CHIP                        0          -nan                0          -nan

TOTAL_OFF_CHIP_DELAYS_LEFT                           0                              0              

WRONG_IO_SCHED                                       0                              0              

DVFS_CONFIG_SWITCH                                   0                              0              

MAP_STAGE_RECEIVED_OPS_0                             0        0.000%                0        0.000%
MAP_STAGE_RECEIVED_OPS_1                        507134       16.443%          1019555       16.514%
MAP_STAGE_RECEIVED_OPS_2                        427992       13.877%           853814       13.829%
MAP_STAGE_RECEIVED_OPS_3                        523971       16.989%          1046355       16.948%
MAP_STAGE_RECEIVED_OPS_4                        259140        8.402%           521969        8.454%
MAP_STAGE_RECEIVED_OPS_5                        230450        7.472%           465141        7.534%
MAP_STAGE_RECEIVED_OPS_6                       1135467       36.816%          2267081       36.720%
MAP_STAGE_RECEIVED_OPS_7                             0        0.000%                0        0.000%
MAP_STAGE_RECEIVED_OPS_8                             0        0.000%                0        0.000%
MAP_STAGE_RECEIVED_OPS_MAX                           0        0.000%                0        0.000%
                                               3084154      100.000%          6173915      100.000%
                                                  3.87         1.93              3.87         1.93

MAP_STAGE_WAIT_FOR_DECODE                            0         -nan%                0         -nan%
MAP_STAGE_CONSUME_DECODE                             0         -nan%                0         -nan%
                                                     0         -nan%                0         -nan%
                                                  -nan         -nan              -nan         -nan

MAP_STAGE_WAIT_FOR_DECODE2                           0         -nan%                0         -nan%
MAP_STAGE_CONSUME_DECODE2                            0         -nan%                0         -nan%
                                                     0         -nan%                0         -nan%
                                                  -nan         -nan              -nan         -nan

FTQ_RECOVER_EXEC                                303858                         609273              

FTQ_RECOVER_DECODE                                   0                             87              

FTQ_OFFPATH_CYCLES                             3806520                        7820694              

FTQ_CYCLES_OFFPATH                            13344778                       27102018              

FTQ_CYCLES_ONPATH                              1145432                        2309255              

FTQ_FETCHED_INS_OFFPATH                      102834415                      204530076              

FTQ_FETCHED_INS_ONPATH                        11986937                       23982205              

FTQ_BREAK_FULL_FT_ONPATH                        170454       20.255%           354218       20.838%
FTQ_BREAK_MAX_CFS_TAKEN_ONPATH                  651675       77.438%          1307609       76.924%
FTQ_BREAK_MAX_BYTES_ONPATH                       19419        2.308%            38041        2.238%
FTQ_BREAK_PRED_BR_ONPATH                             0        0.000%                0        0.000%
FTQ_BREAK_BAR_FETCH_ONPATH                           0        0.000%                0        0.000%
                                                841548      100.000%          1699868      100.000%
                                                  0.82         0.24              0.81         0.24

FTQ_BREAK_FULL_FT_OFFPATH                      9005417       65.980%         18392793       66.373%
FTQ_BREAK_MAX_CFS_TAKEN_OFFPATH                4402802       32.258%          8853182       31.948%
FTQ_BREAK_MAX_BYTES_OFFPATH                     240416        1.761%           465403        1.679%
FTQ_BREAK_PRED_BR_OFFPATH                            0        0.000%                0        0.000%
FTQ_BREAK_BAR_FETCH_OFFPATH                          0        0.000%                0        0.000%
                                              13648635      100.000%         27711378      100.000%
                                                  0.36         0.42              0.35         0.42



