Scarab gitrev: 3541854
Scarab started at Sun Nov 17 22:20:35 2024

Initialized Ramulator. 
** Heartbeat:   5% -- { 1000001 } -- 0.00 KIPS (19.61 KIPS)
** Heartbeat:  10% -- { 2000006 } -- 2.42 KIPS (4.31 KIPS)
** Heartbeat:  15% -- { 3000007 } -- 38.46 KIPS (6.12 KIPS)
** Heartbeat:  20% -- { 4000008 } -- 38.46 KIPS (7.75 KIPS)
** Heartbeat:  25% -- { 5000012 } -- 38.46 KIPS (9.23 KIPS)
** Heartbeat:  30% -- { 6000014 } -- 38.46 KIPS (10.56 KIPS)
** Heartbeat:  35% -- { 7000015 } -- 33.33 KIPS (11.71 KIPS)
** Heartbeat:  40% -- { 8000019 } -- 34.48 KIPS (12.76 KIPS)
** Heartbeat:  45% -- { 9000019 } -- 35.71 KIPS (13.74 KIPS)
** Heartbeat:  50% -- { 10000021 } -- 34.48 KIPS (14.62 KIPS)
** Heartbeat:  55% -- { 11000024 } -- 28.57 KIPS (15.30 KIPS)
** Heartbeat:  60% -- { 12000024 } -- 33.33 KIPS (16.02 KIPS)
** Heartbeat:  65% -- { 13000029 } -- 33.33 KIPS (16.69 KIPS)
** Heartbeat:  70% -- { 14000030 } -- 28.57 KIPS (17.20 KIPS)
** Heartbeat:  75% -- { 15000032 } -- 35.71 KIPS (17.81 KIPS)
** Heartbeat:  80% -- { 16000032 } -- 29.41 KIPS (18.26 KIPS)
** Heartbeat:  85% -- { 17000032 } -- 27.78 KIPS (18.64 KIPS)
** Heartbeat:  90% -- { 18000032 } -- 35.71 KIPS (19.15 KIPS)
** Heartbeat:  95% -- { 19000034 } -- 5.05 KIPS (16.70 KIPS)
Warning could not fetch inst from frontend
Warning could not fetch inst from frontend
Warning could not fetch inst from frontend
Warning could not fetch inst from frontend
Warning could not fetch inst from frontend
Warning could not fetch inst from frontend
Warning could not fetch inst from frontend
Warning could not fetch inst from frontend
Warning could not fetch inst from frontend
Warning could not fetch inst from frontend
Warning could not fetch inst from frontend
Warning could not fetch inst from frontend
Warning could not fetch inst from frontend
Warning could not fetch inst from frontend
Warning could not fetch inst from frontend
Warning could not fetch inst from frontend
Warning could not fetch inst from frontend
Warning could not fetch inst from frontend
Warning could not fetch inst from frontend
Warning could not fetch inst from frontend
Warning could not fetch inst from frontend
Warning could not fetch inst from frontend
Warning could not fetch inst from frontend
Warning could not fetch inst from frontend
Warning could not fetch inst from frontend
Warning could not fetch inst from frontend
Warning could not fetch inst from frontend
** Core 0 Finished:    insts:20000000    cycles:29246324    time:9139476250000       -- 0.68 IPC (0.68 IPC) --  N/A  KIPS (11.74 KIPS)
Scarab finished at Sun Nov 17 22:49:27 2024

