Scarab gitrev: 3541854
Scarab started at Wed Nov 27 17:04:00 2024

Initialized Ramulator. 
** Heartbeat:   5% -- { 1000000 } -- 0.00 KIPS (37.04 KIPS)
** Heartbeat:  10% -- { 2000000 } -- 34.48 KIPS (35.71 KIPS)
** Heartbeat:  15% -- { 3000000 } -- 38.46 KIPS (36.59 KIPS)
** Heartbeat:  20% -- { 4000000 } -- 66.67 KIPS (41.24 KIPS)
** Heartbeat:  25% -- { 5000000 } -- 55.56 KIPS (43.48 KIPS)
** Heartbeat:  30% -- { 6000000 } -- 62.50 KIPS (45.80 KIPS)
** Heartbeat:  35% -- { 7000000 } -- 62.50 KIPS (47.62 KIPS)
** Heartbeat:  40% -- { 8000000 } -- 50.00 KIPS (47.90 KIPS)
** Heartbeat:  45% -- { 9000000 } -- 41.67 KIPS (47.12 KIPS)
** Heartbeat:  50% -- { 10000000 } -- 37.04 KIPS (45.87 KIPS)
** Heartbeat:  55% -- { 11000000 } -- 45.45 KIPS (45.83 KIPS)
** Heartbeat:  60% -- { 12000000 } -- 41.67 KIPS (45.45 KIPS)
** Heartbeat:  65% -- { 13000000 } -- 43.48 KIPS (45.30 KIPS)
** Heartbeat:  70% -- { 14000000 } -- 66.67 KIPS (46.36 KIPS)
** Heartbeat:  75% -- { 15000000 } -- 50.00 KIPS (46.58 KIPS)
** Heartbeat:  80% -- { 16000000 } -- 41.67 KIPS (46.24 KIPS)
** Heartbeat:  85% -- { 17000000 } -- 52.63 KIPS (46.58 KIPS)
** Heartbeat:  90% -- { 18000005 } -- 58.82 KIPS (47.12 KIPS)
** Heartbeat:  95% -- { 19000010 } -- 58.82 KIPS (47.62 KIPS)
** Core 0 Finished:    insts:20000000    cycles:20916366    time:6536364375000       -- 0.96 IPC (0.96 IPC) --  N/A  KIPS (48.08 KIPS)
Scarab finished at Wed Nov 27 17:10:56 2024

