/* -*- Mode: c -*- */
####################################################################################################
Core 0
####################################################################################################
Cumulative:        Cycles: 20916366              Instructions: 20000000              IPC: 0.95619

Periodic:          Cycles: 10380194              Instructions: 10000000              IPC: 0.96337

DCACHE_PREF_HIT                                      0                              0              

IFETCH_WB_FIRST_SCHEDULE                             0         -nan%                0         -nan%
PREFETCH_LAST_SCHEDULE                               0         -nan%                0         -nan%
DEMAND_PASS_PREF_SCHEDULE                            0         -nan%                0         -nan%
DEMAND_PASS_LOW_OP_SCHEDULE                          0         -nan%                0         -nan%
DEMAND_LAST_SCHEDULE                                 0         -nan%                0         -nan%
                                                     0         -nan%                0         -nan%
                                                  -nan         -nan              -nan         -nan

SEND_MISS_REQ_QUEUE                             160913                         328480              

L1_DATA_EVICT                                   160911                         295709              

STREAM_BUFFER_REQ                                    0                              0              

PREF_SEND_TO_MEM_REQ                                 0         -nan%                0         -nan%
PREF_SEND_TO_MEM_REQ_FAIL                            0         -nan%                0         -nan%
                                                     0         -nan%                0         -nan%
                                                  -nan         -nan              -nan         -nan

HIT_TRAIN_STREAM                                148997       98.558%           300508       98.526%
MISS_TRAIN_STREAM                                 2180        1.442%             4495        1.474%
                                                151177      100.000%           305003      100.000%
                                                  0.01         0.12              0.01         0.12

STREAM_TRAIN_CREATE                               1366                           2848              

MEM_REQ_MISS_HWP_PREF_Q                              0         -nan%                0         -nan%
MEM_REQ_MISS_SW_PREF_Q                               0         -nan%                0         -nan%
MEM_REQ_MISS_IFETCH_Q                                0         -nan%                0         -nan%
MEM_REQ_MISS_DFETCH_Q                                0         -nan%                0         -nan%
MEM_REQ_MISS_DSTORE_Q                                0         -nan%                0         -nan%
MEM_REQ_MISS_DPRF_Q                                  0         -nan%                0         -nan%
MEM_REQ_MISS_WB_Q                                    0         -nan%                0         -nan%
                                                     0         -nan%                0         -nan%
                                                  -nan         -nan              -nan         -nan

PREF_HIT_BY_DEMAND_IFETCH                            0         -nan%                0         -nan%
PREF_HIT_BY_DEMAND_DFETCH                            0         -nan%                0         -nan%
PREF_HIT_BY_DEMAND_DSTORE                            0         -nan%                0         -nan%
PREF_HIT_BY_DEMAND_IPREF                             0         -nan%                0         -nan%
PREF_HIT_BY_DEMAND_DPRF                              0         -nan%                0         -nan%
PREF_HIT_BY_DEMAND_WB                                0         -nan%                0         -nan%
PREF_HIT_BY_PREF                                     0         -nan%                0         -nan%
                                                     0         -nan%                0         -nan%
                                                  -nan         -nan              -nan         -nan

PREF_HIT_DEMAND_IFETCH                               0         -nan%                0         -nan%
PREF_HIT_DEMAND_DFETCH                               0         -nan%                0         -nan%
PREF_HIT_DEMAND_DSTORE                               0         -nan%                0         -nan%
PREF_HIT_DEMAND_IPREF                                0         -nan%                0         -nan%
PREF_HIT_DEMAND_DPRF                                 0         -nan%                0         -nan%
PREF_HIT_DEMAND_WB                                   0         -nan%                0         -nan%
                                                     0         -nan%                0         -nan%
                                                  -nan         -nan              -nan         -nan

PREF_L1_FILL                                         0         -nan%                0         -nan%
DEMAND_L1_FILL                                       0         -nan%                0         -nan%
                                                     0         -nan%                0         -nan%
                                                  -nan         -nan              -nan         -nan

TOUCH_L1_REPLACE                                     0        0.000%                0        0.000%
NO_TOUCH_L1_REPLACE                             160911      100.000%           295709      100.000%
                                                160911      100.000%           295709      100.000%
                                                  1.00         1.00              1.00         1.00

PREF_REQ_QUE_FULL                                    0                              0              

STREAM_REQ_QUEUE_HIT_BY_DEMAND                       0                              0              

L2HIT_STREAM_PREF_REQ_QUE_FULL                       0                              0              

L2HIT_HIT_TRAIN_STREAM                               0         -nan%                0         -nan%
L2HIT_MISS_TRAIN_STREAM                              0         -nan%                0         -nan%
                                                     0         -nan%                0         -nan%
                                                  -nan         -nan              -nan         -nan

L2HIT_STREAM_TRAIN_CREATE                            0                              0              

L2HIT_STREAM_BUFFER_REQ                              0                              0              

L2HIT_STREAM_PREF_DCACHE_HIT                         0         -nan%                0         -nan%
L2HIT_STREAM_PREF_DCACHE_INSERT                      0         -nan%                0         -nan%
L2HIT_STREAM_L2_MISS                                 0         -nan%                0         -nan%
                                                     0         -nan%                0         -nan%
                                                  -nan         -nan              -nan         -nan

L2HIT_STREAM_DCACHE_PORT_FULL                        0                              0              

L2HIT_STREAM_PREF_L1_PORT_FULL                       0                              0              

L2HIT_TRAIN_HIT_DEMAND                               0         -nan%                0         -nan%
L2HIT_TRAIN_MISS_REQ                                 0         -nan%                0         -nan%
                                                     0         -nan%                0         -nan%
                                                  -nan         -nan              -nan         -nan

L2HIT_TRAIN_FILTER_MISS                              0         -nan%                0         -nan%
L2HIT_TRAIN_FILTER_HIT                               0         -nan%                0         -nan%
                                                     0         -nan%                0         -nan%
                                                  -nan         -nan              -nan         -nan

L2HIT_PREF_REQ_DCACHE_HIT                            0         -nan%                0         -nan%
L2HIT_PREF_REQ_DCACHE_MISS                           0         -nan%                0         -nan%
                                                     0         -nan%                0         -nan%
                                                  -nan         -nan              -nan         -nan

L2HIT_L2SEND_Q_FULL                                  0         -nan%                0         -nan%
L2HIT_L2SEND_Q_ENTER                                 0         -nan%                0         -nan%
                                                     0         -nan%                0         -nan%
                                                  -nan         -nan              -nan         -nan

L2HIT_MEM_REQ                                        0                              0              

REMOVE_REDUNDANT_STREAM_STAT                         0                              0              

REPLACE_OLD_STREAM                                1366                           2832              

REQ_SEND_QUEUE_STALL                                 0                              0              

STREAM_ENTER_RA                                      0                              0              

CORE_STREAM_LENGTH_0                                 7        8.434%               18       10.976%
CORE_STREAM_LENGTH_10                               24       28.916%               46       28.049%
CORE_STREAM_LENGTH_20                               12       14.458%               28       17.073%
CORE_STREAM_LENGTH_30                                5        6.024%               10        6.098%
CORE_STREAM_LENGTH_40                                5        6.024%               13        7.927%
CORE_STREAM_LENGTH_50                                2        2.410%                2        1.220%
CORE_STREAM_LENGTH_60                                3        3.614%                5        3.049%
CORE_STREAM_LENGTH_70                                0        0.000%                2        1.220%
CORE_STREAM_LENGTH_80                                4        4.819%                6        3.659%
CORE_STREAM_LENGTH_90                                5        6.024%                6        3.659%
CORE_STREAM_LENGTH_100_P                            16       19.277%               28       17.073%
                                                    83      100.000%              164      100.000%
                                                  4.19         4.00              3.78         3.72

CORE_CUM_STREAM_LENGTH_0                            58        0.038%              139        0.046%
CORE_CUM_STREAM_LENGTH_10                          356        0.234%              670        0.219%
CORE_CUM_STREAM_LENGTH_20                          298        0.196%              690        0.226%
CORE_CUM_STREAM_LENGTH_30                          161        0.106%              338        0.111%
CORE_CUM_STREAM_LENGTH_40                          216        0.142%              582        0.191%
CORE_CUM_STREAM_LENGTH_50                          106        0.070%              106        0.035%
CORE_CUM_STREAM_LENGTH_60                          189        0.124%              309        0.101%
CORE_CUM_STREAM_LENGTH_70                            0        0.000%              145        0.047%
CORE_CUM_STREAM_LENGTH_80                          332        0.218%              502        0.164%
CORE_CUM_STREAM_LENGTH_90                          483        0.317%              579        0.190%
CORE_CUM_STREAM_LENGTH_100_P                    149984       98.555%           301391       98.671%
                                                152183      100.000%           305451      100.000%
                                                  9.93         9.88              9.93         9.88

CORE_STREAM_TRAIN_HITS_0                            43       51.807%               91       55.488%
CORE_STREAM_TRAIN_HITS_10                           15       18.072%               29       17.683%
CORE_STREAM_TRAIN_HITS_20                            4        4.819%                7        4.268%
CORE_STREAM_TRAIN_HITS_30                            7        8.434%               11        6.707%
CORE_STREAM_TRAIN_HITS_40                            2        2.410%                2        1.220%
CORE_STREAM_TRAIN_HITS_50                            0        0.000%                0        0.000%
CORE_STREAM_TRAIN_HITS_60                            0        0.000%                0        0.000%
CORE_STREAM_TRAIN_HITS_70                            0        0.000%                0        0.000%
CORE_STREAM_TRAIN_HITS_80                            0        0.000%                0        0.000%
CORE_STREAM_TRAIN_HITS_90                            0        0.000%                0        0.000%
CORE_STREAM_TRAIN_HITS_100_P                        12       14.458%               24       14.634%
                                                    83      100.000%              164      100.000%
                                                  2.07         3.19              1.98         3.22

CORE_CUM_STREAM_TRAIN_HITS_0                       272        0.182%              573        0.190%
CORE_CUM_STREAM_TRAIN_HITS_10                      197        0.132%              394        0.131%
CORE_CUM_STREAM_TRAIN_HITS_20                       91        0.061%              163        0.054%
CORE_CUM_STREAM_TRAIN_HITS_30                      236        0.158%              365        0.121%
CORE_CUM_STREAM_TRAIN_HITS_40                       92        0.061%               92        0.031%
CORE_CUM_STREAM_TRAIN_HITS_50                        0        0.000%                0        0.000%
CORE_CUM_STREAM_TRAIN_HITS_60                        0        0.000%                0        0.000%
CORE_CUM_STREAM_TRAIN_HITS_70                        0        0.000%                0        0.000%
CORE_CUM_STREAM_TRAIN_HITS_80                        0        0.000%                0        0.000%
CORE_CUM_STREAM_TRAIN_HITS_90                        0        0.000%                0        0.000%
CORE_CUM_STREAM_TRAIN_HITS_100_P                148795       99.407%           299577       99.473%
                                                149683      100.000%           301164      100.000%
                                                  9.95         9.93              9.95         9.94

CORE_STREAM_TRAIN_CREATE                          1366                           2848              



