/* -*- Mode: c -*- */
####################################################################################################
Core 0
####################################################################################################
Cumulative:        Cycles: 12456531              Instructions: 20000000              IPC: 1.60558

Periodic:          Cycles: 6230721               Instructions: 9999996               IPC: 1.60495

EXECUTION_TIME                           1947100312500                  3892665937500              

NODE_CYCLE                                     6230721                       12456531              

NODE_INST_COUNT                                9999996                       20000000              

NODE_INST_COUNT_FETCHED                        9999996                       20000000              

NODE_UOP_COUNT                                14411991                       28823983              

FULL_WINDOW_STALL                              3181216       51.057%          6353850       51.008%

FULL_WINDOW_MEM_OP                              324969       13.314%           643721       13.207%
FULL_WINDOW_FP_OP                              2115902       86.686%          4230495       86.793%
FULL_WINDOW_OTHER_OP                                 0        0.000%                7        0.000%
                                               2440871      100.000%          4874223      100.000%
                                                  0.87         0.12              0.87         0.12

RET_BLOCKED_DC_MISS                             111527        1.790%           224883        1.805%

RET_BLOCKED_L1_MISS                               6356        0.102%            15313        0.123%

RET_BLOCKED_L1_MISS_BW_PREF                       2098        0.034%             4089        0.033%

RET_BLOCKED_L1_ACCESS                           105171        1.688%           209578        1.682%

RET_BLOCKED_MEM_STALL                            31186        0.501%            60850        0.488%

RET_BLOCKED_OFFCHIP_DEMAND                           0        0.000%                0        0.000%

OP_ISSUED                                     14442210                       28890963              

OP_RETIRED                                    14411991                       28823983              

REPLAY_SIGNALED                                      0                              0              

REPLAY_COUNTED                                       0                              0              

OFF_CRITICAL_PATH                                    0         -nan%                0         -nan%
ON_CRITICAL_PATH                                     0         -nan%                0         -nan%
                                                     0         -nan%                0         -nan%
                                                  -nan         -nan              -nan         -nan

LD_NO_DEPENDENTS                                     0        0.000%                4        0.000%
LD_DEPENDENTS                                  7821984      100.000%         15643959      100.000%
                                               7821984      100.000%         15643963      100.000%
                                                  1.00         1.00              1.00         1.00

LD_EXEC_CYCLES_0                                     0        0.000%                0        0.000%
LD_EXEC_CYCLES_1                                     0        0.000%                0        0.000%
LD_EXEC_CYCLES_2                                     0        0.000%                0        0.000%
LD_EXEC_CYCLES_3                                 10100       49.741%            19997       49.722%
LD_EXEC_CYCLES_4                                 10205       50.259%            20221       50.278%
                                                 20305      100.000%            40218      100.000%
                                                  3.50         2.53              3.50         2.53

ICACHE_STAGE_STARVED                               191        0.006%             2387        0.039%
ICACHE_STAGE_NOT_STARVED                       3092765       99.994%          6185680       99.961%
                                               3092956      100.000%          6188067      100.000%
                                                  1.00         1.00              1.00         1.00

ICACHE_STAGE_STALLED                           3119212       50.062%          6227630       49.995%
ICACHE_STAGE_NOT_STALLED                       3092956       49.640%          6186972       49.668%
ICACHE_STAGE_OFF_PATH                            18553        0.298%            41929        0.337%
                                               6230721      100.000%         12456531      100.000%
                                                  0.50         0.36              0.50         0.36

DECODE_STAGE_STARVED                           6230425       99.999%         12453691       99.996%
DECODE_STAGE_NOT_STARVED                            54        0.001%              484        0.004%
                                               6230479      100.000%         12454175      100.000%
                                                  0.00         0.00              0.00         0.01

DECODE_STAGE_STALLED                                20        0.000%              196        0.002%
DECODE_STAGE_NOT_STALLED                       6230459       99.996%         12453979       99.980%
DECODE_STAGE_OFF_PATH                              242        0.004%             2356        0.019%
                                               6230721      100.000%         12456531      100.000%
                                                  1.00         0.01              1.00         0.02

UOPQ_STAGE_STARVED                               15957        0.515%            34669        0.560%
UOPQ_STAGE_NOT_STARVED                         3079800       99.485%          6159589       99.440%
                                               3095757      100.000%          6194258      100.000%
                                                  0.99         0.99              0.99         0.99

UOPQ_STAGE_STALLED                             3119243       50.062%          6227882       49.997%
UOPQ_STAGE_NOT_STALLED                         3095757       49.685%          6194258       49.727%
UOPQ_STAGE_OFF_PATH                              15721        0.252%            34391        0.276%
                                               6230721      100.000%         12456531      100.000%
                                                  0.50         0.36              0.50         0.36

MAP_STAGE_STARVED                                  681        0.011%             2793        0.022%
MAP_STAGE_NOT_STARVED                          6215580       99.989%         12420912       99.978%
                                               6216261      100.000%         12423705      100.000%
                                                  1.00         1.00              1.00         1.00

MAP_STAGE_STALLED                              3122222       50.110%          6233929       50.045%
MAP_STAGE_NOT_STALLED                          3094039       49.658%          6189776       49.691%
MAP_STAGE_OFF_PATH                               14460        0.232%            32826        0.264%
                                               6230721      100.000%         12456531      100.000%
                                                  0.50         0.36              0.50         0.36

EXEC_STAGE_STARVED                             2679477       43.004%          5361346       43.040%
EXEC_STAGE_NOT_STARVED                         3543503       56.871%          7077056       56.814%
EXEC_STAGE_OFF_PATH                               7741        0.124%            18129        0.146%
                                               6230721      100.000%         12456531      100.000%
                                                  0.57         0.33              0.57         0.33

FU_BUSY_0                                      3955248                        7910242              

FU_BUSY_1                                      1954859                        3910487              

FU_BUSY_2                                      4688618                        9368086              

FU_BUSY_3                                      4566603                        9122208              

FU_BUSY_4                                       513260                        1026958              

FU_BUSY_5                                       155234                         311183              

FU_BUSY_6                                       407792                         815407              

FU_BUSY_7                                       393812                         781060              

FU_BUSY_8                                            0                              0              

FU_BUSY_9                                            0                              0              

FU_BUSY_10                                           0                              0              

FU_BUSY_11                                           0                              0              

FU_BUSY_12                                           0                              0              

FU_BUSY_13                                           0                              0              

FU_BUSY_14                                           0                              0              

FU_BUSY_15                                           0                              0              

FU_BUSY_16                                           0                              0              

FU_BUSY_17                                           0                              0              

FU_BUSY_18                                           0                              0              

FU_BUSY_19                                           0                              0              

FU_BUSY_20                                           0                              0              

FU_BUSY_21                                           0                              0              

FU_BUSY_22                                           0                              0              

FU_BUSY_23                                           0                              0              

FU_BUSY_24                                           0                              0              

FU_BUSY_25                                           0                              0              

FU_BUSY_26                                           0                              0              

FU_BUSY_27                                           0                              0              

FU_BUSY_28                                           0                              0              

FU_BUSY_29                                           0                              0              

FU_BUSY_30                                           0                              0              

FU_BUSY_31                                           0                              0              

FU_REJECTED_OP_INV_NOT_SIMD                          0        0.000%                0        0.000%
FU_REJECTED_OP_NOP_NOT_SIMD                       1027        0.050%             2034        0.050%
FU_REJECTED_OP_CF_NOT_SIMD                           0        0.000%                1        0.000%
FU_REJECTED_OP_MOV_NOT_SIMD                      21542        1.049%            43157        1.059%
FU_REJECTED_OP_CMOV_NOT_SIMD                         0        0.000%                0        0.000%
FU_REJECTED_OP_LDA_NOT_SIMD                       9871        0.481%            19764        0.485%
FU_REJECTED_OP_IMEM_NOT_SIMD                    405502       19.745%           803937       19.721%
FU_REJECTED_OP_IADD_NOT_SIMD                     40477        1.971%            71228        1.747%
FU_REJECTED_OP_IMUL_NOT_SIMD                     42934        2.091%            85904        2.107%
FU_REJECTED_OP_IDIV_NOT_SIMD                    201586        9.816%           403077        9.888%
FU_REJECTED_OP_ICMP_NOT_SIMD                    186998        9.105%           373829        9.170%
FU_REJECTED_OP_LOGIC_NOT_SIMD                    13596        0.662%            27090        0.665%
FU_REJECTED_OP_SHIFT_NOT_SIMD                     7785        0.379%            15890        0.390%
FU_REJECTED_OP_FMEM_NOT_SIMD                         0        0.000%                0        0.000%
FU_REJECTED_OP_FCVT_NOT_SIMD                         0        0.000%                0        0.000%
FU_REJECTED_OP_FADD_NOT_SIMD                         0        0.000%                0        0.000%
FU_REJECTED_OP_FMUL_NOT_SIMD                         0        0.000%                0        0.000%
FU_REJECTED_OP_FMA_NOT_SIMD                          0        0.000%                0        0.000%
FU_REJECTED_OP_FDIV_NOT_SIMD                         0        0.000%                0        0.000%
FU_REJECTED_OP_FCMP_NOT_SIMD                         0        0.000%                0        0.000%
FU_REJECTED_OP_FCMOV_NOT_SIMD                        0        0.000%                0        0.000%
FU_REJECTED_OP_GATHER_NOT_SIMD                       0        0.000%                0        0.000%
FU_REJECTED_OP_SCATTER_NOT_SIMD                      0        0.000%                0        0.000%
FU_REJECTED_OP_PIPELINED_FAST_NOT_SIMD               0        0.000%                0        0.000%
FU_REJECTED_OP_PIPELINED_MEDIUM_NOT_SIMD             0        0.000%                0        0.000%
FU_REJECTED_OP_PIPELINED_SLOW_NOT_SIMD               0        0.000%                0        0.000%
FU_REJECTED_OP_NOTPIPELINED_MEDIUM_NOT_SIMD             0        0.000%                0        0.000%
FU_REJECTED_OP_NOTPIPELINED_SLOW_NOT_SIMD             0        0.000%                0        0.000%
FU_REJECTED_OP_NOTPIPELINED_VERY_SLOW_NOT_SIMD             0        0.000%                0        0.000%
FU_REJECTED_OP_INV_SIMD                              0        0.000%                0        0.000%
FU_REJECTED_OP_NOP_SIMD                              0        0.000%                0        0.000%
FU_REJECTED_OP_CF_SIMD                               0        0.000%                0        0.000%
FU_REJECTED_OP_MOV_SIMD                           2987        0.145%             5910        0.145%
FU_REJECTED_OP_CMOV_SIMD                             0        0.000%                0        0.000%
FU_REJECTED_OP_LDA_SIMD                              0        0.000%                0        0.000%
FU_REJECTED_OP_IMEM_SIMD                             0        0.000%                0        0.000%
FU_REJECTED_OP_IADD_SIMD                             0        0.000%                0        0.000%
FU_REJECTED_OP_IMUL_SIMD                             0        0.000%                0        0.000%
FU_REJECTED_OP_IDIV_SIMD                             0        0.000%                0        0.000%
FU_REJECTED_OP_ICMP_SIMD                             0        0.000%                0        0.000%
FU_REJECTED_OP_LOGIC_SIMD                            0        0.000%                0        0.000%
FU_REJECTED_OP_SHIFT_SIMD                         3151        0.153%             6329        0.155%
FU_REJECTED_OP_FMEM_SIMD                             0        0.000%                0        0.000%
FU_REJECTED_OP_FCVT_SIMD                       1015120       49.429%          2014912       49.426%
FU_REJECTED_OP_FADD_SIMD                         16722        0.814%            34847        0.855%
FU_REJECTED_OP_FMUL_SIMD                             0        0.000%                0        0.000%
FU_REJECTED_OP_FMA_SIMD                              0        0.000%                0        0.000%
FU_REJECTED_OP_FDIV_SIMD                             0        0.000%                0        0.000%
FU_REJECTED_OP_FCMP_SIMD                         84393        4.109%           168718        4.139%
FU_REJECTED_OP_FCMOV_SIMD                            0        0.000%                0        0.000%
FU_REJECTED_OP_GATHER_SIMD                           0        0.000%                0        0.000%
FU_REJECTED_OP_SCATTER_SIMD                          0        0.000%                0        0.000%
FU_REJECTED_OP_PIPELINED_FAST_SIMD                   0        0.000%                0        0.000%
FU_REJECTED_OP_PIPELINED_MEDIUM_SIMD                 0        0.000%                0        0.000%
FU_REJECTED_OP_PIPELINED_SLOW_SIMD                   0        0.000%                0        0.000%
FU_REJECTED_OP_NOTPIPELINED_MEDIUM_SIMD              0        0.000%                0        0.000%
FU_REJECTED_OP_NOTPIPELINED_SLOW_SIMD                0        0.000%                0        0.000%
FU_REJECTED_OP_NOTPIPELINED_VERY_SLOW_SIMD             0        0.000%                0        0.000%
                                               2053691      100.000%          4076627      100.000%
                                                 27.15        17.87             27.18        17.86

OP_WAIT_0                                      6349890                       12698352              

OP_WAIT_1                                      2078586                        4159160              

OP_WAIT_2                                      1184119                        2368062              

OP_WAIT_3                                       841399                        1682656              

OP_WAIT_4                                       437125                         874199              

OP_WAIT_5                                       354601                         710063              

OP_WAIT_6                                       313308                         626352              

OP_WAIT_7                                       243464                         487445              

OP_WAIT_8                                       293530                         585962              

OP_WAIT_9                                       263334                         526998              

OP_WAIT_10                                      203086                         406972              

OP_WAIT_11                                      181787                         363487              

OP_WAIT_12                                      179936                         361050              

OP_WAIT_13                                      133725                         267997              

OP_WAIT_14                                      113912                         228015              

OP_WAIT_15                                      126925                         254666              

OP_WAIT_16                                       95322                         190383              

OP_WAIT_17                                      101500                         202909              

OP_WAIT_18                                       99227                         198750              

OP_WAIT_19                                       82905                         165594              

OP_WAIT_20                                       77814                         155959              

OP_WAIT_21                                       52749                         105698              

OP_WAIT_22                                       56660                         113264              

OP_WAIT_23                                       41870                          83675              

OP_WAIT_24                                       31564                          63285              

OP_WAIT_25                                       27978                          55857              

OP_WAIT_26                                       22882                          46071              

OP_WAIT_27                                       19458                          38950              

OP_WAIT_28                                       16962                          34408              

OP_WAIT_29                                       15995                          32602              

OP_WAIT_30                                       16258                          32454              

OP_WAIT_31                                      354120                         702688              

ROW_SIZE_0                                     3391056                        6776397              

ROW_SIZE_1                                       19056                          38000              

ROW_SIZE_2                                      569126                        1138100              

ROW_SIZE_3                                       16772                          33501              

ROW_SIZE_4                                       15194                          30118              

ROW_SIZE_5                                      173511                         347142              

ROW_SIZE_6                                     2046006                        4092183              

ROW_SIZE_7                                           0                              0              

ROW_SIZE_8                                           0                              0              

ROW_SIZE_9                                           0                              0              

ROW_SIZE_10                                          0                              0              

ROW_SIZE_11                                          0                              0              

ROW_SIZE_12                                          0                              0              

ROW_SIZE_13                                          0                              0              

ROW_SIZE_14                                          0                              0              

ROW_SIZE_15                                          0                              0              

ROW_SIZE_16                                          0                              0              

ROW_SIZE_17                                          0                              0              

ROW_SIZE_18                                          0                              0              

ROW_SIZE_19                                          0                              0              

ROW_SIZE_20                                          0                              0              

ROW_SIZE_21                                          0                              0              

ROW_SIZE_22                                          0                              0              

ROW_SIZE_23                                          0                              0              

ROW_SIZE_24                                          0                              0              

ROW_SIZE_25                                          0                              0              

ROW_SIZE_26                                          0                              0              

ROW_SIZE_27                                          0                              0              

ROW_SIZE_28                                          0                              0              

ROW_SIZE_29                                          0                              0              

ROW_SIZE_30                                          0                              0              

ROW_SIZE_31                                          0                              0              

RET_OP_EXEC_COUNT_0                                  0        0.000%                0        0.000%
RET_OP_EXEC_COUNT_1                           14411991      100.000%         28823983      100.000%
RET_OP_EXEC_COUNT_2                                  0        0.000%                0        0.000%
RET_OP_EXEC_COUNT_3                                  0        0.000%                0        0.000%
RET_OP_EXEC_COUNT_4                                  0        0.000%                0        0.000%
RET_OP_EXEC_COUNT_5                                  0        0.000%                0        0.000%
RET_OP_EXEC_COUNT_6                                  0        0.000%                0        0.000%
RET_OP_EXEC_COUNT_7                                  0        0.000%                0        0.000%
RET_OP_EXEC_COUNT_8                                  0        0.000%                0        0.000%
RET_OP_EXEC_COUNT_9                                  0        0.000%                0        0.000%
RET_OP_EXEC_COUNT_10                                 0        0.000%                0        0.000%
RET_OP_EXEC_COUNT_11                                 0        0.000%                0        0.000%
RET_OP_EXEC_COUNT_12                                 0        0.000%                0        0.000%
RET_OP_EXEC_COUNT_13                                 0        0.000%                0        0.000%
RET_OP_EXEC_COUNT_14                                 0        0.000%                0        0.000%
RET_OP_EXEC_COUNT_15                                 0        0.000%                0        0.000%
RET_OP_EXEC_COUNT_16                                 0        0.000%                0        0.000%
RET_OP_EXEC_COUNT_17                                 0        0.000%                0        0.000%
RET_OP_EXEC_COUNT_18                                 0        0.000%                0        0.000%
RET_OP_EXEC_COUNT_19                                 0        0.000%                0        0.000%
RET_OP_EXEC_COUNT_20                                 0        0.000%                0        0.000%
RET_OP_EXEC_COUNT_21                                 0        0.000%                0        0.000%
RET_OP_EXEC_COUNT_22                                 0        0.000%                0        0.000%
RET_OP_EXEC_COUNT_23                                 0        0.000%                0        0.000%
RET_OP_EXEC_COUNT_24                                 0        0.000%                0        0.000%
RET_OP_EXEC_COUNT_25                                 0        0.000%                0        0.000%
RET_OP_EXEC_COUNT_26                                 0        0.000%                0        0.000%
RET_OP_EXEC_COUNT_27                                 0        0.000%                0        0.000%
RET_OP_EXEC_COUNT_28                                 0        0.000%                0        0.000%
RET_OP_EXEC_COUNT_29                                 0        0.000%                0        0.000%
RET_OP_EXEC_COUNT_30                                 0        0.000%                0        0.000%
RET_OP_EXEC_COUNT_31                                 0        0.000%                0        0.000%
RET_OP_EXEC_COUNT_32                                 0        0.000%                0        0.000%
                                              14411991      100.000%         28823983      100.000%
                                                  1.00         0.00              1.00         0.00

RET_STALL_LENGTH_0                            14411725       99.998%         28823444       99.998%
RET_STALL_LENGTH_100                               152        0.001%              325        0.001%
RET_STALL_LENGTH_200                                49        0.000%              100        0.000%
RET_STALL_LENGTH_300                                13        0.000%               32        0.000%
RET_STALL_LENGTH_400                                17        0.000%               29        0.000%
RET_STALL_LENGTH_500                                20        0.000%               30        0.000%
RET_STALL_LENGTH_600                                14        0.000%               20        0.000%
RET_STALL_LENGTH_700                                 0        0.000%                0        0.000%
RET_STALL_LENGTH_800                                 0        0.000%                0        0.000%
RET_STALL_LENGTH_900                                 0        0.000%                0        0.000%
RET_STALL_LENGTH_1000                                0        0.000%                1        0.000%
RET_STALL_LENGTH_1100                                0        0.000%                0        0.000%
RET_STALL_LENGTH_1200                                0        0.000%                1        0.000%
RET_STALL_LENGTH_1300                                0        0.000%                0        0.000%
RET_STALL_LENGTH_1400                                0        0.000%                0        0.000%
RET_STALL_LENGTH_1500                                1        0.000%                1        0.000%
RET_STALL_LENGTH_1600                                0        0.000%                0        0.000%
RET_STALL_LENGTH_1700                                0        0.000%                0        0.000%
RET_STALL_LENGTH_1800                                0        0.000%                0        0.000%
RET_STALL_LENGTH_1900                                0        0.000%                0        0.000%
RET_STALL_LENGTH_2000                                0        0.000%                0        0.000%
RET_STALL_LENGTH_2100                                0        0.000%                0        0.000%
RET_STALL_LENGTH_2200                                0        0.000%                0        0.000%
RET_STALL_LENGTH_2300                                0        0.000%                0        0.000%
RET_STALL_LENGTH_2400                                0        0.000%                0        0.000%
RET_STALL_LENGTH_2500                                0        0.000%                0        0.000%
RET_STALL_LENGTH_2600                                0        0.000%                0        0.000%
RET_STALL_LENGTH_2700                                0        0.000%                0        0.000%
RET_STALL_LENGTH_2800                                0        0.000%                0        0.000%
RET_STALL_LENGTH_2900                                0        0.000%                0        0.000%
RET_STALL_LENGTH_3000                                0        0.000%                0        0.000%
RET_STALL_LENGTH_3100                                0        0.000%                0        0.000%
RET_STALL_LENGTH_3200                                0        0.000%                0        0.000%
RET_STALL_LENGTH_3300                                0        0.000%                0        0.000%
RET_STALL_LENGTH_3400                                0        0.000%                0        0.000%
RET_STALL_LENGTH_3500                                0        0.000%                0        0.000%
RET_STALL_LENGTH_3600                                0        0.000%                0        0.000%
RET_STALL_LENGTH_3700                                0        0.000%                0        0.000%
RET_STALL_LENGTH_3800                                0        0.000%                0        0.000%
RET_STALL_LENGTH_3900                                0        0.000%                0        0.000%
RET_STALL_LENGTH_4000                                0        0.000%                0        0.000%
RET_STALL_LENGTH_4100                                0        0.000%                0        0.000%
RET_STALL_LENGTH_4200                                0        0.000%                0        0.000%
RET_STALL_LENGTH_4300                                0        0.000%                0        0.000%
RET_STALL_LENGTH_4400                                0        0.000%                0        0.000%
RET_STALL_LENGTH_4500                                0        0.000%                0        0.000%
RET_STALL_LENGTH_4600                                0        0.000%                0        0.000%
RET_STALL_LENGTH_4700                                0        0.000%                0        0.000%
RET_STALL_LENGTH_4800                                0        0.000%                0        0.000%
RET_STALL_LENGTH_4900                                0        0.000%                0        0.000%
RET_STALL_LENGTH_5000                                0        0.000%                0        0.000%
                                              14411991      100.000%         28823983      100.000%
                                                  0.00         0.01              0.00         0.01

MEM_BLOCK_LENGTH_0                               18161       91.690%            36572       91.818%
MEM_BLOCK_LENGTH_100                              1146        5.786%             2268        5.694%
MEM_BLOCK_LENGTH_200                               191        0.964%              368        0.924%
MEM_BLOCK_LENGTH_300                               102        0.515%              217        0.545%
MEM_BLOCK_LENGTH_400                                68        0.343%              133        0.334%
MEM_BLOCK_LENGTH_500                                46        0.232%              113        0.284%
MEM_BLOCK_LENGTH_600                                75        0.379%              125        0.314%
MEM_BLOCK_LENGTH_700                                18        0.091%               35        0.088%
MEM_BLOCK_LENGTH_800                                 0        0.000%                0        0.000%
MEM_BLOCK_LENGTH_900                                 0        0.000%                0        0.000%
MEM_BLOCK_LENGTH_1000                                0        0.000%                0        0.000%
MEM_BLOCK_LENGTH_1100                                0        0.000%                0        0.000%
MEM_BLOCK_LENGTH_1200                                0        0.000%                0        0.000%
MEM_BLOCK_LENGTH_1300                                0        0.000%                0        0.000%
MEM_BLOCK_LENGTH_1400                                0        0.000%                0        0.000%
MEM_BLOCK_LENGTH_1500                                0        0.000%                0        0.000%
MEM_BLOCK_LENGTH_1600                                0        0.000%                0        0.000%
MEM_BLOCK_LENGTH_1700                                0        0.000%                0        0.000%
MEM_BLOCK_LENGTH_1800                                0        0.000%                0        0.000%
MEM_BLOCK_LENGTH_1900                                0        0.000%                0        0.000%
MEM_BLOCK_LENGTH_2000                                0        0.000%                0        0.000%
MEM_BLOCK_LENGTH_2100                                0        0.000%                0        0.000%
MEM_BLOCK_LENGTH_2200                                0        0.000%                0        0.000%
MEM_BLOCK_LENGTH_2300                                0        0.000%                0        0.000%
MEM_BLOCK_LENGTH_2400                                0        0.000%                0        0.000%
MEM_BLOCK_LENGTH_2500                                0        0.000%                0        0.000%
MEM_BLOCK_LENGTH_2600                                0        0.000%                0        0.000%
MEM_BLOCK_LENGTH_2700                                0        0.000%                0        0.000%
MEM_BLOCK_LENGTH_2800                                0        0.000%                0        0.000%
MEM_BLOCK_LENGTH_2900                                0        0.000%                0        0.000%
MEM_BLOCK_LENGTH_3000                                0        0.000%                0        0.000%
MEM_BLOCK_LENGTH_3100                                0        0.000%                0        0.000%
MEM_BLOCK_LENGTH_3200                                0        0.000%                0        0.000%
MEM_BLOCK_LENGTH_3300                                0        0.000%                0        0.000%
MEM_BLOCK_LENGTH_3400                                0        0.000%                0        0.000%
MEM_BLOCK_LENGTH_3500                                0        0.000%                0        0.000%
MEM_BLOCK_LENGTH_3600                                0        0.000%                0        0.000%
MEM_BLOCK_LENGTH_3700                                0        0.000%                0        0.000%
MEM_BLOCK_LENGTH_3800                                0        0.000%                0        0.000%
MEM_BLOCK_LENGTH_3900                                0        0.000%                0        0.000%
MEM_BLOCK_LENGTH_4000                                0        0.000%                0        0.000%
MEM_BLOCK_LENGTH_4100                                0        0.000%                0        0.000%
MEM_BLOCK_LENGTH_4200                                0        0.000%                0        0.000%
MEM_BLOCK_LENGTH_4300                                0        0.000%                0        0.000%
MEM_BLOCK_LENGTH_4400                                0        0.000%                0        0.000%
MEM_BLOCK_LENGTH_4500                                0        0.000%                0        0.000%
MEM_BLOCK_LENGTH_4600                                0        0.000%                0        0.000%
MEM_BLOCK_LENGTH_4700                                0        0.000%                0        0.000%
MEM_BLOCK_LENGTH_4800                                0        0.000%                0        0.000%
MEM_BLOCK_LENGTH_4900                                0        0.000%                0        0.000%
MEM_BLOCK_LENGTH_5000                                0        0.000%                0        0.000%
                                                 19807      100.000%            39831      100.000%
                                                  0.15         0.63              0.14         0.62

FUS_BUSY_ON_PATH                              16629021        2.6689         33230110        2.6677

FUS_BUSY_OFF_PATH                                 6405        0.0010            15521        0.0012

FU_BUSY_MEM_STALL                              1577293        0.2531          3126356        0.2510

FUS_EMPTY                                     33210342        5.3301         66406617        5.3311

FU_UNAVAILABLE                                  575881        0.0924          1151721        0.0925

FU_MEM_UNAVAILABLE                             1477810        0.2372          2924906        0.2348

FU_REPLAY                                            0        0.0000                0        0.0000

FU_STARVED                                    33209442        5.3300         66404556        5.3309

CHIP_UTILIZATION                                     0        0.0000                0        0.0000

CYCLES_UNDER_MEM_REQ                                 0                              0              

CYCLES_UNDER_NO_MEM_REQ                              0                              0              

CYCLES_UNDER_CRITICAL_MEM_REQ                        0                              0              

CYCLES_UNDER_NONCRITICAL_MEM_REQ                     0                              0              

CHIP_UTILIZATION_UNDER_MEM_REQ                       0          -nan                0          -nan

CHIP_UTILIZATION_UNDER_NO_MEM_REQ                    0          -nan                0          -nan

CHIP_UTILIZATION_UNDER_CRITICAL_MEM_REQ              0          -nan                0          -nan

CHIP_UTILIZATION_UNDER_NONCRITICAL_MEM_REQ             0          -nan                0          -nan

CYCLES_NOT_WAITING_FOR_OFF_CHIP                      0        0.0000                0        0.0000

FUS_BUSY_NOT_WAITING_FOR_OFF_CHIP                    0          -nan                0          -nan

CYCLES_WAITING_FOR_OFF_CHIP                          0        0.0000                0        0.0000

FUS_BUSY_WAITING_FOR_OFF_CHIP                        0          -nan                0          -nan

TOTAL_OFF_CHIP_DELAYS_LEFT                           0                              0              

WRONG_IO_SCHED                                       0                              0              

DVFS_CONFIG_SWITCH                                   0                              0              

MAP_STAGE_RECEIVED_OPS_0                             0        0.000%                0        0.000%
MAP_STAGE_RECEIVED_OPS_1                        351531       11.366%           703100       11.366%
MAP_STAGE_RECEIVED_OPS_2                        450947       14.580%           901972       14.581%
MAP_STAGE_RECEIVED_OPS_3                        100365        3.245%           200662        3.244%
MAP_STAGE_RECEIVED_OPS_4                        100101        3.236%           200215        3.237%
MAP_STAGE_RECEIVED_OPS_5                         83708        2.706%           167678        2.711%
MAP_STAGE_RECEIVED_OPS_6                       2006271       64.867%          4012408       64.862%
MAP_STAGE_RECEIVED_OPS_7                             0        0.000%                0        0.000%
MAP_STAGE_RECEIVED_OPS_8                             0        0.000%                0        0.000%
MAP_STAGE_RECEIVED_OPS_MAX                           0        0.000%                0        0.000%
                                               3092923      100.000%          6186035      100.000%
                                                  4.66         1.96              4.66         1.96

MAP_STAGE_WAIT_FOR_DECODE                            0         -nan%                0         -nan%
MAP_STAGE_CONSUME_DECODE                             0         -nan%                0         -nan%
                                                     0         -nan%                0         -nan%
                                                  -nan         -nan              -nan         -nan

MAP_STAGE_WAIT_FOR_DECODE2                           0         -nan%                0         -nan%
MAP_STAGE_CONSUME_DECODE2                            0         -nan%                0         -nan%
                                                     0         -nan%                0         -nan%
                                                  -nan         -nan              -nan         -nan

FTQ_RECOVER_EXEC                                   435                            948              

FTQ_RECOVER_DECODE                                   0                              1              

FTQ_OFFPATH_CYCLES                                5881                          15928              

FTQ_CYCLES_OFFPATH                               58684                         127536              

FTQ_CYCLES_ONPATH                              6172037                       12328995              

FTQ_FETCHED_INS_OFFPATH                         231032                         509808              

FTQ_FETCHED_INS_ONPATH                        14410790                       28823034              

FTQ_BREAK_FULL_FT_ONPATH                       6167596       99.943%         12320262       99.941%
FTQ_BREAK_MAX_CFS_TAKEN_ONPATH                     834        0.014%             1747        0.014%
FTQ_BREAK_MAX_BYTES_ONPATH                        2655        0.043%             5520        0.045%
FTQ_BREAK_PRED_BR_ONPATH                             0        0.000%                0        0.000%
FTQ_BREAK_BAR_FETCH_ONPATH                           0        0.000%                0        0.000%
                                               6171085      100.000%         12327529      100.000%
                                                  0.00         0.04              0.00         0.04

FTQ_BREAK_FULL_FT_OFFPATH                        56813       96.099%           123064       95.781%
FTQ_BREAK_MAX_CFS_TAKEN_OFFPATH                    459        0.776%             1008        0.785%
FTQ_BREAK_MAX_BYTES_OFFPATH                       1847        3.124%             4413        3.435%
FTQ_BREAK_PRED_BR_OFFPATH                            0        0.000%                0        0.000%
FTQ_BREAK_BAR_FETCH_OFFPATH                          0        0.000%                0        0.000%
                                                 59119      100.000%           128485      100.000%
                                                  0.07         0.35              0.08         0.37



