               ramulator.active_cycles_0             4500045                                      # Total active cycles for level _0
                 ramulator.busy_cycles_0             4500045                                      # (All-bank refresh only. busy cycles only include refresh time in rank level) The sum of cycles that the DRAM part is active or under refresh for level _0
            ramulator.serving_requests_0            22347708                                      # The sum of read and write requests that are served in this DRAM element per memory cycle for level _0
    ramulator.average_serving_requests_0            4.784147                                      # The average of read and write requests that are served in this DRAM element per memory cycle for level _0
             ramulator.active_cycles_0_0             4500045                                      # Total active cycles for level _0_0
               ramulator.busy_cycles_0_0             4606305                                      # (All-bank refresh only. busy cycles only include refresh time in rank level) The sum of cycles that the DRAM part is active or under refresh for level _0_0
          ramulator.serving_requests_0_0            22347708                                      # The sum of read and write requests that are served in this DRAM element per memory cycle for level _0_0
  ramulator.average_serving_requests_0_0            4.784147                                      # The average of read and write requests that are served in this DRAM element per memory cycle for level _0_0
           ramulator.active_cycles_0_0_0             3069841                                      # Total active cycles for level _0_0_0
             ramulator.busy_cycles_0_0_0             3069841                                      # (All-bank refresh only. busy cycles only include refresh time in rank level) The sum of cycles that the DRAM part is active or under refresh for level _0_0_0
        ramulator.serving_requests_0_0_0             5464197                                      # The sum of read and write requests that are served in this DRAM element per memory cycle for level _0_0_0
ramulator.average_serving_requests_0_0_0            1.169763                                      # The average of read and write requests that are served in this DRAM element per memory cycle for level _0_0_0
         ramulator.active_cycles_0_0_0_0             1148934                                      # Total active cycles for level _0_0_0_0
           ramulator.busy_cycles_0_0_0_0             1148934                                      # (All-bank refresh only. busy cycles only include refresh time in rank level) The sum of cycles that the DRAM part is active or under refresh for level _0_0_0_0
      ramulator.serving_requests_0_0_0_0             1418836                                      # The sum of read and write requests that are served in this DRAM element per memory cycle for level _0_0_0_0
ramulator.average_serving_requests_0_0_0_0            0.303741                                      # The average of read and write requests that are served in this DRAM element per memory cycle for level _0_0_0_0
         ramulator.active_cycles_0_0_0_1             1049215                                      # Total active cycles for level _0_0_0_1
           ramulator.busy_cycles_0_0_0_1             1049215                                      # (All-bank refresh only. busy cycles only include refresh time in rank level) The sum of cycles that the DRAM part is active or under refresh for level _0_0_0_1
      ramulator.serving_requests_0_0_0_1             1315091                                      # The sum of read and write requests that are served in this DRAM element per memory cycle for level _0_0_0_1
ramulator.average_serving_requests_0_0_0_1            0.281532                                      # The average of read and write requests that are served in this DRAM element per memory cycle for level _0_0_0_1
         ramulator.active_cycles_0_0_0_2             1087203                                      # Total active cycles for level _0_0_0_2
           ramulator.busy_cycles_0_0_0_2             1087203                                      # (All-bank refresh only. busy cycles only include refresh time in rank level) The sum of cycles that the DRAM part is active or under refresh for level _0_0_0_2
      ramulator.serving_requests_0_0_0_2             1361408                                      # The sum of read and write requests that are served in this DRAM element per memory cycle for level _0_0_0_2
ramulator.average_serving_requests_0_0_0_2            0.291447                                      # The average of read and write requests that are served in this DRAM element per memory cycle for level _0_0_0_2
         ramulator.active_cycles_0_0_0_3             1086433                                      # Total active cycles for level _0_0_0_3
           ramulator.busy_cycles_0_0_0_3             1086433                                      # (All-bank refresh only. busy cycles only include refresh time in rank level) The sum of cycles that the DRAM part is active or under refresh for level _0_0_0_3
      ramulator.serving_requests_0_0_0_3             1368843                                      # The sum of read and write requests that are served in this DRAM element per memory cycle for level _0_0_0_3
ramulator.average_serving_requests_0_0_0_3            0.293039                                      # The average of read and write requests that are served in this DRAM element per memory cycle for level _0_0_0_3
           ramulator.active_cycles_0_0_1             3049095                                      # Total active cycles for level _0_0_1
             ramulator.busy_cycles_0_0_1             3049095                                      # (All-bank refresh only. busy cycles only include refresh time in rank level) The sum of cycles that the DRAM part is active or under refresh for level _0_0_1
        ramulator.serving_requests_0_0_1             5615576                                      # The sum of read and write requests that are served in this DRAM element per memory cycle for level _0_0_1
ramulator.average_serving_requests_0_0_1            1.202170                                      # The average of read and write requests that are served in this DRAM element per memory cycle for level _0_0_1
         ramulator.active_cycles_0_0_1_0             1128288                                      # Total active cycles for level _0_0_1_0
           ramulator.busy_cycles_0_0_1_0             1128288                                      # (All-bank refresh only. busy cycles only include refresh time in rank level) The sum of cycles that the DRAM part is active or under refresh for level _0_0_1_0
      ramulator.serving_requests_0_0_1_0             1412648                                      # The sum of read and write requests that are served in this DRAM element per memory cycle for level _0_0_1_0
ramulator.average_serving_requests_0_0_1_0            0.302417                                      # The average of read and write requests that are served in this DRAM element per memory cycle for level _0_0_1_0
         ramulator.active_cycles_0_0_1_1             1187724                                      # Total active cycles for level _0_0_1_1
           ramulator.busy_cycles_0_0_1_1             1187724                                      # (All-bank refresh only. busy cycles only include refresh time in rank level) The sum of cycles that the DRAM part is active or under refresh for level _0_0_1_1
      ramulator.serving_requests_0_0_1_1             1515048                                      # The sum of read and write requests that are served in this DRAM element per memory cycle for level _0_0_1_1
ramulator.average_serving_requests_0_0_1_1            0.324338                                      # The average of read and write requests that are served in this DRAM element per memory cycle for level _0_0_1_1
         ramulator.active_cycles_0_0_1_2             1047573                                      # Total active cycles for level _0_0_1_2
           ramulator.busy_cycles_0_0_1_2             1047573                                      # (All-bank refresh only. busy cycles only include refresh time in rank level) The sum of cycles that the DRAM part is active or under refresh for level _0_0_1_2
      ramulator.serving_requests_0_0_1_2             1315674                                      # The sum of read and write requests that are served in this DRAM element per memory cycle for level _0_0_1_2
ramulator.average_serving_requests_0_0_1_2            0.281657                                      # The average of read and write requests that are served in this DRAM element per memory cycle for level _0_0_1_2
         ramulator.active_cycles_0_0_1_3             1096092                                      # Total active cycles for level _0_0_1_3
           ramulator.busy_cycles_0_0_1_3             1096092                                      # (All-bank refresh only. busy cycles only include refresh time in rank level) The sum of cycles that the DRAM part is active or under refresh for level _0_0_1_3
      ramulator.serving_requests_0_0_1_3             1372206                                      # The sum of read and write requests that are served in this DRAM element per memory cycle for level _0_0_1_3
ramulator.average_serving_requests_0_0_1_3            0.293759                                      # The average of read and write requests that are served in this DRAM element per memory cycle for level _0_0_1_3
           ramulator.active_cycles_0_0_2             3113552                                      # Total active cycles for level _0_0_2
             ramulator.busy_cycles_0_0_2             3113552                                      # (All-bank refresh only. busy cycles only include refresh time in rank level) The sum of cycles that the DRAM part is active or under refresh for level _0_0_2
        ramulator.serving_requests_0_0_2             5607696                                      # The sum of read and write requests that are served in this DRAM element per memory cycle for level _0_0_2
ramulator.average_serving_requests_0_0_2            1.200483                                      # The average of read and write requests that are served in this DRAM element per memory cycle for level _0_0_2
         ramulator.active_cycles_0_0_2_0             1121233                                      # Total active cycles for level _0_0_2_0
           ramulator.busy_cycles_0_0_2_0             1121233                                      # (All-bank refresh only. busy cycles only include refresh time in rank level) The sum of cycles that the DRAM part is active or under refresh for level _0_0_2_0
      ramulator.serving_requests_0_0_2_0             1402647                                      # The sum of read and write requests that are served in this DRAM element per memory cycle for level _0_0_2_0
ramulator.average_serving_requests_0_0_2_0            0.300276                                      # The average of read and write requests that are served in this DRAM element per memory cycle for level _0_0_2_0
         ramulator.active_cycles_0_0_2_1             1098262                                      # Total active cycles for level _0_0_2_1
           ramulator.busy_cycles_0_0_2_1             1098262                                      # (All-bank refresh only. busy cycles only include refresh time in rank level) The sum of cycles that the DRAM part is active or under refresh for level _0_0_2_1
      ramulator.serving_requests_0_0_2_1             1362438                                      # The sum of read and write requests that are served in this DRAM element per memory cycle for level _0_0_2_1
ramulator.average_serving_requests_0_0_2_1            0.291668                                      # The average of read and write requests that are served in this DRAM element per memory cycle for level _0_0_2_1
         ramulator.active_cycles_0_0_2_2             1133935                                      # Total active cycles for level _0_0_2_2
           ramulator.busy_cycles_0_0_2_2             1133935                                      # (All-bank refresh only. busy cycles only include refresh time in rank level) The sum of cycles that the DRAM part is active or under refresh for level _0_0_2_2
      ramulator.serving_requests_0_0_2_2             1430784                                      # The sum of read and write requests that are served in this DRAM element per memory cycle for level _0_0_2_2
ramulator.average_serving_requests_0_0_2_2            0.306299                                      # The average of read and write requests that are served in this DRAM element per memory cycle for level _0_0_2_2
         ramulator.active_cycles_0_0_2_3             1132765                                      # Total active cycles for level _0_0_2_3
           ramulator.busy_cycles_0_0_2_3             1132765                                      # (All-bank refresh only. busy cycles only include refresh time in rank level) The sum of cycles that the DRAM part is active or under refresh for level _0_0_2_3
      ramulator.serving_requests_0_0_2_3             1411827                                      # The sum of read and write requests that are served in this DRAM element per memory cycle for level _0_0_2_3
ramulator.average_serving_requests_0_0_2_3            0.302241                                      # The average of read and write requests that are served in this DRAM element per memory cycle for level _0_0_2_3
           ramulator.active_cycles_0_0_3             3122143                                      # Total active cycles for level _0_0_3
             ramulator.busy_cycles_0_0_3             3122143                                      # (All-bank refresh only. busy cycles only include refresh time in rank level) The sum of cycles that the DRAM part is active or under refresh for level _0_0_3
        ramulator.serving_requests_0_0_3             5660198                                      # The sum of read and write requests that are served in this DRAM element per memory cycle for level _0_0_3
ramulator.average_serving_requests_0_0_3            1.211722                                      # The average of read and write requests that are served in this DRAM element per memory cycle for level _0_0_3
         ramulator.active_cycles_0_0_3_0             1105525                                      # Total active cycles for level _0_0_3_0
           ramulator.busy_cycles_0_0_3_0             1105525                                      # (All-bank refresh only. busy cycles only include refresh time in rank level) The sum of cycles that the DRAM part is active or under refresh for level _0_0_3_0
      ramulator.serving_requests_0_0_3_0             1387464                                      # The sum of read and write requests that are served in this DRAM element per memory cycle for level _0_0_3_0
ramulator.average_serving_requests_0_0_3_0            0.297025                                      # The average of read and write requests that are served in this DRAM element per memory cycle for level _0_0_3_0
         ramulator.active_cycles_0_0_3_1             1169235                                      # Total active cycles for level _0_0_3_1
           ramulator.busy_cycles_0_0_3_1             1169235                                      # (All-bank refresh only. busy cycles only include refresh time in rank level) The sum of cycles that the DRAM part is active or under refresh for level _0_0_3_1
      ramulator.serving_requests_0_0_3_1             1488805                                      # The sum of read and write requests that are served in this DRAM element per memory cycle for level _0_0_3_1
ramulator.average_serving_requests_0_0_3_1            0.318720                                      # The average of read and write requests that are served in this DRAM element per memory cycle for level _0_0_3_1
         ramulator.active_cycles_0_0_3_2             1089352                                      # Total active cycles for level _0_0_3_2
           ramulator.busy_cycles_0_0_3_2             1089352                                      # (All-bank refresh only. busy cycles only include refresh time in rank level) The sum of cycles that the DRAM part is active or under refresh for level _0_0_3_2
      ramulator.serving_requests_0_0_3_2             1367001                                      # The sum of read and write requests that are served in this DRAM element per memory cycle for level _0_0_3_2
ramulator.average_serving_requests_0_0_3_2            0.292645                                      # The average of read and write requests that are served in this DRAM element per memory cycle for level _0_0_3_2
         ramulator.active_cycles_0_0_3_3             1129216                                      # Total active cycles for level _0_0_3_3
           ramulator.busy_cycles_0_0_3_3             1129216                                      # (All-bank refresh only. busy cycles only include refresh time in rank level) The sum of cycles that the DRAM part is active or under refresh for level _0_0_3_3
      ramulator.serving_requests_0_0_3_3             1416923                                      # The sum of read and write requests that are served in this DRAM element per memory cycle for level _0_0_3_3
ramulator.average_serving_requests_0_0_3_3            0.303332                                      # The average of read and write requests that are served in this DRAM element per memory cycle for level _0_0_3_3
      ramulator.read_transaction_bytes_0            52152640                                      # The total byte of read transaction per channel
     ramulator.write_transaction_bytes_0             1267776                                      # The total byte of write transaction per channel
       ramulator.row_hits_channel_0_core              678722                                      # Number of row hits per channel per core
     ramulator.row_misses_channel_0_core               20622                                      # Number of row misses per channel per core
  ramulator.row_conflicts_channel_0_core              135350                                      # Number of row conflicts per channel per core
  ramulator.read_row_hits_channel_0_core              660172                                      # Number of row hits for read requests per channel per core
                                     [0]            660172.0                                      # 
ramulator.read_row_misses_channel_0_core               20349                                      # Number of row misses for read requests per channel per core
                                     [0]             20349.0                                      # 
ramulator.read_row_conflicts_channel_0_core              134364                                      # Number of row conflicts for read requests per channel per core
                                     [0]            134364.0                                      # 
 ramulator.write_row_hits_channel_0_core               18550                                      # Number of row hits for write requests per channel per core
                                     [0]             18550.0                                      # 
ramulator.write_row_misses_channel_0_core                 273                                      # Number of row misses for write requests per channel per core
                                     [0]               273.0                                      # 
ramulator.write_row_conflicts_channel_0_core                 986                                      # Number of row conflicts for write requests per channel per core
                                     [0]               986.0                                      # 
      ramulator.useless_activates_0_core                  33                                      # Number of useless activations. E.g, ACT -> PRE w/o RD or WR
            ramulator.read_latency_avg_0          101.729995                                      # The average memory latency cycles (in memory time domain) per request for all read requests in this channel
            ramulator.read_latency_sum_0            82899875                                      # The memory latency cycles (in memory time domain) sum for all read requests in this channel
        ramulator.req_queue_length_avg_0           31.840924                                      # Average of read and write queue length per memory cycle per channel.
        ramulator.req_queue_length_sum_0           148735326                                      # Sum of read and write queue length per memory cycle per channel.
   ramulator.read_req_queue_length_avg_0           17.162100                                      # Read queue length average per memory cycle per channel.
   ramulator.read_req_queue_length_sum_0            80167602                                      # Read queue length sum per memory cycle per channel.
  ramulator.write_req_queue_length_avg_0           14.678824                                      # Write queue length average per memory cycle per channel.
  ramulator.write_req_queue_length_sum_0            68567724                                      # Write queue length sum per memory cycle per channel.
              ramulator.record_read_hits                 0.0                                      # record read hit count for this core when it reaches request limit or to the end
                                     [0]                 0.0                                      # 
            ramulator.record_read_misses                 0.0                                      # record_read_miss count for this core when it reaches request limit or to the end
                                     [0]                 0.0                                      # 
         ramulator.record_read_conflicts                 0.0                                      # record read conflict count for this core when it reaches request limit or to the end
                                     [0]                 0.0                                      # 
             ramulator.record_write_hits                 0.0                                      # record write hit count for this core when it reaches request limit or to the end
                                     [0]                 0.0                                      # 
           ramulator.record_write_misses                 0.0                                      # record write miss count for this core when it reaches request limit or to the end
                                     [0]                 0.0                                      # 
        ramulator.record_write_conflicts                 0.0                                      # record write conflict for this core when it reaches request limit or to the end
                                     [0]                 0.0                                      # 
                 ramulator.dram_capacity          8589934592                                      # Number of bytes in simulated DRAM
                   ramulator.dram_cycles             4671200                                      # Number of DRAM cycles simulated
             ramulator.incoming_requests              834732                                      # Number of incoming requests to DRAM
                 ramulator.read_requests              814901                                      # Number of incoming read requests to DRAM per core
                                     [0]            814901.0                                      # 
                ramulator.write_requests               19831                                      # Number of incoming write requests to DRAM per core
                                     [0]             19831.0                                      # 
       ramulator.ramulator_active_cycles             4500045                                      # The total number of cycles that the DRAM part is active (serving R/W)
 ramulator.incoming_requests_per_channel            834732.0                                      # Number of incoming requests to each DRAM channel
                                     [0]            834732.0                                      # 
ramulator.incoming_read_reqs_per_channel            814901.0                                      # Number of incoming read requests to each DRAM channel
                                     [0]            814901.0                                      # 
     ramulator.physical_page_replacement                   0                                      # The number of times that physical page replacement happens.
             ramulator.maximum_bandwidth         19200000000                                      # The theoretical maximum bandwidth (Bps)
          ramulator.in_queue_req_num_sum           148735326                                      # Sum of read/write queue length
     ramulator.in_queue_read_req_num_sum            80167602                                      # Sum of read queue length
    ramulator.in_queue_write_req_num_sum            68567724                                      # Sum of write queue length
          ramulator.in_queue_req_num_avg           31.840924                                      # Average of read/write queue length per memory cycle
     ramulator.in_queue_read_req_num_avg           17.162100                                      # Average of read queue length per memory cycle
    ramulator.in_queue_write_req_num_avg           14.678824                                      # Average of write queue length per memory cycle
          ramulator.record_read_requests                 0.0                                      # record read requests for this core when it reaches request limit or to the end
                                     [0]                 0.0                                      # 
         ramulator.record_write_requests                 0.0                                      # record write requests for this core when it reaches request limit or to the end
                                     [0]                 0.0                                      # 
