/* -*- Mode: c -*- */
####################################################################################################
Core 0
####################################################################################################
Cumulative:        Cycles: 28674676              Instructions: 20000000              IPC: 0.69748

Periodic:          Cycles: 13157216              Instructions: 9999997               IPC: 0.76004

BTB_ON_PATH_MISS                                866967       27.773%          1851549       29.765%
BTB_ON_PATH_HIT                                2254681       72.227%          4369038       70.235%
                                               3121648      100.000%          6220587      100.000%
                                                  0.72         0.66              0.70         0.64

BTB_OFF_PATH_MISS                              1798516       45.844%          3036374       45.787%
BTB_OFF_PATH_HIT                               2124611       54.156%          3595169       54.213%
                                               3923127      100.000%          6631543      100.000%
                                                  0.54         0.52              0.54         0.52

BTB_ON_PATH_WRITE                                 1996       99.501%             5718       97.080%
BTB_OFF_PATH_WRITE                                  10        0.499%              172        2.920%
                                                  2006      100.000%             5890      100.000%
                                                  0.00         0.07              0.03         0.17

BP_ON_PATH_CORRECT                             3079706       98.656%          6147967       98.833%
BP_ON_PATH_MISPREDICT                            41840        1.340%            72378        1.164%
BP_ON_PATH_MISFETCH                                102        0.003%              242        0.004%
                                               3121648      100.000%          6220587      100.000%
                                                  0.01         0.11              0.01         0.11

BP_OFF_PATH_CORRECT                            3298516       84.079%          5495585       82.870%
BP_OFF_PATH_MISPREDICT                          618874       15.775%          1117184       16.847%
BP_OFF_PATH_MISFETCH                              5737        0.146%            18774        0.283%
                                               3923127      100.000%          6631543      100.000%
                                                  0.16         0.34              0.17         0.35

LATE_BP_ON_PATH_CORRECT                        3121648      100.000%          6220587      100.000%
LATE_BP_ON_PATH_MISPREDICT                           0        0.000%                0        0.000%
LATE_BP_ON_PATH_MISFETCH                             0        0.000%                0        0.000%
                                               3121648      100.000%          6220587      100.000%
                                                  0.00         0.00              0.00         0.00

LATE_BP_OFF_PATH_CORRECT                       3923127      100.000%          6631543      100.000%
LATE_BP_OFF_PATH_MISPREDICT                          0        0.000%                0        0.000%
LATE_BP_OFF_PATH_MISFETCH                            0        0.000%                0        0.000%
                                               3923127      100.000%          6631543      100.000%
                                                  0.00         0.00              0.00         0.00

BP_ON_PATH_CONF_PVN                                  0         -nan%                0         -nan%
BP_ON_PATH_CONF_PVN_BOT                              0         -nan%                0         -nan%
                                                     0         -nan%                0         -nan%
                                                  -nan         -nan              -nan         -nan

BP_ON_PATH_CONF_PVP                                  0         -nan%                0         -nan%
BP_ON_PATH_CONF_PVP_BOT                              0         -nan%                0         -nan%
                                                     0         -nan%                0         -nan%
                                                  -nan         -nan              -nan         -nan

BP_ON_PATH_CONF_SPEC                                 0         -nan%                0         -nan%
BP_ON_PATH_CONF_SPEC_BOT                             0         -nan%                0         -nan%
                                                     0         -nan%                0         -nan%
                                                  -nan         -nan              -nan         -nan

CRS_MISS_ON_PATH                                    53        0.069%              102        0.063%
CRS_HIT_ON_PATH                                  76474       99.931%           160802       99.937%
                                                 76527      100.000%           160904      100.000%
                                                  1.00         1.00              1.00         1.00

CRS_MISS_OFF_PATH                                 5622        3.129%            18875        5.941%
CRS_HIT_OFF_PATH                                174025       96.871%           298826       94.059%
                                                179647      100.000%           317701      100.000%
                                                  0.97         0.95              0.94         0.91

CRS_CLOBBER                                          0                              0              

TARG_ON_PATH_MISS                                  205        0.535%             1090        1.356%
TARG_ON_PATH_HIT                                 38095       99.465%            79317       98.644%
                                                 38300      100.000%            80407      100.000%
                                                  0.99         0.99              0.99         0.98

TARG_OFF_PATH_MISS                               33246       37.751%            75036       51.863%
TARG_OFF_PATH_HIT                                54820       62.249%            69644       48.137%
                                                 88066      100.000%           144680      100.000%
                                                  0.62         0.57              0.48         0.49

TARG_ON_PATH_WRITE                               38302       87.222%            80407       89.499%
TARG_OFF_PATH_WRITE                               5611       12.778%             9434       10.501%
                                                 43913      100.000%            89841      100.000%
                                                  0.13         0.32              0.11         0.29

TARG_HYBRID_CORRECT_TAGLESS                          0         -nan%                0         -nan%
TARG_HYBRID_CORRECT_TAGGED                           0         -nan%                0         -nan%
TARG_HYBRID_MISPRED_TAGLESS                          0         -nan%                0         -nan%
TARG_HYBRID_MISPRED_TAGGED                           0         -nan%                0         -nan%
TARG_HYBRID_NO_PRED                                  0         -nan%                0         -nan%
                                                     0         -nan%                0         -nan%
                                                  -nan         -nan              -nan         -nan

TARG_VP_INDIRECT_MISPRED                             0         -nan%                0         -nan%
TARG_VP_INDIRECT_NOPRED                              0         -nan%                0         -nan%
TARG_VP_INDIRECT_CORRECT                             0         -nan%                0         -nan%
                                                     0         -nan%                0         -nan%
                                                  -nan         -nan              -nan         -nan

CBR_ON_PATH_CORRECT                            2816095       98.536%          5594796       98.734%
CBR_ON_PATH_MISPREDICT                           41834        1.464%            71759        1.266%
                                               2857929      100.000%          5666555      100.000%
                                                  0.01         0.12              0.01         0.11

CBR_OFF_PATH_CORRECT                           2715657       81.444%          4509156       80.158%
CBR_OFF_PATH_MISPREDICT                         618718       18.556%          1116170       19.842%
                                               3334375      100.000%          5625326      100.000%
                                                  0.19         0.36              0.20         0.37

CBR_ON_PATH_CORRECT_PER1000INST                2816095      140.8048          5594796      279.7398

CBR_ON_PATH_MISPREDICT_PER1000INST               41834        2.0917            71759        3.5880

PRED_TO_UPDATE_CYCLES_0                              0         -nan%                0         -nan%
PRED_TO_UPDATE_CYCLES_1                              0         -nan%                0         -nan%
PRED_TO_UPDATE_CYCLES_2                              0         -nan%                0         -nan%
PRED_TO_UPDATE_CYCLES_3                              0         -nan%                0         -nan%
PRED_TO_UPDATE_CYCLES_4                              0         -nan%                0         -nan%
PRED_TO_UPDATE_CYCLES_5                              0         -nan%                0         -nan%
PRED_TO_UPDATE_CYCLES_6                              0         -nan%                0         -nan%
PRED_TO_UPDATE_CYCLES_7                              0         -nan%                0         -nan%
PRED_TO_UPDATE_CYCLES_8                              0         -nan%                0         -nan%
PRED_TO_UPDATE_CYCLES_9                              0         -nan%                0         -nan%
PRED_TO_UPDATE_CYCLES_10                             0         -nan%                0         -nan%
PRED_TO_UPDATE_CYCLES_11                             0         -nan%                0         -nan%
PRED_TO_UPDATE_CYCLES_12                             0         -nan%                0         -nan%
PRED_TO_UPDATE_CYCLES_13                             0         -nan%                0         -nan%
PRED_TO_UPDATE_CYCLES_14                             0         -nan%                0         -nan%
PRED_TO_UPDATE_CYCLES_15                             0         -nan%                0         -nan%
PRED_TO_UPDATE_CYCLES_16                             0         -nan%                0         -nan%
PRED_TO_UPDATE_CYCLES_17                             0         -nan%                0         -nan%
PRED_TO_UPDATE_CYCLES_18                             0         -nan%                0         -nan%
PRED_TO_UPDATE_CYCLES_19                             0         -nan%                0         -nan%
PRED_TO_UPDATE_CYCLES_20                             0         -nan%                0         -nan%
PRED_TO_UPDATE_CYCLES_21                             0         -nan%                0         -nan%
PRED_TO_UPDATE_CYCLES_22                             0         -nan%                0         -nan%
PRED_TO_UPDATE_CYCLES_23                             0         -nan%                0         -nan%
PRED_TO_UPDATE_CYCLES_24                             0         -nan%                0         -nan%
PRED_TO_UPDATE_CYCLES_25                             0         -nan%                0         -nan%
PRED_TO_UPDATE_CYCLES_26                             0         -nan%                0         -nan%
PRED_TO_UPDATE_CYCLES_27                             0         -nan%                0         -nan%
PRED_TO_UPDATE_CYCLES_28                             0         -nan%                0         -nan%
PRED_TO_UPDATE_CYCLES_29                             0         -nan%                0         -nan%
PRED_TO_UPDATE_CYCLES_30                             0         -nan%                0         -nan%
                                                     0         -nan%                0         -nan%
                                                  -nan         -nan              -nan         -nan

BP_CORRECTED                                         0         -nan%                0         -nan%
BP_NOT_CORRECTED                                     0         -nan%                0         -nan%
                                                     0         -nan%                0         -nan%
                                                  -nan         -nan              -nan         -nan

TARG_CORRECTED                                       0         -nan%                0         -nan%
TARG_NOT_CORRECTED                                   0         -nan%                0         -nan%
                                                     0         -nan%                0         -nan%
                                                  -nan         -nan              -nan         -nan

BP_MISP_PENALTY                               28454494                       45630365              

BP_ON_PATH_CONF_MISPRED                              0         -nan%                0         -nan%
BP_ON_PATH_CONF_CORRECT                              0         -nan%                0         -nan%
                                                     0         -nan%                0         -nan%
                                                  -nan         -nan              -nan         -nan

BP_OFF_PATH_CONF_MISPRED                             0         -nan%                0         -nan%
BP_OFF_PATH_CONF_CORRECT                             0         -nan%                0         -nan%
                                                     0         -nan%                0         -nan%
                                                  -nan         -nan              -nan         -nan

BP_ON_PATH_PRED_MIS_CONF_MISPRED                     0         -nan%                0         -nan%
BP_ON_PATH_PRED_MIS_CONF_CORRECT                     0         -nan%                0         -nan%
                                                     0         -nan%                0         -nan%
                                                  -nan         -nan              -nan         -nan

BP_ON_PATH_PRED_COR_CONF_MISPRED                     0         -nan%                0         -nan%
BP_ON_PATH_PRED_COR_CONF_CORRECT                     0         -nan%                0         -nan%
                                                     0         -nan%                0         -nan%
                                                  -nan         -nan              -nan         -nan

BP_OFF_PATH_PRED_MIS_CONF_MISPRED                    0         -nan%                0         -nan%
BP_OFF_PATH_PRED_MIS_CONF_CORRECT                    0         -nan%                0         -nan%
                                                     0         -nan%                0         -nan%
                                                  -nan         -nan              -nan         -nan

BP_OFF_PATH_PRED_COR_CONF_MISPRED                    0         -nan%                0         -nan%
BP_OFF_PATH_PRED_COR_CONF_CORRECT                    0         -nan%                0         -nan%
                                                     0         -nan%                0         -nan%
                                                  -nan         -nan              -nan         -nan

ONPATH_CONF_MISPRED                                  0         -nan%                0         -nan%
ONPATH_CONF_CORRECT                                  0         -nan%                0         -nan%
                                                     0         -nan%                0         -nan%
                                                  -nan         -nan              -nan         -nan

ONPATH_ON_PATH_CONF_MISPRED                          0         -nan%                0         -nan%
ONPATH_ON_PATH_CONF_CORRECT                          0         -nan%                0         -nan%
                                                     0         -nan%                0         -nan%
                                                  -nan         -nan              -nan         -nan

ONPATH_OFF_PATH_CONF_MISPRED                         0         -nan%                0         -nan%
ONPATH_OFF_PATH_CONF_CORRECT                         0         -nan%                0         -nan%
                                                     0         -nan%                0         -nan%
                                                  -nan         -nan              -nan         -nan

PRED_ONPATH_CONF_MISPRED                             0         -nan%                0         -nan%
PRED_ONPATH_CONF_CORRECT                             0         -nan%                0         -nan%
                                                     0         -nan%                0         -nan%
                                                  -nan         -nan              -nan         -nan

PRED_OFFPATH_CONF_MISPRED                            0         -nan%                0         -nan%
PRED_OFFPATH_CONF_CORRECT                            0         -nan%                0         -nan%
                                                     0         -nan%                0         -nan%
                                                  -nan         -nan              -nan         -nan

LONG_OVWT_MIS                                        0         -nan%                0         -nan%
LONG_OVWT_COR                                        0         -nan%                0         -nan%
                                                     0         -nan%                0         -nan%
                                                  -nan         -nan              -nan         -nan

OPC_LENGTH_0_7_MIS                                   0         -nan%                0         -nan%
OPC_LENGTH_0_7_COR                                   0         -nan%                0         -nan%
                                                     0         -nan%                0         -nan%
                                                  -nan         -nan              -nan         -nan

OPC_LENGTH_8_15_MIS                                  0         -nan%                0         -nan%
OPC_LENGTH_8_15_COR                                  0         -nan%                0         -nan%
                                                     0         -nan%                0         -nan%
                                                  -nan         -nan              -nan         -nan

OPC_LENGTH_16_23_MIS                                 0         -nan%                0         -nan%
OPC_LENGTH_16_23_COR                                 0         -nan%                0         -nan%
                                                     0         -nan%                0         -nan%
                                                  -nan         -nan              -nan         -nan

OPC_LENGTH_24_31_MIS                                 0         -nan%                0         -nan%
OPC_LENGTH_24_31_COR                                 0         -nan%                0         -nan%
                                                     0         -nan%                0         -nan%
                                                  -nan         -nan              -nan         -nan

OPC_LENGTH_32_39_MIS                                 0         -nan%                0         -nan%
OPC_LENGTH_32_39_COR                                 0         -nan%                0         -nan%
                                                     0         -nan%                0         -nan%
                                                  -nan         -nan              -nan         -nan

OPC_LENGTH_40_47_MIS                                 0         -nan%                0         -nan%
OPC_LENGTH_40_47_COR                                 0         -nan%                0         -nan%
                                                     0         -nan%                0         -nan%
                                                  -nan         -nan              -nan         -nan

OPC_LENGTH_48_55_MIS                                 0         -nan%                0         -nan%
OPC_LENGTH_48_55_COR                                 0         -nan%                0         -nan%
                                                     0         -nan%                0         -nan%
                                                  -nan         -nan              -nan         -nan

OPC_LENGTH_56_63_MIS                                 0         -nan%                0         -nan%
OPC_LENGTH_56_63_COR                                 0         -nan%                0         -nan%
                                                     0         -nan%                0         -nan%
                                                  -nan         -nan              -nan         -nan

OPC_LENGTH_64_71_MIS                                 0         -nan%                0         -nan%
OPC_LENGTH_64_71_COR                                 0         -nan%                0         -nan%
                                                     0         -nan%                0         -nan%
                                                  -nan         -nan              -nan         -nan

OPC_LENGTH_72_79_MIS                                 0         -nan%                0         -nan%
OPC_LENGTH_72_79_COR                                 0         -nan%                0         -nan%
                                                     0         -nan%                0         -nan%
                                                  -nan         -nan              -nan         -nan

OPC_LENGTH_80_MIS                                    0         -nan%                0         -nan%
OPC_LENGTH_80_COR                                    0         -nan%                0         -nan%
                                                     0         -nan%                0         -nan%
                                                  -nan         -nan              -nan         -nan

ALL_ONES_MIS                                         0         -nan%                0         -nan%
ALL_ONES_COR                                         0         -nan%                0         -nan%
                                                     0         -nan%                0         -nan%
                                                  -nan         -nan              -nan         -nan

FIRST_ONE_MIS                                        0         -nan%                0         -nan%
FIRST_ONE_COR                                        0         -nan%                0         -nan%
                                                     0         -nan%                0         -nan%
                                                  -nan         -nan              -nan         -nan

ZEROS_0_1_MIS                                        0         -nan%                0         -nan%
ZEROS_0_1_COR                                        0         -nan%                0         -nan%
                                                     0         -nan%                0         -nan%
                                                  -nan         -nan              -nan         -nan

ZEROS_2_3_MIS                                        0         -nan%                0         -nan%
ZEROS_2_3_COR                                        0         -nan%                0         -nan%
                                                     0         -nan%                0         -nan%
                                                  -nan         -nan              -nan         -nan

ZEROS_4_5_MIS                                        0         -nan%                0         -nan%
ZEROS_4_5_COR                                        0         -nan%                0         -nan%
                                                     0         -nan%                0         -nan%
                                                  -nan         -nan              -nan         -nan

ZEROS_6_7_MIS                                        0         -nan%                0         -nan%
ZEROS_6_7_COR                                        0         -nan%                0         -nan%
                                                     0         -nan%                0         -nan%
                                                  -nan         -nan              -nan         -nan

ZEROS_8_9_MIS                                        0         -nan%                0         -nan%
ZEROS_8_9_COR                                        0         -nan%                0         -nan%
                                                     0         -nan%                0         -nan%
                                                  -nan         -nan              -nan         -nan

ZEROS_10_11_MIS                                      0         -nan%                0         -nan%
ZEROS_10_11_COR                                      0         -nan%                0         -nan%
                                                     0         -nan%                0         -nan%
                                                  -nan         -nan              -nan         -nan

ZEROS_12_13_MIS                                      0         -nan%                0         -nan%
ZEROS_12_13_COR                                      0         -nan%                0         -nan%
                                                     0         -nan%                0         -nan%
                                                  -nan         -nan              -nan         -nan

ZEROS_14_15_MIS                                      0         -nan%                0         -nan%
ZEROS_14_15_COR                                      0         -nan%                0         -nan%
                                                     0         -nan%                0         -nan%
                                                  -nan         -nan              -nan         -nan

ZEROS_16_MIS                                         0         -nan%                0         -nan%
ZEROS_16_COR                                         0         -nan%                0         -nan%
                                                     0         -nan%                0         -nan%
                                                  -nan         -nan              -nan         -nan

GS2BC_GSHARE                                         0         -nan%                0         -nan%
GS2BC_2BC                                            0         -nan%                0         -nan%
                                                     0         -nan%                0         -nan%
                                                  -nan         -nan              -nan         -nan

GSKEW2BC_VOTE                                        0         -nan%                0         -nan%
GSKEW2BC_2BC                                         0         -nan%                0         -nan%
                                                     0         -nan%                0         -nan%
                                                  -nan         -nan              -nan         -nan

FUTGSHARE_INIT_ON_PATH_CORRECT                       0         -nan%                0         -nan%
FUTGSHARE_INIT_ON_PATH_MISPREDICT                    0         -nan%                0         -nan%
                                                     0         -nan%                0         -nan%
                                                  -nan         -nan              -nan         -nan

FUTGSHARE_INIT_OFF_PATH_CORRECT                      0         -nan%                0         -nan%
FUTGSHARE_INIT_OFF_PATH_MISPREDICT                   0         -nan%                0         -nan%
                                                     0         -nan%                0         -nan%
                                                  -nan         -nan              -nan         -nan

FUTGSHARE_CHANGED_CORRECTED_ON_PATH                  0         -nan%                0         -nan%
FUTGSHARE_CHANGED_SCREWED_ON_PATH                    0         -nan%                0         -nan%
                                                     0         -nan%                0         -nan%
                                                  -nan         -nan              -nan         -nan

FUTGSHARE_CHANGED_CORRECTED_OFF_PATH                 0         -nan%                0         -nan%
FUTGSHARE_CHANGED_SCREWED_OFF_PATH                   0         -nan%                0         -nan%
                                                     0         -nan%                0         -nan%
                                                  -nan         -nan              -nan         -nan

FUTGSHARE_ORIG_CORRECT_FUT_CORRECT_ON_PATH             0         -nan%                0         -nan%
FUTGSHARE_ORIG_MISPRED_FUT_CORRECT_ON_PATH             0         -nan%                0         -nan%
FUTGSHARE_ORIG_CORRECT_FUT_MISPRED_ON_PATH             0         -nan%                0         -nan%
FUTGSHARE_ORIG_MISPRED_FUT_MISPRED_ON_PATH             0         -nan%                0         -nan%
                                                     0         -nan%                0         -nan%
                                                  -nan         -nan              -nan         -nan

FUTGSHARE_ORIG_CORRECT_FUT_CORRECT_OFF_PATH             0         -nan%                0         -nan%
FUTGSHARE_ORIG_MISPRED_FUT_CORRECT_OFF_PATH             0         -nan%                0         -nan%
FUTGSHARE_ORIG_CORRECT_FUT_MISPRED_OFF_PATH             0         -nan%                0         -nan%
FUTGSHARE_ORIG_MISPRED_FUT_MISPRED_OFF_PATH             0         -nan%                0         -nan%
                                                     0         -nan%                0         -nan%
                                                  -nan         -nan              -nan         -nan

FUTGSHARE_ON_PATH_CORRECT_0                          0         -nan%                0         -nan%
FUTGSHARE_ON_PATH_MISPREDICT_0                       0         -nan%                0         -nan%
                                                     0         -nan%                0         -nan%
                                                  -nan         -nan              -nan         -nan

FUTGSHARE_OFF_PATH_CORRECT_0                         0         -nan%                0         -nan%
FUTGSHARE_OFF_PATH_MISPREDICT_0                      0         -nan%                0         -nan%
                                                     0         -nan%                0         -nan%
                                                  -nan         -nan              -nan         -nan

FUTGSHARE_ON_PATH_CORRECT_1                          0         -nan%                0         -nan%
FUTGSHARE_ON_PATH_MISPREDICT_1                       0         -nan%                0         -nan%
                                                     0         -nan%                0         -nan%
                                                  -nan         -nan              -nan         -nan

FUTGSHARE_OFF_PATH_CORRECT_1                         0         -nan%                0         -nan%
FUTGSHARE_OFF_PATH_MISPREDICT_1                      0         -nan%                0         -nan%
                                                     0         -nan%                0         -nan%
                                                  -nan         -nan              -nan         -nan

FUTGSHARE_ON_PATH_CORRECT_2                          0         -nan%                0         -nan%
FUTGSHARE_ON_PATH_MISPREDICT_2                       0         -nan%                0         -nan%
                                                     0         -nan%                0         -nan%
                                                  -nan         -nan              -nan         -nan

FUTGSHARE_OFF_PATH_CORRECT_2                         0         -nan%                0         -nan%
FUTGSHARE_OFF_PATH_MISPREDICT_2                      0         -nan%                0         -nan%
                                                     0         -nan%                0         -nan%
                                                  -nan         -nan              -nan         -nan

FUTGSHARE_ON_PATH_CORRECT_3                          0         -nan%                0         -nan%
FUTGSHARE_ON_PATH_MISPREDICT_3                       0         -nan%                0         -nan%
                                                     0         -nan%                0         -nan%
                                                  -nan         -nan              -nan         -nan

FUTGSHARE_OFF_PATH_CORRECT_3                         0         -nan%                0         -nan%
FUTGSHARE_OFF_PATH_MISPREDICT_3                      0         -nan%                0         -nan%
                                                     0         -nan%                0         -nan%
                                                  -nan         -nan              -nan         -nan

FUTGSHARE_ON_PATH_CORRECT_4                          0         -nan%                0         -nan%
FUTGSHARE_ON_PATH_MISPREDICT_4                       0         -nan%                0         -nan%
                                                     0         -nan%                0         -nan%
                                                  -nan         -nan              -nan         -nan

FUTGSHARE_OFF_PATH_CORRECT_4                         0         -nan%                0         -nan%
FUTGSHARE_OFF_PATH_MISPREDICT_4                      0         -nan%                0         -nan%
                                                     0         -nan%                0         -nan%
                                                  -nan         -nan              -nan         -nan

FUTGSHARE_ON_PATH_CORRECT_5                          0         -nan%                0         -nan%
FUTGSHARE_ON_PATH_MISPREDICT_5                       0         -nan%                0         -nan%
                                                     0         -nan%                0         -nan%
                                                  -nan         -nan              -nan         -nan

FUTGSHARE_OFF_PATH_CORRECT_5                         0         -nan%                0         -nan%
FUTGSHARE_OFF_PATH_MISPREDICT_5                      0         -nan%                0         -nan%
                                                     0         -nan%                0         -nan%
                                                  -nan         -nan              -nan         -nan

FUTGSHARE_ON_PATH_CORRECT_6                          0         -nan%                0         -nan%
FUTGSHARE_ON_PATH_MISPREDICT_6                       0         -nan%                0         -nan%
                                                     0         -nan%                0         -nan%
                                                  -nan         -nan              -nan         -nan

FUTGSHARE_OFF_PATH_CORRECT_6                         0         -nan%                0         -nan%
FUTGSHARE_OFF_PATH_MISPREDICT_6                      0         -nan%                0         -nan%
                                                     0         -nan%                0         -nan%
                                                  -nan         -nan              -nan         -nan

FUTGSHARE_ON_PATH_CORRECT_7                          0         -nan%                0         -nan%
FUTGSHARE_ON_PATH_MISPREDICT_7                       0         -nan%                0         -nan%
                                                     0         -nan%                0         -nan%
                                                  -nan         -nan              -nan         -nan

FUTGSHARE_OFF_PATH_CORRECT_7                         0         -nan%                0         -nan%
FUTGSHARE_OFF_PATH_MISPREDICT_7                      0         -nan%                0         -nan%
                                                     0         -nan%                0         -nan%
                                                  -nan         -nan              -nan         -nan

FUTGSHARE_ON_PATH_CORRECT_8                          0         -nan%                0         -nan%
FUTGSHARE_ON_PATH_MISPREDICT_8                       0         -nan%                0         -nan%
                                                     0         -nan%                0         -nan%
                                                  -nan         -nan              -nan         -nan

FUTGSHARE_OFF_PATH_CORRECT_8                         0         -nan%                0         -nan%
FUTGSHARE_OFF_PATH_MISPREDICT_8                      0         -nan%                0         -nan%
                                                     0         -nan%                0         -nan%
                                                  -nan         -nan              -nan         -nan

FUTGSHARE_ON_PATH_CORRECT_9                          0         -nan%                0         -nan%
FUTGSHARE_ON_PATH_MISPREDICT_9                       0         -nan%                0         -nan%
                                                     0         -nan%                0         -nan%
                                                  -nan         -nan              -nan         -nan

FUTGSHARE_OFF_PATH_CORRECT_9                         0         -nan%                0         -nan%
FUTGSHARE_OFF_PATH_MISPREDICT_9                      0         -nan%                0         -nan%
                                                     0         -nan%                0         -nan%
                                                  -nan         -nan              -nan         -nan

FUTGSHARE_ON_PATH_CORRECT_10                         0         -nan%                0         -nan%
FUTGSHARE_ON_PATH_MISPREDICT_10                      0         -nan%                0         -nan%
                                                     0         -nan%                0         -nan%
                                                  -nan         -nan              -nan         -nan

FUTGSHARE_OFF_PATH_CORRECT_10                        0         -nan%                0         -nan%
FUTGSHARE_OFF_PATH_MISPREDICT_10                     0         -nan%                0         -nan%
                                                     0         -nan%                0         -nan%
                                                  -nan         -nan              -nan         -nan

FUTGSHARE_ON_PATH_CORRECT_11                         0         -nan%                0         -nan%
FUTGSHARE_ON_PATH_MISPREDICT_11                      0         -nan%                0         -nan%
                                                     0         -nan%                0         -nan%
                                                  -nan         -nan              -nan         -nan

FUTGSHARE_OFF_PATH_CORRECT_11                        0         -nan%                0         -nan%
FUTGSHARE_OFF_PATH_MISPREDICT_11                     0         -nan%                0         -nan%
                                                     0         -nan%                0         -nan%
                                                  -nan         -nan              -nan         -nan

FUTGSHARE_ON_PATH_CORRECT_12                         0         -nan%                0         -nan%
FUTGSHARE_ON_PATH_MISPREDICT_12                      0         -nan%                0         -nan%
                                                     0         -nan%                0         -nan%
                                                  -nan         -nan              -nan         -nan

FUTGSHARE_OFF_PATH_CORRECT_12                        0         -nan%                0         -nan%
FUTGSHARE_OFF_PATH_MISPREDICT_12                     0         -nan%                0         -nan%
                                                     0         -nan%                0         -nan%
                                                  -nan         -nan              -nan         -nan

FUTGSHARE_ON_PATH_CORRECT_13                         0         -nan%                0         -nan%
FUTGSHARE_ON_PATH_MISPREDICT_13                      0         -nan%                0         -nan%
                                                     0         -nan%                0         -nan%
                                                  -nan         -nan              -nan         -nan

FUTGSHARE_OFF_PATH_CORRECT_13                        0         -nan%                0         -nan%
FUTGSHARE_OFF_PATH_MISPREDICT_13                     0         -nan%                0         -nan%
                                                     0         -nan%                0         -nan%
                                                  -nan         -nan              -nan         -nan

FUTGSHARE_ON_PATH_CORRECT_14                         0         -nan%                0         -nan%
FUTGSHARE_ON_PATH_MISPREDICT_14                      0         -nan%                0         -nan%
                                                     0         -nan%                0         -nan%
                                                  -nan         -nan              -nan         -nan

FUTGSHARE_OFF_PATH_CORRECT_14                        0         -nan%                0         -nan%
FUTGSHARE_OFF_PATH_MISPREDICT_14                     0         -nan%                0         -nan%
                                                     0         -nan%                0         -nan%
                                                  -nan         -nan              -nan         -nan

FUTGSHARE_ON_PATH_CORRECT_15                         0         -nan%                0         -nan%
FUTGSHARE_ON_PATH_MISPREDICT_15                      0         -nan%                0         -nan%
                                                     0         -nan%                0         -nan%
                                                  -nan         -nan              -nan         -nan

FUTGSHARE_OFF_PATH_CORRECT_15                        0         -nan%                0         -nan%
FUTGSHARE_OFF_PATH_MISPREDICT_15                     0         -nan%                0         -nan%
                                                     0         -nan%                0         -nan%
                                                  -nan         -nan              -nan         -nan

FUTGSHARE_CHANGED_CORRECTED_ON_PATH_0                0         -nan%                0         -nan%
FUTGSHARE_CHANGED_SCREWED_ON_PATH_0                  0         -nan%                0         -nan%
                                                     0         -nan%                0         -nan%
                                                  -nan         -nan              -nan         -nan

FUTGSHARE_CHANGED_CORRECTED_OFF_PATH_0               0         -nan%                0         -nan%
FUTGSHARE_CHANGED_SCREWED_OFF_PATH_0                 0         -nan%                0         -nan%
                                                     0         -nan%                0         -nan%
                                                  -nan         -nan              -nan         -nan

FUTGSHARE_CHANGED_CORRECTED_ON_PATH_1                0         -nan%                0         -nan%
FUTGSHARE_CHANGED_SCREWED_ON_PATH_1                  0         -nan%                0         -nan%
                                                     0         -nan%                0         -nan%
                                                  -nan         -nan              -nan         -nan

FUTGSHARE_CHANGED_CORRECTED_OFF_PATH_1               0         -nan%                0         -nan%
FUTGSHARE_CHANGED_SCREWED_OFF_PATH_1                 0         -nan%                0         -nan%
                                                     0         -nan%                0         -nan%
                                                  -nan         -nan              -nan         -nan

FUTGSHARE_CHANGED_CORRECTED_ON_PATH_2                0         -nan%                0         -nan%
FUTGSHARE_CHANGED_SCREWED_ON_PATH_2                  0         -nan%                0         -nan%
                                                     0         -nan%                0         -nan%
                                                  -nan         -nan              -nan         -nan

FUTGSHARE_CHANGED_CORRECTED_OFF_PATH_2               0         -nan%                0         -nan%
FUTGSHARE_CHANGED_SCREWED_OFF_PATH_2                 0         -nan%                0         -nan%
                                                     0         -nan%                0         -nan%
                                                  -nan         -nan              -nan         -nan

FUTGSHARE_CHANGED_CORRECTED_ON_PATH_3                0         -nan%                0         -nan%
FUTGSHARE_CHANGED_SCREWED_ON_PATH_3                  0         -nan%                0         -nan%
                                                     0         -nan%                0         -nan%
                                                  -nan         -nan              -nan         -nan

FUTGSHARE_CHANGED_CORRECTED_OFF_PATH_3               0         -nan%                0         -nan%
FUTGSHARE_CHANGED_SCREWED_OFF_PATH_3                 0         -nan%                0         -nan%
                                                     0         -nan%                0         -nan%
                                                  -nan         -nan              -nan         -nan

FUTGSHARE_CHANGED_CORRECTED_ON_PATH_4                0         -nan%                0         -nan%
FUTGSHARE_CHANGED_SCREWED_ON_PATH_4                  0         -nan%                0         -nan%
                                                     0         -nan%                0         -nan%
                                                  -nan         -nan              -nan         -nan

FUTGSHARE_CHANGED_CORRECTED_OFF_PATH_4               0         -nan%                0         -nan%
FUTGSHARE_CHANGED_SCREWED_OFF_PATH_4                 0         -nan%                0         -nan%
                                                     0         -nan%                0         -nan%
                                                  -nan         -nan              -nan         -nan

FUTGSHARE_CHANGED_CORRECTED_ON_PATH_5                0         -nan%                0         -nan%
FUTGSHARE_CHANGED_SCREWED_ON_PATH_5                  0         -nan%                0         -nan%
                                                     0         -nan%                0         -nan%
                                                  -nan         -nan              -nan         -nan

FUTGSHARE_CHANGED_CORRECTED_OFF_PATH_5               0         -nan%                0         -nan%
FUTGSHARE_CHANGED_SCREWED_OFF_PATH_5                 0         -nan%                0         -nan%
                                                     0         -nan%                0         -nan%
                                                  -nan         -nan              -nan         -nan

FUTGSHARE_CHANGED_CORRECTED_ON_PATH_6                0         -nan%                0         -nan%
FUTGSHARE_CHANGED_SCREWED_ON_PATH_6                  0         -nan%                0         -nan%
                                                     0         -nan%                0         -nan%
                                                  -nan         -nan              -nan         -nan

FUTGSHARE_CHANGED_CORRECTED_OFF_PATH_6               0         -nan%                0         -nan%
FUTGSHARE_CHANGED_SCREWED_OFF_PATH_6                 0         -nan%                0         -nan%
                                                     0         -nan%                0         -nan%
                                                  -nan         -nan              -nan         -nan

FUTGSHARE_CHANGED_CORRECTED_ON_PATH_7                0         -nan%                0         -nan%
FUTGSHARE_CHANGED_SCREWED_ON_PATH_7                  0         -nan%                0         -nan%
                                                     0         -nan%                0         -nan%
                                                  -nan         -nan              -nan         -nan

FUTGSHARE_CHANGED_CORRECTED_OFF_PATH_7               0         -nan%                0         -nan%
FUTGSHARE_CHANGED_SCREWED_OFF_PATH_7                 0         -nan%                0         -nan%
                                                     0         -nan%                0         -nan%
                                                  -nan         -nan              -nan         -nan

FUTGSHARE_CHANGED_CORRECTED_ON_PATH_8                0         -nan%                0         -nan%
FUTGSHARE_CHANGED_SCREWED_ON_PATH_8                  0         -nan%                0         -nan%
                                                     0         -nan%                0         -nan%
                                                  -nan         -nan              -nan         -nan

FUTGSHARE_CHANGED_CORRECTED_OFF_PATH_8               0         -nan%                0         -nan%
FUTGSHARE_CHANGED_SCREWED_OFF_PATH_8                 0         -nan%                0         -nan%
                                                     0         -nan%                0         -nan%
                                                  -nan         -nan              -nan         -nan

FUTGSHARE_CHANGED_CORRECTED_ON_PATH_9                0         -nan%                0         -nan%
FUTGSHARE_CHANGED_SCREWED_ON_PATH_9                  0         -nan%                0         -nan%
                                                     0         -nan%                0         -nan%
                                                  -nan         -nan              -nan         -nan

FUTGSHARE_CHANGED_CORRECTED_OFF_PATH_9               0         -nan%                0         -nan%
FUTGSHARE_CHANGED_SCREWED_OFF_PATH_9                 0         -nan%                0         -nan%
                                                     0         -nan%                0         -nan%
                                                  -nan         -nan              -nan         -nan

FUTGSHARE_CHANGED_CORRECTED_ON_PATH_10               0         -nan%                0         -nan%
FUTGSHARE_CHANGED_SCREWED_ON_PATH_10                 0         -nan%                0         -nan%
                                                     0         -nan%                0         -nan%
                                                  -nan         -nan              -nan         -nan

FUTGSHARE_CHANGED_CORRECTED_OFF_PATH_10              0         -nan%                0         -nan%
FUTGSHARE_CHANGED_SCREWED_OFF_PATH_10                0         -nan%                0         -nan%
                                                     0         -nan%                0         -nan%
                                                  -nan         -nan              -nan         -nan

FUTGSHARE_CHANGED_CORRECTED_ON_PATH_11               0         -nan%                0         -nan%
FUTGSHARE_CHANGED_SCREWED_ON_PATH_11                 0         -nan%                0         -nan%
                                                     0         -nan%                0         -nan%
                                                  -nan         -nan              -nan         -nan

FUTGSHARE_CHANGED_CORRECTED_OFF_PATH_11              0         -nan%                0         -nan%
FUTGSHARE_CHANGED_SCREWED_OFF_PATH_11                0         -nan%                0         -nan%
                                                     0         -nan%                0         -nan%
                                                  -nan         -nan              -nan         -nan

FUTGSHARE_CHANGED_CORRECTED_ON_PATH_12               0         -nan%                0         -nan%
FUTGSHARE_CHANGED_SCREWED_ON_PATH_12                 0         -nan%                0         -nan%
                                                     0         -nan%                0         -nan%
                                                  -nan         -nan              -nan         -nan

FUTGSHARE_CHANGED_CORRECTED_OFF_PATH_12              0         -nan%                0         -nan%
FUTGSHARE_CHANGED_SCREWED_OFF_PATH_12                0         -nan%                0         -nan%
                                                     0         -nan%                0         -nan%
                                                  -nan         -nan              -nan         -nan

FUTGSHARE_CHANGED_CORRECTED_ON_PATH_13               0         -nan%                0         -nan%
FUTGSHARE_CHANGED_SCREWED_ON_PATH_13                 0         -nan%                0         -nan%
                                                     0         -nan%                0         -nan%
                                                  -nan         -nan              -nan         -nan

FUTGSHARE_CHANGED_CORRECTED_OFF_PATH_13              0         -nan%                0         -nan%
FUTGSHARE_CHANGED_SCREWED_OFF_PATH_13                0         -nan%                0         -nan%
                                                     0         -nan%                0         -nan%
                                                  -nan         -nan              -nan         -nan

FUTGSHARE_CHANGED_CORRECTED_ON_PATH_14               0         -nan%                0         -nan%
FUTGSHARE_CHANGED_SCREWED_ON_PATH_14                 0         -nan%                0         -nan%
                                                     0         -nan%                0         -nan%
                                                  -nan         -nan              -nan         -nan

FUTGSHARE_CHANGED_CORRECTED_OFF_PATH_14              0         -nan%                0         -nan%
FUTGSHARE_CHANGED_SCREWED_OFF_PATH_14                0         -nan%                0         -nan%
                                                     0         -nan%                0         -nan%
                                                  -nan         -nan              -nan         -nan

FUTGSHARE_CHANGED_CORRECTED_ON_PATH_15               0         -nan%                0         -nan%
FUTGSHARE_CHANGED_SCREWED_ON_PATH_15                 0         -nan%                0         -nan%
                                                     0         -nan%                0         -nan%
                                                  -nan         -nan              -nan         -nan

FUTGSHARE_CHANGED_CORRECTED_OFF_PATH_15              0         -nan%                0         -nan%
FUTGSHARE_CHANGED_SCREWED_OFF_PATH_15                0         -nan%                0         -nan%
                                                     0         -nan%                0         -nan%
                                                  -nan         -nan              -nan         -nan

FRAGHIST_BIN_0                                       0         -nan%                0         -nan%
FRAGHIST_BIN_1                                       0         -nan%                0         -nan%
FRAGHIST_BIN_2                                       0         -nan%                0         -nan%
FRAGHIST_BIN_3                                       0         -nan%                0         -nan%
FRAGHIST_BIN_4                                       0         -nan%                0         -nan%
FRAGHIST_BIN_5                                       0         -nan%                0         -nan%
FRAGHIST_BIN_6                                       0         -nan%                0         -nan%
FRAGHIST_BIN_7                                       0         -nan%                0         -nan%
FRAGHIST_BIN_8                                       0         -nan%                0         -nan%
FRAGHIST_BIN_9                                       0         -nan%                0         -nan%
FRAGHIST_BIN_10                                      0         -nan%                0         -nan%
FRAGHIST_BIN_11                                      0         -nan%                0         -nan%
FRAGHIST_BIN_12                                      0         -nan%                0         -nan%
FRAGHIST_BIN_13                                      0         -nan%                0         -nan%
FRAGHIST_BIN_14                                      0         -nan%                0         -nan%
FRAGHIST_BIN_15                                      0         -nan%                0         -nan%
FRAGHIST_BIN_16                                      0         -nan%                0         -nan%
FRAGHIST_BIN_17                                      0         -nan%                0         -nan%
FRAGHIST_BIN_18                                      0         -nan%                0         -nan%
FRAGHIST_BIN_19                                      0         -nan%                0         -nan%
FRAGHIST_BIN_20                                      0         -nan%                0         -nan%
FRAGHIST_BIN_21                                      0         -nan%                0         -nan%
FRAGHIST_BIN_22                                      0         -nan%                0         -nan%
FRAGHIST_BIN_23                                      0         -nan%                0         -nan%
FRAGHIST_BIN_24                                      0         -nan%                0         -nan%
FRAGHIST_BIN_25                                      0         -nan%                0         -nan%
FRAGHIST_BIN_26                                      0         -nan%                0         -nan%
FRAGHIST_BIN_27                                      0         -nan%                0         -nan%
FRAGHIST_BIN_28                                      0         -nan%                0         -nan%
FRAGHIST_BIN_29                                      0         -nan%                0         -nan%
FRAGHIST_BIN_30                                      0         -nan%                0         -nan%
FRAGHIST_BIN_31                                      0         -nan%                0         -nan%
FRAGHIST_BIN_32                                      0         -nan%                0         -nan%
                                                     0         -nan%                0         -nan%
                                                  -nan         -nan              -nan         -nan

CF_BR_USED_TARGET_CORRECT                       109587        6.218%           229827        6.631%
CF_BR_USED_TARGET_INCORRECT                          3        0.000%              206        0.006%
CF_CBR_USED_TARGET_CORRECT                     1485034       84.260%          2887677       83.313%
CF_CBR_USED_TARGET_INCORRECT                     13682        0.776%            24352        0.703%
CF_CALL_USED_TARGET_CORRECT                      39302        2.230%            82433        2.378%
CF_CALL_USED_TARGET_INCORRECT                        0        0.000%              255        0.007%
CF_IBR_USED_TARGET_CORRECT                        1062        0.060%             2117        0.061%
CF_IBR_USED_TARGET_INCORRECT                        14        0.001%               74        0.002%
CF_ICALL_USED_TARGET_CORRECT                     37187        2.110%            77993        2.250%
CF_ICALL_USED_TARGET_INCORRECT                      37        0.002%              223        0.006%
CF_ICO_USED_TARGET_CORRECT                           0        0.000%                0        0.000%
CF_ICO_USED_TARGET_INCORRECT                         0        0.000%                0        0.000%
CF_RET_USED_TARGET_CORRECT                       76474        4.339%           160802        4.639%
CF_RET_USED_TARGET_INCORRECT                        53        0.003%              102        0.003%
CF_DEFAULT_USED_TARGET_CORRECT                       0        0.000%                0        0.000%
CF_DEFAULT_USED_TARGET_INCORRECT                     0        0.000%                0        0.000%
                                               1762435      100.000%          3466061      100.000%
                                                  2.49         2.20              2.52         2.27

BTB_UPDATE_BTB_MISS                                 13      100.000%             1564      100.000%
BTB_UPDATE_BTB_HIT_TAKEN                             0        0.000%                0        0.000%
                                                    13      100.000%             1564      100.000%
                                                  0.00         0.00              0.00         0.00

BTB_UPDATE_BTB_HIT_JITTED_NOT_CF                     0        0.000%                0        0.000%
BTB_UPDATE_BTB_HIT_JITTED_CF_BR                      0        0.000%                0        0.000%
BTB_UPDATE_BTB_HIT_JITTED_CF_CBR                     0        0.000%                0        0.000%
BTB_UPDATE_BTB_HIT_JITTED_CF_CALL                    0        0.000%                0        0.000%
BTB_UPDATE_BTB_HIT_JITTED_CF_IBR                   148        7.426%              324        7.490%
BTB_UPDATE_BTB_HIT_JITTED_CF_ICALL                  59        2.960%              134        3.098%
BTB_UPDATE_BTB_HIT_JITTED_CF_ICO                     0        0.000%                0        0.000%
BTB_UPDATE_BTB_HIT_JITTED_CF_RET                  1786       89.614%             3868       89.413%
                                                  1993      100.000%             4326      100.000%
                                                  6.72         6.42              6.71         6.40

RESTEER_BTB_MISS_NOT_CF                              0        0.000%                0        0.000%
RESTEER_BTB_MISS_CF_BR                               0        0.000%                0        0.000%
RESTEER_BTB_MISS_CF_CBR                              3        0.007%              206        0.281%
RESTEER_BTB_MISS_CF_CALL                             1        0.002%               17        0.023%
RESTEER_BTB_MISS_CF_IBR                              0        0.000%              255        0.348%
RESTEER_BTB_MISS_CF_ICALL                            0        0.000%                0        0.000%
RESTEER_BTB_MISS_CF_ICO                              0        0.000%                0        0.000%
RESTEER_BTB_MISS_CF_RET                              0        0.000%                0        0.000%
RESTEER_MISPRED_NOT_CF                               0        0.000%                0        0.000%
RESTEER_MISPRED_CF_BR                                0        0.000%                0        0.000%
RESTEER_MISPRED_CF_CBR                           41834       99.517%            71743       97.871%
RESTEER_MISPRED_CF_CALL                              0        0.000%                0        0.000%
RESTEER_MISPRED_CF_IBR                               0        0.000%               14        0.019%
RESTEER_MISPRED_CF_ICALL                             3        0.007%              136        0.186%
RESTEER_MISPRED_CF_ICO                               0        0.000%                0        0.000%
RESTEER_MISPRED_CF_RET                               0        0.000%                8        0.011%
RESTEER_MISFETCH_NOT_CF                              0        0.000%                0        0.000%
RESTEER_MISFETCH_CF_BR                               0        0.000%                0        0.000%
RESTEER_MISFETCH_CF_CBR                             95        0.226%              684        0.933%
RESTEER_MISFETCH_CF_CALL                             0        0.000%                0        0.000%
RESTEER_MISFETCH_CF_IBR                             14        0.033%               60        0.082%
RESTEER_MISFETCH_CF_ICALL                           34        0.081%               87        0.119%
RESTEER_MISFETCH_CF_ICO                              0        0.000%                0        0.000%
RESTEER_MISFETCH_CF_RET                             53        0.126%               94        0.128%
RESTEER_NO_TARGET_CF_IBR                             0        0.000%                0        0.000%
RESTEER_NO_TARGET_CF_ICALL                           0        0.000%                0        0.000%
RESTEER_NO_TARGET_CF_ICO                             0        0.000%                0        0.000%
RESTEER_NO_TARGET_CF_RET                             0        0.000%                0        0.000%
                                                 42037      100.000%            73304      100.000%
                                                 10.05         0.70             10.07         1.17

CBR_CORRECT                                    1949140       68.201%          3744658       66.084%
CBR_CORRECT_BTB_MISS_NT_NT                      866859       30.332%          1849453       32.638%
CBR_RECOVER_MISPREDICT                           41830        1.464%            71193        1.256%
CBR_RECOVER_MISFETCH                                 1        0.000%                1        0.000%
CBR_RECOVER_BTB_MISS_T_T                             0        0.000%               16        0.000%
CBR_RECOVER_BTB_MISS_T_NT                           95        0.003%              684        0.012%
CBR_RECOVER_BTB_MISS_NT_T                            4        0.000%              550        0.010%
                                               2857929      100.000%          5666555      100.000%
                                                  0.33         0.42              0.35         0.42

BR_CORRECT                                      109587       99.997%           229827       99.910%
BR_RECOVER                                           3        0.003%              206        0.090%
                                                109590      100.000%           230033      100.000%
                                                  0.00         0.01              0.00         0.03

ICALL_CORRECT_IBTB                               37106       99.683%            77538       99.133%
ICALL_CORRECT_BTB                                   81        0.218%              455        0.582%
ICALL_RECOVER_IBTB_MISFETCH                         28        0.075%               61        0.078%
ICALL_RECOVER_BTB_MISFETCH                           6        0.016%               26        0.033%
ICALL_RECOVER_XBTB_MISS                              3        0.008%              136        0.174%
                                                 37224      100.000%            78216      100.000%
                                                  0.00         0.09              0.02         0.20

IBR_CORRECT_IBTB                                   989       91.914%             1779       81.196%
IBR_CORRECT_BTB                                     73        6.784%              338       15.427%
IBR_RECOVER_IBTB_MISFETCH                           13        1.208%               25        1.141%
IBR_RECOVER_BTB_MISFETCH                             1        0.093%               35        1.597%
IBR_RECOVER_XBTB_MISS                                0        0.000%               14        0.639%
                                                  1076      100.000%             2191      100.000%
                                                  0.09         0.33              0.25         0.58

ICO_CORRECT                                          0         -nan%                0         -nan%
ICO_RECOVER                                          0         -nan%                0         -nan%
                                                     0         -nan%                0         -nan%
                                                  -nan         -nan              -nan         -nan

RET_CORRECT                                      76474       99.931%           160802       99.937%
RET_RECOVER                                         53        0.069%               94        0.058%
RET_RECOVER_UFLOW                                    0        0.000%                8        0.005%
                                                 76527      100.000%           160904      100.000%
                                                  0.00         0.03              0.00         0.03

CALL_CORRECT                                     39302      100.000%            82433       99.692%
CALL_RECOVER                                         0        0.000%              255        0.308%
                                                 39302      100.000%            82688      100.000%
                                                  0.00         0.00              0.00         0.06

BTB_CORRECT                                    2178157       71.529%          4208367       69.449%
BTB_INCORRECT_BUT_TARGET_CORRECT                     0        0.000%                2        0.000%
BTB_INCORRECT                                   866964       28.471%          1851316       30.551%
                                               3045121      100.000%          6059685      100.000%
                                                  0.57         0.82              0.61         0.84

IBTB_CORRECT                                     38136       99.572%            79403       98.751%
IBTB_INCORRECT                                     164        0.428%             1004        1.249%
                                                 38300      100.000%            80407      100.000%
                                                  0.00         0.07              0.01         0.11

CBR_CORRECT_OFF_PATH                            917147       27.506%          1473382       26.192%
CBR_CORRECT_BTB_MISS_NT_NT_OFF_PATH            1792331       53.753%          2900974       51.570%
CBR_RECOVER_MISPREDICT_OFF_PATH                 618718       18.556%          1115886       19.837%
CBR_RECOVER_MISFETCH_OFF_PATH                        0        0.000%                0        0.000%
CBR_RECOVER_BTB_MISS_T_T_OFF_PATH                    0        0.000%               21        0.000%
CBR_RECOVER_BTB_MISS_T_NT_OFF_PATH                6179        0.185%           134800        2.396%
CBR_RECOVER_BTB_MISS_NT_T_OFF_PATH                   0        0.000%              263        0.005%
                                               3334375      100.000%          5625326      100.000%
                                                  0.92         0.50              1.03         0.75

BR_CORRECT_OFF_PATH                             244931      100.000%           409624       99.988%
BR_RECOVER_OFF_PATH                                  0        0.000%               51        0.012%
                                                244931      100.000%           409675      100.000%
                                                  0.00         0.00              0.00         0.01

ICALL_CORRECT_IBTB_OFF_PATH                      54489       62.902%            69118       49.093%
ICALL_CORRECT_BTB_OFF_PATH                       32016       36.959%            71289       50.635%
ICALL_RECOVER_IBTB_MISFETCH_OFF_PATH               105        0.121%              233        0.165%
ICALL_RECOVER_BTB_MISFETCH_OFF_PATH                 15        0.017%               58        0.041%
ICALL_RECOVER_XBTB_MISS_OFF_PATH                     0        0.000%               92        0.065%
                                                 86625      100.000%           140790      100.000%
                                                  0.37         0.39              0.51         0.37

IBR_CORRECT_IBTB_OFF_PATH                          331       22.970%              526       13.522%
IBR_CORRECT_BTB_OFF_PATH                           959       66.551%             2965       76.221%
IBR_RECOVER_IBTB_MISFETCH_OFF_PATH                  99        6.870%              215        5.527%
IBR_RECOVER_BTB_MISFETCH_OFF_PATH                   52        3.609%              182        4.679%
IBR_RECOVER_XBTB_MISS_OFF_PATH                       0        0.000%                2        0.051%
                                                  1441      100.000%             3890      100.000%
                                                  0.91         0.49              1.02         0.49

ICO_CORRECT_OFF_PATH                                 0         -nan%                0         -nan%
ICO_RECOVER_OFF_PATH                                 0         -nan%                0         -nan%
                                                     0         -nan%                0         -nan%
                                                  -nan         -nan              -nan         -nan

RET_CORRECT_OFF_PATH                            174025       96.871%           298826       94.059%
RET_RECOVER_OFF_PATH                              5466        3.043%            18086        5.693%
RET_RECOVER_UFLOW_OFF_PATH                         156        0.087%              789        0.248%
                                                179647      100.000%           317701      100.000%
                                                  0.03         0.18              0.06         0.24

CALL_CORRECT_OFF_PATH                            76108      100.000%           134081       99.940%
CALL_RECOVER_OFF_PATH                                0        0.000%               80        0.060%
                                                 76108      100.000%           134161      100.000%
                                                  0.00         0.00              0.00         0.02

BTB_CORRECT_OFF_PATH                           1944970       51.956%          3277556       51.911%
BTB_INCORRECT_BUT_TARGET_CORRECT_OFF_PATH             0        0.000%                3        0.000%
BTB_INCORRECT_OFF_PATH                         1798510       48.044%          3036286       48.089%
                                               3743480      100.000%          6313845      100.000%
                                                  0.96         0.98              0.96         0.98

IBTB_CORRECT_OFF_PATH                            55024       62.480%            70092       48.446%
IBTB_INCORRECT_OFF_PATH                          33042       37.520%            74588       51.554%
                                                 88066      100.000%           144680      100.000%
                                                  0.38         0.45              0.52         0.51

BP_EXEC_RECOVERIES                               42033       99.990%            72826       99.348%
BP_DECODE_RECOVERIES                                 4        0.010%              478        0.652%
                                                 42037      100.000%            73304      100.000%
                                                  0.00         0.01              0.01         0.08

SCHEDULED_EXEC_RECOVERIES                        42033       99.990%            72826       99.348%
SCHEDULED_DECODE_RECOVERIES                          4        0.010%              478        0.652%
                                                 42037      100.000%            73304      100.000%
                                                  0.00         0.01              0.01         0.08

PERFORMED_EXEC_RECOVERIES                        42037      100.000%            73304      100.000%
PERFORMED_DECODE_RECOVERIES                          0        0.000%                0        0.000%
                                                 42037      100.000%            73304      100.000%
                                                  0.00         0.00              0.00         0.00

PERFORMED_RECOVERY_LAT                         4552839                        7851832              

SCHEDULED_DECODE_LAT                               174                          29825              

SCHEDULED_EXEC_LAT                             4468595                        7675877              



