/* -*- Mode: c -*- */
####################################################################################################
Core 0
####################################################################################################
Cumulative:        Cycles: 28674676              Instructions: 20000000              IPC: 0.69748

Periodic:          Cycles: 13157216              Instructions: 9999997               IPC: 0.76004

EXECUTION_TIME                           4111630000000                  8960836250000              

NODE_CYCLE                                    13157216                       28674676              

NODE_INST_COUNT                                9999997                       20000000              

NODE_INST_COUNT_FETCHED                        9999997                       20000000              

NODE_UOP_COUNT                                12101818                       24173226              

FULL_WINDOW_STALL                              9095001       69.126%         20860908       72.750%

FULL_WINDOW_MEM_OP                             8753319       99.998%         20146747       99.999%
FULL_WINDOW_FP_OP                                    0        0.000%                0        0.000%
FULL_WINDOW_OTHER_OP                               160        0.002%              284        0.001%
                                               8753479      100.000%         20147031      100.000%
                                                  0.00         0.01              0.00         0.01

RET_BLOCKED_DC_MISS                           10136410       77.041%         22806687       79.536%

RET_BLOCKED_L1_MISS                            5047136       38.360%         12697217       44.280%

RET_BLOCKED_L1_MISS_BW_PREF                     384961        2.926%           911212        3.178%

RET_BLOCKED_L1_ACCESS                          5089329       38.681%         10109586       35.256%

RET_BLOCKED_MEM_STALL                          5047413       38.362%         12697541       44.281%

RET_BLOCKED_OFFCHIP_DEMAND                           0        0.000%                0        0.000%

OP_ISSUED                                     15814446                       30647042              

OP_RETIRED                                    12101818                       24173226              

REPLAY_SIGNALED                                      0                              0              

REPLAY_COUNTED                                       0                              0              

OFF_CRITICAL_PATH                                    0         -nan%                0         -nan%
ON_CRITICAL_PATH                                     0         -nan%                0         -nan%
                                                     0         -nan%                0         -nan%
                                                  -nan         -nan              -nan         -nan

LD_NO_DEPENDENTS                                 42927        1.395%            90893        1.483%
LD_DEPENDENTS                                  3034619       98.605%          6040081       98.517%
                                               3077546      100.000%          6130974      100.000%
                                                  0.99         0.98              0.99         0.98

LD_EXEC_CYCLES_0                                     0        0.000%                0        0.000%
LD_EXEC_CYCLES_1                                     0        0.000%                0        0.000%
LD_EXEC_CYCLES_2                                     0        0.000%                0        0.000%
LD_EXEC_CYCLES_3                                  2503       48.470%             3985       48.986%
LD_EXEC_CYCLES_4                                  2661       51.530%             4150       51.014%
                                                  5164      100.000%             8135      100.000%
                                                  3.52         2.57              3.51         2.56

ICACHE_STAGE_STARVED                            123422        4.181%           328855        5.530%
ICACHE_STAGE_NOT_STARVED                       2828524       95.819%          5618374       94.470%
                                               2951946      100.000%          5947229      100.000%
                                                  0.96         0.94              0.94         0.92

ICACHE_STAGE_STALLED                           7165619       54.462%         17465713       60.910%
ICACHE_STAGE_NOT_STALLED                       2890731       21.971%          5783705       20.170%
ICACHE_STAGE_OFF_PATH                          3100866       23.568%          5425258       18.920%
                                              13157216      100.000%         28674676      100.000%
                                                  0.69         0.73              0.58         0.69

DECODE_STAGE_STARVED                          12565380       99.249%         27562972       99.380%
DECODE_STAGE_NOT_STARVED                         95135        0.751%           171836        0.620%
                                              12660515      100.000%         27734808      100.000%
                                                  0.01         0.09              0.01         0.08

DECODE_STAGE_STALLED                             28135        0.214%            46313        0.162%
DECODE_STAGE_NOT_STALLED                      12632380       96.011%         27688495       96.561%
DECODE_STAGE_OFF_PATH                           496701        3.775%           939868        3.278%
                                              13157216      100.000%         28674676      100.000%
                                                  1.04         0.28              1.03         0.26

UOPQ_STAGE_STARVED                             1130675       32.975%          2114998       31.308%
UOPQ_STAGE_NOT_STARVED                         2298224       67.025%          4640371       68.692%
                                               3428899      100.000%          6755369      100.000%
                                                  0.67         0.61              0.69         0.63

UOPQ_STAGE_STALLED                             7162764       54.440%         17456561       60.878%
UOPQ_STAGE_NOT_STALLED                         3428899       26.061%          6755369       23.559%
UOPQ_STAGE_OFF_PATH                            2565553       19.499%          4462746       15.563%
                                              13157216      100.000%         28674676      100.000%
                                                  0.65         0.69              0.55         0.65

MAP_STAGE_STARVED                               188040        1.824%           392082        1.655%
MAP_STAGE_NOT_STARVED                         10120006       98.176%         23294825       98.345%
                                              10308046      100.000%         23686907      100.000%
                                                  0.98         0.97              0.98         0.98

MAP_STAGE_STALLED                              7236166       54.998%         17578977       61.305%
MAP_STAGE_NOT_STALLED                          3071880       23.347%          6107930       21.301%
MAP_STAGE_OFF_PATH                             2849170       21.655%          4987769       17.394%
                                              13157216      100.000%         28674676      100.000%
                                                  0.67         0.71              0.56         0.68

EXEC_STAGE_STARVED                            11956751       90.876%         26586619       92.718%
EXEC_STAGE_NOT_STARVED                           12846        0.098%            25671        0.090%
EXEC_STAGE_OFF_PATH                            1187619        9.026%          2062386        7.192%
                                              13157216      100.000%         28674676      100.000%
                                                  0.18         0.55              0.14         0.50

FU_BUSY_0                                      4124593                        8121204              

FU_BUSY_1                                      2638652                        5162759              

FU_BUSY_2                                      2114396                        4032477              

FU_BUSY_3                                      1569070                        3128175              

FU_BUSY_4                                      1749472                        3310121              

FU_BUSY_5                                      2253052                        4376701              

FU_BUSY_6                                        83202                         172078              

FU_BUSY_7                                        98803                         207679              

FU_BUSY_8                                            0                              0              

FU_BUSY_9                                            0                              0              

FU_BUSY_10                                           0                              0              

FU_BUSY_11                                           0                              0              

FU_BUSY_12                                           0                              0              

FU_BUSY_13                                           0                              0              

FU_BUSY_14                                           0                              0              

FU_BUSY_15                                           0                              0              

FU_BUSY_16                                           0                              0              

FU_BUSY_17                                           0                              0              

FU_BUSY_18                                           0                              0              

FU_BUSY_19                                           0                              0              

FU_BUSY_20                                           0                              0              

FU_BUSY_21                                           0                              0              

FU_BUSY_22                                           0                              0              

FU_BUSY_23                                           0                              0              

FU_BUSY_24                                           0                              0              

FU_BUSY_25                                           0                              0              

FU_BUSY_26                                           0                              0              

FU_BUSY_27                                           0                              0              

FU_BUSY_28                                           0                              0              

FU_BUSY_29                                           0                              0              

FU_BUSY_30                                           0                              0              

FU_BUSY_31                                           0                              0              

FU_REJECTED_OP_INV_NOT_SIMD                          0        0.000%                0        0.000%
FU_REJECTED_OP_NOP_NOT_SIMD                        169        2.079%              626        3.492%
FU_REJECTED_OP_CF_NOT_SIMD                          68        0.837%              157        0.876%
FU_REJECTED_OP_MOV_NOT_SIMD                        463        5.696%             1035        5.774%
FU_REJECTED_OP_CMOV_NOT_SIMD                         0        0.000%                2        0.011%
FU_REJECTED_OP_LDA_NOT_SIMD                        112        1.378%              311        1.735%
FU_REJECTED_OP_IMEM_NOT_SIMD                       253        3.112%              675        3.765%
FU_REJECTED_OP_IADD_NOT_SIMD                      5915       72.764%            12765       71.209%
FU_REJECTED_OP_IMUL_NOT_SIMD                       536        6.594%             1106        6.170%
FU_REJECTED_OP_IDIV_NOT_SIMD                        35        0.431%               57        0.318%
FU_REJECTED_OP_ICMP_NOT_SIMD                         0        0.000%               19        0.106%
FU_REJECTED_OP_LOGIC_NOT_SIMD                      239        2.940%              426        2.376%
FU_REJECTED_OP_SHIFT_NOT_SIMD                      226        2.780%              501        2.795%
FU_REJECTED_OP_FMEM_NOT_SIMD                        15        0.185%               37        0.206%
FU_REJECTED_OP_FCVT_NOT_SIMD                         0        0.000%                0        0.000%
FU_REJECTED_OP_FADD_NOT_SIMD                         0        0.000%                0        0.000%
FU_REJECTED_OP_FMUL_NOT_SIMD                         0        0.000%                0        0.000%
FU_REJECTED_OP_FMA_NOT_SIMD                          0        0.000%                0        0.000%
FU_REJECTED_OP_FDIV_NOT_SIMD                         0        0.000%                0        0.000%
FU_REJECTED_OP_FCMP_NOT_SIMD                         0        0.000%                0        0.000%
FU_REJECTED_OP_FCMOV_NOT_SIMD                        0        0.000%                0        0.000%
FU_REJECTED_OP_GATHER_NOT_SIMD                       0        0.000%                0        0.000%
FU_REJECTED_OP_SCATTER_NOT_SIMD                      0        0.000%                0        0.000%
FU_REJECTED_OP_PIPELINED_FAST_NOT_SIMD               0        0.000%                0        0.000%
FU_REJECTED_OP_PIPELINED_MEDIUM_NOT_SIMD             0        0.000%                0        0.000%
FU_REJECTED_OP_PIPELINED_SLOW_NOT_SIMD               0        0.000%                0        0.000%
FU_REJECTED_OP_NOTPIPELINED_MEDIUM_NOT_SIMD             0        0.000%                0        0.000%
FU_REJECTED_OP_NOTPIPELINED_SLOW_NOT_SIMD             0        0.000%                0        0.000%
FU_REJECTED_OP_NOTPIPELINED_VERY_SLOW_NOT_SIMD             0        0.000%                0        0.000%
FU_REJECTED_OP_INV_SIMD                              0        0.000%                0        0.000%
FU_REJECTED_OP_NOP_SIMD                              0        0.000%                0        0.000%
FU_REJECTED_OP_CF_SIMD                               0        0.000%                0        0.000%
FU_REJECTED_OP_MOV_SIMD                             80        0.984%              167        0.932%
FU_REJECTED_OP_CMOV_SIMD                             0        0.000%                0        0.000%
FU_REJECTED_OP_LDA_SIMD                              0        0.000%                0        0.000%
FU_REJECTED_OP_IMEM_SIMD                             0        0.000%                0        0.000%
FU_REJECTED_OP_IADD_SIMD                             0        0.000%                0        0.000%
FU_REJECTED_OP_IMUL_SIMD                             0        0.000%                0        0.000%
FU_REJECTED_OP_IDIV_SIMD                             0        0.000%                0        0.000%
FU_REJECTED_OP_ICMP_SIMD                             0        0.000%                0        0.000%
FU_REJECTED_OP_LOGIC_SIMD                            0        0.000%                0        0.000%
FU_REJECTED_OP_SHIFT_SIMD                            0        0.000%                0        0.000%
FU_REJECTED_OP_FMEM_SIMD                             0        0.000%                0        0.000%
FU_REJECTED_OP_FCVT_SIMD                             0        0.000%                5        0.028%
FU_REJECTED_OP_FADD_SIMD                            18        0.221%               37        0.206%
FU_REJECTED_OP_FMUL_SIMD                             0        0.000%                0        0.000%
FU_REJECTED_OP_FMA_SIMD                              0        0.000%                0        0.000%
FU_REJECTED_OP_FDIV_SIMD                             0        0.000%                0        0.000%
FU_REJECTED_OP_FCMP_SIMD                             0        0.000%                0        0.000%
FU_REJECTED_OP_FCMOV_SIMD                            0        0.000%                0        0.000%
FU_REJECTED_OP_GATHER_SIMD                           0        0.000%                0        0.000%
FU_REJECTED_OP_SCATTER_SIMD                          0        0.000%                0        0.000%
FU_REJECTED_OP_PIPELINED_FAST_SIMD                   0        0.000%                0        0.000%
FU_REJECTED_OP_PIPELINED_MEDIUM_SIMD                 0        0.000%                0        0.000%
FU_REJECTED_OP_PIPELINED_SLOW_SIMD                   0        0.000%                0        0.000%
FU_REJECTED_OP_NOTPIPELINED_MEDIUM_SIMD              0        0.000%                0        0.000%
FU_REJECTED_OP_NOTPIPELINED_SLOW_SIMD                0        0.000%                0        0.000%
FU_REJECTED_OP_NOTPIPELINED_VERY_SLOW_SIMD             0        0.000%                0        0.000%
                                                  8129      100.000%            17926      100.000%
                                                  7.22         3.52              7.08         3.57

OP_WAIT_0                                      7698534                       15337642              

OP_WAIT_1                                      1842235                        3616771              

OP_WAIT_2                                       437974                         847937              

OP_WAIT_3                                       247667                         482448              

OP_WAIT_4                                       142174                         308424              

OP_WAIT_5                                       181873                         367880              

OP_WAIT_6                                       150121                         302942              

OP_WAIT_7                                       136770                         261606              

OP_WAIT_8                                        75381                         155250              

OP_WAIT_9                                        64231                         139387              

OP_WAIT_10                                       65896                         133802              

OP_WAIT_11                                       44164                          77075              

OP_WAIT_12                                       42704                          71493              

OP_WAIT_13                                       38955                          65786              

OP_WAIT_14                                       42002                          71464              

OP_WAIT_15                                       17036                          33888              

OP_WAIT_16                                        4464                          10817              

OP_WAIT_17                                        5858                          12552              

OP_WAIT_18                                        4274                          10150              

OP_WAIT_19                                        6291                          18706              

OP_WAIT_20                                        3845                          12295              

OP_WAIT_21                                        4204                          19719              

OP_WAIT_22                                        6251                          18976              

OP_WAIT_23                                        6409                          14139              

OP_WAIT_24                                        6285                          14584              

OP_WAIT_25                                        6288                          15452              

OP_WAIT_26                                        5423                          17488              

OP_WAIT_27                                        2975                          11727              

OP_WAIT_28                                        2276                           9245              

OP_WAIT_29                                        8648                          23327              

OP_WAIT_30                                        3653                          10313              

OP_WAIT_31                                      796957                        1679941              

ROW_SIZE_0                                    10344026                       23128652              

ROW_SIZE_1                                      513265                         965851              

ROW_SIZE_2                                       84897                         169873              

ROW_SIZE_3                                       53819                         106093              

ROW_SIZE_4                                       92587                         180126              

ROW_SIZE_5                                       42982                          82350              

ROW_SIZE_6                                     1778674                        3569516              

ROW_SIZE_7                                           0                              0              

ROW_SIZE_8                                           0                              0              

ROW_SIZE_9                                           0                              0              

ROW_SIZE_10                                          0                              0              

ROW_SIZE_11                                          0                              0              

ROW_SIZE_12                                          0                              0              

ROW_SIZE_13                                          0                              0              

ROW_SIZE_14                                          0                              0              

ROW_SIZE_15                                          0                              0              

ROW_SIZE_16                                          0                              0              

ROW_SIZE_17                                          0                              0              

ROW_SIZE_18                                          0                              0              

ROW_SIZE_19                                          0                              0              

ROW_SIZE_20                                          0                              0              

ROW_SIZE_21                                          0                              0              

ROW_SIZE_22                                          0                              0              

ROW_SIZE_23                                          0                              0              

ROW_SIZE_24                                          0                              0              

ROW_SIZE_25                                          0                              0              

ROW_SIZE_26                                          0                              0              

ROW_SIZE_27                                          0                              0              

ROW_SIZE_28                                          0                              0              

ROW_SIZE_29                                          0                              0              

ROW_SIZE_30                                          0                              0              

ROW_SIZE_31                                          0                              0              

RET_OP_EXEC_COUNT_0                                  0        0.000%                0        0.000%
RET_OP_EXEC_COUNT_1                           12101818      100.000%         24173226      100.000%
RET_OP_EXEC_COUNT_2                                  0        0.000%                0        0.000%
RET_OP_EXEC_COUNT_3                                  0        0.000%                0        0.000%
RET_OP_EXEC_COUNT_4                                  0        0.000%                0        0.000%
RET_OP_EXEC_COUNT_5                                  0        0.000%                0        0.000%
RET_OP_EXEC_COUNT_6                                  0        0.000%                0        0.000%
RET_OP_EXEC_COUNT_7                                  0        0.000%                0        0.000%
RET_OP_EXEC_COUNT_8                                  0        0.000%                0        0.000%
RET_OP_EXEC_COUNT_9                                  0        0.000%                0        0.000%
RET_OP_EXEC_COUNT_10                                 0        0.000%                0        0.000%
RET_OP_EXEC_COUNT_11                                 0        0.000%                0        0.000%
RET_OP_EXEC_COUNT_12                                 0        0.000%                0        0.000%
RET_OP_EXEC_COUNT_13                                 0        0.000%                0        0.000%
RET_OP_EXEC_COUNT_14                                 0        0.000%                0        0.000%
RET_OP_EXEC_COUNT_15                                 0        0.000%                0        0.000%
RET_OP_EXEC_COUNT_16                                 0        0.000%                0        0.000%
RET_OP_EXEC_COUNT_17                                 0        0.000%                0        0.000%
RET_OP_EXEC_COUNT_18                                 0        0.000%                0        0.000%
RET_OP_EXEC_COUNT_19                                 0        0.000%                0        0.000%
RET_OP_EXEC_COUNT_20                                 0        0.000%                0        0.000%
RET_OP_EXEC_COUNT_21                                 0        0.000%                0        0.000%
RET_OP_EXEC_COUNT_22                                 0        0.000%                0        0.000%
RET_OP_EXEC_COUNT_23                                 0        0.000%                0        0.000%
RET_OP_EXEC_COUNT_24                                 0        0.000%                0        0.000%
RET_OP_EXEC_COUNT_25                                 0        0.000%                0        0.000%
RET_OP_EXEC_COUNT_26                                 0        0.000%                0        0.000%
RET_OP_EXEC_COUNT_27                                 0        0.000%                0        0.000%
RET_OP_EXEC_COUNT_28                                 0        0.000%                0        0.000%
RET_OP_EXEC_COUNT_29                                 0        0.000%                0        0.000%
RET_OP_EXEC_COUNT_30                                 0        0.000%                0        0.000%
RET_OP_EXEC_COUNT_31                                 0        0.000%                0        0.000%
RET_OP_EXEC_COUNT_32                                 0        0.000%                0        0.000%
                                              12101818      100.000%         24173226      100.000%
                                                  1.00         0.00              1.00         0.00

RET_STALL_LENGTH_0                            12067677       99.718%         24083829       99.630%
RET_STALL_LENGTH_100                             31291        0.259%            84007        0.348%
RET_STALL_LENGTH_200                              1634        0.014%             3154        0.013%
RET_STALL_LENGTH_300                               498        0.004%              760        0.003%
RET_STALL_LENGTH_400                               183        0.002%              308        0.001%
RET_STALL_LENGTH_500                                56        0.000%               98        0.000%
RET_STALL_LENGTH_600                                23        0.000%               38        0.000%
RET_STALL_LENGTH_700                                15        0.000%               31        0.000%
RET_STALL_LENGTH_800                                18        0.000%               32        0.000%
RET_STALL_LENGTH_900                                28        0.000%               50        0.000%
RET_STALL_LENGTH_1000                               28        0.000%               50        0.000%
RET_STALL_LENGTH_1100                               57        0.000%              102        0.000%
RET_STALL_LENGTH_1200                              202        0.002%              547        0.002%
RET_STALL_LENGTH_1300                               80        0.001%              174        0.001%
RET_STALL_LENGTH_1400                               15        0.000%               26        0.000%
RET_STALL_LENGTH_1500                                9        0.000%               13        0.000%
RET_STALL_LENGTH_1600                                3        0.000%                6        0.000%
RET_STALL_LENGTH_1700                                1        0.000%                1        0.000%
RET_STALL_LENGTH_1800                                0        0.000%                0        0.000%
RET_STALL_LENGTH_1900                                0        0.000%                0        0.000%
RET_STALL_LENGTH_2000                                0        0.000%                0        0.000%
RET_STALL_LENGTH_2100                                0        0.000%                0        0.000%
RET_STALL_LENGTH_2200                                0        0.000%                0        0.000%
RET_STALL_LENGTH_2300                                0        0.000%                0        0.000%
RET_STALL_LENGTH_2400                                0        0.000%                0        0.000%
RET_STALL_LENGTH_2500                                0        0.000%                0        0.000%
RET_STALL_LENGTH_2600                                0        0.000%                0        0.000%
RET_STALL_LENGTH_2700                                0        0.000%                0        0.000%
RET_STALL_LENGTH_2800                                0        0.000%                0        0.000%
RET_STALL_LENGTH_2900                                0        0.000%                0        0.000%
RET_STALL_LENGTH_3000                                0        0.000%                0        0.000%
RET_STALL_LENGTH_3100                                0        0.000%                0        0.000%
RET_STALL_LENGTH_3200                                0        0.000%                0        0.000%
RET_STALL_LENGTH_3300                                0        0.000%                0        0.000%
RET_STALL_LENGTH_3400                                0        0.000%                0        0.000%
RET_STALL_LENGTH_3500                                0        0.000%                0        0.000%
RET_STALL_LENGTH_3600                                0        0.000%                0        0.000%
RET_STALL_LENGTH_3700                                0        0.000%                0        0.000%
RET_STALL_LENGTH_3800                                0        0.000%                0        0.000%
RET_STALL_LENGTH_3900                                0        0.000%                0        0.000%
RET_STALL_LENGTH_4000                                0        0.000%                0        0.000%
RET_STALL_LENGTH_4100                                0        0.000%                0        0.000%
RET_STALL_LENGTH_4200                                0        0.000%                0        0.000%
RET_STALL_LENGTH_4300                                0        0.000%                0        0.000%
RET_STALL_LENGTH_4400                                0        0.000%                0        0.000%
RET_STALL_LENGTH_4500                                0        0.000%                0        0.000%
RET_STALL_LENGTH_4600                                0        0.000%                0        0.000%
RET_STALL_LENGTH_4700                                0        0.000%                0        0.000%
RET_STALL_LENGTH_4800                                0        0.000%                0        0.000%
RET_STALL_LENGTH_4900                                0        0.000%                0        0.000%
RET_STALL_LENGTH_5000                                0        0.000%                0        0.000%
                                              12101818      100.000%         24173226      100.000%
                                                  0.00         0.10              0.00         0.10

MEM_BLOCK_LENGTH_0                                 635       95.777%              968       96.510%
MEM_BLOCK_LENGTH_100                                27        4.072%               33        3.290%
MEM_BLOCK_LENGTH_200                                 0        0.000%                0        0.000%
MEM_BLOCK_LENGTH_300                                 0        0.000%                1        0.100%
MEM_BLOCK_LENGTH_400                                 0        0.000%                0        0.000%
MEM_BLOCK_LENGTH_500                                 0        0.000%                0        0.000%
MEM_BLOCK_LENGTH_600                                 0        0.000%                0        0.000%
MEM_BLOCK_LENGTH_700                                 0        0.000%                0        0.000%
MEM_BLOCK_LENGTH_800                                 0        0.000%                0        0.000%
MEM_BLOCK_LENGTH_900                                 0        0.000%                0        0.000%
MEM_BLOCK_LENGTH_1000                                0        0.000%                0        0.000%
MEM_BLOCK_LENGTH_1100                                0        0.000%                0        0.000%
MEM_BLOCK_LENGTH_1200                                1        0.151%                1        0.100%
MEM_BLOCK_LENGTH_1300                                0        0.000%                0        0.000%
MEM_BLOCK_LENGTH_1400                                0        0.000%                0        0.000%
MEM_BLOCK_LENGTH_1500                                0        0.000%                0        0.000%
MEM_BLOCK_LENGTH_1600                                0        0.000%                0        0.000%
MEM_BLOCK_LENGTH_1700                                0        0.000%                0        0.000%
MEM_BLOCK_LENGTH_1800                                0        0.000%                0        0.000%
MEM_BLOCK_LENGTH_1900                                0        0.000%                0        0.000%
MEM_BLOCK_LENGTH_2000                                0        0.000%                0        0.000%
MEM_BLOCK_LENGTH_2100                                0        0.000%                0        0.000%
MEM_BLOCK_LENGTH_2200                                0        0.000%                0        0.000%
MEM_BLOCK_LENGTH_2300                                0        0.000%                0        0.000%
MEM_BLOCK_LENGTH_2400                                0        0.000%                0        0.000%
MEM_BLOCK_LENGTH_2500                                0        0.000%                0        0.000%
MEM_BLOCK_LENGTH_2600                                0        0.000%                0        0.000%
MEM_BLOCK_LENGTH_2700                                0        0.000%                0        0.000%
MEM_BLOCK_LENGTH_2800                                0        0.000%                0        0.000%
MEM_BLOCK_LENGTH_2900                                0        0.000%                0        0.000%
MEM_BLOCK_LENGTH_3000                                0        0.000%                0        0.000%
MEM_BLOCK_LENGTH_3100                                0        0.000%                0        0.000%
MEM_BLOCK_LENGTH_3200                                0        0.000%                0        0.000%
MEM_BLOCK_LENGTH_3300                                0        0.000%                0        0.000%
MEM_BLOCK_LENGTH_3400                                0        0.000%                0        0.000%
MEM_BLOCK_LENGTH_3500                                0        0.000%                0        0.000%
MEM_BLOCK_LENGTH_3600                                0        0.000%                0        0.000%
MEM_BLOCK_LENGTH_3700                                0        0.000%                0        0.000%
MEM_BLOCK_LENGTH_3800                                0        0.000%                0        0.000%
MEM_BLOCK_LENGTH_3900                                0        0.000%                0        0.000%
MEM_BLOCK_LENGTH_4000                                0        0.000%                0        0.000%
MEM_BLOCK_LENGTH_4100                                0        0.000%                0        0.000%
MEM_BLOCK_LENGTH_4200                                0        0.000%                0        0.000%
MEM_BLOCK_LENGTH_4300                                0        0.000%                0        0.000%
MEM_BLOCK_LENGTH_4400                                0        0.000%                0        0.000%
MEM_BLOCK_LENGTH_4500                                0        0.000%                0        0.000%
MEM_BLOCK_LENGTH_4600                                0        0.000%                0        0.000%
MEM_BLOCK_LENGTH_4700                                0        0.000%                0        0.000%
MEM_BLOCK_LENGTH_4800                                0        0.000%                0        0.000%
MEM_BLOCK_LENGTH_4900                                0        0.000%                0        0.000%
MEM_BLOCK_LENGTH_5000                                0        0.000%                0        0.000%
                                                   663      100.000%             1003      100.000%
                                                  0.06         0.50              0.05         0.43

FUS_BUSY_ON_PATH                              12115330        0.9208         24201403        0.8440

FUS_BUSY_OFF_PATH                              2515910        0.1912          4309791        0.1503

FU_BUSY_MEM_STALL                                11713        0.0009            24146        0.0008

FUS_EMPTY                                     90626488        6.8880        200886214        7.0057

FU_UNAVAILABLE                                    2000        0.0002             4583        0.0002

FU_MEM_UNAVAILABLE                                6129        0.0005            13343        0.0005

FU_REPLAY                                            0        0.0000                0        0.0000

FU_STARVED                                    90450709        6.8746        200586374        6.9952

CHIP_UTILIZATION                                     0        0.0000                0        0.0000

CYCLES_UNDER_MEM_REQ                                 0                              0              

CYCLES_UNDER_NO_MEM_REQ                              0                              0              

CYCLES_UNDER_CRITICAL_MEM_REQ                        0                              0              

CYCLES_UNDER_NONCRITICAL_MEM_REQ                     0                              0              

CHIP_UTILIZATION_UNDER_MEM_REQ                       0          -nan                0          -nan

CHIP_UTILIZATION_UNDER_NO_MEM_REQ                    0          -nan                0          -nan

CHIP_UTILIZATION_UNDER_CRITICAL_MEM_REQ              0          -nan                0          -nan

CHIP_UTILIZATION_UNDER_NONCRITICAL_MEM_REQ             0          -nan                0          -nan

CYCLES_NOT_WAITING_FOR_OFF_CHIP                      0        0.0000                0        0.0000

FUS_BUSY_NOT_WAITING_FOR_OFF_CHIP                    0          -nan                0          -nan

CYCLES_WAITING_FOR_OFF_CHIP                          0        0.0000                0        0.0000

FUS_BUSY_WAITING_FOR_OFF_CHIP                        0          -nan                0          -nan

TOTAL_OFF_CHIP_DELAYS_LEFT                           0                              0              

WRONG_IO_SCHED                                       0                              0              

DVFS_CONFIG_SWITCH                                   0                              0              

MAP_STAGE_RECEIVED_OPS_0                             0        0.000%                0        0.000%
MAP_STAGE_RECEIVED_OPS_1                        435658       15.327%           826984       14.652%
MAP_STAGE_RECEIVED_OPS_2                        124908        4.394%           257991        4.571%
MAP_STAGE_RECEIVED_OPS_3                        113742        4.002%           238679        4.229%
MAP_STAGE_RECEIVED_OPS_4                        907291       31.919%          1760410       31.191%
MAP_STAGE_RECEIVED_OPS_5                        231002        8.127%           473784        8.394%
MAP_STAGE_RECEIVED_OPS_6                       1029868       36.231%          2086156       36.962%
MAP_STAGE_RECEIVED_OPS_7                             0        0.000%                0        0.000%
MAP_STAGE_RECEIVED_OPS_8                             0        0.000%                0        0.000%
MAP_STAGE_RECEIVED_OPS_MAX                           0        0.000%                0        0.000%
                                               2842469      100.000%          5644004      100.000%
                                                  4.22         1.75              4.25         1.74

MAP_STAGE_WAIT_FOR_DECODE                            0         -nan%                0         -nan%
MAP_STAGE_CONSUME_DECODE                             0         -nan%                0         -nan%
                                                     0         -nan%                0         -nan%
                                                  -nan         -nan              -nan         -nan

MAP_STAGE_WAIT_FOR_DECODE2                           0         -nan%                0         -nan%
MAP_STAGE_CONSUME_DECODE2                            0         -nan%                0         -nan%
                                                     0         -nan%                0         -nan%
                                                  -nan         -nan              -nan         -nan

FTQ_RECOVER_EXEC                                 42033                          72826              

FTQ_RECOVER_DECODE                                   4                            478              

FTQ_OFFPATH_CYCLES                              552672                         973472              

FTQ_CYCLES_OFFPATH                             4510802                        7778528              

FTQ_CYCLES_ONPATH                              8646414                       20896148              

FTQ_FETCHED_INS_OFFPATH                       15451755                       27889268              

FTQ_FETCHED_INS_ONPATH                        12059184                       24099922              

FTQ_BREAK_FULL_FT_ONPATH                       8406701       97.708%         20476386       98.338%
FTQ_BREAK_MAX_CFS_TAKEN_ONPATH                  189118        2.198%           331533        1.592%
FTQ_BREAK_MAX_BYTES_ONPATH                        8086        0.094%            14453        0.069%
FTQ_BREAK_PRED_BR_ONPATH                             0        0.000%                0        0.000%
FTQ_BREAK_BAR_FETCH_ONPATH                           0        0.000%                0        0.000%
                                               8603905      100.000%         20822372      100.000%
                                                  0.02         0.16              0.02         0.13

FTQ_BREAK_FULL_FT_OFFPATH                      4007646       88.028%          6917570       88.103%
FTQ_BREAK_MAX_CFS_TAKEN_OFFPATH                 485916       10.673%           807407       10.283%
FTQ_BREAK_MAX_BYTES_OFFPATH                      59144        1.299%           126722        1.614%
FTQ_BREAK_PRED_BR_OFFPATH                            0        0.000%                0        0.000%
FTQ_BREAK_BAR_FETCH_OFFPATH                          0        0.000%                0        0.000%
                                               4552706      100.000%          7851699      100.000%
                                                  0.13         0.35              0.14         0.36



