/* -*- Mode: c -*- */
####################################################################################################
Core 0
####################################################################################################
Cumulative:        Cycles: 15198269              Instructions: 20000000              IPC: 1.31594

Periodic:          Cycles: 7607066               Instructions: 10000000              IPC: 1.31457

DCACHE_PREF_HIT                                      0                              0              

IFETCH_WB_FIRST_SCHEDULE                             0         -nan%                0         -nan%
PREFETCH_LAST_SCHEDULE                               0         -nan%                0         -nan%
DEMAND_PASS_PREF_SCHEDULE                            0         -nan%                0         -nan%
DEMAND_PASS_LOW_OP_SCHEDULE                          0         -nan%                0         -nan%
DEMAND_LAST_SCHEDULE                                 0         -nan%                0         -nan%
                                                     0         -nan%                0         -nan%
                                                  -nan         -nan              -nan         -nan

SEND_MISS_REQ_QUEUE                             100764                         202904              

L1_DATA_EVICT                                   102926                         173720              

STREAM_BUFFER_REQ                                    0                              0              

PREF_SEND_TO_MEM_REQ                                 0         -nan%                0         -nan%
PREF_SEND_TO_MEM_REQ_FAIL                            0         -nan%                0         -nan%
                                                     0         -nan%                0         -nan%
                                                  -nan         -nan              -nan         -nan

HIT_TRAIN_STREAM                                 42620       73.454%            81970       67.923%
MISS_TRAIN_STREAM                                15403       26.546%            38711       32.077%
                                                 58023      100.000%           120681      100.000%
                                                  0.27         0.40              0.32         0.43

STREAM_TRAIN_CREATE                               6827                          16306              

MEM_REQ_MISS_HWP_PREF_Q                              0         -nan%                0         -nan%
MEM_REQ_MISS_SW_PREF_Q                               0         -nan%                0         -nan%
MEM_REQ_MISS_IFETCH_Q                                0         -nan%                0         -nan%
MEM_REQ_MISS_DFETCH_Q                                0         -nan%                0         -nan%
MEM_REQ_MISS_DSTORE_Q                                0         -nan%                0         -nan%
MEM_REQ_MISS_DPRF_Q                                  0         -nan%                0         -nan%
MEM_REQ_MISS_WB_Q                                    0         -nan%                0         -nan%
                                                     0         -nan%                0         -nan%
                                                  -nan         -nan              -nan         -nan

PREF_HIT_BY_DEMAND_IFETCH                            0         -nan%                0         -nan%
PREF_HIT_BY_DEMAND_DFETCH                            0         -nan%                0         -nan%
PREF_HIT_BY_DEMAND_DSTORE                            0         -nan%                0         -nan%
PREF_HIT_BY_DEMAND_IPREF                             0         -nan%                0         -nan%
PREF_HIT_BY_DEMAND_DPRF                              0         -nan%                0         -nan%
PREF_HIT_BY_DEMAND_WB                                0         -nan%                0         -nan%
PREF_HIT_BY_PREF                                     0         -nan%                0         -nan%
                                                     0         -nan%                0         -nan%
                                                  -nan         -nan              -nan         -nan

PREF_HIT_DEMAND_IFETCH                               0         -nan%                0         -nan%
PREF_HIT_DEMAND_DFETCH                               0         -nan%                0         -nan%
PREF_HIT_DEMAND_DSTORE                               0         -nan%                0         -nan%
PREF_HIT_DEMAND_IPREF                                0         -nan%                0         -nan%
PREF_HIT_DEMAND_DPRF                                 0         -nan%                0         -nan%
PREF_HIT_DEMAND_WB                                   0         -nan%                0         -nan%
                                                     0         -nan%                0         -nan%
                                                  -nan         -nan              -nan         -nan

PREF_L1_FILL                                         0         -nan%                0         -nan%
DEMAND_L1_FILL                                       0         -nan%                0         -nan%
                                                     0         -nan%                0         -nan%
                                                  -nan         -nan              -nan         -nan

TOUCH_L1_REPLACE                                     0        0.000%                0        0.000%
NO_TOUCH_L1_REPLACE                             102926      100.000%           173720      100.000%
                                                102926      100.000%           173720      100.000%
                                                  1.00         1.00              1.00         1.00

PREF_REQ_QUE_FULL                                    0                              0              

STREAM_REQ_QUEUE_HIT_BY_DEMAND                       0                              0              

L2HIT_STREAM_PREF_REQ_QUE_FULL                       0                              0              

L2HIT_HIT_TRAIN_STREAM                               0         -nan%                0         -nan%
L2HIT_MISS_TRAIN_STREAM                              0         -nan%                0         -nan%
                                                     0         -nan%                0         -nan%
                                                  -nan         -nan              -nan         -nan

L2HIT_STREAM_TRAIN_CREATE                            0                              0              

L2HIT_STREAM_BUFFER_REQ                              0                              0              

L2HIT_STREAM_PREF_DCACHE_HIT                         0         -nan%                0         -nan%
L2HIT_STREAM_PREF_DCACHE_INSERT                      0         -nan%                0         -nan%
L2HIT_STREAM_L2_MISS                                 0         -nan%                0         -nan%
                                                     0         -nan%                0         -nan%
                                                  -nan         -nan              -nan         -nan

L2HIT_STREAM_DCACHE_PORT_FULL                        0                              0              

L2HIT_STREAM_PREF_L1_PORT_FULL                       0                              0              

L2HIT_TRAIN_HIT_DEMAND                               0         -nan%                0         -nan%
L2HIT_TRAIN_MISS_REQ                                 0         -nan%                0         -nan%
                                                     0         -nan%                0         -nan%
                                                  -nan         -nan              -nan         -nan

L2HIT_TRAIN_FILTER_MISS                              0         -nan%                0         -nan%
L2HIT_TRAIN_FILTER_HIT                               0         -nan%                0         -nan%
                                                     0         -nan%                0         -nan%
                                                  -nan         -nan              -nan         -nan

L2HIT_PREF_REQ_DCACHE_HIT                            0         -nan%                0         -nan%
L2HIT_PREF_REQ_DCACHE_MISS                           0         -nan%                0         -nan%
                                                     0         -nan%                0         -nan%
                                                  -nan         -nan              -nan         -nan

L2HIT_L2SEND_Q_FULL                                  0         -nan%                0         -nan%
L2HIT_L2SEND_Q_ENTER                                 0         -nan%                0         -nan%
                                                     0         -nan%                0         -nan%
                                                  -nan         -nan              -nan         -nan

L2HIT_MEM_REQ                                        0                              0              

REMOVE_REDUNDANT_STREAM_STAT                         0                              0              

REPLACE_OLD_STREAM                                6827                          16290              

REQ_SEND_QUEUE_STALL                                 0                              0              

STREAM_ENTER_RA                                      0                              0              

CORE_STREAM_LENGTH_0                               141        8.725%              389        8.484%
CORE_STREAM_LENGTH_10                              396       24.505%             1752       38.212%
CORE_STREAM_LENGTH_20                              519       32.116%             1373       29.945%
CORE_STREAM_LENGTH_30                              133        8.230%              261        5.692%
CORE_STREAM_LENGTH_40                              217       13.428%              379        8.266%
CORE_STREAM_LENGTH_50                               24        1.485%               59        1.287%
CORE_STREAM_LENGTH_60                               10        0.619%               33        0.720%
CORE_STREAM_LENGTH_70                               13        0.804%               28        0.611%
CORE_STREAM_LENGTH_80                                6        0.371%               14        0.305%
CORE_STREAM_LENGTH_90                               12        0.743%               40        0.872%
CORE_STREAM_LENGTH_100_P                           145        8.973%              257        5.605%
                                                  1616      100.000%             4585      100.000%
                                                  2.83         2.69              2.30         2.32

CORE_CUM_STREAM_LENGTH_0                          1026        0.802%             2812        1.196%
CORE_CUM_STREAM_LENGTH_10                         6002        4.694%            24313       10.341%
CORE_CUM_STREAM_LENGTH_20                        11796        9.226%            31259       13.296%
CORE_CUM_STREAM_LENGTH_30                         4687        3.666%             9178        3.904%
CORE_CUM_STREAM_LENGTH_40                         9798        7.663%            17002        7.232%
CORE_CUM_STREAM_LENGTH_50                         1268        0.992%             3162        1.345%
CORE_CUM_STREAM_LENGTH_60                          638        0.499%             2099        0.893%
CORE_CUM_STREAM_LENGTH_70                          958        0.749%             2064        0.878%
CORE_CUM_STREAM_LENGTH_80                          505        0.395%             1173        0.499%
CORE_CUM_STREAM_LENGTH_90                         1108        0.867%             3763        1.601%
CORE_CUM_STREAM_LENGTH_100_P                     90074       70.447%           138277       58.816%
                                                127860      100.000%           235102      100.000%
                                                  7.93         7.42              7.02         6.54

CORE_STREAM_TRAIN_HITS_0                          1118       69.183%             3309       72.170%
CORE_STREAM_TRAIN_HITS_10                          329       20.359%              903       19.695%
CORE_STREAM_TRAIN_HITS_20                           29        1.795%               85        1.854%
CORE_STREAM_TRAIN_HITS_30                           19        1.176%               61        1.330%
CORE_STREAM_TRAIN_HITS_40                           19        1.176%               49        1.069%
CORE_STREAM_TRAIN_HITS_50                            6        0.371%               14        0.305%
CORE_STREAM_TRAIN_HITS_60                           25        1.547%               40        0.872%
CORE_STREAM_TRAIN_HITS_70                            5        0.309%               13        0.284%
CORE_STREAM_TRAIN_HITS_80                            3        0.186%                4        0.087%
CORE_STREAM_TRAIN_HITS_90                            4        0.248%                5        0.109%
CORE_STREAM_TRAIN_HITS_100_P                        59        3.651%              102        2.225%
                                                  1616      100.000%             4585      100.000%
                                                  0.86         2.03              0.64         1.66

CORE_CUM_STREAM_TRAIN_HITS_0                      7209       13.821%            20983       20.918%
CORE_CUM_STREAM_TRAIN_HITS_10                     4400        8.436%            11711       11.675%
CORE_CUM_STREAM_TRAIN_HITS_20                      718        1.377%             2119        2.112%
CORE_CUM_STREAM_TRAIN_HITS_30                      666        1.277%             2147        2.140%
CORE_CUM_STREAM_TRAIN_HITS_40                      838        1.607%             2136        2.129%
CORE_CUM_STREAM_TRAIN_HITS_50                      323        0.619%              754        0.752%
CORE_CUM_STREAM_TRAIN_HITS_60                     1607        3.081%             2580        2.572%
CORE_CUM_STREAM_TRAIN_HITS_70                      384        0.736%              984        0.981%
CORE_CUM_STREAM_TRAIN_HITS_80                      242        0.464%              323        0.322%
CORE_CUM_STREAM_TRAIN_HITS_90                      376        0.721%              466        0.465%
CORE_CUM_STREAM_TRAIN_HITS_100_P                 35396       67.862%            56107       55.934%
                                                 52159      100.000%           100310      100.000%
                                                  7.37         6.78              6.23         5.80

CORE_STREAM_TRAIN_CREATE                          6827                          16306              



