               ramulator.active_cycles_0             5911023                                      # Total active cycles for level _0
                 ramulator.busy_cycles_0             5911023                                      # (All-bank refresh only. busy cycles only include refresh time in rank level) The sum of cycles that the DRAM part is active or under refresh for level _0
            ramulator.serving_requests_0             9348593                                      # The sum of read and write requests that are served in this DRAM element per memory cycle for level _0
    ramulator.average_serving_requests_0            1.171822                                      # The average of read and write requests that are served in this DRAM element per memory cycle for level _0
             ramulator.active_cycles_0_0             5911023                                      # Total active cycles for level _0_0
               ramulator.busy_cycles_0_0             6206283                                      # (All-bank refresh only. busy cycles only include refresh time in rank level) The sum of cycles that the DRAM part is active or under refresh for level _0_0
          ramulator.serving_requests_0_0             9348593                                      # The sum of read and write requests that are served in this DRAM element per memory cycle for level _0_0
  ramulator.average_serving_requests_0_0            1.171822                                      # The average of read and write requests that are served in this DRAM element per memory cycle for level _0_0
           ramulator.active_cycles_0_0_0             1822997                                      # Total active cycles for level _0_0_0
             ramulator.busy_cycles_0_0_0             1822997                                      # (All-bank refresh only. busy cycles only include refresh time in rank level) The sum of cycles that the DRAM part is active or under refresh for level _0_0_0
        ramulator.serving_requests_0_0_0             2395788                                      # The sum of read and write requests that are served in this DRAM element per memory cycle for level _0_0_0
ramulator.average_serving_requests_0_0_0            0.300306                                      # The average of read and write requests that are served in this DRAM element per memory cycle for level _0_0_0
         ramulator.active_cycles_0_0_0_0              548828                                      # Total active cycles for level _0_0_0_0
           ramulator.busy_cycles_0_0_0_0              548828                                      # (All-bank refresh only. busy cycles only include refresh time in rank level) The sum of cycles that the DRAM part is active or under refresh for level _0_0_0_0
      ramulator.serving_requests_0_0_0_0              668392                                      # The sum of read and write requests that are served in this DRAM element per memory cycle for level _0_0_0_0
ramulator.average_serving_requests_0_0_0_0            0.083781                                      # The average of read and write requests that are served in this DRAM element per memory cycle for level _0_0_0_0
         ramulator.active_cycles_0_0_0_1              447099                                      # Total active cycles for level _0_0_0_1
           ramulator.busy_cycles_0_0_0_1              447099                                      # (All-bank refresh only. busy cycles only include refresh time in rank level) The sum of cycles that the DRAM part is active or under refresh for level _0_0_0_1
      ramulator.serving_requests_0_0_0_1              550160                                      # The sum of read and write requests that are served in this DRAM element per memory cycle for level _0_0_0_1
ramulator.average_serving_requests_0_0_0_1            0.068961                                      # The average of read and write requests that are served in this DRAM element per memory cycle for level _0_0_0_1
         ramulator.active_cycles_0_0_0_2              497918                                      # Total active cycles for level _0_0_0_2
           ramulator.busy_cycles_0_0_0_2              497918                                      # (All-bank refresh only. busy cycles only include refresh time in rank level) The sum of cycles that the DRAM part is active or under refresh for level _0_0_0_2
      ramulator.serving_requests_0_0_0_2              608281                                      # The sum of read and write requests that are served in this DRAM element per memory cycle for level _0_0_0_2
ramulator.average_serving_requests_0_0_0_2            0.076246                                      # The average of read and write requests that are served in this DRAM element per memory cycle for level _0_0_0_2
         ramulator.active_cycles_0_0_0_3              462361                                      # Total active cycles for level _0_0_0_3
           ramulator.busy_cycles_0_0_0_3              462361                                      # (All-bank refresh only. busy cycles only include refresh time in rank level) The sum of cycles that the DRAM part is active or under refresh for level _0_0_0_3
      ramulator.serving_requests_0_0_0_3              568955                                      # The sum of read and write requests that are served in this DRAM element per memory cycle for level _0_0_0_3
ramulator.average_serving_requests_0_0_0_3            0.071317                                      # The average of read and write requests that are served in this DRAM element per memory cycle for level _0_0_0_3
           ramulator.active_cycles_0_0_1             1666028                                      # Total active cycles for level _0_0_1
             ramulator.busy_cycles_0_0_1             1666028                                      # (All-bank refresh only. busy cycles only include refresh time in rank level) The sum of cycles that the DRAM part is active or under refresh for level _0_0_1
        ramulator.serving_requests_0_0_1             2220229                                      # The sum of read and write requests that are served in this DRAM element per memory cycle for level _0_0_1
ramulator.average_serving_requests_0_0_1            0.278300                                      # The average of read and write requests that are served in this DRAM element per memory cycle for level _0_0_1
         ramulator.active_cycles_0_0_1_0              424587                                      # Total active cycles for level _0_0_1_0
           ramulator.busy_cycles_0_0_1_0              424587                                      # (All-bank refresh only. busy cycles only include refresh time in rank level) The sum of cycles that the DRAM part is active or under refresh for level _0_0_1_0
      ramulator.serving_requests_0_0_1_0              521652                                      # The sum of read and write requests that are served in this DRAM element per memory cycle for level _0_0_1_0
ramulator.average_serving_requests_0_0_1_0            0.065388                                      # The average of read and write requests that are served in this DRAM element per memory cycle for level _0_0_1_0
         ramulator.active_cycles_0_0_1_1              414056                                      # Total active cycles for level _0_0_1_1
           ramulator.busy_cycles_0_0_1_1              414056                                      # (All-bank refresh only. busy cycles only include refresh time in rank level) The sum of cycles that the DRAM part is active or under refresh for level _0_0_1_1
      ramulator.serving_requests_0_0_1_1              512876                                      # The sum of read and write requests that are served in this DRAM element per memory cycle for level _0_0_1_1
ramulator.average_serving_requests_0_0_1_1            0.064288                                      # The average of read and write requests that are served in this DRAM element per memory cycle for level _0_0_1_1
         ramulator.active_cycles_0_0_1_2              477127                                      # Total active cycles for level _0_0_1_2
           ramulator.busy_cycles_0_0_1_2              477127                                      # (All-bank refresh only. busy cycles only include refresh time in rank level) The sum of cycles that the DRAM part is active or under refresh for level _0_0_1_2
      ramulator.serving_requests_0_0_1_2              586906                                      # The sum of read and write requests that are served in this DRAM element per memory cycle for level _0_0_1_2
ramulator.average_serving_requests_0_0_1_2            0.073567                                      # The average of read and write requests that are served in this DRAM element per memory cycle for level _0_0_1_2
         ramulator.active_cycles_0_0_1_3              470658                                      # Total active cycles for level _0_0_1_3
           ramulator.busy_cycles_0_0_1_3              470658                                      # (All-bank refresh only. busy cycles only include refresh time in rank level) The sum of cycles that the DRAM part is active or under refresh for level _0_0_1_3
      ramulator.serving_requests_0_0_1_3              598795                                      # The sum of read and write requests that are served in this DRAM element per memory cycle for level _0_0_1_3
ramulator.average_serving_requests_0_0_1_3            0.075057                                      # The average of read and write requests that are served in this DRAM element per memory cycle for level _0_0_1_3
           ramulator.active_cycles_0_0_2             1688916                                      # Total active cycles for level _0_0_2
             ramulator.busy_cycles_0_0_2             1688916                                      # (All-bank refresh only. busy cycles only include refresh time in rank level) The sum of cycles that the DRAM part is active or under refresh for level _0_0_2
        ramulator.serving_requests_0_0_2             2257992                                      # The sum of read and write requests that are served in this DRAM element per memory cycle for level _0_0_2
ramulator.average_serving_requests_0_0_2            0.283033                                      # The average of read and write requests that are served in this DRAM element per memory cycle for level _0_0_2
         ramulator.active_cycles_0_0_2_0              468865                                      # Total active cycles for level _0_0_2_0
           ramulator.busy_cycles_0_0_2_0              468865                                      # (All-bank refresh only. busy cycles only include refresh time in rank level) The sum of cycles that the DRAM part is active or under refresh for level _0_0_2_0
      ramulator.serving_requests_0_0_2_0              578543                                      # The sum of read and write requests that are served in this DRAM element per memory cycle for level _0_0_2_0
ramulator.average_serving_requests_0_0_2_0            0.072519                                      # The average of read and write requests that are served in this DRAM element per memory cycle for level _0_0_2_0
         ramulator.active_cycles_0_0_2_1              379835                                      # Total active cycles for level _0_0_2_1
           ramulator.busy_cycles_0_0_2_1              379835                                      # (All-bank refresh only. busy cycles only include refresh time in rank level) The sum of cycles that the DRAM part is active or under refresh for level _0_0_2_1
      ramulator.serving_requests_0_0_2_1              472962                                      # The sum of read and write requests that are served in this DRAM element per memory cycle for level _0_0_2_1
ramulator.average_serving_requests_0_0_2_1            0.059285                                      # The average of read and write requests that are served in this DRAM element per memory cycle for level _0_0_2_1
         ramulator.active_cycles_0_0_2_2              474780                                      # Total active cycles for level _0_0_2_2
           ramulator.busy_cycles_0_0_2_2              474780                                      # (All-bank refresh only. busy cycles only include refresh time in rank level) The sum of cycles that the DRAM part is active or under refresh for level _0_0_2_2
      ramulator.serving_requests_0_0_2_2              602935                                      # The sum of read and write requests that are served in this DRAM element per memory cycle for level _0_0_2_2
ramulator.average_serving_requests_0_0_2_2            0.075576                                      # The average of read and write requests that are served in this DRAM element per memory cycle for level _0_0_2_2
         ramulator.active_cycles_0_0_2_3              483859                                      # Total active cycles for level _0_0_2_3
           ramulator.busy_cycles_0_0_2_3              483859                                      # (All-bank refresh only. busy cycles only include refresh time in rank level) The sum of cycles that the DRAM part is active or under refresh for level _0_0_2_3
      ramulator.serving_requests_0_0_2_3              603552                                      # The sum of read and write requests that are served in this DRAM element per memory cycle for level _0_0_2_3
ramulator.average_serving_requests_0_0_2_3            0.075654                                      # The average of read and write requests that are served in this DRAM element per memory cycle for level _0_0_2_3
           ramulator.active_cycles_0_0_3             1861223                                      # Total active cycles for level _0_0_3
             ramulator.busy_cycles_0_0_3             1861223                                      # (All-bank refresh only. busy cycles only include refresh time in rank level) The sum of cycles that the DRAM part is active or under refresh for level _0_0_3
        ramulator.serving_requests_0_0_3             2474563                                      # The sum of read and write requests that are served in this DRAM element per memory cycle for level _0_0_3
ramulator.average_serving_requests_0_0_3            0.310180                                      # The average of read and write requests that are served in this DRAM element per memory cycle for level _0_0_3
         ramulator.active_cycles_0_0_3_0              463184                                      # Total active cycles for level _0_0_3_0
           ramulator.busy_cycles_0_0_3_0              463184                                      # (All-bank refresh only. busy cycles only include refresh time in rank level) The sum of cycles that the DRAM part is active or under refresh for level _0_0_3_0
      ramulator.serving_requests_0_0_3_0              567265                                      # The sum of read and write requests that are served in this DRAM element per memory cycle for level _0_0_3_0
ramulator.average_serving_requests_0_0_3_0            0.071105                                      # The average of read and write requests that are served in this DRAM element per memory cycle for level _0_0_3_0
         ramulator.active_cycles_0_0_3_1              548246                                      # Total active cycles for level _0_0_3_1
           ramulator.busy_cycles_0_0_3_1              548246                                      # (All-bank refresh only. busy cycles only include refresh time in rank level) The sum of cycles that the DRAM part is active or under refresh for level _0_0_3_1
      ramulator.serving_requests_0_0_3_1              667306                                      # The sum of read and write requests that are served in this DRAM element per memory cycle for level _0_0_3_1
ramulator.average_serving_requests_0_0_3_1            0.083645                                      # The average of read and write requests that are served in this DRAM element per memory cycle for level _0_0_3_1
         ramulator.active_cycles_0_0_3_2              497891                                      # Total active cycles for level _0_0_3_2
           ramulator.busy_cycles_0_0_3_2              497891                                      # (All-bank refresh only. busy cycles only include refresh time in rank level) The sum of cycles that the DRAM part is active or under refresh for level _0_0_3_2
      ramulator.serving_requests_0_0_3_2              625244                                      # The sum of read and write requests that are served in this DRAM element per memory cycle for level _0_0_3_2
ramulator.average_serving_requests_0_0_3_2            0.078373                                      # The average of read and write requests that are served in this DRAM element per memory cycle for level _0_0_3_2
         ramulator.active_cycles_0_0_3_3              485234                                      # Total active cycles for level _0_0_3_3
           ramulator.busy_cycles_0_0_3_3              485234                                      # (All-bank refresh only. busy cycles only include refresh time in rank level) The sum of cycles that the DRAM part is active or under refresh for level _0_0_3_3
      ramulator.serving_requests_0_0_3_3              614748                                      # The sum of read and write requests that are served in this DRAM element per memory cycle for level _0_0_3_3
ramulator.average_serving_requests_0_0_3_3            0.077057                                      # The average of read and write requests that are served in this DRAM element per memory cycle for level _0_0_3_3
      ramulator.read_transaction_bytes_0            21209728                                      # The total byte of read transaction per channel
     ramulator.write_transaction_bytes_0            17413312                                      # The total byte of write transaction per channel
       ramulator.row_hits_channel_0_core              551612                                      # Number of row hits per channel per core
     ramulator.row_misses_channel_0_core               14398                                      # Number of row misses per channel per core
  ramulator.row_conflicts_channel_0_core               37475                                      # Number of row conflicts per channel per core
  ramulator.read_row_hits_channel_0_core              315284                                      # Number of row hits for read requests per channel per core
                                     [0]            315284.0                                      # 
ramulator.read_row_misses_channel_0_core                3709                                      # Number of row misses for read requests per channel per core
                                     [0]              3709.0                                      # 
ramulator.read_row_conflicts_channel_0_core               12409                                      # Number of row conflicts for read requests per channel per core
                                     [0]             12409.0                                      # 
 ramulator.write_row_hits_channel_0_core              236328                                      # Number of row hits for write requests per channel per core
                                     [0]            236328.0                                      # 
ramulator.write_row_misses_channel_0_core               10689                                      # Number of row misses for write requests per channel per core
                                     [0]             10689.0                                      # 
ramulator.write_row_conflicts_channel_0_core               25066                                      # Number of row conflicts for write requests per channel per core
                                     [0]             25066.0                                      # 
      ramulator.useless_activates_0_core                  86                                      # Number of useless activations. E.g, ACT -> PRE w/o RD or WR
            ramulator.read_latency_avg_0           72.977227                                      # The average memory latency cycles (in memory time domain) per request for all read requests in this channel
            ramulator.read_latency_sum_0            24184872                                      # The memory latency cycles (in memory time domain) sum for all read requests in this channel
        ramulator.req_queue_length_avg_0           17.705313                                      # Average of read and write queue length per memory cycle per channel.
        ramulator.req_queue_length_sum_0           141249960                                      # Sum of read and write queue length per memory cycle per channel.
   ramulator.read_req_queue_length_avg_0            2.996778                                      # Read queue length average per memory cycle per channel.
   ramulator.read_req_queue_length_sum_0            23907784                                      # Read queue length sum per memory cycle per channel.
  ramulator.write_req_queue_length_avg_0           14.708535                                      # Write queue length average per memory cycle per channel.
  ramulator.write_req_queue_length_sum_0           117342176                                      # Write queue length sum per memory cycle per channel.
              ramulator.record_read_hits                 0.0                                      # record read hit count for this core when it reaches request limit or to the end
                                     [0]                 0.0                                      # 
            ramulator.record_read_misses                 0.0                                      # record_read_miss count for this core when it reaches request limit or to the end
                                     [0]                 0.0                                      # 
         ramulator.record_read_conflicts                 0.0                                      # record read conflict count for this core when it reaches request limit or to the end
                                     [0]                 0.0                                      # 
             ramulator.record_write_hits                 0.0                                      # record write hit count for this core when it reaches request limit or to the end
                                     [0]                 0.0                                      # 
           ramulator.record_write_misses                 0.0                                      # record write miss count for this core when it reaches request limit or to the end
                                     [0]                 0.0                                      # 
        ramulator.record_write_conflicts                 0.0                                      # record write conflict for this core when it reaches request limit or to the end
                                     [0]                 0.0                                      # 
                 ramulator.dram_capacity          8589934592                                      # Number of bytes in simulated DRAM
                   ramulator.dram_cycles             7977829                                      # Number of DRAM cycles simulated
             ramulator.incoming_requests              603507                                      # Number of incoming requests to DRAM
                 ramulator.read_requests              331403                                      # Number of incoming read requests to DRAM per core
                                     [0]            331403.0                                      # 
                ramulator.write_requests              272104                                      # Number of incoming write requests to DRAM per core
                                     [0]            272104.0                                      # 
       ramulator.ramulator_active_cycles             5911025                                      # The total number of cycles that the DRAM part is active (serving R/W)
 ramulator.incoming_requests_per_channel            603507.0                                      # Number of incoming requests to each DRAM channel
                                     [0]            603507.0                                      # 
ramulator.incoming_read_reqs_per_channel            331403.0                                      # Number of incoming read requests to each DRAM channel
                                     [0]            331403.0                                      # 
     ramulator.physical_page_replacement                   0                                      # The number of times that physical page replacement happens.
             ramulator.maximum_bandwidth         19200000000                                      # The theoretical maximum bandwidth (Bps)
          ramulator.in_queue_req_num_sum           141249960                                      # Sum of read/write queue length
     ramulator.in_queue_read_req_num_sum            23907784                                      # Sum of read queue length
    ramulator.in_queue_write_req_num_sum           117342176                                      # Sum of write queue length
          ramulator.in_queue_req_num_avg           17.705313                                      # Average of read/write queue length per memory cycle
     ramulator.in_queue_read_req_num_avg            2.996778                                      # Average of read queue length per memory cycle
    ramulator.in_queue_write_req_num_avg           14.708535                                      # Average of write queue length per memory cycle
          ramulator.record_read_requests                 0.0                                      # record read requests for this core when it reaches request limit or to the end
                                     [0]                 0.0                                      # 
         ramulator.record_write_requests                 0.0                                      # record write requests for this core when it reaches request limit or to the end
                                     [0]                 0.0                                      # 
