/* -*- Mode: c -*- */
####################################################################################################
Core 0
####################################################################################################
Cumulative:        Cycles: 14929119              Instructions: 20000000              IPC: 1.33966

Periodic:          Cycles: 7407815               Instructions: 10000000              IPC: 1.34993

MISS_WAIT_TIME                             77935893163                   102000601553              

ICACHE_STAGE_MISS                                 6983                          13881              

ICACHE_CYCLE                                   7407815                       14929119              

TCACHE_CYCLE                                         0                              0              

ICACHE_CYCLE_ONPATH                            2778056       37.502%          5581368       37.386%
ICACHE_CYCLE_OFFPATH                           4629759       62.498%          9347751       62.614%
                                               7407815      100.000%         14929119      100.000%
                                                  0.62         0.58              0.63         0.58

FETCH_ON_PATH                                  2928293       39.930%          5879793       39.962%
FETCH_OFF_PATH                                 4405247       60.070%          8833637       60.038%
                                               7333540      100.000%         14713430      100.000%
                                                  0.60         0.56              0.60         0.56

FETCHED_OPS_ON_PATH                                  0         -nan%                0         -nan%
FETCHED_OPS_OFF_PATH                                 0         -nan%                0         -nan%
                                                     0         -nan%                0         -nan%
                                                  -nan         -nan              -nan         -nan

INST_LOST_FETCH                               12931081       29.818%         25864365       29.599%
INST_LOST_OFF_PATH                            20141050       46.444%         40329939       46.153%
INST_LOST_FULL_WINDOW                             2778        0.006%             5316        0.006%
INST_LOST_ROB_STALL_OTHER                       317100        0.731%           676668        0.774%
INST_LOST_ROB_STALL_WAIT_FOR_RECOVERY             5436        0.013%            12516        0.014%
INST_LOST_ROB_STALL_WAIT_FOR_REDIRECT                0        0.000%                0        0.000%
INST_LOST_ROB_STALL_WAIT_FOR_GAP_FILL                0        0.000%                0        0.000%
INST_LOST_ROB_STALL_WAIT_FOR_L1_MISS                 0        0.000%                0        0.000%
INST_LOST_ROB_STALL_WAIT_FOR_MEMORY                  0        0.000%               90        0.000%
INST_LOST_ROB_STALL_WAIT_FOR_DC_MISS            120336        0.277%           599544        0.686%
INST_LOST_ROB_BLOCK_ISSUE_FULL                       0        0.000%                0        0.000%
INST_LOST_ROB_BLOCK_ISSUE_GAP_TOO_LARGE              0        0.000%                0        0.000%
INST_LOST_BREAK_DONT                                 0        0.000%                0        0.000%
INST_LOST_BREAK_RENAME                               0        0.000%                0        0.000%
INST_LOST_BREAK_FT_UNAVAILABLE                     120        0.000%              120        0.000%
INST_LOST_BREAK_ICACHE_TO_UOP_CACHE_SWITCH        287864        0.664%           578397        0.662%
INST_LOST_BREAK_ICACHE_MISS_REQ_SUCCESS          27460        0.063%            54310        0.062%
INST_LOST_BREAK_ICACHE_MISS_REQ_FAILURE              0        0.000%               24        0.000%
INST_LOST_BREAK_WAIT_FOR_MISS                   344665        0.795%           816505        0.934%
INST_LOST_BREAK_UOP_CACHE_READ_LIMIT           8926202       20.583%         17919513       20.507%
INST_LOST_BREAK_UOP_CACHE_READ_LIMIT_AND_ISSUE_WIDTH             0        0.000%                0        0.000%
INST_LOST_BREAK_ICACHE_READ_LIMIT               262511        0.605%           525248        0.601%
INST_LOST_BREAK_ICACHE_READ_LIMIT_AND_ISSUE_WIDTH             0        0.000%                0        0.000%
INST_LOST_BREAK_ISSUE_WIDTH                          0        0.000%                0        0.000%
INST_LOST_BREAK_BARRIERT                             0        0.000%                0        0.000%
INST_LOST_BREAK_WAIT_FOR_EMPTY_ROB                   0        0.000%                0        0.000%
INST_LOST_BREAK_APP_EXIT                             3        0.000%                3        0.000%
INST_LOST_BREAK_STALL                                0        0.000%                0        0.000%
                                              43366606      100.000%         87382558      100.000%
                                                  4.80         7.21              4.85         7.21

INST_LOST_TOTAL                               43366606                       87382558              

INST_LOST_WAIT_FOR_ICACHE_MISS_NOT_PREFETCHED             0        0.000%            36120        5.771%
INST_LOST_WAIT_FOR_ICACHE_MISS_PREFETCHED_AND_EVICTED_BY_IFETCH             0        0.000%                0        0.000%
INST_LOST_WAIT_FOR_ICACHE_MISS_PREFETCHED_AND_EVICTED_BY_FDIP             0        0.000%                0        0.000%
INST_LOST_WAIT_FOR_ICACHE_MISS_MSHR_HIT_PREF_OFFPATH          4250        1.616%             8985        1.436%
INST_LOST_WAIT_FOR_ICACHE_MISS_MSHR_HIT_PREF_ONPATH        258740       98.384%           580795       92.794%
                                                262990      100.000%           625900      100.000%
                                                  3.98         3.95              3.75         3.63

FETCH_0_OPS                                     223045        2.980%           563686        3.731%
FETCH_1_OPS                                     451518        6.033%           898645        5.949%
FETCH_2_OPS                                     685391        9.158%          1388855        9.194%
FETCH_3_OPS                                     828431       11.070%          1659373       10.985%
FETCH_4_OPS                                     693328        9.264%          1390798        9.207%
FETCH_5_OPS                                    1620882       21.659%          3253056       21.534%
FETCH_6_OPS                                    2981136       39.835%          5951893       39.400%
FETCH_7_OPS                                          0        0.000%                0        0.000%
FETCH_8_OPS                                          0        0.000%                0        0.000%
FETCH_9_OPS                                          0        0.000%                0        0.000%
FETCH_10_OPS                                         0        0.000%                0        0.000%
FETCH_11_OPS                                         0        0.000%                0        0.000%
FETCH_12_OPS                                         0        0.000%                0        0.000%
FETCH_13_OPS                                         0        0.000%                0        0.000%
FETCH_14_OPS                                         0        0.000%                0        0.000%
FETCH_15_OPS                                         0        0.000%                0        0.000%
FETCH_16_OPS                                         0        0.000%                0        0.000%
                                               7483731      100.000%         15106306      100.000%
                                                  4.42         1.60              4.38         1.59

ST_BREAK_DONT                                        0        0.000%                0        0.000%
ST_BREAK_RENAME                                      0        0.000%                0        0.000%
ST_BREAK_FT_UNAVAILABLE                             24        0.000%               24        0.000%
ST_BREAK_ICACHE_TO_UOP_CACHE_SWITCH             115340        1.573%           231340        1.572%
ST_BREAK_ICACHE_MISS_REQ_SUCCESS                  6983        0.095%            13881        0.094%
ST_BREAK_ICACHE_MISS_REQ_FAILURE                     0        0.000%                5        0.000%
ST_BREAK_WAIT_FOR_MISS                           68933        0.940%           163301        1.110%
ST_BREAK_UOP_CACHE_READ_LIMIT                  3272120       44.619%          6569381       44.649%
ST_BREAK_UOP_CACHE_READ_LIMIT_AND_ISSUE_WIDTH        407675        5.559%           807262        5.487%
ST_BREAK_ICACHE_READ_LIMIT                      121884        1.662%           243565        1.655%
ST_BREAK_ICACHE_READ_LIMIT_AND_ISSUE_WIDTH         61410        0.837%           121953        0.829%
ST_BREAK_ISSUE_WIDTH                           3279170       44.715%          6562717       44.604%
ST_BREAK_BARRIERT                                    0        0.000%                0        0.000%
ST_BREAK_WAIT_FOR_EMPTY_ROB                          0        0.000%                0        0.000%
ST_BREAK_APP_EXIT                                    1        0.000%                1        0.000%
ST_BREAK_STALL                                       0        0.000%                0        0.000%
                                               7333540      100.000%         14713430      100.000%
                                                  8.83         2.07              8.82         2.07

ORACLE_ON_PATH_INST                           12931081       39.100%         25864365       39.073%
ORACLE_OFF_PATH_INST                          20141050       60.900%         40329939       60.927%
                                              33072131      100.000%         66194304      100.000%
                                                  0.61         0.56              0.61         0.56

ORACLE_ON_PATH_INST_MEM                        4997621       15.111%         10006078       15.116%
ORACLE_ON_PATH_INST_NOTMEM                     7933460       23.988%         15858287       23.957%
ORACLE_OFF_PATH_INST_MEM                       7667970       23.186%         15359296       23.203%
ORACLE_OFF_PATH_INST_NOTMEM                   12473080       37.715%         24970643       37.723%
                                              33072131      100.000%         66194304      100.000%
                                                  1.84         1.40              1.84         1.40

ICACHE_CYCLE_NONRA_ONPATH                            0         -nan%                0         -nan%
ICACHE_CYCLE_NONRA_OFFPATH                           0         -nan%                0         -nan%
ICACHE_CYCLE_RA_ONPATH                               0         -nan%                0         -nan%
ICACHE_CYCLE_RA_OFFPATH                              0         -nan%                0         -nan%
                                                     0         -nan%                0         -nan%
                                                  -nan         -nan              -nan         -nan

ICACHE_CYCLE_ONPATH_NONRA                            0         -nan%                0         -nan%
ICACHE_CYCLE_OFFPATH_NONRA                           0         -nan%                0         -nan%
                                                     0         -nan%                0         -nan%
                                                  -nan         -nan              -nan         -nan

ICACHE_CYCLE_ONPATH_RA                               0         -nan%                0         -nan%
ICACHE_CYCLE_OFFPATH_RA                              0         -nan%                0         -nan%
                                                     0         -nan%                0         -nan%
                                                  -nan         -nan              -nan         -nan

INACCURATE_OFFPATH_CYCLES                            0        0.0000                0        0.0000

FETCH_ALL_INST                                33072131                       66194304              

EXEC_ALL_INST                                 19822734                       39712241              

RET_ALL_INST                                  12931172                       25864365              

EXEC_ON_PATH_INST                             12931130       65.234%         25864365       65.129%
EXEC_OFF_PATH_INST                             6891604       34.766%         13847876       34.871%
                                              19822734      100.000%         39712241      100.000%
                                                  0.35         0.44              0.35         0.44

EXEC_ON_PATH_INST_MEM                          4997628       25.212%         10006078       25.196%
EXEC_ON_PATH_INST_NOTMEM                       7933502       40.022%         15858287       39.933%
EXEC_OFF_PATH_INST_MEM                         2880146       14.530%          5790728       14.582%
EXEC_OFF_PATH_INST_NOTMEM                      4011458       20.237%          8057148       20.289%
                                              19822734      100.000%         39712241      100.000%
                                                  1.30         1.02              1.30         1.02

EXEC_RA_INST                                         0         -nan%                0         -nan%
EXEC_NONRA_INST                                      0         -nan%                0         -nan%
                                                     0         -nan%                0         -nan%
                                                  -nan         -nan              -nan         -nan

EXEC_ON_PATH_INST_RA                                 0         -nan%                0         -nan%
EXEC_OFF_PATH_INST_RA                                0         -nan%                0         -nan%
                                                     0         -nan%                0         -nan%
                                                  -nan         -nan              -nan         -nan

EXEC_ON_PATH_INST_NONRA                              0         -nan%                0         -nan%
EXEC_OFF_PATH_INST_NONRA                             0         -nan%                0         -nan%
                                                     0         -nan%                0         -nan%
                                                  -nan         -nan              -nan         -nan

EXEC_RA_ON_PATH_INST                                 0         -nan%                0         -nan%
EXEC_RA_OFF_PATH_INST                                0         -nan%                0         -nan%
EXEC_NONRA_ON_PATH_INST                              0         -nan%                0         -nan%
EXEC_NONRA_OFF_PATH_INST                             0         -nan%                0         -nan%
                                                     0         -nan%                0         -nan%
                                                  -nan         -nan              -nan         -nan

ICACHE_THROTTLE_CYCLE                                0                              0              

FETCH_ENABLE_THROTTLE_OFF_PATH                       0         -nan%                0         -nan%
FETCH_ENABLE_THROTTLE_ON_PATH                        0         -nan%                0         -nan%
                                                     0         -nan%                0         -nan%
                                                  -nan         -nan              -nan         -nan

FETCH_DISABLE_THROTTLE_OFF_PATH                      0         -nan%                0         -nan%
FETCH_DISABLE_THROTTLE_ON_PATH                       0         -nan%                0         -nan%
                                                     0         -nan%                0         -nan%
                                                  -nan         -nan              -nan         -nan

FETCH_TH_ADJUST__0                                   0         -nan%                0         -nan%
FETCH_TH_ADJUST__1                                   0         -nan%                0         -nan%
FETCH_TH_ADJUST__2                                   0         -nan%                0         -nan%
FETCH_TH_ADJUST__3                                   0         -nan%                0         -nan%
FETCH_TH_ADJUST__4                                   0         -nan%                0         -nan%
FETCH_TH_ADJUST__5                                   0         -nan%                0         -nan%
FETCH_TH_ADJUST__6                                   0         -nan%                0         -nan%
FETCH_TH_ADJUST__7                                   0         -nan%                0         -nan%
FETCH_TH_ADJUST__8                                   0         -nan%                0         -nan%
FETCH_TH_ADJUST__9                                   0         -nan%                0         -nan%
FETCH_TH_ADJUST__MAX                                 0         -nan%                0         -nan%
                                                     0         -nan%                0         -nan%
                                                  -nan         -nan              -nan         -nan

FETCH_TH_ADJUST_UP                                   0         -nan%                0         -nan%
FETCH_TH_ADJUST_DOWN                                 0         -nan%                0         -nan%
FETCH_TH_ADJUST_SAME                                 0         -nan%                0         -nan%
                                                     0         -nan%                0         -nan%
                                                  -nan         -nan              -nan         -nan

THROTTLE_ADJUST_CACHE_MISS_INFO                      0                              0              

LOW_CONF_COUNT_BP_MIS_0                              0         -nan%                0         -nan%
LOW_CONF_COUNT_BP_MIS_1                              0         -nan%                0         -nan%
LOW_CONF_COUNT_BP_MIS_2                              0         -nan%                0         -nan%
LOW_CONF_COUNT_BP_MIS_3                              0         -nan%                0         -nan%
LOW_CONF_COUNT_BP_MIS_4                              0         -nan%                0         -nan%
LOW_CONF_COUNT_BP_MIS_5                              0         -nan%                0         -nan%
LOW_CONF_COUNT_BP_MIS_6                              0         -nan%                0         -nan%
LOW_CONF_COUNT_BP_MIS_7                              0         -nan%                0         -nan%
LOW_CONF_COUNT_BP_MIS_8                              0         -nan%                0         -nan%
LOW_CONF_COUNT_BP_MIS_9                              0         -nan%                0         -nan%
LOW_CONF_COUNT_BP_MIS_10                             0         -nan%                0         -nan%
LOW_CONF_COUNT_BP_MIS_11                             0         -nan%                0         -nan%
LOW_CONF_COUNT_BP_MIS_12                             0         -nan%                0         -nan%
LOW_CONF_COUNT_BP_MIS_13                             0         -nan%                0         -nan%
LOW_CONF_COUNT_BP_MIS_14                             0         -nan%                0         -nan%
LOW_CONF_COUNT_BP_MIS_15                             0         -nan%                0         -nan%
LOW_CONF_COUNT_BP_MIS_16                             0         -nan%                0         -nan%
LOW_CONF_COUNT_BP_MIS_17                             0         -nan%                0         -nan%
LOW_CONF_COUNT_BP_MIS_18                             0         -nan%                0         -nan%
LOW_CONF_COUNT_BP_MIS_19                             0         -nan%                0         -nan%
LOW_CONF_COUNT_BP_MIS_20                             0         -nan%                0         -nan%
                                                     0         -nan%                0         -nan%
                                                  -nan         -nan              -nan         -nan

LOW_CONF_COUNT_RET_0                                 0         -nan%                0         -nan%
LOW_CONF_COUNT_RET_1                                 0         -nan%                0         -nan%
LOW_CONF_COUNT_RET_2                                 0         -nan%                0         -nan%
LOW_CONF_COUNT_RET_3                                 0         -nan%                0         -nan%
LOW_CONF_COUNT_RET_4                                 0         -nan%                0         -nan%
LOW_CONF_COUNT_RET_5                                 0         -nan%                0         -nan%
LOW_CONF_COUNT_RET_6                                 0         -nan%                0         -nan%
LOW_CONF_COUNT_RET_7                                 0         -nan%                0         -nan%
LOW_CONF_COUNT_RET_8                                 0         -nan%                0         -nan%
LOW_CONF_COUNT_RET_9                                 0         -nan%                0         -nan%
LOW_CONF_COUNT_RET_10                                0         -nan%                0         -nan%
LOW_CONF_COUNT_RET_11                                0         -nan%                0         -nan%
LOW_CONF_COUNT_RET_12                                0         -nan%                0         -nan%
LOW_CONF_COUNT_RET_13                                0         -nan%                0         -nan%
LOW_CONF_COUNT_RET_14                                0         -nan%                0         -nan%
LOW_CONF_COUNT_RET_15                                0         -nan%                0         -nan%
LOW_CONF_COUNT_RET_16                                0         -nan%                0         -nan%
LOW_CONF_COUNT_RET_17                                0         -nan%                0         -nan%
LOW_CONF_COUNT_RET_18                                0         -nan%                0         -nan%
LOW_CONF_COUNT_RET_19                                0         -nan%                0         -nan%
LOW_CONF_COUNT_RET_20                                0         -nan%                0         -nan%
                                                     0         -nan%                0         -nan%
                                                  -nan         -nan              -nan         -nan

CYCLES_RESTEER_MISPRED                               0         -nan%                0         -nan%
CYCLES_RESTEER_MISFETCH                              0         -nan%                0         -nan%
CYCLES_RESTEER_BTB_MISS                              0         -nan%                0         -nan%
                                                     0         -nan%                0         -nan%
                                                  -nan         -nan              -nan         -nan

CYCLES_RESTEER_MISPRED_SAVED_UC_FETCH                0         -nan%                0         -nan%
CYCLES_RESTEER_MISPRED_COULD_BE_SAVED_UC_FETCH             0         -nan%                0         -nan%
CYCLES_RESTEER_MISFETCH_SAVED_UC_FETCH               0         -nan%                0         -nan%
CYCLES_RESTEER_MISFETCH_COULD_BE_SAVED_UC_FETCH             0         -nan%                0         -nan%
CYCLES_RESTEER_BTB_MISS_SAVED_UC_FETCH               0         -nan%                0         -nan%
CYCLES_RESTEER_BTB_MISS_COULD_BE_SAVED_UC_FETCH             0         -nan%                0         -nan%
                                                     0         -nan%                0         -nan%
                                                  -nan         -nan              -nan         -nan

CYCLES_UOC_IC_SWITCH                                 0                              0              



