Scarab gitrev: 3541854
Scarab started at Thu Nov 21 19:22:23 2024

Initialized Ramulator. 
** Heartbeat:   5% -- { 1000001 } -- 0.00 KIPS (52.63 KIPS)
** Heartbeat:  10% -- { 2000002 } -- 50.00 KIPS (51.28 KIPS)
** Heartbeat:  15% -- { 3000003 } -- 50.00 KIPS (50.85 KIPS)
** Heartbeat:  20% -- { 4000004 } -- 55.56 KIPS (51.95 KIPS)
** Heartbeat:  25% -- { 5000005 } -- 55.56 KIPS (52.63 KIPS)
** Heartbeat:  30% -- { 6000006 } -- 47.62 KIPS (51.72 KIPS)
** Heartbeat:  35% -- { 7000010 } -- 52.63 KIPS (51.85 KIPS)
** Heartbeat:  40% -- { 8000012 } -- 47.62 KIPS (51.28 KIPS)
** Heartbeat:  45% -- { 9000014 } -- 43.48 KIPS (50.28 KIPS)
** Heartbeat:  50% -- { 10000016 } -- 47.62 KIPS (50.00 KIPS)
** Heartbeat:  55% -- { 11000018 } -- 47.62 KIPS (49.77 KIPS)
** Heartbeat:  60% -- { 12000018 } -- 41.67 KIPS (48.98 KIPS)
** Heartbeat:  65% -- { 13000018 } -- 43.48 KIPS (48.51 KIPS)
** Heartbeat:  70% -- { 14000019 } -- 34.48 KIPS (47.14 KIPS)
** Heartbeat:  75% -- { 15000019 } -- 45.45 KIPS (47.02 KIPS)
** Heartbeat:  80% -- { 16000019 } -- 45.45 KIPS (46.92 KIPS)
** Heartbeat:  85% -- { 17000021 } -- 35.71 KIPS (46.07 KIPS)
** Heartbeat:  90% -- { 18000025 } -- 45.45 KIPS (46.04 KIPS)
** Heartbeat:  95% -- { 19000027 } -- 52.63 KIPS (46.34 KIPS)
Warning could not fetch inst from frontend
Warning could not fetch inst from frontend
Warning could not fetch inst from frontend
Warning could not fetch inst from frontend
Warning could not fetch inst from frontend
Warning could not fetch inst from frontend
Warning could not fetch inst from frontend
Warning could not fetch inst from frontend
Warning could not fetch inst from frontend
Warning could not fetch inst from frontend
Warning could not fetch inst from frontend
Warning could not fetch inst from frontend
Warning could not fetch inst from frontend
Warning could not fetch inst from frontend
Warning could not fetch inst from frontend
Warning could not fetch inst from frontend
Warning could not fetch inst from frontend
Warning could not fetch inst from frontend
Warning could not fetch inst from frontend
Warning could not fetch inst from frontend
Warning could not fetch inst from frontend
Warning could not fetch inst from frontend
Warning could not fetch inst from frontend
Warning could not fetch inst from frontend
Warning could not fetch inst from frontend
Warning could not fetch inst from frontend
Warning could not fetch inst from frontend
Warning could not fetch inst from frontend
Warning could not fetch inst from frontend
Warning could not fetch inst from frontend
Warning could not fetch inst from frontend
** Core 0 Finished:    insts:20000000    cycles:14929119    time:4665349687500       -- 1.34 IPC (1.34 IPC) --  N/A  KIPS (46.51 KIPS)
Scarab finished at Thu Nov 21 19:29:34 2024

