/* -*- Mode: c -*- */
####################################################################################################
Core 0
####################################################################################################
Cumulative:        Cycles: 11816731              Instructions: 20000000              IPC: 1.69252

Periodic:          Cycles: 5812462               Instructions: 10000000              IPC: 1.72044

BTB_ON_PATH_MISS                                153778        8.413%           350261        9.574%
BTB_ON_PATH_HIT                                1674075       91.587%          3308273       90.426%
                                               1827853      100.000%          3658534      100.000%
                                                  0.92         0.88              0.90         0.86

BTB_OFF_PATH_MISS                               581294        5.901%          1564700        7.948%
BTB_OFF_PATH_HIT                               9269798       94.099%         18122461       92.052%
                                               9851092      100.000%         19687161      100.000%
                                                  0.94         0.91              0.92         0.89

BTB_ON_PATH_WRITE                                 8319      100.000%            16911       99.658%
BTB_OFF_PATH_WRITE                                   0        0.000%               58        0.342%
                                                  8319      100.000%            16969      100.000%
                                                  0.00         0.00              0.00         0.06

BP_ON_PATH_CORRECT                             1709790       93.541%          3420993       93.507%
BP_ON_PATH_MISPREDICT                           117937        6.452%           237301        6.486%
BP_ON_PATH_MISFETCH                                126        0.007%              240        0.007%
                                               1827853      100.000%          3658534      100.000%
                                                  0.06         0.24              0.06         0.24

BP_OFF_PATH_CORRECT                            8813752       89.470%         17556551       89.178%
BP_OFF_PATH_MISPREDICT                         1023247       10.387%          2097445       10.654%
BP_OFF_PATH_MISFETCH                             14093        0.143%            33165        0.168%
                                               9851092      100.000%         19687161      100.000%
                                                  0.11         0.30              0.11         0.30

LATE_BP_ON_PATH_CORRECT                        1827853      100.000%          3658534      100.000%
LATE_BP_ON_PATH_MISPREDICT                           0        0.000%                0        0.000%
LATE_BP_ON_PATH_MISFETCH                             0        0.000%                0        0.000%
                                               1827853      100.000%          3658534      100.000%
                                                  0.00         0.00              0.00         0.00

LATE_BP_OFF_PATH_CORRECT                       9851092      100.000%         19687161      100.000%
LATE_BP_OFF_PATH_MISPREDICT                          0        0.000%                0        0.000%
LATE_BP_OFF_PATH_MISFETCH                            0        0.000%                0        0.000%
                                               9851092      100.000%         19687161      100.000%
                                                  0.00         0.00              0.00         0.00

BP_ON_PATH_CONF_PVN                                  0         -nan%                0         -nan%
BP_ON_PATH_CONF_PVN_BOT                              0         -nan%                0         -nan%
                                                     0         -nan%                0         -nan%
                                                  -nan         -nan              -nan         -nan

BP_ON_PATH_CONF_PVP                                  0         -nan%                0         -nan%
BP_ON_PATH_CONF_PVP_BOT                              0         -nan%                0         -nan%
                                                     0         -nan%                0         -nan%
                                                  -nan         -nan              -nan         -nan

BP_ON_PATH_CONF_SPEC                                 0         -nan%                0         -nan%
BP_ON_PATH_CONF_SPEC_BOT                             0         -nan%                0         -nan%
                                                     0         -nan%                0         -nan%
                                                  -nan         -nan              -nan         -nan

CRS_MISS_ON_PATH                                   126        0.552%              246        0.539%
CRS_HIT_ON_PATH                                  22699       99.448%            45386       99.461%
                                                 22825      100.000%            45632      100.000%
                                                  0.99         0.99              0.99         0.99

CRS_MISS_OFF_PATH                                14466       26.747%            34162       27.086%
CRS_HIT_OFF_PATH                                 39619       73.253%            91961       72.914%
                                                 54085      100.000%           126123      100.000%
                                                  0.73         0.67              0.73         0.66

CRS_CLOBBER                                          0                              0              

TARG_ON_PATH_MISS                                   99        1.757%              439        3.974%
TARG_ON_PATH_HIT                                  5535       98.243%            10609       96.026%
                                                  5634      100.000%            11048      100.000%
                                                  0.98         0.97              0.96         0.94

TARG_OFF_PATH_MISS                                1146       31.975%             4127       48.348%
TARG_OFF_PATH_HIT                                 2438       68.025%             4409       51.652%
                                                  3584      100.000%             8536      100.000%
                                                  0.68         0.62              0.52         0.51

TARG_ON_PATH_WRITE                                5634       90.915%            11048       89.931%
TARG_OFF_PATH_WRITE                                563        9.085%             1237       10.069%
                                                  6197      100.000%            12285      100.000%
                                                  0.09         0.28              0.10         0.29

TARG_HYBRID_CORRECT_TAGLESS                          0         -nan%                0         -nan%
TARG_HYBRID_CORRECT_TAGGED                           0         -nan%                0         -nan%
TARG_HYBRID_MISPRED_TAGLESS                          0         -nan%                0         -nan%
TARG_HYBRID_MISPRED_TAGGED                           0         -nan%                0         -nan%
TARG_HYBRID_NO_PRED                                  0         -nan%                0         -nan%
                                                     0         -nan%                0         -nan%
                                                  -nan         -nan              -nan         -nan

TARG_VP_INDIRECT_MISPRED                             0         -nan%                0         -nan%
TARG_VP_INDIRECT_NOPRED                              0         -nan%                0         -nan%
TARG_VP_INDIRECT_CORRECT                             0         -nan%                0         -nan%
                                                     0         -nan%                0         -nan%
                                                  -nan         -nan              -nan         -nan

CBR_ON_PATH_CORRECT                            1444926       92.454%          2892560       92.423%
CBR_ON_PATH_MISPREDICT                          117935        7.546%           237123        7.577%
                                               1562861      100.000%          3129683      100.000%
                                                  0.08         0.25              0.08         0.26

CBR_OFF_PATH_CORRECT                           7640109       88.193%         15191478       87.874%
CBR_OFF_PATH_MISPREDICT                        1022874       11.807%          2096330       12.126%
                                               8662983      100.000%         17287808      100.000%
                                                  0.12         0.31              0.12         0.31

CBR_ON_PATH_CORRECT_PER1000INST                1444926       72.2463          2892560      144.6280

CBR_ON_PATH_MISPREDICT_PER1000INST              117935        5.8967           237123       11.8561

PRED_TO_UPDATE_CYCLES_0                              0        0.000%                0        0.000%
PRED_TO_UPDATE_CYCLES_1                              0        0.000%                0        0.000%
PRED_TO_UPDATE_CYCLES_2                             14        0.001%               37        0.001%
PRED_TO_UPDATE_CYCLES_3                          55125        2.656%           110184        2.638%
PRED_TO_UPDATE_CYCLES_4                           6839        0.329%            12436        0.298%
PRED_TO_UPDATE_CYCLES_5                           1506        0.073%             3370        0.081%
PRED_TO_UPDATE_CYCLES_6                           5984        0.288%            11449        0.274%
PRED_TO_UPDATE_CYCLES_7                           5284        0.255%            10921        0.261%
PRED_TO_UPDATE_CYCLES_8                          27796        1.339%            56908        1.363%
PRED_TO_UPDATE_CYCLES_9                          12298        0.592%            25118        0.601%
PRED_TO_UPDATE_CYCLES_10                         74107        3.570%           147497        3.531%
PRED_TO_UPDATE_CYCLES_11                         26209        1.263%            49367        1.182%
PRED_TO_UPDATE_CYCLES_12                         12599        0.607%            24519        0.587%
PRED_TO_UPDATE_CYCLES_13                         32344        1.558%            66424        1.590%
PRED_TO_UPDATE_CYCLES_14                         13583        0.654%            28031        0.671%
PRED_TO_UPDATE_CYCLES_15                         13655        0.658%            29148        0.698%
PRED_TO_UPDATE_CYCLES_16                         17987        0.867%            35949        0.861%
PRED_TO_UPDATE_CYCLES_17                         25779        1.242%            49886        1.194%
PRED_TO_UPDATE_CYCLES_18                         22565        1.087%            45165        1.081%
PRED_TO_UPDATE_CYCLES_19                         10728        0.517%            20484        0.490%
PRED_TO_UPDATE_CYCLES_20                         67444        3.249%           136660        3.272%
PRED_TO_UPDATE_CYCLES_21                         38600        1.860%            74643        1.787%
PRED_TO_UPDATE_CYCLES_22                         47696        2.298%            95724        2.292%
PRED_TO_UPDATE_CYCLES_23                         23945        1.154%            48088        1.151%
PRED_TO_UPDATE_CYCLES_24                         58342        2.811%           115458        2.764%
PRED_TO_UPDATE_CYCLES_25                        124214        5.984%           245885        5.887%
PRED_TO_UPDATE_CYCLES_26                        107392        5.174%           213801        5.119%
PRED_TO_UPDATE_CYCLES_27                         37297        1.797%            74933        1.794%
PRED_TO_UPDATE_CYCLES_28                         95715        4.611%           191176        4.577%
PRED_TO_UPDATE_CYCLES_29                         44736        2.155%            93058        2.228%
PRED_TO_UPDATE_CYCLES_30                       1065898       51.352%          2160396       51.725%
                                               2075681      100.000%          4176715      100.000%
                                                 25.03        19.39             25.07        19.48

BP_CORRECTED                                         0         -nan%                0         -nan%
BP_NOT_CORRECTED                                     0         -nan%                0         -nan%
                                                     0         -nan%                0         -nan%
                                                  -nan         -nan              -nan         -nan

TARG_CORRECTED                                       0         -nan%                0         -nan%
TARG_NOT_CORRECTED                                   0         -nan%                0         -nan%
                                                     0         -nan%                0         -nan%
                                                  -nan         -nan              -nan         -nan

BP_MISP_PENALTY                                3259514                        6848121              

BP_ON_PATH_CONF_MISPRED                              0         -nan%                0         -nan%
BP_ON_PATH_CONF_CORRECT                              0         -nan%                0         -nan%
                                                     0         -nan%                0         -nan%
                                                  -nan         -nan              -nan         -nan

BP_OFF_PATH_CONF_MISPRED                             0         -nan%                0         -nan%
BP_OFF_PATH_CONF_CORRECT                             0         -nan%                0         -nan%
                                                     0         -nan%                0         -nan%
                                                  -nan         -nan              -nan         -nan

BP_ON_PATH_PRED_MIS_CONF_MISPRED                     0         -nan%                0         -nan%
BP_ON_PATH_PRED_MIS_CONF_CORRECT                     0         -nan%                0         -nan%
                                                     0         -nan%                0         -nan%
                                                  -nan         -nan              -nan         -nan

BP_ON_PATH_PRED_COR_CONF_MISPRED                     0         -nan%                0         -nan%
BP_ON_PATH_PRED_COR_CONF_CORRECT                     0         -nan%                0         -nan%
                                                     0         -nan%                0         -nan%
                                                  -nan         -nan              -nan         -nan

BP_OFF_PATH_PRED_MIS_CONF_MISPRED                    0         -nan%                0         -nan%
BP_OFF_PATH_PRED_MIS_CONF_CORRECT                    0         -nan%                0         -nan%
                                                     0         -nan%                0         -nan%
                                                  -nan         -nan              -nan         -nan

BP_OFF_PATH_PRED_COR_CONF_MISPRED                    0         -nan%                0         -nan%
BP_OFF_PATH_PRED_COR_CONF_CORRECT                    0         -nan%                0         -nan%
                                                     0         -nan%                0         -nan%
                                                  -nan         -nan              -nan         -nan

ONPATH_CONF_MISPRED                                  0         -nan%                0         -nan%
ONPATH_CONF_CORRECT                                  0         -nan%                0         -nan%
                                                     0         -nan%                0         -nan%
                                                  -nan         -nan              -nan         -nan

ONPATH_ON_PATH_CONF_MISPRED                          0         -nan%                0         -nan%
ONPATH_ON_PATH_CONF_CORRECT                          0         -nan%                0         -nan%
                                                     0         -nan%                0         -nan%
                                                  -nan         -nan              -nan         -nan

ONPATH_OFF_PATH_CONF_MISPRED                         0         -nan%                0         -nan%
ONPATH_OFF_PATH_CONF_CORRECT                         0         -nan%                0         -nan%
                                                     0         -nan%                0         -nan%
                                                  -nan         -nan              -nan         -nan

PRED_ONPATH_CONF_MISPRED                             0         -nan%                0         -nan%
PRED_ONPATH_CONF_CORRECT                             0         -nan%                0         -nan%
                                                     0         -nan%                0         -nan%
                                                  -nan         -nan              -nan         -nan

PRED_OFFPATH_CONF_MISPRED                            0         -nan%                0         -nan%
PRED_OFFPATH_CONF_CORRECT                            0         -nan%                0         -nan%
                                                     0         -nan%                0         -nan%
                                                  -nan         -nan              -nan         -nan

LONG_OVWT_MIS                                        0         -nan%                0         -nan%
LONG_OVWT_COR                                        0         -nan%                0         -nan%
                                                     0         -nan%                0         -nan%
                                                  -nan         -nan              -nan         -nan

OPC_LENGTH_0_7_MIS                                   0         -nan%                0         -nan%
OPC_LENGTH_0_7_COR                                   0         -nan%                0         -nan%
                                                     0         -nan%                0         -nan%
                                                  -nan         -nan              -nan         -nan

OPC_LENGTH_8_15_MIS                                  0         -nan%                0         -nan%
OPC_LENGTH_8_15_COR                                  0         -nan%                0         -nan%
                                                     0         -nan%                0         -nan%
                                                  -nan         -nan              -nan         -nan

OPC_LENGTH_16_23_MIS                                 0         -nan%                0         -nan%
OPC_LENGTH_16_23_COR                                 0         -nan%                0         -nan%
                                                     0         -nan%                0         -nan%
                                                  -nan         -nan              -nan         -nan

OPC_LENGTH_24_31_MIS                                 0         -nan%                0         -nan%
OPC_LENGTH_24_31_COR                                 0         -nan%                0         -nan%
                                                     0         -nan%                0         -nan%
                                                  -nan         -nan              -nan         -nan

OPC_LENGTH_32_39_MIS                                 0         -nan%                0         -nan%
OPC_LENGTH_32_39_COR                                 0         -nan%                0         -nan%
                                                     0         -nan%                0         -nan%
                                                  -nan         -nan              -nan         -nan

OPC_LENGTH_40_47_MIS                                 0         -nan%                0         -nan%
OPC_LENGTH_40_47_COR                                 0         -nan%                0         -nan%
                                                     0         -nan%                0         -nan%
                                                  -nan         -nan              -nan         -nan

OPC_LENGTH_48_55_MIS                                 0         -nan%                0         -nan%
OPC_LENGTH_48_55_COR                                 0         -nan%                0         -nan%
                                                     0         -nan%                0         -nan%
                                                  -nan         -nan              -nan         -nan

OPC_LENGTH_56_63_MIS                                 0         -nan%                0         -nan%
OPC_LENGTH_56_63_COR                                 0         -nan%                0         -nan%
                                                     0         -nan%                0         -nan%
                                                  -nan         -nan              -nan         -nan

OPC_LENGTH_64_71_MIS                                 0         -nan%                0         -nan%
OPC_LENGTH_64_71_COR                                 0         -nan%                0         -nan%
                                                     0         -nan%                0         -nan%
                                                  -nan         -nan              -nan         -nan

OPC_LENGTH_72_79_MIS                                 0         -nan%                0         -nan%
OPC_LENGTH_72_79_COR                                 0         -nan%                0         -nan%
                                                     0         -nan%                0         -nan%
                                                  -nan         -nan              -nan         -nan

OPC_LENGTH_80_MIS                                    0         -nan%                0         -nan%
OPC_LENGTH_80_COR                                    0         -nan%                0         -nan%
                                                     0         -nan%                0         -nan%
                                                  -nan         -nan              -nan         -nan

ALL_ONES_MIS                                         0         -nan%                0         -nan%
ALL_ONES_COR                                         0         -nan%                0         -nan%
                                                     0         -nan%                0         -nan%
                                                  -nan         -nan              -nan         -nan

FIRST_ONE_MIS                                        0         -nan%                0         -nan%
FIRST_ONE_COR                                        0         -nan%                0         -nan%
                                                     0         -nan%                0         -nan%
                                                  -nan         -nan              -nan         -nan

ZEROS_0_1_MIS                                        0         -nan%                0         -nan%
ZEROS_0_1_COR                                        0         -nan%                0         -nan%
                                                     0         -nan%                0         -nan%
                                                  -nan         -nan              -nan         -nan

ZEROS_2_3_MIS                                        0         -nan%                0         -nan%
ZEROS_2_3_COR                                        0         -nan%                0         -nan%
                                                     0         -nan%                0         -nan%
                                                  -nan         -nan              -nan         -nan

ZEROS_4_5_MIS                                        0         -nan%                0         -nan%
ZEROS_4_5_COR                                        0         -nan%                0         -nan%
                                                     0         -nan%                0         -nan%
                                                  -nan         -nan              -nan         -nan

ZEROS_6_7_MIS                                        0         -nan%                0         -nan%
ZEROS_6_7_COR                                        0         -nan%                0         -nan%
                                                     0         -nan%                0         -nan%
                                                  -nan         -nan              -nan         -nan

ZEROS_8_9_MIS                                        0         -nan%                0         -nan%
ZEROS_8_9_COR                                        0         -nan%                0         -nan%
                                                     0         -nan%                0         -nan%
                                                  -nan         -nan              -nan         -nan

ZEROS_10_11_MIS                                      0         -nan%                0         -nan%
ZEROS_10_11_COR                                      0         -nan%                0         -nan%
                                                     0         -nan%                0         -nan%
                                                  -nan         -nan              -nan         -nan

ZEROS_12_13_MIS                                      0         -nan%                0         -nan%
ZEROS_12_13_COR                                      0         -nan%                0         -nan%
                                                     0         -nan%                0         -nan%
                                                  -nan         -nan              -nan         -nan

ZEROS_14_15_MIS                                      0         -nan%                0         -nan%
ZEROS_14_15_COR                                      0         -nan%                0         -nan%
                                                     0         -nan%                0         -nan%
                                                  -nan         -nan              -nan         -nan

ZEROS_16_MIS                                         0         -nan%                0         -nan%
ZEROS_16_COR                                         0         -nan%                0         -nan%
                                                     0         -nan%                0         -nan%
                                                  -nan         -nan              -nan         -nan

GS2BC_GSHARE                                         0         -nan%                0         -nan%
GS2BC_2BC                                            0         -nan%                0         -nan%
                                                     0         -nan%                0         -nan%
                                                  -nan         -nan              -nan         -nan

GSKEW2BC_VOTE                                        0         -nan%                0         -nan%
GSKEW2BC_2BC                                         0         -nan%                0         -nan%
                                                     0         -nan%                0         -nan%
                                                  -nan         -nan              -nan         -nan

FUTGSHARE_INIT_ON_PATH_CORRECT                       0         -nan%                0         -nan%
FUTGSHARE_INIT_ON_PATH_MISPREDICT                    0         -nan%                0         -nan%
                                                     0         -nan%                0         -nan%
                                                  -nan         -nan              -nan         -nan

FUTGSHARE_INIT_OFF_PATH_CORRECT                      0         -nan%                0         -nan%
FUTGSHARE_INIT_OFF_PATH_MISPREDICT                   0         -nan%                0         -nan%
                                                     0         -nan%                0         -nan%
                                                  -nan         -nan              -nan         -nan

FUTGSHARE_CHANGED_CORRECTED_ON_PATH                  0         -nan%                0         -nan%
FUTGSHARE_CHANGED_SCREWED_ON_PATH                    0         -nan%                0         -nan%
                                                     0         -nan%                0         -nan%
                                                  -nan         -nan              -nan         -nan

FUTGSHARE_CHANGED_CORRECTED_OFF_PATH                 0         -nan%                0         -nan%
FUTGSHARE_CHANGED_SCREWED_OFF_PATH                   0         -nan%                0         -nan%
                                                     0         -nan%                0         -nan%
                                                  -nan         -nan              -nan         -nan

FUTGSHARE_ORIG_CORRECT_FUT_CORRECT_ON_PATH             0         -nan%                0         -nan%
FUTGSHARE_ORIG_MISPRED_FUT_CORRECT_ON_PATH             0         -nan%                0         -nan%
FUTGSHARE_ORIG_CORRECT_FUT_MISPRED_ON_PATH             0         -nan%                0         -nan%
FUTGSHARE_ORIG_MISPRED_FUT_MISPRED_ON_PATH             0         -nan%                0         -nan%
                                                     0         -nan%                0         -nan%
                                                  -nan         -nan              -nan         -nan

FUTGSHARE_ORIG_CORRECT_FUT_CORRECT_OFF_PATH             0         -nan%                0         -nan%
FUTGSHARE_ORIG_MISPRED_FUT_CORRECT_OFF_PATH             0         -nan%                0         -nan%
FUTGSHARE_ORIG_CORRECT_FUT_MISPRED_OFF_PATH             0         -nan%                0         -nan%
FUTGSHARE_ORIG_MISPRED_FUT_MISPRED_OFF_PATH             0         -nan%                0         -nan%
                                                     0         -nan%                0         -nan%
                                                  -nan         -nan              -nan         -nan

FUTGSHARE_ON_PATH_CORRECT_0                          0         -nan%                0         -nan%
FUTGSHARE_ON_PATH_MISPREDICT_0                       0         -nan%                0         -nan%
                                                     0         -nan%                0         -nan%
                                                  -nan         -nan              -nan         -nan

FUTGSHARE_OFF_PATH_CORRECT_0                         0         -nan%                0         -nan%
FUTGSHARE_OFF_PATH_MISPREDICT_0                      0         -nan%                0         -nan%
                                                     0         -nan%                0         -nan%
                                                  -nan         -nan              -nan         -nan

FUTGSHARE_ON_PATH_CORRECT_1                          0         -nan%                0         -nan%
FUTGSHARE_ON_PATH_MISPREDICT_1                       0         -nan%                0         -nan%
                                                     0         -nan%                0         -nan%
                                                  -nan         -nan              -nan         -nan

FUTGSHARE_OFF_PATH_CORRECT_1                         0         -nan%                0         -nan%
FUTGSHARE_OFF_PATH_MISPREDICT_1                      0         -nan%                0         -nan%
                                                     0         -nan%                0         -nan%
                                                  -nan         -nan              -nan         -nan

FUTGSHARE_ON_PATH_CORRECT_2                          0         -nan%                0         -nan%
FUTGSHARE_ON_PATH_MISPREDICT_2                       0         -nan%                0         -nan%
                                                     0         -nan%                0         -nan%
                                                  -nan         -nan              -nan         -nan

FUTGSHARE_OFF_PATH_CORRECT_2                         0         -nan%                0         -nan%
FUTGSHARE_OFF_PATH_MISPREDICT_2                      0         -nan%                0         -nan%
                                                     0         -nan%                0         -nan%
                                                  -nan         -nan              -nan         -nan

FUTGSHARE_ON_PATH_CORRECT_3                          0         -nan%                0         -nan%
FUTGSHARE_ON_PATH_MISPREDICT_3                       0         -nan%                0         -nan%
                                                     0         -nan%                0         -nan%
                                                  -nan         -nan              -nan         -nan

FUTGSHARE_OFF_PATH_CORRECT_3                         0         -nan%                0         -nan%
FUTGSHARE_OFF_PATH_MISPREDICT_3                      0         -nan%                0         -nan%
                                                     0         -nan%                0         -nan%
                                                  -nan         -nan              -nan         -nan

FUTGSHARE_ON_PATH_CORRECT_4                          0         -nan%                0         -nan%
FUTGSHARE_ON_PATH_MISPREDICT_4                       0         -nan%                0         -nan%
                                                     0         -nan%                0         -nan%
                                                  -nan         -nan              -nan         -nan

FUTGSHARE_OFF_PATH_CORRECT_4                         0         -nan%                0         -nan%
FUTGSHARE_OFF_PATH_MISPREDICT_4                      0         -nan%                0         -nan%
                                                     0         -nan%                0         -nan%
                                                  -nan         -nan              -nan         -nan

FUTGSHARE_ON_PATH_CORRECT_5                          0         -nan%                0         -nan%
FUTGSHARE_ON_PATH_MISPREDICT_5                       0         -nan%                0         -nan%
                                                     0         -nan%                0         -nan%
                                                  -nan         -nan              -nan         -nan

FUTGSHARE_OFF_PATH_CORRECT_5                         0         -nan%                0         -nan%
FUTGSHARE_OFF_PATH_MISPREDICT_5                      0         -nan%                0         -nan%
                                                     0         -nan%                0         -nan%
                                                  -nan         -nan              -nan         -nan

FUTGSHARE_ON_PATH_CORRECT_6                          0         -nan%                0         -nan%
FUTGSHARE_ON_PATH_MISPREDICT_6                       0         -nan%                0         -nan%
                                                     0         -nan%                0         -nan%
                                                  -nan         -nan              -nan         -nan

FUTGSHARE_OFF_PATH_CORRECT_6                         0         -nan%                0         -nan%
FUTGSHARE_OFF_PATH_MISPREDICT_6                      0         -nan%                0         -nan%
                                                     0         -nan%                0         -nan%
                                                  -nan         -nan              -nan         -nan

FUTGSHARE_ON_PATH_CORRECT_7                          0         -nan%                0         -nan%
FUTGSHARE_ON_PATH_MISPREDICT_7                       0         -nan%                0         -nan%
                                                     0         -nan%                0         -nan%
                                                  -nan         -nan              -nan         -nan

FUTGSHARE_OFF_PATH_CORRECT_7                         0         -nan%                0         -nan%
FUTGSHARE_OFF_PATH_MISPREDICT_7                      0         -nan%                0         -nan%
                                                     0         -nan%                0         -nan%
                                                  -nan         -nan              -nan         -nan

FUTGSHARE_ON_PATH_CORRECT_8                          0         -nan%                0         -nan%
FUTGSHARE_ON_PATH_MISPREDICT_8                       0         -nan%                0         -nan%
                                                     0         -nan%                0         -nan%
                                                  -nan         -nan              -nan         -nan

FUTGSHARE_OFF_PATH_CORRECT_8                         0         -nan%                0         -nan%
FUTGSHARE_OFF_PATH_MISPREDICT_8                      0         -nan%                0         -nan%
                                                     0         -nan%                0         -nan%
                                                  -nan         -nan              -nan         -nan

FUTGSHARE_ON_PATH_CORRECT_9                          0         -nan%                0         -nan%
FUTGSHARE_ON_PATH_MISPREDICT_9                       0         -nan%                0         -nan%
                                                     0         -nan%                0         -nan%
                                                  -nan         -nan              -nan         -nan

FUTGSHARE_OFF_PATH_CORRECT_9                         0         -nan%                0         -nan%
FUTGSHARE_OFF_PATH_MISPREDICT_9                      0         -nan%                0         -nan%
                                                     0         -nan%                0         -nan%
                                                  -nan         -nan              -nan         -nan

FUTGSHARE_ON_PATH_CORRECT_10                         0         -nan%                0         -nan%
FUTGSHARE_ON_PATH_MISPREDICT_10                      0         -nan%                0         -nan%
                                                     0         -nan%                0         -nan%
                                                  -nan         -nan              -nan         -nan

FUTGSHARE_OFF_PATH_CORRECT_10                        0         -nan%                0         -nan%
FUTGSHARE_OFF_PATH_MISPREDICT_10                     0         -nan%                0         -nan%
                                                     0         -nan%                0         -nan%
                                                  -nan         -nan              -nan         -nan

FUTGSHARE_ON_PATH_CORRECT_11                         0         -nan%                0         -nan%
FUTGSHARE_ON_PATH_MISPREDICT_11                      0         -nan%                0         -nan%
                                                     0         -nan%                0         -nan%
                                                  -nan         -nan              -nan         -nan

FUTGSHARE_OFF_PATH_CORRECT_11                        0         -nan%                0         -nan%
FUTGSHARE_OFF_PATH_MISPREDICT_11                     0         -nan%                0         -nan%
                                                     0         -nan%                0         -nan%
                                                  -nan         -nan              -nan         -nan

FUTGSHARE_ON_PATH_CORRECT_12                         0         -nan%                0         -nan%
FUTGSHARE_ON_PATH_MISPREDICT_12                      0         -nan%                0         -nan%
                                                     0         -nan%                0         -nan%
                                                  -nan         -nan              -nan         -nan

FUTGSHARE_OFF_PATH_CORRECT_12                        0         -nan%                0         -nan%
FUTGSHARE_OFF_PATH_MISPREDICT_12                     0         -nan%                0         -nan%
                                                     0         -nan%                0         -nan%
                                                  -nan         -nan              -nan         -nan

FUTGSHARE_ON_PATH_CORRECT_13                         0         -nan%                0         -nan%
FUTGSHARE_ON_PATH_MISPREDICT_13                      0         -nan%                0         -nan%
                                                     0         -nan%                0         -nan%
                                                  -nan         -nan              -nan         -nan

FUTGSHARE_OFF_PATH_CORRECT_13                        0         -nan%                0         -nan%
FUTGSHARE_OFF_PATH_MISPREDICT_13                     0         -nan%                0         -nan%
                                                     0         -nan%                0         -nan%
                                                  -nan         -nan              -nan         -nan

FUTGSHARE_ON_PATH_CORRECT_14                         0         -nan%                0         -nan%
FUTGSHARE_ON_PATH_MISPREDICT_14                      0         -nan%                0         -nan%
                                                     0         -nan%                0         -nan%
                                                  -nan         -nan              -nan         -nan

FUTGSHARE_OFF_PATH_CORRECT_14                        0         -nan%                0         -nan%
FUTGSHARE_OFF_PATH_MISPREDICT_14                     0         -nan%                0         -nan%
                                                     0         -nan%                0         -nan%
                                                  -nan         -nan              -nan         -nan

FUTGSHARE_ON_PATH_CORRECT_15                         0         -nan%                0         -nan%
FUTGSHARE_ON_PATH_MISPREDICT_15                      0         -nan%                0         -nan%
                                                     0         -nan%                0         -nan%
                                                  -nan         -nan              -nan         -nan

FUTGSHARE_OFF_PATH_CORRECT_15                        0         -nan%                0         -nan%
FUTGSHARE_OFF_PATH_MISPREDICT_15                     0         -nan%                0         -nan%
                                                     0         -nan%                0         -nan%
                                                  -nan         -nan              -nan         -nan

FUTGSHARE_CHANGED_CORRECTED_ON_PATH_0                0         -nan%                0         -nan%
FUTGSHARE_CHANGED_SCREWED_ON_PATH_0                  0         -nan%                0         -nan%
                                                     0         -nan%                0         -nan%
                                                  -nan         -nan              -nan         -nan

FUTGSHARE_CHANGED_CORRECTED_OFF_PATH_0               0         -nan%                0         -nan%
FUTGSHARE_CHANGED_SCREWED_OFF_PATH_0                 0         -nan%                0         -nan%
                                                     0         -nan%                0         -nan%
                                                  -nan         -nan              -nan         -nan

FUTGSHARE_CHANGED_CORRECTED_ON_PATH_1                0         -nan%                0         -nan%
FUTGSHARE_CHANGED_SCREWED_ON_PATH_1                  0         -nan%                0         -nan%
                                                     0         -nan%                0         -nan%
                                                  -nan         -nan              -nan         -nan

FUTGSHARE_CHANGED_CORRECTED_OFF_PATH_1               0         -nan%                0         -nan%
FUTGSHARE_CHANGED_SCREWED_OFF_PATH_1                 0         -nan%                0         -nan%
                                                     0         -nan%                0         -nan%
                                                  -nan         -nan              -nan         -nan

FUTGSHARE_CHANGED_CORRECTED_ON_PATH_2                0         -nan%                0         -nan%
FUTGSHARE_CHANGED_SCREWED_ON_PATH_2                  0         -nan%                0         -nan%
                                                     0         -nan%                0         -nan%
                                                  -nan         -nan              -nan         -nan

FUTGSHARE_CHANGED_CORRECTED_OFF_PATH_2               0         -nan%                0         -nan%
FUTGSHARE_CHANGED_SCREWED_OFF_PATH_2                 0         -nan%                0         -nan%
                                                     0         -nan%                0         -nan%
                                                  -nan         -nan              -nan         -nan

FUTGSHARE_CHANGED_CORRECTED_ON_PATH_3                0         -nan%                0         -nan%
FUTGSHARE_CHANGED_SCREWED_ON_PATH_3                  0         -nan%                0         -nan%
                                                     0         -nan%                0         -nan%
                                                  -nan         -nan              -nan         -nan

FUTGSHARE_CHANGED_CORRECTED_OFF_PATH_3               0         -nan%                0         -nan%
FUTGSHARE_CHANGED_SCREWED_OFF_PATH_3                 0         -nan%                0         -nan%
                                                     0         -nan%                0         -nan%
                                                  -nan         -nan              -nan         -nan

FUTGSHARE_CHANGED_CORRECTED_ON_PATH_4                0         -nan%                0         -nan%
FUTGSHARE_CHANGED_SCREWED_ON_PATH_4                  0         -nan%                0         -nan%
                                                     0         -nan%                0         -nan%
                                                  -nan         -nan              -nan         -nan

FUTGSHARE_CHANGED_CORRECTED_OFF_PATH_4               0         -nan%                0         -nan%
FUTGSHARE_CHANGED_SCREWED_OFF_PATH_4                 0         -nan%                0         -nan%
                                                     0         -nan%                0         -nan%
                                                  -nan         -nan              -nan         -nan

FUTGSHARE_CHANGED_CORRECTED_ON_PATH_5                0         -nan%                0         -nan%
FUTGSHARE_CHANGED_SCREWED_ON_PATH_5                  0         -nan%                0         -nan%
                                                     0         -nan%                0         -nan%
                                                  -nan         -nan              -nan         -nan

FUTGSHARE_CHANGED_CORRECTED_OFF_PATH_5               0         -nan%                0         -nan%
FUTGSHARE_CHANGED_SCREWED_OFF_PATH_5                 0         -nan%                0         -nan%
                                                     0         -nan%                0         -nan%
                                                  -nan         -nan              -nan         -nan

FUTGSHARE_CHANGED_CORRECTED_ON_PATH_6                0         -nan%                0         -nan%
FUTGSHARE_CHANGED_SCREWED_ON_PATH_6                  0         -nan%                0         -nan%
                                                     0         -nan%                0         -nan%
                                                  -nan         -nan              -nan         -nan

FUTGSHARE_CHANGED_CORRECTED_OFF_PATH_6               0         -nan%                0         -nan%
FUTGSHARE_CHANGED_SCREWED_OFF_PATH_6                 0         -nan%                0         -nan%
                                                     0         -nan%                0         -nan%
                                                  -nan         -nan              -nan         -nan

FUTGSHARE_CHANGED_CORRECTED_ON_PATH_7                0         -nan%                0         -nan%
FUTGSHARE_CHANGED_SCREWED_ON_PATH_7                  0         -nan%                0         -nan%
                                                     0         -nan%                0         -nan%
                                                  -nan         -nan              -nan         -nan

FUTGSHARE_CHANGED_CORRECTED_OFF_PATH_7               0         -nan%                0         -nan%
FUTGSHARE_CHANGED_SCREWED_OFF_PATH_7                 0         -nan%                0         -nan%
                                                     0         -nan%                0         -nan%
                                                  -nan         -nan              -nan         -nan

FUTGSHARE_CHANGED_CORRECTED_ON_PATH_8                0         -nan%                0         -nan%
FUTGSHARE_CHANGED_SCREWED_ON_PATH_8                  0         -nan%                0         -nan%
                                                     0         -nan%                0         -nan%
                                                  -nan         -nan              -nan         -nan

FUTGSHARE_CHANGED_CORRECTED_OFF_PATH_8               0         -nan%                0         -nan%
FUTGSHARE_CHANGED_SCREWED_OFF_PATH_8                 0         -nan%                0         -nan%
                                                     0         -nan%                0         -nan%
                                                  -nan         -nan              -nan         -nan

FUTGSHARE_CHANGED_CORRECTED_ON_PATH_9                0         -nan%                0         -nan%
FUTGSHARE_CHANGED_SCREWED_ON_PATH_9                  0         -nan%                0         -nan%
                                                     0         -nan%                0         -nan%
                                                  -nan         -nan              -nan         -nan

FUTGSHARE_CHANGED_CORRECTED_OFF_PATH_9               0         -nan%                0         -nan%
FUTGSHARE_CHANGED_SCREWED_OFF_PATH_9                 0         -nan%                0         -nan%
                                                     0         -nan%                0         -nan%
                                                  -nan         -nan              -nan         -nan

FUTGSHARE_CHANGED_CORRECTED_ON_PATH_10               0         -nan%                0         -nan%
FUTGSHARE_CHANGED_SCREWED_ON_PATH_10                 0         -nan%                0         -nan%
                                                     0         -nan%                0         -nan%
                                                  -nan         -nan              -nan         -nan

FUTGSHARE_CHANGED_CORRECTED_OFF_PATH_10              0         -nan%                0         -nan%
FUTGSHARE_CHANGED_SCREWED_OFF_PATH_10                0         -nan%                0         -nan%
                                                     0         -nan%                0         -nan%
                                                  -nan         -nan              -nan         -nan

FUTGSHARE_CHANGED_CORRECTED_ON_PATH_11               0         -nan%                0         -nan%
FUTGSHARE_CHANGED_SCREWED_ON_PATH_11                 0         -nan%                0         -nan%
                                                     0         -nan%                0         -nan%
                                                  -nan         -nan              -nan         -nan

FUTGSHARE_CHANGED_CORRECTED_OFF_PATH_11              0         -nan%                0         -nan%
FUTGSHARE_CHANGED_SCREWED_OFF_PATH_11                0         -nan%                0         -nan%
                                                     0         -nan%                0         -nan%
                                                  -nan         -nan              -nan         -nan

FUTGSHARE_CHANGED_CORRECTED_ON_PATH_12               0         -nan%                0         -nan%
FUTGSHARE_CHANGED_SCREWED_ON_PATH_12                 0         -nan%                0         -nan%
                                                     0         -nan%                0         -nan%
                                                  -nan         -nan              -nan         -nan

FUTGSHARE_CHANGED_CORRECTED_OFF_PATH_12              0         -nan%                0         -nan%
FUTGSHARE_CHANGED_SCREWED_OFF_PATH_12                0         -nan%                0         -nan%
                                                     0         -nan%                0         -nan%
                                                  -nan         -nan              -nan         -nan

FUTGSHARE_CHANGED_CORRECTED_ON_PATH_13               0         -nan%                0         -nan%
FUTGSHARE_CHANGED_SCREWED_ON_PATH_13                 0         -nan%                0         -nan%
                                                     0         -nan%                0         -nan%
                                                  -nan         -nan              -nan         -nan

FUTGSHARE_CHANGED_CORRECTED_OFF_PATH_13              0         -nan%                0         -nan%
FUTGSHARE_CHANGED_SCREWED_OFF_PATH_13                0         -nan%                0         -nan%
                                                     0         -nan%                0         -nan%
                                                  -nan         -nan              -nan         -nan

FUTGSHARE_CHANGED_CORRECTED_ON_PATH_14               0         -nan%                0         -nan%
FUTGSHARE_CHANGED_SCREWED_ON_PATH_14                 0         -nan%                0         -nan%
                                                     0         -nan%                0         -nan%
                                                  -nan         -nan              -nan         -nan

FUTGSHARE_CHANGED_CORRECTED_OFF_PATH_14              0         -nan%                0         -nan%
FUTGSHARE_CHANGED_SCREWED_OFF_PATH_14                0         -nan%                0         -nan%
                                                     0         -nan%                0         -nan%
                                                  -nan         -nan              -nan         -nan

FUTGSHARE_CHANGED_CORRECTED_ON_PATH_15               0         -nan%                0         -nan%
FUTGSHARE_CHANGED_SCREWED_ON_PATH_15                 0         -nan%                0         -nan%
                                                     0         -nan%                0         -nan%
                                                  -nan         -nan              -nan         -nan

FUTGSHARE_CHANGED_CORRECTED_OFF_PATH_15              0         -nan%                0         -nan%
FUTGSHARE_CHANGED_SCREWED_OFF_PATH_15                0         -nan%                0         -nan%
                                                     0         -nan%                0         -nan%
                                                  -nan         -nan              -nan         -nan

FRAGHIST_BIN_0                                       0         -nan%                0         -nan%
FRAGHIST_BIN_1                                       0         -nan%                0         -nan%
FRAGHIST_BIN_2                                       0         -nan%                0         -nan%
FRAGHIST_BIN_3                                       0         -nan%                0         -nan%
FRAGHIST_BIN_4                                       0         -nan%                0         -nan%
FRAGHIST_BIN_5                                       0         -nan%                0         -nan%
FRAGHIST_BIN_6                                       0         -nan%                0         -nan%
FRAGHIST_BIN_7                                       0         -nan%                0         -nan%
FRAGHIST_BIN_8                                       0         -nan%                0         -nan%
FRAGHIST_BIN_9                                       0         -nan%                0         -nan%
FRAGHIST_BIN_10                                      0         -nan%                0         -nan%
FRAGHIST_BIN_11                                      0         -nan%                0         -nan%
FRAGHIST_BIN_12                                      0         -nan%                0         -nan%
FRAGHIST_BIN_13                                      0         -nan%                0         -nan%
FRAGHIST_BIN_14                                      0         -nan%                0         -nan%
FRAGHIST_BIN_15                                      0         -nan%                0         -nan%
FRAGHIST_BIN_16                                      0         -nan%                0         -nan%
FRAGHIST_BIN_17                                      0         -nan%                0         -nan%
FRAGHIST_BIN_18                                      0         -nan%                0         -nan%
FRAGHIST_BIN_19                                      0         -nan%                0         -nan%
FRAGHIST_BIN_20                                      0         -nan%                0         -nan%
FRAGHIST_BIN_21                                      0         -nan%                0         -nan%
FRAGHIST_BIN_22                                      0         -nan%                0         -nan%
FRAGHIST_BIN_23                                      0         -nan%                0         -nan%
FRAGHIST_BIN_24                                      0         -nan%                0         -nan%
FRAGHIST_BIN_25                                      0         -nan%                0         -nan%
FRAGHIST_BIN_26                                      0         -nan%                0         -nan%
FRAGHIST_BIN_27                                      0         -nan%                0         -nan%
FRAGHIST_BIN_28                                      0         -nan%                0         -nan%
FRAGHIST_BIN_29                                      0         -nan%                0         -nan%
FRAGHIST_BIN_30                                      0         -nan%                0         -nan%
FRAGHIST_BIN_31                                      0         -nan%                0         -nan%
FRAGHIST_BIN_32                                      0         -nan%                0         -nan%
                                                     0         -nan%                0         -nan%
                                                  -nan         -nan              -nan         -nan

CF_BR_USED_TARGET_CORRECT                       216375       41.790%           431731       41.762%
CF_BR_USED_TARGET_INCORRECT                          1        0.000%               90        0.009%
CF_CBR_USED_TARGET_CORRECT                      220377       42.563%           440169       42.579%
CF_CBR_USED_TARGET_INCORRECT                     32395        6.257%            64761        6.264%
CF_CALL_USED_TARGET_CORRECT                      20157        3.893%            40279        3.896%
CF_CALL_USED_TARGET_INCORRECT                        0        0.000%               71        0.007%
CF_IBR_USED_TARGET_CORRECT                        2968        0.573%             5756        0.557%
CF_IBR_USED_TARGET_INCORRECT                         0        0.000%                8        0.001%
CF_ICALL_USED_TARGET_CORRECT                      2665        0.515%             5281        0.511%
CF_ICALL_USED_TARGET_INCORRECT                       1        0.000%                3        0.000%
CF_ICO_USED_TARGET_CORRECT                           0        0.000%                0        0.000%
CF_ICO_USED_TARGET_INCORRECT                         0        0.000%                0        0.000%
CF_RET_USED_TARGET_CORRECT                       22699        4.384%            45386        4.390%
CF_RET_USED_TARGET_INCORRECT                       126        0.024%              246        0.024%
CF_DEFAULT_USED_TARGET_CORRECT                       0        0.000%                0        0.000%
CF_DEFAULT_USED_TARGET_INCORRECT                     0        0.000%                0        0.000%
                                                517764      100.000%          1033781      100.000%
                                                  1.80         2.28              1.80         2.28

BTB_UPDATE_BTB_MISS                                  7      100.000%              531      100.000%
BTB_UPDATE_BTB_HIT_TAKEN                             0        0.000%                0        0.000%
                                                     7      100.000%              531      100.000%
                                                  0.00         0.00              0.00         0.00

BTB_UPDATE_BTB_HIT_JITTED_NOT_CF                     0        0.000%                0        0.000%
BTB_UPDATE_BTB_HIT_JITTED_CF_BR                      0        0.000%                0        0.000%
BTB_UPDATE_BTB_HIT_JITTED_CF_CBR                     0        0.000%                0        0.000%
BTB_UPDATE_BTB_HIT_JITTED_CF_CALL                    0        0.000%                0        0.000%
BTB_UPDATE_BTB_HIT_JITTED_CF_IBR                     0        0.000%                0        0.000%
BTB_UPDATE_BTB_HIT_JITTED_CF_ICALL                   0        0.000%                0        0.000%
BTB_UPDATE_BTB_HIT_JITTED_CF_ICO                     0        0.000%                0        0.000%
BTB_UPDATE_BTB_HIT_JITTED_CF_RET                  8312      100.000%            16438      100.000%
                                                  8312      100.000%            16438      100.000%
                                                  7.00         7.00              7.00         7.00

RESTEER_BTB_MISS_NOT_CF                              0        0.000%                0        0.000%
RESTEER_BTB_MISS_CF_BR                               0        0.000%                0        0.000%
RESTEER_BTB_MISS_CF_CBR                              1        0.001%               90        0.038%
RESTEER_BTB_MISS_CF_CALL                             2        0.002%              216        0.090%
RESTEER_BTB_MISS_CF_IBR                              0        0.000%               71        0.030%
RESTEER_BTB_MISS_CF_ICALL                            0        0.000%                0        0.000%
RESTEER_BTB_MISS_CF_ICO                              0        0.000%                0        0.000%
RESTEER_BTB_MISS_CF_RET                              0        0.000%                0        0.000%
RESTEER_MISPRED_NOT_CF                               0        0.000%                0        0.000%
RESTEER_MISPRED_CF_BR                                0        0.000%                0        0.000%
RESTEER_MISPRED_CF_CBR                          117934       99.835%           236907       99.199%
RESTEER_MISPRED_CF_CALL                              0        0.000%                0        0.000%
RESTEER_MISPRED_CF_IBR                               0        0.000%                8        0.003%
RESTEER_MISPRED_CF_ICALL                             1        0.001%                3        0.001%
RESTEER_MISPRED_CF_ICO                               0        0.000%                0        0.000%
RESTEER_MISPRED_CF_RET                               0        0.000%                6        0.003%
RESTEER_MISFETCH_NOT_CF                              0        0.000%                0        0.000%
RESTEER_MISFETCH_CF_BR                               0        0.000%                0        0.000%
RESTEER_MISFETCH_CF_CBR                             65        0.055%             1280        0.536%
RESTEER_MISFETCH_CF_CALL                             0        0.000%                0        0.000%
RESTEER_MISFETCH_CF_IBR                              0        0.000%                0        0.000%
RESTEER_MISFETCH_CF_ICALL                            0        0.000%                0        0.000%
RESTEER_MISFETCH_CF_ICO                              0        0.000%                0        0.000%
RESTEER_MISFETCH_CF_RET                            126        0.107%              240        0.100%
RESTEER_NO_TARGET_CF_IBR                             0        0.000%                0        0.000%
RESTEER_NO_TARGET_CF_ICALL                           0        0.000%                0        0.000%
RESTEER_NO_TARGET_CF_ICO                             0        0.000%                0        0.000%
RESTEER_NO_TARGET_CF_RET                             0        0.000%                0        0.000%
                                                118129      100.000%           238821      100.000%
                                                 10.02         0.47             10.05         0.77

CBR_CORRECT                                    1291155       82.615%          2542772       81.247%
CBR_CORRECT_BTB_MISS_NT_NT                      153706        9.835%           348508       11.136%
CBR_RECOVER_MISPREDICT                          117931        7.546%           236878        7.569%
CBR_RECOVER_MISFETCH                                 0        0.000%                0        0.000%
CBR_RECOVER_BTB_MISS_T_T                             2        0.000%              216        0.007%
CBR_RECOVER_BTB_MISS_T_NT                           65        0.004%             1280        0.041%
CBR_RECOVER_BTB_MISS_NT_T                            2        0.000%               29        0.001%
                                               1562861      100.000%          3129683      100.000%
                                                  0.25         0.54              0.27         0.55

BR_CORRECT                                      216375      100.000%           431731       99.979%
BR_RECOVER                                           1        0.000%               90        0.021%
                                                216376      100.000%           431821      100.000%
                                                  0.00         0.00              0.00         0.01

ICALL_CORRECT_IBTB                                2652       99.475%             5172       97.880%
ICALL_CORRECT_BTB                                   13        0.488%              109        2.063%
ICALL_RECOVER_IBTB_MISFETCH                          0        0.000%                0        0.000%
ICALL_RECOVER_BTB_MISFETCH                           0        0.000%                0        0.000%
ICALL_RECOVER_XBTB_MISS                              1        0.038%                3        0.057%
                                                  2666      100.000%             5284      100.000%
                                                  0.01         0.10              0.02         0.17

IBR_CORRECT_IBTB                                  2883       97.136%             5437       94.327%
IBR_CORRECT_BTB                                     85        2.864%              319        5.534%
IBR_RECOVER_IBTB_MISFETCH                            0        0.000%                0        0.000%
IBR_RECOVER_BTB_MISFETCH                             0        0.000%                0        0.000%
IBR_RECOVER_XBTB_MISS                                0        0.000%                8        0.139%
                                                  2968      100.000%             5764      100.000%
                                                  0.03         0.16              0.06         0.27

ICO_CORRECT                                          0         -nan%                0         -nan%
ICO_RECOVER                                          0         -nan%                0         -nan%
                                                     0         -nan%                0         -nan%
                                                  -nan         -nan              -nan         -nan

RET_CORRECT                                      22699       99.448%            45386       99.461%
RET_RECOVER                                        126        0.552%              240        0.526%
RET_RECOVER_UFLOW                                    0        0.000%                6        0.013%
                                                 22825      100.000%            45632      100.000%
                                                  0.01         0.07              0.01         0.08

CALL_CORRECT                                     20157      100.000%            40279       99.824%
CALL_RECOVER                                         0        0.000%               71        0.176%
                                                 20157      100.000%            40350      100.000%
                                                  0.00         0.00              0.00         0.04

BTB_CORRECT                                    1651251       91.481%          3262697       90.307%
BTB_INCORRECT_BUT_TARGET_CORRECT                     0        0.000%                0        0.000%
BTB_INCORRECT                                   153777        8.519%           350205        9.693%
                                               1805028      100.000%          3612902      100.000%
                                                  0.17         0.54              0.19         0.57

IBTB_CORRECT                                      5535       98.243%            10609       96.026%
IBTB_INCORRECT                                      99        1.757%              439        3.974%
                                                  5634      100.000%            11048      100.000%
                                                  0.02         0.13              0.04         0.19

CBR_CORRECT_OFF_PATH                           7058815       81.482%         13627037       78.825%
CBR_CORRECT_BTB_MISS_NT_NT_OFF_PATH             541954        6.256%          1438110        8.319%
CBR_RECOVER_MISPREDICT_OFF_PATH                1022874       11.807%          2096225       12.125%
CBR_RECOVER_MISFETCH_OFF_PATH                        0        0.000%                0        0.000%
CBR_RECOVER_BTB_MISS_T_T_OFF_PATH                    0        0.000%               92        0.001%
CBR_RECOVER_BTB_MISS_T_NT_OFF_PATH               39340        0.454%           126331        0.731%
CBR_RECOVER_BTB_MISS_NT_T_OFF_PATH                   0        0.000%               13        0.000%
                                               8662983      100.000%         17287808      100.000%
                                                  0.32         0.68              0.36         0.72

BR_CORRECT_OFF_PATH                            1089093      100.000%          2171396       99.996%
BR_RECOVER_OFF_PATH                                  0        0.000%               97        0.004%
                                               1089093      100.000%          2171493      100.000%
                                                  0.00         0.00              0.00         0.01

ICALL_CORRECT_IBTB_OFF_PATH                       1068       95.102%             2040       84.647%
ICALL_CORRECT_BTB_OFF_PATH                          55        4.898%              370       15.353%
ICALL_RECOVER_IBTB_MISFETCH_OFF_PATH                 0        0.000%                0        0.000%
ICALL_RECOVER_BTB_MISFETCH_OFF_PATH                  0        0.000%                0        0.000%
ICALL_RECOVER_XBTB_MISS_OFF_PATH                     0        0.000%                0        0.000%
                                                  1123      100.000%             2410      100.000%
                                                  0.05         0.21              0.15         0.33

IBR_CORRECT_IBTB_OFF_PATH                         1370       55.668%             2369       38.671%
IBR_CORRECT_BTB_OFF_PATH                          1091       44.332%             3757       61.329%
IBR_RECOVER_IBTB_MISFETCH_OFF_PATH                   0        0.000%                0        0.000%
IBR_RECOVER_BTB_MISFETCH_OFF_PATH                    0        0.000%                0        0.000%
IBR_RECOVER_XBTB_MISS_OFF_PATH                       0        0.000%                0        0.000%
                                                  2461      100.000%             6126      100.000%
                                                  0.44         0.37              0.61         0.30

ICO_CORRECT_OFF_PATH                                 0         -nan%                0         -nan%
ICO_RECOVER_OFF_PATH                                 0         -nan%                0         -nan%
                                                     0         -nan%                0         -nan%
                                                  -nan         -nan              -nan         -nan

RET_CORRECT_OFF_PATH                             39619       73.253%            91961       72.914%
RET_RECOVER_OFF_PATH                             14093       26.057%            33165       26.296%
RET_RECOVER_UFLOW_OFF_PATH                         373        0.690%              997        0.790%
                                                 54085      100.000%           126123      100.000%
                                                  0.27         0.40              0.28         0.40

CALL_CORRECT_OFF_PATH                            41347      100.000%            93180       99.977%
CALL_RECOVER_OFF_PATH                                0        0.000%               21        0.023%
                                                 41347      100.000%            93201      100.000%
                                                  0.00         0.00              0.00         0.02

BTB_CORRECT_OFF_PATH                           9215713       94.067%         17996374       92.001%
BTB_INCORRECT_BUT_TARGET_CORRECT_OFF_PATH             0        0.000%                0        0.000%
BTB_INCORRECT_OFF_PATH                          581294        5.933%          1564664        7.999%
                                               9797007      100.000%         19561038      100.000%
                                                  0.12         0.46              0.16         0.52

IBTB_CORRECT_OFF_PATH                             2438       68.025%             4409       51.652%
IBTB_INCORRECT_OFF_PATH                           1146       31.975%             4127       48.348%
                                                  3584      100.000%             8536      100.000%
                                                  0.32         0.43              0.48         0.49

BP_EXEC_RECOVERIES                              118125       99.997%           238444       99.842%
BP_DECODE_RECOVERIES                                 3        0.003%              377        0.158%
                                                118128      100.000%           238821      100.000%
                                                  0.00         0.01              0.00         0.04

SCHEDULED_EXEC_RECOVERIES                       118126       99.997%           238444       99.842%
SCHEDULED_DECODE_RECOVERIES                          3        0.003%              377        0.158%
                                                118129      100.000%           238821      100.000%
                                                  0.00         0.01              0.00         0.04

PERFORMED_EXEC_RECOVERIES                       118129      100.000%           238821      100.000%
PERFORMED_DECODE_RECOVERIES                          0        0.000%                0        0.000%
                                                118129      100.000%           238821      100.000%
                                                  0.00         0.00              0.00         0.00

PERFORMED_RECOVERY_LAT                         5341430                       10882157              

SCHEDULED_DECODE_LAT                                25                          13391              

SCHEDULED_EXEC_LAT                             5105150                       10391501              



