/* -*- Mode: c -*- */
####################################################################################################
Core 0
####################################################################################################
Cumulative:        Cycles: 11816731              Instructions: 20000000              IPC: 1.69252

Periodic:          Cycles: 5812462               Instructions: 10000000              IPC: 1.72044

ST_OP_INV                                            0        0.000%                0        0.000%
ST_OP_NOP                                       312834        0.934%           721662        1.082%
ST_OP_CF                                       6621384       19.774%         13086230       19.621%
ST_OP_MOV                                      2404825        7.182%          4784738        7.174%
ST_OP_CMOV                                        3374        0.010%             6644        0.010%
ST_OP_LDA                                       895364        2.674%          1778886        2.667%
ST_OP_ILD                                      4066562       12.144%          8122846       12.179%
ST_OP_IST                                       775358        2.316%          1572321        2.357%
ST_OP_IADD                                      939232        2.805%          1929355        2.893%
ST_OP_IMUL                                         151        0.000%              280        0.000%
ST_OP_IDIV                                        2857        0.009%             5883        0.009%
ST_OP_ICMP                                     4152577       12.401%          8170932       12.251%
ST_OP_LOGIC                                    2174442        6.494%          4327344        6.488%
ST_OP_SHIFT                                      10516        0.031%            21010        0.032%
ST_OP_FLD                                      5534000       16.527%         10992936       16.482%
ST_OP_FST                                       120313        0.359%           244138        0.366%
ST_OP_FCVT                                       29108        0.087%            57676        0.086%
ST_OP_FADD                                     2614838        7.809%          5186301        7.776%
ST_OP_FMUL                                     2591055        7.738%          5158313        7.734%
ST_OP_FMA                                       157142        0.469%           363981        0.546%
ST_OP_FDIV                                       44287        0.132%            91900        0.138%
ST_OP_FCMP                                       33374        0.100%            69234        0.104%
ST_OP_FCMOV                                          0        0.000%                0        0.000%
ST_OP_GATHER                                         0        0.000%                0        0.000%
ST_OP_SCATTER                                        0        0.000%                0        0.000%
ST_OP_PIPELINED_FAST                                 0        0.000%                0        0.000%
ST_OP_PIPELINED_MEDIUM                            1306        0.004%             2592        0.004%
ST_OP_PIPELINED_SLOW                                 0        0.000%                0        0.000%
ST_OP_NOTPIPELINED_MEDIUM                            0        0.000%                0        0.000%
ST_OP_NOTPIPELINED_SLOW                              0        0.000%                0        0.000%
ST_OP_NOTPIPELINED_VERY_SLOW                         0        0.000%                0        0.000%
                                              33484899      100.000%         66695202      100.000%
                                                  9.26         5.65              9.26         5.65

ST_NOT_CF                                     26863515       80.226%         53608972       80.379%
ST_CF_BR                                        680716        2.033%          1346369        2.019%
ST_CF_CBR                                      5860526       17.502%         11570536       17.348%
ST_CF_CALL                                       33577        0.100%            71438        0.107%
ST_CF_IBR                                         3916        0.012%             7639        0.011%
ST_CF_ICALL                                       2746        0.008%             5589        0.008%
ST_CF_ICO                                            0        0.000%                0        0.000%
ST_CF_RET                                        39903        0.119%            84659        0.127%
ST_CF_SYS                                            0        0.000%                0        0.000%
                                              33484899      100.000%         66695202      100.000%
                                                  0.38         0.73              0.38         0.73

ST_BAR_NONE                                   33484899      100.000%         66695202      100.000%
ST_BAR_FETCH                                         0        0.000%                0        0.000%
ST_BAR_ISSUE                                         0        0.000%                0        0.000%
ST_BAR_BOTH                                          0        0.000%                0        0.000%
                                              33484899      100.000%         66695202      100.000%
                                                  0.00         0.00              0.00         0.00

ST_NOT_MEM                                    22988666       68.654%         45762961       68.615%
ST_MEM_LD                                      9600562       28.671%         19115782       28.661%
ST_MEM_ST                                       895671        2.675%          1816459        2.724%
ST_MEM_PF                                            0        0.000%                0        0.000%
ST_MEM_WH                                            0        0.000%                0        0.000%
ST_MEM_EVICT                                         0        0.000%                0        0.000%
                                              33484899      100.000%         66695202      100.000%
                                                  0.34         0.45              0.34         0.45

ST_NOT_MEM_OFFPATH                            17756733       67.895%         36619683       67.874%
ST_MEM_LD_OFFPATH                              7716856       29.506%         15896847       29.464%
ST_MEM_ST_OFFPATH                               679808        2.599%          1436313        2.662%
ST_MEM_PF_OFFPATH                                    0        0.000%                0        0.000%
ST_MEM_WH_OFFPATH                                    0        0.000%                0        0.000%
ST_MEM_EVIC_OFFPATHT                                 0        0.000%                0        0.000%
                                              26153397      100.000%         53952843      100.000%
                                                  0.35         0.44              0.35         0.44

ST_OP_ONPATH                                  33484899                       66695202              

ST_OP_OFFPATH                                 26153397                       53952843              

ST_FAKE_OP_OFFPATH                               91889        0.351%           479309        0.888%
ST_NOT_FAKE_OP_OFFPATH                        26061508       99.649%         53473534       99.112%
                                              26153397      100.000%         53952843      100.000%
                                                  1.00         0.99              0.99         0.99

ST_FAKE_REASON_NOT_FAKE                       26061508       99.649%         53473534       99.112%
ST_FAKE_REASON_REDIRECT_TO_NOT_INSTRUMENTED         91889        0.351%           479309        0.888%
ST_FAKE_REASON_RETURN_TO_NOT_INSTRUMENTED             0        0.000%                0        0.000%
ST_FAKE_REASON_NONRET_CF_TO_NOT_INSTRUMENTED             0        0.000%                0        0.000%
ST_FAKE_REASON_NOT_TAKEN_TO_NOT_INSTRUMENTED             0        0.000%                0        0.000%
ST_FAKE_REASON_WRONG_PATH_STORE_TO_NEW_REGION             0        0.000%                0        0.000%
                                              26153397      100.000%         53952843      100.000%
                                                  0.00         0.06              0.01         0.09

ST_INST_ONPATH                                32624281                       64859067              

ST_INST_OFFPATH                               25459527                       52369684              

STATIC_PIN_NOP                                       0                              0              

DYNAMIC_PIN_REP_GREATER_256                          0                              0              

INST_MAP_UPDATE_JITTED                          549900       29.224%          1111377       29.437%
INST_MAP_UPDATE_NPC_INV                              0        0.000%                0        0.000%
INST_MAP_UPDATE_NPC_NOP                              0        0.000%                0        0.000%
INST_MAP_UPDATE_NPC_CF                               0        0.000%                0        0.000%
INST_MAP_UPDATE_NPC_MOV                              0        0.000%                0        0.000%
INST_MAP_UPDATE_NPC_CMOV                             0        0.000%                0        0.000%
INST_MAP_UPDATE_NPC_LDA                              0        0.000%                0        0.000%
INST_MAP_UPDATE_NPC_IMEM                             0        0.000%                0        0.000%
INST_MAP_UPDATE_NPC_IADD                             0        0.000%                0        0.000%
INST_MAP_UPDATE_NPC_IMUL                          1092        0.058%             2178        0.058%
INST_MAP_UPDATE_NPC_IDIV                             0        0.000%                0        0.000%
INST_MAP_UPDATE_NPC_ICMP                             0        0.000%                0        0.000%
INST_MAP_UPDATE_NPC_LOGIC                            0        0.000%                0        0.000%
INST_MAP_UPDATE_NPC_SHIFT                            0        0.000%                0        0.000%
INST_MAP_UPDATE_NPC_FMEM                             0        0.000%                0        0.000%
INST_MAP_UPDATE_NPC_FCVT                             0        0.000%                0        0.000%
INST_MAP_UPDATE_NPC_FADD                             0        0.000%                0        0.000%
INST_MAP_UPDATE_NPC_FMUL                             0        0.000%                0        0.000%
INST_MAP_UPDATE_NPC_FMA                              0        0.000%                0        0.000%
INST_MAP_UPDATE_NPC_FDIV                             0        0.000%                0        0.000%
INST_MAP_UPDATE_NPC_FCMP                             0        0.000%                0        0.000%
INST_MAP_UPDATE_NPC_FCMOV                            0        0.000%                0        0.000%
INST_MAP_UPDATE_NPC_GATHER                           0        0.000%                0        0.000%
INST_MAP_UPDATE_NPC_SCATTER                          0        0.000%                0        0.000%
INST_MAP_UPDATE_NPC_PIPELINED_FAST                   0        0.000%                0        0.000%
INST_MAP_UPDATE_NPC_PIPELINED_MEDIUM                 0        0.000%                0        0.000%
INST_MAP_UPDATE_NPC_PIPELINED_SLOW                   0        0.000%                0        0.000%
INST_MAP_UPDATE_NPC_NOTPIPELINED_MEDIUM              0        0.000%                0        0.000%
INST_MAP_UPDATE_NPC_NOTPIPELINED_SLOW                0        0.000%                0        0.000%
INST_MAP_UPDATE_NPC_NOTPIPELINED_VERY_SLOW             0        0.000%                0        0.000%
INST_MAP_UPDATE_MEM_INV                              0        0.000%                0        0.000%
INST_MAP_UPDATE_MEM_NOP                              0        0.000%                0        0.000%
INST_MAP_UPDATE_MEM_CF                               0        0.000%                0        0.000%
INST_MAP_UPDATE_MEM_MOV                        1223971       65.046%          2445087       64.763%
INST_MAP_UPDATE_MEM_CMOV                             0        0.000%                0        0.000%
INST_MAP_UPDATE_MEM_LDA                              0        0.000%                0        0.000%
INST_MAP_UPDATE_MEM_IMEM                             0        0.000%                0        0.000%
INST_MAP_UPDATE_MEM_IADD                             0        0.000%                0        0.000%
INST_MAP_UPDATE_MEM_IMUL                         55858        2.968%           110409        2.924%
INST_MAP_UPDATE_MEM_IDIV                             0        0.000%                0        0.000%
INST_MAP_UPDATE_MEM_ICMP                             0        0.000%                0        0.000%
INST_MAP_UPDATE_MEM_LOGIC                         5290        0.281%            11319        0.300%
INST_MAP_UPDATE_MEM_SHIFT                         3101        0.165%             6605        0.175%
INST_MAP_UPDATE_MEM_FMEM                             0        0.000%                0        0.000%
INST_MAP_UPDATE_MEM_FCVT                             0        0.000%                0        0.000%
INST_MAP_UPDATE_MEM_FADD                             0        0.000%                0        0.000%
INST_MAP_UPDATE_MEM_FMUL                            14        0.001%               26        0.001%
INST_MAP_UPDATE_MEM_FMA                          31383        1.668%            66308        1.756%
INST_MAP_UPDATE_MEM_FDIV                         10791        0.573%            21571        0.571%
INST_MAP_UPDATE_MEM_FCMP                             0        0.000%                0        0.000%
INST_MAP_UPDATE_MEM_FCMOV                           84        0.004%              159        0.004%
INST_MAP_UPDATE_MEM_GATHER                           0        0.000%                4        0.000%
INST_MAP_UPDATE_MEM_SCATTER                          0        0.000%                0        0.000%
INST_MAP_UPDATE_MEM_PIPELINED_FAST                   0        0.000%                0        0.000%
INST_MAP_UPDATE_MEM_PIPELINED_MEDIUM                 0        0.000%                0        0.000%
INST_MAP_UPDATE_MEM_PIPELINED_SLOW                 210        0.011%              401        0.011%
INST_MAP_UPDATE_MEM_NOTPIPELINED_MEDIUM              0        0.000%                0        0.000%
INST_MAP_UPDATE_MEM_NOTPIPELINED_SLOW                0        0.000%                0        0.000%
INST_MAP_UPDATE_MEM_NOTPIPELINED_VERY_SLOW             0        0.000%                0        0.000%
                                               1881694      100.000%          3775444      100.000%
                                                 23.85         8.62             23.79         8.68



