/* -*- Mode: c -*- */
####################################################################################################
Core 0
####################################################################################################
Cumulative:        Cycles: 20885201              Instructions: 20000000              IPC: 0.95762

Periodic:          Cycles: 10371316              Instructions: 10000000              IPC: 0.96420

ST_OP_INV                                            0        0.000%                0        0.000%
ST_OP_NOP                                       144265        0.365%           632483        0.794%
ST_OP_CF                                       9761239       24.708%         19611590       24.626%
ST_OP_MOV                                       113384        0.287%           188400        0.237%
ST_OP_CMOV                                        2607        0.007%             4784        0.006%
ST_OP_LDA                                        36639        0.093%            63180        0.079%
ST_OP_ILD                                       279980        0.709%           470308        0.591%
ST_OP_IST                                      9674778       24.489%         19477344       24.458%
ST_OP_IADD                                    19281780       48.807%         38833949       48.763%
ST_OP_IMUL                                        1371        0.003%             2283        0.003%
ST_OP_IDIV                                         117        0.000%              227        0.000%
ST_OP_ICMP                                       80294        0.203%           134480        0.169%
ST_OP_LOGIC                                     112076        0.284%           186899        0.235%
ST_OP_SHIFT                                      13332        0.034%            23148        0.029%
ST_OP_FLD                                         1361        0.003%             2756        0.003%
ST_OP_FST                                         2691        0.007%             5604        0.007%
ST_OP_FCVT                                           0        0.000%                0        0.000%
ST_OP_FADD                                           0        0.000%                0        0.000%
ST_OP_FMUL                                           0        0.000%                0        0.000%
ST_OP_FMA                                            0        0.000%                0        0.000%
ST_OP_FDIV                                           0        0.000%                0        0.000%
ST_OP_FCMP                                           0        0.000%                0        0.000%
ST_OP_FCMOV                                          0        0.000%                0        0.000%
ST_OP_GATHER                                         0        0.000%                0        0.000%
ST_OP_SCATTER                                        0        0.000%                0        0.000%
ST_OP_PIPELINED_FAST                                19        0.000%               28        0.000%
ST_OP_PIPELINED_MEDIUM                               0        0.000%                0        0.000%
ST_OP_PIPELINED_SLOW                                 0        0.000%                0        0.000%
ST_OP_NOTPIPELINED_MEDIUM                           19        0.000%               28        0.000%
ST_OP_NOTPIPELINED_SLOW                              0        0.000%                0        0.000%
ST_OP_NOTPIPELINED_VERY_SLOW                         0        0.000%                0        0.000%
                                              39505952      100.000%         79637491      100.000%
                                                  6.24         2.53              6.21         2.54

ST_NOT_CF                                     29744713       75.292%         60025901       75.374%
ST_CF_BR                                         13908        0.035%            22376        0.028%
ST_CF_CBR                                      9697306       24.546%         19506556       24.494%
ST_CF_CALL                                       21817        0.055%            36054        0.045%
ST_CF_IBR                                         3796        0.010%             6585        0.008%
ST_CF_ICALL                                        960        0.002%             1586        0.002%
ST_CF_ICO                                            0        0.000%                0        0.000%
ST_CF_RET                                        23452        0.059%            38433        0.048%
ST_CF_SYS                                            0        0.000%                0        0.000%
                                              39505952      100.000%         79637491      100.000%
                                                  0.50         0.76              0.50         0.76

ST_BAR_NONE                                   39505952      100.000%         79637491      100.000%
ST_BAR_FETCH                                         0        0.000%                0        0.000%
ST_BAR_ISSUE                                         0        0.000%                0        0.000%
ST_BAR_BOTH                                          0        0.000%                0        0.000%
                                              39505952      100.000%         79637491      100.000%
                                                  0.00         0.00              0.00         0.00

ST_NOT_MEM                                    29547142       74.792%         59681479       74.941%
ST_MEM_LD                                       281341        0.712%           473064        0.594%
ST_MEM_ST                                      9677469       24.496%         19482948       24.465%
ST_MEM_PF                                            0        0.000%                0        0.000%
ST_MEM_WH                                            0        0.000%                0        0.000%
ST_MEM_EVICT                                         0        0.000%                0        0.000%
                                              39505952      100.000%         79637491      100.000%
                                                  0.50         0.75              0.50         0.75

ST_NOT_MEM_OFFPATH                              859894       71.497%          2225786       77.059%
ST_MEM_LD_OFFPATH                               228501       18.999%           434891       15.056%
ST_MEM_ST_OFFPATH                               114298        9.504%           227748        7.885%
ST_MEM_PF_OFFPATH                                    0        0.000%                0        0.000%
ST_MEM_WH_OFFPATH                                    0        0.000%                0        0.000%
ST_MEM_EVIC_OFFPATHT                                 0        0.000%                0        0.000%
                                               1202693      100.000%          2888425      100.000%
                                                  0.38         0.57              0.31         0.55

ST_OP_ONPATH                                  39505952                       79637491              

ST_OP_OFFPATH                                  1202693                        2888425              

ST_FAKE_OP_OFFPATH                              172572       14.349%           930262       32.207%
ST_NOT_FAKE_OP_OFFPATH                         1030121       85.651%          1958163       67.793%
                                               1202693      100.000%          2888425      100.000%
                                                  0.86         0.80              0.68         0.62

ST_FAKE_REASON_NOT_FAKE                        1030121       85.651%          1958163       67.793%
ST_FAKE_REASON_REDIRECT_TO_NOT_INSTRUMENTED        172572       14.349%           930262       32.207%
ST_FAKE_REASON_RETURN_TO_NOT_INSTRUMENTED             0        0.000%                0        0.000%
ST_FAKE_REASON_NONRET_CF_TO_NOT_INSTRUMENTED             0        0.000%                0        0.000%
ST_FAKE_REASON_NOT_TAKEN_TO_NOT_INSTRUMENTED             0        0.000%                0        0.000%
ST_FAKE_REASON_WRONG_PATH_STORE_TO_NEW_REGION             0        0.000%                0        0.000%
                                               1202693      100.000%          2888425      100.000%
                                                  0.14         0.32              0.32         0.38

ST_INST_ONPATH                                10632185                       21475187              

ST_INST_OFFPATH                                 990153                        2482060              

STATIC_PIN_NOP                                       0                              0              

DYNAMIC_PIN_REP_GREATER_256                          0                              0              

INST_MAP_UPDATE_JITTED                           23224        0.241%            37284        0.192%
INST_MAP_UPDATE_NPC_INV                              0        0.000%                0        0.000%
INST_MAP_UPDATE_NPC_NOP                              0        0.000%                0        0.000%
INST_MAP_UPDATE_NPC_CF                               0        0.000%                0        0.000%
INST_MAP_UPDATE_NPC_MOV                              0        0.000%                0        0.000%
INST_MAP_UPDATE_NPC_CMOV                             0        0.000%                0        0.000%
INST_MAP_UPDATE_NPC_LDA                              0        0.000%                0        0.000%
INST_MAP_UPDATE_NPC_IMEM                             0        0.000%                0        0.000%
INST_MAP_UPDATE_NPC_IADD                             0        0.000%                0        0.000%
INST_MAP_UPDATE_NPC_IMUL                          1220        0.013%             1864        0.010%
INST_MAP_UPDATE_NPC_IDIV                             0        0.000%                0        0.000%
INST_MAP_UPDATE_NPC_ICMP                             0        0.000%                0        0.000%
INST_MAP_UPDATE_NPC_LOGIC                            0        0.000%                0        0.000%
INST_MAP_UPDATE_NPC_SHIFT                            0        0.000%                0        0.000%
INST_MAP_UPDATE_NPC_FMEM                             0        0.000%                0        0.000%
INST_MAP_UPDATE_NPC_FCVT                             0        0.000%                0        0.000%
INST_MAP_UPDATE_NPC_FADD                             0        0.000%                0        0.000%
INST_MAP_UPDATE_NPC_FMUL                             0        0.000%                0        0.000%
INST_MAP_UPDATE_NPC_FMA                              0        0.000%                0        0.000%
INST_MAP_UPDATE_NPC_FDIV                             0        0.000%                0        0.000%
INST_MAP_UPDATE_NPC_FCMP                             0        0.000%                0        0.000%
INST_MAP_UPDATE_NPC_FCMOV                            0        0.000%                0        0.000%
INST_MAP_UPDATE_NPC_GATHER                           0        0.000%                0        0.000%
INST_MAP_UPDATE_NPC_SCATTER                          0        0.000%                0        0.000%
INST_MAP_UPDATE_NPC_PIPELINED_FAST                   0        0.000%                0        0.000%
INST_MAP_UPDATE_NPC_PIPELINED_MEDIUM                 0        0.000%                0        0.000%
INST_MAP_UPDATE_NPC_PIPELINED_SLOW                   0        0.000%                0        0.000%
INST_MAP_UPDATE_NPC_NOTPIPELINED_MEDIUM              0        0.000%                0        0.000%
INST_MAP_UPDATE_NPC_NOTPIPELINED_SLOW                0        0.000%                0        0.000%
INST_MAP_UPDATE_NPC_NOTPIPELINED_VERY_SLOW             0        0.000%                0        0.000%
INST_MAP_UPDATE_MEM_INV                              0        0.000%                0        0.000%
INST_MAP_UPDATE_MEM_NOP                              0        0.000%                0        0.000%
INST_MAP_UPDATE_MEM_CF                               0        0.000%                0        0.000%
INST_MAP_UPDATE_MEM_MOV                        9577078       99.388%         19305314       99.499%
INST_MAP_UPDATE_MEM_CMOV                             7        0.000%                9        0.000%
INST_MAP_UPDATE_MEM_LDA                              0        0.000%                0        0.000%
INST_MAP_UPDATE_MEM_IMEM                             0        0.000%                0        0.000%
INST_MAP_UPDATE_MEM_IADD                             0        0.000%                0        0.000%
INST_MAP_UPDATE_MEM_IMUL                         26788        0.278%            46468        0.239%
INST_MAP_UPDATE_MEM_IDIV                             0        0.000%                0        0.000%
INST_MAP_UPDATE_MEM_ICMP                             0        0.000%                0        0.000%
INST_MAP_UPDATE_MEM_LOGIC                         6497        0.067%             9506        0.049%
INST_MAP_UPDATE_MEM_SHIFT                          796        0.008%             1330        0.007%
INST_MAP_UPDATE_MEM_FMEM                            84        0.001%              128        0.001%
INST_MAP_UPDATE_MEM_FCVT                             0        0.000%                0        0.000%
INST_MAP_UPDATE_MEM_FADD                             0        0.000%                0        0.000%
INST_MAP_UPDATE_MEM_FMUL                             0        0.000%                0        0.000%
INST_MAP_UPDATE_MEM_FMA                              0        0.000%                0        0.000%
INST_MAP_UPDATE_MEM_FDIV                             0        0.000%                0        0.000%
INST_MAP_UPDATE_MEM_FCMP                             0        0.000%                0        0.000%
INST_MAP_UPDATE_MEM_FCMOV                            0        0.000%                0        0.000%
INST_MAP_UPDATE_MEM_GATHER                           0        0.000%                0        0.000%
INST_MAP_UPDATE_MEM_SCATTER                          0        0.000%                0        0.000%
INST_MAP_UPDATE_MEM_PIPELINED_FAST                   0        0.000%                0        0.000%
INST_MAP_UPDATE_MEM_PIPELINED_MEDIUM                 0        0.000%                0        0.000%
INST_MAP_UPDATE_MEM_PIPELINED_SLOW                 357        0.004%              607        0.003%
INST_MAP_UPDATE_MEM_NOTPIPELINED_MEDIUM              0        0.000%                0        0.000%
INST_MAP_UPDATE_MEM_NOTPIPELINED_SLOW                0        0.000%                0        0.000%
INST_MAP_UPDATE_MEM_NOTPIPELINED_VERY_SLOW             0        0.000%                0        0.000%
                                               9636051      100.000%         19402510      100.000%
                                                 32.94         0.47             32.95         0.41



