Scarab gitrev: 3541854
Scarab started at Thu Nov 21 19:12:59 2024

Initialized Ramulator. 
** Heartbeat:   5% -- { 1000000 } -- 0.00 KIPS (41.67 KIPS)
** Heartbeat:  10% -- { 2000000 } -- 55.56 KIPS (47.62 KIPS)
** Heartbeat:  15% -- { 3000000 } -- 40.00 KIPS (44.78 KIPS)
** Heartbeat:  20% -- { 4000000 } -- 40.00 KIPS (43.48 KIPS)
** Heartbeat:  25% -- { 5000000 } -- 45.45 KIPS (43.86 KIPS)
** Heartbeat:  30% -- { 6000000 } -- 40.00 KIPS (43.17 KIPS)
** Heartbeat:  35% -- { 7000000 } -- 47.62 KIPS (43.75 KIPS)
** Heartbeat:  40% -- { 8000000 } -- 40.00 KIPS (43.24 KIPS)
** Heartbeat:  45% -- { 9000000 } -- 45.45 KIPS (43.48 KIPS)
** Heartbeat:  50% -- { 10000000 } -- 55.56 KIPS (44.44 KIPS)
** Heartbeat:  55% -- { 11000000 } -- 58.82 KIPS (45.45 KIPS)
** Heartbeat:  60% -- { 12000000 } -- 47.62 KIPS (45.63 KIPS)
** Heartbeat:  65% -- { 13000000 } -- 50.00 KIPS (45.94 KIPS)
** Heartbeat:  70% -- { 14000000 } -- 52.63 KIPS (46.36 KIPS)
** Heartbeat:  75% -- { 15000000 } -- 45.45 KIPS (46.30 KIPS)
** Heartbeat:  80% -- { 16000000 } -- 62.50 KIPS (47.06 KIPS)
** Heartbeat:  85% -- { 17000000 } -- 41.67 KIPS (46.70 KIPS)
** Heartbeat:  90% -- { 18000000 } -- 52.63 KIPS (47.00 KIPS)
** Heartbeat:  95% -- { 19000004 } -- 41.67 KIPS (46.68 KIPS)
** Core 0 Finished:    insts:20000000    cycles:20885201    time:6526625312500       -- 0.96 IPC (0.96 IPC) --  N/A  KIPS (46.51 KIPS)
Scarab finished at Thu Nov 21 19:20:09 2024

