/* -*- Mode: c -*- */
####################################################################################################
Core 0
####################################################################################################
Cumulative:        Cycles: 14737996              Instructions: 20000000              IPC: 1.35704

Periodic:          Cycles: 7434855               Instructions: 10000000              IPC: 1.34502

DCACHE_PREF_HIT                                      0                              0              

IFETCH_WB_FIRST_SCHEDULE                             0         -nan%                0         -nan%
PREFETCH_LAST_SCHEDULE                               0         -nan%                0         -nan%
DEMAND_PASS_PREF_SCHEDULE                            0         -nan%                0         -nan%
DEMAND_PASS_LOW_OP_SCHEDULE                          0         -nan%                0         -nan%
DEMAND_LAST_SCHEDULE                                 0         -nan%                0         -nan%
                                                     0         -nan%                0         -nan%
                                                  -nan         -nan              -nan         -nan

SEND_MISS_REQ_QUEUE                              99886                         201363              

L1_DATA_EVICT                                   101991                         172094              

STREAM_BUFFER_REQ                                    0                              0              

PREF_SEND_TO_MEM_REQ                                 0         -nan%                0         -nan%
PREF_SEND_TO_MEM_REQ_FAIL                            0         -nan%                0         -nan%
                                                     0         -nan%                0         -nan%
                                                  -nan         -nan              -nan         -nan

HIT_TRAIN_STREAM                                 42942       73.624%            82454       68.093%
MISS_TRAIN_STREAM                                15384       26.376%            38636       31.907%
                                                 58326      100.000%           121090      100.000%
                                                  0.26         0.40              0.32         0.42

STREAM_TRAIN_CREATE                               6803                          16211              

MEM_REQ_MISS_HWP_PREF_Q                              0         -nan%                0         -nan%
MEM_REQ_MISS_SW_PREF_Q                               0         -nan%                0         -nan%
MEM_REQ_MISS_IFETCH_Q                                0         -nan%                0         -nan%
MEM_REQ_MISS_DFETCH_Q                                0         -nan%                0         -nan%
MEM_REQ_MISS_DSTORE_Q                                0         -nan%                0         -nan%
MEM_REQ_MISS_DPRF_Q                                  0         -nan%                0         -nan%
MEM_REQ_MISS_WB_Q                                    0         -nan%                0         -nan%
                                                     0         -nan%                0         -nan%
                                                  -nan         -nan              -nan         -nan

PREF_HIT_BY_DEMAND_IFETCH                            0         -nan%                0         -nan%
PREF_HIT_BY_DEMAND_DFETCH                            0         -nan%                0         -nan%
PREF_HIT_BY_DEMAND_DSTORE                            0         -nan%                0         -nan%
PREF_HIT_BY_DEMAND_IPREF                             0         -nan%                0         -nan%
PREF_HIT_BY_DEMAND_DPRF                              0         -nan%                0         -nan%
PREF_HIT_BY_DEMAND_WB                                0         -nan%                0         -nan%
PREF_HIT_BY_PREF                                     0         -nan%                0         -nan%
                                                     0         -nan%                0         -nan%
                                                  -nan         -nan              -nan         -nan

PREF_HIT_DEMAND_IFETCH                               0         -nan%                0         -nan%
PREF_HIT_DEMAND_DFETCH                               0         -nan%                0         -nan%
PREF_HIT_DEMAND_DSTORE                               0         -nan%                0         -nan%
PREF_HIT_DEMAND_IPREF                                0         -nan%                0         -nan%
PREF_HIT_DEMAND_DPRF                                 0         -nan%                0         -nan%
PREF_HIT_DEMAND_WB                                   0         -nan%                0         -nan%
                                                     0         -nan%                0         -nan%
                                                  -nan         -nan              -nan         -nan

PREF_L1_FILL                                         0         -nan%                0         -nan%
DEMAND_L1_FILL                                       0         -nan%                0         -nan%
                                                     0         -nan%                0         -nan%
                                                  -nan         -nan              -nan         -nan

TOUCH_L1_REPLACE                                     0        0.000%                0        0.000%
NO_TOUCH_L1_REPLACE                             101991      100.000%           172094      100.000%
                                                101991      100.000%           172094      100.000%
                                                  1.00         1.00              1.00         1.00

PREF_REQ_QUE_FULL                                    0                              0              

STREAM_REQ_QUEUE_HIT_BY_DEMAND                       0                              0              

L2HIT_STREAM_PREF_REQ_QUE_FULL                       0                              0              

L2HIT_HIT_TRAIN_STREAM                               0         -nan%                0         -nan%
L2HIT_MISS_TRAIN_STREAM                              0         -nan%                0         -nan%
                                                     0         -nan%                0         -nan%
                                                  -nan         -nan              -nan         -nan

L2HIT_STREAM_TRAIN_CREATE                            0                              0              

L2HIT_STREAM_BUFFER_REQ                              0                              0              

L2HIT_STREAM_PREF_DCACHE_HIT                         0         -nan%                0         -nan%
L2HIT_STREAM_PREF_DCACHE_INSERT                      0         -nan%                0         -nan%
L2HIT_STREAM_L2_MISS                                 0         -nan%                0         -nan%
                                                     0         -nan%                0         -nan%
                                                  -nan         -nan              -nan         -nan

L2HIT_STREAM_DCACHE_PORT_FULL                        0                              0              

L2HIT_STREAM_PREF_L1_PORT_FULL                       0                              0              

L2HIT_TRAIN_HIT_DEMAND                               0         -nan%                0         -nan%
L2HIT_TRAIN_MISS_REQ                                 0         -nan%                0         -nan%
                                                     0         -nan%                0         -nan%
                                                  -nan         -nan              -nan         -nan

L2HIT_TRAIN_FILTER_MISS                              0         -nan%                0         -nan%
L2HIT_TRAIN_FILTER_HIT                               0         -nan%                0         -nan%
                                                     0         -nan%                0         -nan%
                                                  -nan         -nan              -nan         -nan

L2HIT_PREF_REQ_DCACHE_HIT                            0         -nan%                0         -nan%
L2HIT_PREF_REQ_DCACHE_MISS                           0         -nan%                0         -nan%
                                                     0         -nan%                0         -nan%
                                                  -nan         -nan              -nan         -nan

L2HIT_L2SEND_Q_FULL                                  0         -nan%                0         -nan%
L2HIT_L2SEND_Q_ENTER                                 0         -nan%                0         -nan%
                                                     0         -nan%                0         -nan%
                                                  -nan         -nan              -nan         -nan

L2HIT_MEM_REQ                                        0                              0              

REMOVE_REDUNDANT_STREAM_STAT                         0                              0              

REPLACE_OLD_STREAM                                6803                          16195              

REQ_SEND_QUEUE_STALL                                 0                              0              

STREAM_ENTER_RA                                      0                              0              

CORE_STREAM_LENGTH_0                               152        9.268%              402        8.820%
CORE_STREAM_LENGTH_10                              395       24.085%             1747       38.328%
CORE_STREAM_LENGTH_20                              516       31.463%             1408       30.891%
CORE_STREAM_LENGTH_30                              141        8.598%              243        5.331%
CORE_STREAM_LENGTH_40                              222       13.537%              366        8.030%
CORE_STREAM_LENGTH_50                               24        1.463%               62        1.360%
CORE_STREAM_LENGTH_60                                9        0.549%               25        0.548%
CORE_STREAM_LENGTH_70                                6        0.366%               18        0.395%
CORE_STREAM_LENGTH_80                               12        0.732%               19        0.417%
CORE_STREAM_LENGTH_90                               13        0.793%               37        0.812%
CORE_STREAM_LENGTH_100_P                           150        9.146%              231        5.068%
                                                  1640      100.000%             4558      100.000%
                                                  2.85         2.71              2.22         2.23

CORE_CUM_STREAM_LENGTH_0                          1116        0.866%             2901        1.237%
CORE_CUM_STREAM_LENGTH_10                         6035        4.683%            24360       10.386%
CORE_CUM_STREAM_LENGTH_20                        11767        9.131%            32023       13.653%
CORE_CUM_STREAM_LENGTH_30                         4970        3.856%             8505        3.626%
CORE_CUM_STREAM_LENGTH_40                        10039        7.790%            16463        7.019%
CORE_CUM_STREAM_LENGTH_50                         1267        0.983%             3312        1.412%
CORE_CUM_STREAM_LENGTH_60                          564        0.438%             1576        0.672%
CORE_CUM_STREAM_LENGTH_70                          442        0.343%             1337        0.570%
CORE_CUM_STREAM_LENGTH_80                         1017        0.789%             1608        0.686%
CORE_CUM_STREAM_LENGTH_90                         1196        0.928%             3478        1.483%
CORE_CUM_STREAM_LENGTH_100_P                     90462       70.194%           138991       59.258%
                                                128875      100.000%           234554      100.000%
                                                  7.92         7.40              7.03         6.57

CORE_STREAM_TRAIN_HITS_0                          1122       68.415%             3339       73.256%
CORE_STREAM_TRAIN_HITS_10                          340       20.732%              877       19.241%
CORE_STREAM_TRAIN_HITS_20                           31        1.890%               73        1.602%
CORE_STREAM_TRAIN_HITS_30                           25        1.524%               54        1.185%
CORE_STREAM_TRAIN_HITS_40                           22        1.341%               43        0.943%
CORE_STREAM_TRAIN_HITS_50                            8        0.488%               17        0.373%
CORE_STREAM_TRAIN_HITS_60                           26        1.585%               43        0.943%
CORE_STREAM_TRAIN_HITS_70                            7        0.427%               14        0.307%
CORE_STREAM_TRAIN_HITS_80                            2        0.122%                3        0.066%
CORE_STREAM_TRAIN_HITS_90                            2        0.122%                3        0.066%
CORE_STREAM_TRAIN_HITS_100_P                        55        3.354%               92        2.018%
                                                  1640      100.000%             4558      100.000%
                                                  0.85         1.97              0.61         1.61

CORE_CUM_STREAM_TRAIN_HITS_0                      7220       13.731%            21273       21.128%
CORE_CUM_STREAM_TRAIN_HITS_10                     4493        8.545%            11371       11.294%
CORE_CUM_STREAM_TRAIN_HITS_20                      763        1.451%             1815        1.803%
CORE_CUM_STREAM_TRAIN_HITS_30                      846        1.609%             1844        1.831%
CORE_CUM_STREAM_TRAIN_HITS_40                      952        1.811%             1856        1.843%
CORE_CUM_STREAM_TRAIN_HITS_50                      441        0.839%              933        0.927%
CORE_CUM_STREAM_TRAIN_HITS_60                     1697        3.227%             2797        2.778%
CORE_CUM_STREAM_TRAIN_HITS_70                      521        0.991%             1046        1.039%
CORE_CUM_STREAM_TRAIN_HITS_80                      166        0.316%              248        0.246%
CORE_CUM_STREAM_TRAIN_HITS_90                      187        0.356%              279        0.277%
CORE_CUM_STREAM_TRAIN_HITS_100_P                 35295       67.125%            57224       56.834%
                                                 52581      100.000%           100686      100.000%
                                                  7.31         6.72              6.29         5.84

CORE_STREAM_TRAIN_CREATE                          6803                          16211              



