               ramulator.active_cycles_0             2134389                                      # Total active cycles for level _0
                 ramulator.busy_cycles_0             2134389                                      # (All-bank refresh only. busy cycles only include refresh time in rank level) The sum of cycles that the DRAM part is active or under refresh for level _0
            ramulator.serving_requests_0             3143363                                      # The sum of read and write requests that are served in this DRAM element per memory cycle for level _0
    ramulator.average_serving_requests_0            0.678862                                      # The average of read and write requests that are served in this DRAM element per memory cycle for level _0
             ramulator.active_cycles_0_0             2134389                                      # Total active cycles for level _0_0
               ramulator.busy_cycles_0_0             2299869                                      # (All-bank refresh only. busy cycles only include refresh time in rank level) The sum of cycles that the DRAM part is active or under refresh for level _0_0
          ramulator.serving_requests_0_0             3143363                                      # The sum of read and write requests that are served in this DRAM element per memory cycle for level _0_0
  ramulator.average_serving_requests_0_0            0.678862                                      # The average of read and write requests that are served in this DRAM element per memory cycle for level _0_0
           ramulator.active_cycles_0_0_0              706727                                      # Total active cycles for level _0_0_0
             ramulator.busy_cycles_0_0_0              706727                                      # (All-bank refresh only. busy cycles only include refresh time in rank level) The sum of cycles that the DRAM part is active or under refresh for level _0_0_0
        ramulator.serving_requests_0_0_0              855514                                      # The sum of read and write requests that are served in this DRAM element per memory cycle for level _0_0_0
ramulator.average_serving_requests_0_0_0            0.184763                                      # The average of read and write requests that are served in this DRAM element per memory cycle for level _0_0_0
         ramulator.active_cycles_0_0_0_0              173795                                      # Total active cycles for level _0_0_0_0
           ramulator.busy_cycles_0_0_0_0              173795                                      # (All-bank refresh only. busy cycles only include refresh time in rank level) The sum of cycles that the DRAM part is active or under refresh for level _0_0_0_0
      ramulator.serving_requests_0_0_0_0              199885                                      # The sum of read and write requests that are served in this DRAM element per memory cycle for level _0_0_0_0
ramulator.average_serving_requests_0_0_0_0            0.043169                                      # The average of read and write requests that are served in this DRAM element per memory cycle for level _0_0_0_0
         ramulator.active_cycles_0_0_0_1              239055                                      # Total active cycles for level _0_0_0_1
           ramulator.busy_cycles_0_0_0_1              239055                                      # (All-bank refresh only. busy cycles only include refresh time in rank level) The sum of cycles that the DRAM part is active or under refresh for level _0_0_0_1
      ramulator.serving_requests_0_0_0_1              259293                                      # The sum of read and write requests that are served in this DRAM element per memory cycle for level _0_0_0_1
ramulator.average_serving_requests_0_0_0_1            0.055999                                      # The average of read and write requests that are served in this DRAM element per memory cycle for level _0_0_0_1
         ramulator.active_cycles_0_0_0_2              187614                                      # Total active cycles for level _0_0_0_2
           ramulator.busy_cycles_0_0_0_2              187614                                      # (All-bank refresh only. busy cycles only include refresh time in rank level) The sum of cycles that the DRAM part is active or under refresh for level _0_0_0_2
      ramulator.serving_requests_0_0_0_2              223291                                      # The sum of read and write requests that are served in this DRAM element per memory cycle for level _0_0_0_2
ramulator.average_serving_requests_0_0_0_2            0.048223                                      # The average of read and write requests that are served in this DRAM element per memory cycle for level _0_0_0_2
         ramulator.active_cycles_0_0_0_3              148915                                      # Total active cycles for level _0_0_0_3
           ramulator.busy_cycles_0_0_0_3              148915                                      # (All-bank refresh only. busy cycles only include refresh time in rank level) The sum of cycles that the DRAM part is active or under refresh for level _0_0_0_3
      ramulator.serving_requests_0_0_0_3              173045                                      # The sum of read and write requests that are served in this DRAM element per memory cycle for level _0_0_0_3
ramulator.average_serving_requests_0_0_0_3            0.037372                                      # The average of read and write requests that are served in this DRAM element per memory cycle for level _0_0_0_3
           ramulator.active_cycles_0_0_1              678792                                      # Total active cycles for level _0_0_1
             ramulator.busy_cycles_0_0_1              678792                                      # (All-bank refresh only. busy cycles only include refresh time in rank level) The sum of cycles that the DRAM part is active or under refresh for level _0_0_1
        ramulator.serving_requests_0_0_1              838421                                      # The sum of read and write requests that are served in this DRAM element per memory cycle for level _0_0_1
ramulator.average_serving_requests_0_0_1            0.181071                                      # The average of read and write requests that are served in this DRAM element per memory cycle for level _0_0_1
         ramulator.active_cycles_0_0_1_0              117612                                      # Total active cycles for level _0_0_1_0
           ramulator.busy_cycles_0_0_1_0              117612                                      # (All-bank refresh only. busy cycles only include refresh time in rank level) The sum of cycles that the DRAM part is active or under refresh for level _0_0_1_0
      ramulator.serving_requests_0_0_1_0              142882                                      # The sum of read and write requests that are served in this DRAM element per memory cycle for level _0_0_1_0
ramulator.average_serving_requests_0_0_1_0            0.030858                                      # The average of read and write requests that are served in this DRAM element per memory cycle for level _0_0_1_0
         ramulator.active_cycles_0_0_1_1              159901                                      # Total active cycles for level _0_0_1_1
           ramulator.busy_cycles_0_0_1_1              159901                                      # (All-bank refresh only. busy cycles only include refresh time in rank level) The sum of cycles that the DRAM part is active or under refresh for level _0_0_1_1
      ramulator.serving_requests_0_0_1_1              191419                                      # The sum of read and write requests that are served in this DRAM element per memory cycle for level _0_0_1_1
ramulator.average_serving_requests_0_0_1_1            0.041340                                      # The average of read and write requests that are served in this DRAM element per memory cycle for level _0_0_1_1
         ramulator.active_cycles_0_0_1_2              300068                                      # Total active cycles for level _0_0_1_2
           ramulator.busy_cycles_0_0_1_2              300068                                      # (All-bank refresh only. busy cycles only include refresh time in rank level) The sum of cycles that the DRAM part is active or under refresh for level _0_0_1_2
      ramulator.serving_requests_0_0_1_2              330175                                      # The sum of read and write requests that are served in this DRAM element per memory cycle for level _0_0_1_2
ramulator.average_serving_requests_0_0_1_2            0.071307                                      # The average of read and write requests that are served in this DRAM element per memory cycle for level _0_0_1_2
         ramulator.active_cycles_0_0_1_3              148537                                      # Total active cycles for level _0_0_1_3
           ramulator.busy_cycles_0_0_1_3              148537                                      # (All-bank refresh only. busy cycles only include refresh time in rank level) The sum of cycles that the DRAM part is active or under refresh for level _0_0_1_3
      ramulator.serving_requests_0_0_1_3              173945                                      # The sum of read and write requests that are served in this DRAM element per memory cycle for level _0_0_1_3
ramulator.average_serving_requests_0_0_1_3            0.037566                                      # The average of read and write requests that are served in this DRAM element per memory cycle for level _0_0_1_3
           ramulator.active_cycles_0_0_2              527180                                      # Total active cycles for level _0_0_2
             ramulator.busy_cycles_0_0_2              527180                                      # (All-bank refresh only. busy cycles only include refresh time in rank level) The sum of cycles that the DRAM part is active or under refresh for level _0_0_2
        ramulator.serving_requests_0_0_2              681825                                      # The sum of read and write requests that are served in this DRAM element per memory cycle for level _0_0_2
ramulator.average_serving_requests_0_0_2            0.147252                                      # The average of read and write requests that are served in this DRAM element per memory cycle for level _0_0_2
         ramulator.active_cycles_0_0_2_0              217160                                      # Total active cycles for level _0_0_2_0
           ramulator.busy_cycles_0_0_2_0              217160                                      # (All-bank refresh only. busy cycles only include refresh time in rank level) The sum of cycles that the DRAM part is active or under refresh for level _0_0_2_0
      ramulator.serving_requests_0_0_2_0              253931                                      # The sum of read and write requests that are served in this DRAM element per memory cycle for level _0_0_2_0
ramulator.average_serving_requests_0_0_2_0            0.054841                                      # The average of read and write requests that are served in this DRAM element per memory cycle for level _0_0_2_0
         ramulator.active_cycles_0_0_2_1              124075                                      # Total active cycles for level _0_0_2_1
           ramulator.busy_cycles_0_0_2_1              124075                                      # (All-bank refresh only. busy cycles only include refresh time in rank level) The sum of cycles that the DRAM part is active or under refresh for level _0_0_2_1
      ramulator.serving_requests_0_0_2_1              143894                                      # The sum of read and write requests that are served in this DRAM element per memory cycle for level _0_0_2_1
ramulator.average_serving_requests_0_0_2_1            0.031076                                      # The average of read and write requests that are served in this DRAM element per memory cycle for level _0_0_2_1
         ramulator.active_cycles_0_0_2_2              129824                                      # Total active cycles for level _0_0_2_2
           ramulator.busy_cycles_0_0_2_2              129824                                      # (All-bank refresh only. busy cycles only include refresh time in rank level) The sum of cycles that the DRAM part is active or under refresh for level _0_0_2_2
      ramulator.serving_requests_0_0_2_2              153793                                      # The sum of read and write requests that are served in this DRAM element per memory cycle for level _0_0_2_2
ramulator.average_serving_requests_0_0_2_2            0.033214                                      # The average of read and write requests that are served in this DRAM element per memory cycle for level _0_0_2_2
         ramulator.active_cycles_0_0_2_3              105811                                      # Total active cycles for level _0_0_2_3
           ramulator.busy_cycles_0_0_2_3              105811                                      # (All-bank refresh only. busy cycles only include refresh time in rank level) The sum of cycles that the DRAM part is active or under refresh for level _0_0_2_3
      ramulator.serving_requests_0_0_2_3              130207                                      # The sum of read and write requests that are served in this DRAM element per memory cycle for level _0_0_2_3
ramulator.average_serving_requests_0_0_2_3            0.028120                                      # The average of read and write requests that are served in this DRAM element per memory cycle for level _0_0_2_3
           ramulator.active_cycles_0_0_3              615226                                      # Total active cycles for level _0_0_3
             ramulator.busy_cycles_0_0_3              615226                                      # (All-bank refresh only. busy cycles only include refresh time in rank level) The sum of cycles that the DRAM part is active or under refresh for level _0_0_3
        ramulator.serving_requests_0_0_3              767603                                      # The sum of read and write requests that are served in this DRAM element per memory cycle for level _0_0_3
ramulator.average_serving_requests_0_0_3            0.165777                                      # The average of read and write requests that are served in this DRAM element per memory cycle for level _0_0_3
         ramulator.active_cycles_0_0_3_0              114692                                      # Total active cycles for level _0_0_3_0
           ramulator.busy_cycles_0_0_3_0              114692                                      # (All-bank refresh only. busy cycles only include refresh time in rank level) The sum of cycles that the DRAM part is active or under refresh for level _0_0_3_0
      ramulator.serving_requests_0_0_3_0              134494                                      # The sum of read and write requests that are served in this DRAM element per memory cycle for level _0_0_3_0
ramulator.average_serving_requests_0_0_3_0            0.029046                                      # The average of read and write requests that are served in this DRAM element per memory cycle for level _0_0_3_0
         ramulator.active_cycles_0_0_3_1              237473                                      # Total active cycles for level _0_0_3_1
           ramulator.busy_cycles_0_0_3_1              237473                                      # (All-bank refresh only. busy cycles only include refresh time in rank level) The sum of cycles that the DRAM part is active or under refresh for level _0_0_3_1
      ramulator.serving_requests_0_0_3_1              266713                                      # The sum of read and write requests that are served in this DRAM element per memory cycle for level _0_0_3_1
ramulator.average_serving_requests_0_0_3_1            0.057601                                      # The average of read and write requests that are served in this DRAM element per memory cycle for level _0_0_3_1
         ramulator.active_cycles_0_0_3_2              180249                                      # Total active cycles for level _0_0_3_2
           ramulator.busy_cycles_0_0_3_2              180249                                      # (All-bank refresh only. busy cycles only include refresh time in rank level) The sum of cycles that the DRAM part is active or under refresh for level _0_0_3_2
      ramulator.serving_requests_0_0_3_2              211054                                      # The sum of read and write requests that are served in this DRAM element per memory cycle for level _0_0_3_2
ramulator.average_serving_requests_0_0_3_2            0.045581                                      # The average of read and write requests that are served in this DRAM element per memory cycle for level _0_0_3_2
         ramulator.active_cycles_0_0_3_3              127604                                      # Total active cycles for level _0_0_3_3
           ramulator.busy_cycles_0_0_3_3              127604                                      # (All-bank refresh only. busy cycles only include refresh time in rank level) The sum of cycles that the DRAM part is active or under refresh for level _0_0_3_3
      ramulator.serving_requests_0_0_3_3              155342                                      # The sum of read and write requests that are served in this DRAM element per memory cycle for level _0_0_3_3
ramulator.average_serving_requests_0_0_3_3            0.033549                                      # The average of read and write requests that are served in this DRAM element per memory cycle for level _0_0_3_3
      ramulator.read_transaction_bytes_0             5812736                                      # The total byte of read transaction per channel
     ramulator.write_transaction_bytes_0             2879936                                      # The total byte of write transaction per channel
       ramulator.row_hits_channel_0_core              119771                                      # Number of row hits per channel per core
     ramulator.row_misses_channel_0_core                5267                                      # Number of row misses per channel per core
  ramulator.row_conflicts_channel_0_core               10785                                      # Number of row conflicts per channel per core
  ramulator.read_row_hits_channel_0_core               83908                                      # Number of row hits for read requests per channel per core
                                     [0]             83908.0                                      # 
ramulator.read_row_misses_channel_0_core                2100                                      # Number of row misses for read requests per channel per core
                                     [0]              2100.0                                      # 
ramulator.read_row_conflicts_channel_0_core                4816                                      # Number of row conflicts for read requests per channel per core
                                     [0]              4816.0                                      # 
 ramulator.write_row_hits_channel_0_core               35863                                      # Number of row hits for write requests per channel per core
                                     [0]             35863.0                                      # 
ramulator.write_row_misses_channel_0_core                3167                                      # Number of row misses for write requests per channel per core
                                     [0]              3167.0                                      # 
ramulator.write_row_conflicts_channel_0_core                5969                                      # Number of row conflicts for write requests per channel per core
                                     [0]              5969.0                                      # 
      ramulator.useless_activates_0_core                  22                                      # Number of useless activations. E.g, ACT -> PRE w/o RD or WR
            ramulator.read_latency_avg_0           67.571628                                      # The average memory latency cycles (in memory time domain) per request for all read requests in this channel
            ramulator.read_latency_sum_0             6138004                                      # The memory latency cycles (in memory time domain) sum for all read requests in this channel
        ramulator.req_queue_length_avg_0           14.003149                                      # Average of read and write queue length per memory cycle per channel.
        ramulator.req_queue_length_sum_0            64839354                                      # Sum of read and write queue length per memory cycle per channel.
   ramulator.read_req_queue_length_avg_0            1.300764                                      # Read queue length average per memory cycle per channel.
   ramulator.read_req_queue_length_sum_0             6022980                                      # Read queue length sum per memory cycle per channel.
  ramulator.write_req_queue_length_avg_0           12.702385                                      # Write queue length average per memory cycle per channel.
  ramulator.write_req_queue_length_sum_0            58816374                                      # Write queue length sum per memory cycle per channel.
              ramulator.record_read_hits                 0.0                                      # record read hit count for this core when it reaches request limit or to the end
                                     [0]                 0.0                                      # 
            ramulator.record_read_misses                 0.0                                      # record_read_miss count for this core when it reaches request limit or to the end
                                     [0]                 0.0                                      # 
         ramulator.record_read_conflicts                 0.0                                      # record read conflict count for this core when it reaches request limit or to the end
                                     [0]                 0.0                                      # 
             ramulator.record_write_hits                 0.0                                      # record write hit count for this core when it reaches request limit or to the end
                                     [0]                 0.0                                      # 
           ramulator.record_write_misses                 0.0                                      # record write miss count for this core when it reaches request limit or to the end
                                     [0]                 0.0                                      # 
        ramulator.record_write_conflicts                 0.0                                      # record write conflict for this core when it reaches request limit or to the end
                                     [0]                 0.0                                      # 
                 ramulator.dram_capacity          8589934592                                      # Number of bytes in simulated DRAM
                   ramulator.dram_cycles             4630341                                      # Number of DRAM cycles simulated
             ramulator.incoming_requests              135836                                      # Number of incoming requests to DRAM
                 ramulator.read_requests               90837                                      # Number of incoming read requests to DRAM per core
                                     [0]             90837.0                                      # 
                ramulator.write_requests               44999                                      # Number of incoming write requests to DRAM per core
                                     [0]             44999.0                                      # 
       ramulator.ramulator_active_cycles             2134389                                      # The total number of cycles that the DRAM part is active (serving R/W)
 ramulator.incoming_requests_per_channel            135836.0                                      # Number of incoming requests to each DRAM channel
                                     [0]            135836.0                                      # 
ramulator.incoming_read_reqs_per_channel             90837.0                                      # Number of incoming read requests to each DRAM channel
                                     [0]             90837.0                                      # 
     ramulator.physical_page_replacement                   0                                      # The number of times that physical page replacement happens.
             ramulator.maximum_bandwidth         19200000000                                      # The theoretical maximum bandwidth (Bps)
          ramulator.in_queue_req_num_sum            64839354                                      # Sum of read/write queue length
     ramulator.in_queue_read_req_num_sum             6022980                                      # Sum of read queue length
    ramulator.in_queue_write_req_num_sum            58816374                                      # Sum of write queue length
          ramulator.in_queue_req_num_avg           14.003149                                      # Average of read/write queue length per memory cycle
     ramulator.in_queue_read_req_num_avg            1.300764                                      # Average of read queue length per memory cycle
    ramulator.in_queue_write_req_num_avg           12.702385                                      # Average of write queue length per memory cycle
          ramulator.record_read_requests                 0.0                                      # record read requests for this core when it reaches request limit or to the end
                                     [0]                 0.0                                      # 
         ramulator.record_write_requests                 0.0                                      # record write requests for this core when it reaches request limit or to the end
                                     [0]                 0.0                                      # 
