Scarab gitrev: 3541854
Scarab started at Sun Nov 17 22:35:08 2024

Initialized Ramulator. 
** Heartbeat:   5% -- { 1000001 } -- 0.00 KIPS (37.04 KIPS)
** Heartbeat:  10% -- { 2000001 } -- 40.00 KIPS (38.46 KIPS)
** Heartbeat:  15% -- { 3000004 } -- 38.46 KIPS (38.46 KIPS)
** Heartbeat:  20% -- { 4000005 } -- 47.62 KIPS (40.40 KIPS)
** Heartbeat:  25% -- { 5000009 } -- 2.73 KIPS (10.75 KIPS)
** Heartbeat:  30% -- { 6000010 } -- 2.76 KIPS (7.26 KIPS)
** Heartbeat:  35% -- { 7000014 } -- 5.18 KIPS (6.86 KIPS)
** Heartbeat:  40% -- { 8000015 } -- 37.04 KIPS (7.64 KIPS)
** Heartbeat:  45% -- { 9000020 } -- 43.48 KIPS (8.41 KIPS)
** Heartbeat:  50% -- { 10000021 } -- 50.00 KIPS (9.17 KIPS)
** Heartbeat:  55% -- { 11000021 } -- 50.00 KIPS (9.91 KIPS)
** Heartbeat:  60% -- { 12000025 } -- 35.71 KIPS (10.54 KIPS)
** Heartbeat:  65% -- { 13000028 } -- 50.00 KIPS (11.23 KIPS)
** Heartbeat:  70% -- { 14000029 } -- 47.62 KIPS (11.87 KIPS)
** Heartbeat:  75% -- { 15000030 } -- 41.67 KIPS (12.47 KIPS)
** Heartbeat:  80% -- { 16000030 } -- 50.00 KIPS (13.08 KIPS)
** Heartbeat:  85% -- { 17000030 } -- 41.67 KIPS (13.63 KIPS)
** Heartbeat:  90% -- { 18000031 } -- 43.48 KIPS (14.17 KIPS)
** Heartbeat:  95% -- { 19000035 } -- 43.48 KIPS (14.69 KIPS)
Warning could not fetch inst from frontend
Warning could not fetch inst from frontend
Warning could not fetch inst from frontend
Warning could not fetch inst from frontend
Warning could not fetch inst from frontend
Warning could not fetch inst from frontend
Warning could not fetch inst from frontend
Warning could not fetch inst from frontend
Warning could not fetch inst from frontend
Warning could not fetch inst from frontend
Warning could not fetch inst from frontend
Warning could not fetch inst from frontend
Warning could not fetch inst from frontend
Warning could not fetch inst from frontend
Warning could not fetch inst from frontend
Warning could not fetch inst from frontend
Warning could not fetch inst from frontend
Warning could not fetch inst from frontend
Warning could not fetch inst from frontend
Warning could not fetch inst from frontend
Warning could not fetch inst from frontend
Warning could not fetch inst from frontend
** Core 0 Finished:    insts:20000000    cycles:21728804    time:6790251250000       -- 0.92 IPC (0.92 IPC) --  N/A  KIPS (15.22 KIPS)
Scarab finished at Sun Nov 17 22:57:03 2024

