/* -*- Mode: c -*- */
####################################################################################################
Core 0
####################################################################################################
Cumulative:        Cycles: 14155770              Instructions: 20000000              IPC: 1.41285

Periodic:          Cycles: 7337168               Instructions: 10000000              IPC: 1.36292

PREF_DL0REQ_QUEUE_HIT_BY_DEMAND                      0                              0              

PREF_UMLC_REQ_QUEUE_HIT_BY_DEMAND                    0                              0              

PREF_UL1REQ_QUEUE_HIT_BY_DEMAND                      0                              0              

PREF_DL0REQ_QUEUE_FULL                               0                              0              

PREF_UMLC_REQ_QUEUE_FULL                             0                              0              

PREF_UL1REQ_QUEUE_FULL                           68929                         126734              

PREF_DC_HIT_NOSEND                                   0                              0              

PREF_WBQDC_HIT_NOSEND                                0                              0              

PREF_MLCQ_STALL                                      0                              0              

PREF_L1Q_STALL                                       0                              0              

PREF_UMLC_REQ_SEND_QUEUE_STALL                       0                              0              

PREF_UL1REQ_SEND_QUEUE_STALL                   4524981                        8697073              

PREF_UMLC_REQ_QUEUE_SENTREQ                          0                              0              

PREF_UL1REQ_QUEUE_SENTREQ                       401894                         787219              

PREF_NEWREQ_MATCHED                               1677                           3121              

PREF_UMLC_REQ_QUEUE_MATCHED_REQ                      0                              0              

PREF_UL1REQ_QUEUE_MATCHED_REQ                        2                              2              

PREF_DL0REQ_QUEUE_MATCHED_REQ                        0                              0              

L1_PREF_HIT                                     298546                         594964              

L1_PREF_UNIQUE_HIT                              202751                         408036              

L1_PREF_LATE                                      6357                          12729              

L1_LATE_PREF_CYCLES                            2473006                        4845963              

L1_LATE_PREF_CYCLES_DIST_0                        1110       17.461%             2181       17.134%
L1_LATE_PREF_CYCLES_DIST_100                       941       14.803%             1958       15.382%
L1_LATE_PREF_CYCLES_DIST_200                      1035       16.281%             2129       16.726%
L1_LATE_PREF_CYCLES_DIST_300                       981       15.432%             2011       15.799%
L1_LATE_PREF_CYCLES_DIST_400                       620        9.753%             1223        9.608%
L1_LATE_PREF_CYCLES_DIST_500                       435        6.843%              890        6.992%
L1_LATE_PREF_CYCLES_DIST_600                       344        5.411%              674        5.295%
L1_LATE_PREF_CYCLES_DIST_700                       280        4.405%              517        4.062%
L1_LATE_PREF_CYCLES_DIST_800                       182        2.863%              328        2.577%
L1_LATE_PREF_CYCLES_DIST_900                        96        1.510%              202        1.587%
L1_LATE_PREF_CYCLES_DIST_1000                       87        1.369%              147        1.155%
L1_LATE_PREF_CYCLES_DIST_1100                       40        0.629%               78        0.613%
L1_LATE_PREF_CYCLES_DIST_1200                       28        0.440%               63        0.495%
L1_LATE_PREF_CYCLES_DIST_1300                       26        0.409%               46        0.361%
L1_LATE_PREF_CYCLES_DIST_1400                       22        0.346%               51        0.401%
L1_LATE_PREF_CYCLES_DIST_1500                       21        0.330%               36        0.283%
L1_LATE_PREF_CYCLES_DIST_1600                       16        0.252%               33        0.259%
L1_LATE_PREF_CYCLES_DIST_1700                        8        0.126%               28        0.220%
L1_LATE_PREF_CYCLES_DIST_1800                       19        0.299%               38        0.299%
L1_LATE_PREF_CYCLES_DIST_1900                       26        0.409%               33        0.259%
L1_LATE_PREF_CYCLES_DIST_2000                       40        0.629%               63        0.495%
                                                  6357      100.000%            12729      100.000%
                                                  3.40         3.16              3.32         3.06

MLC_PREF_HIT                                       294                            524              

MLC_PREF_UNIQUE_HIT                                  0                              0              

MLC_PREF_LATE                                        0                              0              

PREF_HYBRID_SEL_0                                    0         -nan%                0         -nan%
PREF_HYBRID_SEL_1                                    0         -nan%                0         -nan%
PREF_HYBRID_SEL_2                                    0         -nan%                0         -nan%
PREF_HYBRID_SEL_3                                    0         -nan%                0         -nan%
PREF_HYBRID_SEL_4                                    0         -nan%                0         -nan%
PREF_HYBRID_SEL_5                                    0         -nan%                0         -nan%
PREF_HYBRID_SEL_6                                    0         -nan%                0         -nan%
                                                     0         -nan%                0         -nan%
                                                  -nan         -nan              -nan         -nan

PREF_DISTANCE_1                                      0        0.000%                0        0.000%
PREF_DISTANCE_2                                      0        0.000%                0        0.000%
PREF_DISTANCE_3                                      0        0.000%                0        0.000%
PREF_DISTANCE_4                                      0        0.000%                1        1.099%
PREF_DISTANCE_5                                     49      100.000%               90       98.901%
PREF_DISTANCE_6                                      0        0.000%                0        0.000%
PREF_DISTANCE_7                                      0        0.000%                0        0.000%
PREF_DISTANCE_8                                      0        0.000%                0        0.000%
PREF_DISTANCE_9                                      0        0.000%                0        0.000%
PREF_DISTANCE_10                                     0        0.000%                0        0.000%
                                                    49      100.000%               91      100.000%
                                                  4.00         0.00              3.99         0.10

PREF_REPL_MRU                                        0         -nan%                0         -nan%
PREF_REPL_MID                                        0         -nan%                0         -nan%
PREF_REPL_LOWQTR                                     0         -nan%                0         -nan%
PREF_REPL_LRU                                        0         -nan%                0         -nan%
                                                     0         -nan%                0         -nan%
                                                  -nan         -nan              -nan         -nan

PREF_REPL_MOVEDOWN                                   0         -nan%                0         -nan%
PREF_REPL_MOVEUP                                     0         -nan%                0         -nan%
                                                     0         -nan%                0         -nan%
                                                  -nan         -nan              -nan         -nan

PREF_COV_1                                           0         -nan%                0         -nan%
PREF_COV_2                                           0         -nan%                0         -nan%
PREF_COV_3                                           0         -nan%                0         -nan%
PREF_COV_4                                           0         -nan%                0         -nan%
PREF_COV_5                                           0         -nan%                0         -nan%
PREF_COV_6                                           0         -nan%                0         -nan%
PREF_COV_7                                           0         -nan%                0         -nan%
PREF_COV_8                                           0         -nan%                0         -nan%
PREF_COV_9                                           0         -nan%                0         -nan%
PREF_COV_10                                          0         -nan%                0         -nan%
                                                     0         -nan%                0         -nan%
                                                  -nan         -nan              -nan         -nan

PREF_POL_1                                           0        0.000%                0        0.000%
PREF_POL_2                                           0        0.000%                0        0.000%
PREF_POL_3                                           0        0.000%                0        0.000%
PREF_POL_4                                           0        0.000%                0        0.000%
PREF_POL_5                                           0        0.000%                0        0.000%
PREF_POL_6                                           0        0.000%                0        0.000%
PREF_POL_7                                           0        0.000%                0        0.000%
PREF_POL_8                                           0        0.000%                0        0.000%
PREF_POL_9                                           0        0.000%                0        0.000%
PREF_POL_10                                         49      100.000%               91      100.000%
                                                    49      100.000%               91      100.000%
                                                  9.00         9.09              9.00         9.05

PREF_ACC_1                                           0        0.000%                0        0.000%
PREF_ACC_2                                           3        6.122%                8        8.791%
PREF_ACC_3                                           3        6.122%                8        8.791%
PREF_ACC_4                                           9       18.367%               16       17.582%
PREF_ACC_5                                          26       53.061%               45       49.451%
PREF_ACC_6                                           8       16.327%               14       15.385%
PREF_ACC_7                                           0        0.000%                0        0.000%
PREF_ACC_8                                           0        0.000%                0        0.000%
PREF_ACC_9                                           0        0.000%                0        0.000%
PREF_ACC_10                                          0        0.000%                0        0.000%
                                                    49      100.000%               91      100.000%
                                                  3.67         1.03              3.54         1.13

PREF_TIMELY_1                                        0        0.000%                0        0.000%
PREF_TIMELY_2                                        0        0.000%                0        0.000%
PREF_TIMELY_3                                        0        0.000%                0        0.000%
PREF_TIMELY_4                                        0        0.000%                0        0.000%
PREF_TIMELY_5                                        0        0.000%                0        0.000%
PREF_TIMELY_6                                        0        0.000%                0        0.000%
PREF_TIMELY_7                                        0        0.000%                0        0.000%
PREF_TIMELY_8                                        0        0.000%                0        0.000%
PREF_TIMELY_9                                        1        2.041%                1        1.099%
PREF_TIMELY_10                                      48       97.959%               90       98.901%
                                                    49      100.000%               91      100.000%
                                                  8.98         8.98              8.99         8.99

PREF_UNUSED_EVICT                               147149                         264929              

PREF_REGION_SENT                                     0                              0              

PREF_REGION_USEFUL                                   0                              0              

PREF_REGION_EVICT                                    0                              0              

PREF_PFPOL                                           0                              0              

PREF_PHASE_NEWPHASE_DET                              0                              0              

PREF_PHASE_NEWPHASE_NOTVALID                         0                              0              

PREF_PHASE_SENTPREF                                  0                              0              

PREF_PHASE_OVERWRITE_PAGE                            0                              0              

PREF_UPDATE_COUNT                                   49                             91              

PREF_ACC1_HT_HP                                      0        0.000%                0        0.000%
PREF_ACC1_HT_LP                                      5       10.204%                9        9.890%
PREF_ACC1_LT_HP                                      0        0.000%                0        0.000%
PREF_ACC1_LT_LP                                      0        0.000%                2        2.198%
PREF_ACC2_HT_HP                                      0        0.000%                0        0.000%
PREF_ACC2_HT_LP                                      3        6.122%                7        7.692%
PREF_ACC2_LT_HP                                      0        0.000%                0        0.000%
PREF_ACC2_LT_LP                                     41       83.673%               73       80.220%
PREF_ACC3_HT_HP                                      0        0.000%                0        0.000%
PREF_ACC3_HT_LP                                      0        0.000%                0        0.000%
PREF_ACC3_LT_HP                                      0        0.000%                0        0.000%
PREF_ACC3_LT_LP                                      0        0.000%                0        0.000%
PREF_ACC4_HT_HP                                      0        0.000%                0        0.000%
PREF_ACC4_HT_LP                                      0        0.000%                0        0.000%
PREF_ACC4_LT_HP                                      0        0.000%                0        0.000%
PREF_ACC4_LT_LP                                      0        0.000%                0        0.000%
                                                    49      100.000%               91      100.000%
                                                  6.27         1.86              6.16         1.89

FDIP_DECIDE_PREF_ONPATH                        1174850                        2354081              

FDIP_DECIDE_PREF_OFFPATH                         78712                         152679              

FDIP_NEW_PREFETCHES_ONPATH                           0                             10              

FDIP_NEW_PREFETCHES_OFFPATH                          0                            120              

FDIP_PREF_ICACHE_PROBE_HIT_ONPATH              1174850                        2354068              

FDIP_PREF_ICACHE_PROBE_HIT_OFFPATH               78712                         152553              

FDIP_PREF_MSHR_PROBE_HIT_ONPATH                      0                              0              

FDIP_PREF_MSHR_PROBE_HIT_OFFPATH                     0                              6              

FDIP_PREF_FAILED_ONPATH                              0                              3              

FDIP_PREF_FAILED_OFFPATH                             0                              0              

FDIP_ATTEMPTED_PREF_ONPATH                     1174850                        2354109              

FDIP_ATTEMPTED_PREF_OFFPATH                      78712                         154137              

FDIP_ALT_PATH_PREFETCHES_IC_EMITTED                  0                              0              

FDIP_ALT_PATH_PREFETCHES_IC_TRIGGERED                0                              0              

FDIP_ALT_PATH_PREFETCHES_UOC_EMITTED_OFF_PATH             0         -nan%                0         -nan%
FDIP_ALT_PATH_PREFETCHES_UOC_EMITTED_ON_PATH             0         -nan%                0         -nan%
                                                     0         -nan%                0         -nan%
                                                  -nan         -nan              -nan         -nan

FDIP_ALT_PATH_PREFETCHES_UOC_TRIGGERED               0                              0              

FDIP_BREAK_REACH_FTQ_END                       7303984       99.548%         14090247       99.537%
FDIP_BREAK_FTQ_EMPTY                               119        0.002%              119        0.001%
FDIP_BREAK_MAX_FTQ_ENTRY_CYC                     33065        0.451%            63918        0.452%
FDIP_BREAK_FULL_MEM_REQ_BUF                          0        0.000%             1486        0.010%
                                               7337168      100.000%         14155770      100.000%
                                                  0.01         0.13              0.01         0.14

FDIP_CYCLE_COUNT                                     0                              0              

ICACHE_USEFUL_FETCHES                                0                              8              

USEFUL_CACHELINES_RETIRED                            0                              0              

ICACHE_UNUSEFUL_FETCHES                              0                              0              

UNIQUE_MISSED_LINES                                  0                              8              

UNIQUE_HIT_LINES                                     0                              0              

UNIQUE_PREFETCHED_LINES                              0                              0              

FDIP_BTB_MISS_NT_RESTEER_ONPATH                      0                             20              

FDIP_BTB_MISS_NT_RESTEER_OFFPATH                     0                              0              

FDIP_UTILITY_HASH_HIT                                0         -nan%                0         -nan%
FDIP_UTILITY_HASH_MISS                               0         -nan%                0         -nan%
                                                     0         -nan%                0         -nan%
                                                  -nan         -nan              -nan         -nan

FDIP_UC_HIT                                          0         -nan%                0         -nan%
FDIP_UC_MISS                                         0         -nan%                0         -nan%
                                                     0         -nan%                0         -nan%
                                                  -nan         -nan              -nan         -nan

FDIP_UC_USEFUL_LINES                                 0                              0              

FDIP_UC_REPLACEMENT                                  0                              0              

FDIP_BLOOM_HIT                                       0         -nan%                0         -nan%
FDIP_BLOOM_MISS                                      0         -nan%                0         -nan%
                                                     0         -nan%                0         -nan%
                                                  -nan         -nan              -nan         -nan

FDIP_BLOOM_INSERTED                                  0                              0              

FDIP_BLOOM_CLEAR1                                    0                              0              

FDIP_BLOOM_CLEAR2                                    0                              0              

FDIP_BLOOM_CLEAR4                                    0                              0              

FDIP_BLOOM_1STREAM                                   0                              0              

FDIP_BLOOM_2STREAM                                   0                              0              

FDIP_BLOOM_3STREAM                                   0                              0              

FDIP_BLOOM_4STREAM                                   0                              0              

FDIP_BLOOM_5STREAM                                   0                              0              

FDIP_BLOOM_6STREAM                                   0                              0              

FDIP_BLOOM_7STREAM                                   0                              0              

FDIP_BLOOM_8STREAM                                   0                              0              

FDIP_BLOOM_1INSERT                                   0                              0              

FDIP_BLOOM_2INSERT                                   0                              0              

FDIP_BLOOM_4INSERT                                   0                              0              

FDIP_BLOOM_NOSTREAM                                  0                              0              

FDIP_AVG_FTQ_OCCUPANCY_OPS                         308                            308              

FDIP_AVG_FTQ_OCCUPANCY                              31                             31              

FDIP_FTQ_OCCUPANCY_OPS_ACCUMULATED          2259431627                     4374072249              

FDIP_FTQ_OCCUPANCY_BLOCKS_ACCUMULATED        233696417                      450825908              

FDIP_TRAINING_SAMPLE                                 0                              0              

FDIP_SENIORITY_FTQ_ACCUMULATED                       0                              0              

FDIP_SENIORITY_FTQ_HIT                               0                              0              

FDIP_SENIORITY_FTQ_MISS                              0                              0              

FDIP_UFTQ_STAY_SAME_FTQ_NUM                          0         -nan%                0         -nan%
FDIP_UFTQ_DEC_FTQ_NUM                                0         -nan%                0         -nan%
FDIP_UFTQ_INC_FTQ_NUM                                0         -nan%                0         -nan%
                                                     0         -nan%                0         -nan%
                                                  -nan         -nan              -nan         -nan

FDIP_OFF_CONF_ON_PREF_CANDIDATES                     0         -nan%                0         -nan%
FDIP_OFF_CONF_OFF_PREF_CANDIDATES                    0         -nan%                0         -nan%
FDIP_ON_CONF_ON_PREF_CANDIDATES                      0         -nan%                0         -nan%
FDIP_ON_CONF_OFF_PREF_CANDIDATES                     0         -nan%                0         -nan%
                                                     0         -nan%                0         -nan%
                                                  -nan         -nan              -nan         -nan

FDIP_ON_CONF_ON_EMITTED                              0         -nan%                0         -nan%
FDIP_ON_CONF_OFF_EMITTED                             0         -nan%                0         -nan%
FDIP_OFF_CONF_ON_EMITTED                             0         -nan%                0         -nan%
FDIP_OFF_CONF_OFF_EMITTED                            0         -nan%                0         -nan%
                                                     0         -nan%                0         -nan%
                                                  -nan         -nan              -nan         -nan

FDIP_OFF_CONF_ON_NUM_EVENTS                          0                              0              

FDIP_OFF_CONF_ON_BTB_MISS                            0         -nan%                0         -nan%
FDIP_OFF_CONF_ON_BP_INCORRECT                        0         -nan%                0         -nan%
FDIP_OFF_CONF_ON_MISFETCH                            0         -nan%                0         -nan%
FDIP_OFF_CONF_ON_NO_TARGET                           0         -nan%                0         -nan%
                                                     0         -nan%                0         -nan%
                                                  -nan         -nan              -nan         -nan

FDIP_OFF_CONF_ON_BTB_MISS_PREF_CANDIDATES             0         -nan%                0         -nan%
FDIP_OFF_CONF_ON_BP_INCORRECT_PREF_CANDIDATES             0         -nan%                0         -nan%
FDIP_OFF_CONF_ON_MISFETCH_PREF_CANDIDATES             0         -nan%                0         -nan%
FDIP_OFF_CONF_ON_NO_TARGET_PREF_CANDIDATES             0         -nan%                0         -nan%
                                                     0         -nan%                0         -nan%
                                                  -nan         -nan              -nan         -nan

FDIP_OFF_CONF_ON_BTB_MISS_EMITTED                    0         -nan%                0         -nan%
FDIP_OFF_CONF_ON_BP_INCORRECT_EMITTED                0         -nan%                0         -nan%
FDIP_OFF_CONF_ON_MISFETCH_EMITTED                    0         -nan%                0         -nan%
FDIP_OFF_CONF_ON_NO_TARGET_EMITTED                   0         -nan%                0         -nan%
                                                     0         -nan%                0         -nan%
                                                  -nan         -nan              -nan         -nan

FDIP_OFF_CONF_ON_BP_INCORRECT_0_CONF                 0         -nan%                0         -nan%
FDIP_OFF_CONF_ON_BP_INCORRECT_1_CONF                 0         -nan%                0         -nan%
FDIP_OFF_CONF_ON_BP_INCORRECT_2_CONF                 0         -nan%                0         -nan%
FDIP_OFF_CONF_ON_BP_INCORRECT_3_CONF                 0         -nan%                0         -nan%
                                                     0         -nan%                0         -nan%
                                                  -nan         -nan              -nan         -nan

FDIP_OFF_CONF_ON_BTB_MISS_CBR_0_CONF                 0         -nan%                0         -nan%
FDIP_OFF_CONF_ON_BTB_MISS_CBR_1_CONF                 0         -nan%                0         -nan%
FDIP_OFF_CONF_ON_BTB_MISS_CBR_2_CONF                 0         -nan%                0         -nan%
FDIP_OFF_CONF_ON_BTB_MISS_CBR_3_CONF                 0         -nan%                0         -nan%
                                                     0         -nan%                0         -nan%
                                                  -nan         -nan              -nan         -nan

FDIP_OFF_CONF_ON_BTB_MISS_NOT_CF                     0         -nan%                0         -nan%
FDIP_OFF_CONF_ON_BTB_MISS_CF_BR                      0         -nan%                0         -nan%
FDIP_OFF_CONF_ON_BTB_MISS_CF_CBR                     0         -nan%                0         -nan%
FDIP_OFF_CONF_ON_BTB_MISS_CF_CALL                    0         -nan%                0         -nan%
FDIP_OFF_CONF_ON_BTB_MISS_CF_IBR                     0         -nan%                0         -nan%
FDIP_OFF_CONF_ON_BTB_MISS_CF_ICALL                   0         -nan%                0         -nan%
FDIP_OFF_CONF_ON_BTB_MISS_CF_ICO                     0         -nan%                0         -nan%
FDIP_OFF_CONF_ON_BTB_MISS_CF_RET                     0         -nan%                0         -nan%
FDIP_OFF_CONF_ON_BTB_MISS_CF_SYS                     0         -nan%                0         -nan%
                                                     0         -nan%                0         -nan%
                                                  -nan         -nan              -nan         -nan

FDIP_ON_CONF_OFF_NUM_EVENTS                          0                              0              

FDIP_ON_CONF_OFF_NUM_BTB_MISS                        0                              0              

FDIP_ON_CONF_OFF_NUM_OP_DIST_INC                     0                              0              

FDIP_ON_CONF_OFF_NUM_CF_BR                           0         -nan%                0         -nan%
FDIP_ON_CONF_OFF_NUM_CF_CBR                          0         -nan%                0         -nan%
FDIP_ON_CONF_OFF_NUM_CF_CALL                         0         -nan%                0         -nan%
FDIP_ON_CONF_OFF_NUM_CF_IBR                          0         -nan%                0         -nan%
FDIP_ON_CONF_OFF_NUM_CF_ICALL                        0         -nan%                0         -nan%
FDIP_ON_CONF_OFF_NUM_CF_ICO                          0         -nan%                0         -nan%
FDIP_ON_CONF_OFF_NUM_CF_RET                          0         -nan%                0         -nan%
FDIP_ON_CONF_OFF_NUM_CF_SYS                          0         -nan%                0         -nan%
                                                     0         -nan%                0         -nan%
                                                  -nan         -nan              -nan         -nan

FDIP_ON_CONF_OFF_NUM_CONF_0_BR                       0         -nan%                0         -nan%
FDIP_ON_CONF_OFF_NUM_CONF_1_BR                       0         -nan%                0         -nan%
FDIP_ON_CONF_OFF_NUM_CONF_2_BR                       0         -nan%                0         -nan%
FDIP_ON_CONF_OFF_NUM_CONF_3_BR                       0         -nan%                0         -nan%
                                                     0         -nan%                0         -nan%
                                                  -nan         -nan              -nan         -nan

FDIP_BTB_NUM_CYCLES_OFF_PATH_EVENT                   0                              0              

FDIP_BP_CONF_0_MISPRED                           28827        7.230%            54663        7.047%
FDIP_BP_CONF_1_MISPRED                               0        0.000%                0        0.000%
FDIP_BP_CONF_2_MISPRED                               0        0.000%                0        0.000%
FDIP_BP_CONF_3_MISPRED                               0        0.000%                0        0.000%
FDIP_BP_CONF_0_CORRECT                          369866       92.770%           720993       92.953%
FDIP_BP_CONF_1_CORRECT                               0        0.000%                0        0.000%
FDIP_BP_CONF_2_CORRECT                               0        0.000%                0        0.000%
FDIP_BP_CONF_3_CORRECT                               0        0.000%                0        0.000%
                                                398693      100.000%           775656      100.000%
                                                  3.71         0.28              3.72         0.27

FDIP_ON_CONF_OFF_BTB_MISS_BP_TAKEN_CONF_0             0         -nan%                0         -nan%
FDIP_ON_CONF_OFF_BTB_MISS_BP_TAKEN_CONF_1             0         -nan%                0         -nan%
FDIP_ON_CONF_OFF_BTB_MISS_BP_TAKEN_CONF_2             0         -nan%                0         -nan%
FDIP_ON_CONF_OFF_BTB_MISS_BP_TAKEN_CONF_3             0         -nan%                0         -nan%
FDIP_ON_CONF_OFF_BTB_MISS_RATE                       0         -nan%                0         -nan%
FDIP_ON_CONF_OFF_INV_CONF_INC                        0         -nan%                0         -nan%
                                                     0         -nan%                0         -nan%
                                                  -nan         -nan              -nan         -nan

FDIP_ON_CONF_OFF_BTB_MISS_BP_TAKEN_CONF_0_PREF_CANDIDATES             0         -nan%                0         -nan%
FDIP_ON_CONF_OFF_BTB_MISS_BP_TAKEN_CONF_1_PREF_CANDIDATES             0         -nan%                0         -nan%
FDIP_ON_CONF_OFF_BTB_MISS_BP_TAKEN_CONF_2_PREF_CANDIDATES             0         -nan%                0         -nan%
FDIP_ON_CONF_OFF_BTB_MISS_BP_TAKEN_CONF_3_PREF_CANDIDATES             0         -nan%                0         -nan%
FDIP_ON_CONF_OFF_BTB_MISS_RATE_PREF_CANDIDATES             0         -nan%                0         -nan%
FDIP_ON_CONF_OFF_INV_CONF_INC_PREF_CANDIDATES             0         -nan%                0         -nan%
                                                     0         -nan%                0         -nan%
                                                  -nan         -nan              -nan         -nan

FDIP_ON_CONF_OFF_BTB_MISS_BP_TAKEN_CONF_0_EMITTED             0         -nan%                0         -nan%
FDIP_ON_CONF_OFF_BTB_MISS_BP_TAKEN_CONF_1_EMITTED             0         -nan%                0         -nan%
FDIP_ON_CONF_OFF_BTB_MISS_BP_TAKEN_CONF_2_EMITTED             0         -nan%                0         -nan%
FDIP_ON_CONF_OFF_BTB_MISS_BP_TAKEN_CONF_3_EMITTED             0         -nan%                0         -nan%
FDIP_ON_CONF_OFF_BTB_MISS_RATE_EMITTED               0         -nan%                0         -nan%
FDIP_ON_CONF_OFF_INV_CONF_INC_EMITTED                0         -nan%                0         -nan%
                                                     0         -nan%                0         -nan%
                                                  -nan         -nan              -nan         -nan

ICACHE_FIRST_MISS_AFTER_WARMUP_SEEN_DURING_WARMUP             0         -nan%                0         -nan%
ICACHE_FIRST_MISS_AFTER_WARMUP_NOT_SEEN_DURING_WARMUP             0         -nan%                0         -nan%
                                                     0         -nan%                0         -nan%
                                                  -nan         -nan              -nan         -nan

ICACHE_FIRST_MISS_AFTER_WARMUP_NO_PREF_DURING_WARMUP             0         -nan%                0         -nan%
ICACHE_FIRST_MISS_AFTER_WARMUP_TRAINED_UNUSEFUL_DURING_WARMUP             0         -nan%                0         -nan%
ICACHE_FIRST_MISS_AFTER_WARMUP_TRAINED_USEFUL_DURING_WARMUP             0         -nan%                0         -nan%
                                                     0         -nan%                0         -nan%
                                                  -nan         -nan              -nan         -nan

FDIP_PREFETCH_EVICT_NO_HIT_ONLY_ONCE                 0                              0              

FDIP_PREFETCH_HIT_ICACHE                       1253562      100.000%          2506621       99.935%
FDIP_PREFETCH_HIT_MLC                                0        0.000%                0        0.000%
FDIP_PREFETCH_HIT_L1                                 0        0.000%                0        0.000%
FDIP_PREFETCH_HIT_DRAM                               0        0.000%             1625        0.065%
                                               1253562      100.000%          2508246      100.000%
                                                  0.00         0.00              0.00         0.08

FDIP_MEM_BUF_MISS                                    0         -nan%                0         -nan%
FDIP_MEM_BUF_FOUND                                   0         -nan%                0         -nan%
                                                     0         -nan%                0         -nan%
                                                  -nan         -nan              -nan         -nan

DJOLT_PREFETCH_ENTRY                                 0                              0              

DJOLT_PREFETCH_INITIAL                               0                              0              

DJOLT_PREFETCH_SIG                                   0                              0              

FNLMMA_PREFETCH_TYPE0                                0         -nan%                0         -nan%
FNLMMA_PREFETCH_TYPE1                                0         -nan%                0         -nan%
FNLMMA_PREFETCH_TYPE2                                0         -nan%                0         -nan%
FNLMMA_PREFETCH_TYPE3                                0         -nan%                0         -nan%
FNLMMA_PREFETCH_TYPE4                                0         -nan%                0         -nan%
                                                     0         -nan%                0         -nan%
                                                  -nan         -nan              -nan         -nan



