/* -*- Mode: c -*- */
####################################################################################################
Core 0
####################################################################################################
Cumulative:        Cycles: 16125120              Instructions: 20000002              IPC: 1.24030

Periodic:          Cycles: 7994419               Instructions: 9999997               IPC: 1.25087

ST_OP_INV                                            0        0.000%                0        0.000%
ST_OP_NOP                                        14707        0.060%           111862        0.232%
ST_OP_CF                                       4867568       19.742%          9584327       19.841%
ST_OP_MOV                                      5364226       21.756%         10464132       21.662%
ST_OP_CMOV                                      492916        1.999%           893667        1.850%
ST_OP_LDA                                       910500        3.693%          1734253        3.590%
ST_OP_ILD                                      5505336       22.329%         10874262       22.511%
ST_OP_IST                                       577002        2.340%          1123386        2.326%
ST_OP_IADD                                     1253144        5.082%          2440305        5.052%
ST_OP_IMUL                                         983        0.004%            14813        0.031%
ST_OP_IDIV                                           0        0.000%                0        0.000%
ST_OP_ICMP                                     5055673       20.505%          9882816       20.459%
ST_OP_LOGIC                                     578573        2.347%          1084477        2.245%
ST_OP_SHIFT                                      35431        0.144%            97880        0.203%
ST_OP_FLD                                            0        0.000%               11        0.000%
ST_OP_FST                                            0        0.000%               11        0.000%
ST_OP_FCVT                                           0        0.000%                0        0.000%
ST_OP_FADD                                           0        0.000%                0        0.000%
ST_OP_FMUL                                           0        0.000%                0        0.000%
ST_OP_FMA                                            0        0.000%                0        0.000%
ST_OP_FDIV                                           0        0.000%                0        0.000%
ST_OP_FCMP                                           0        0.000%                0        0.000%
ST_OP_FCMOV                                          0        0.000%                0        0.000%
ST_OP_GATHER                                         0        0.000%                0        0.000%
ST_OP_SCATTER                                        0        0.000%                0        0.000%
ST_OP_PIPELINED_FAST                                 0        0.000%                0        0.000%
ST_OP_PIPELINED_MEDIUM                               0        0.000%                0        0.000%
ST_OP_PIPELINED_SLOW                                 0        0.000%                0        0.000%
ST_OP_NOTPIPELINED_MEDIUM                            0        0.000%                0        0.000%
ST_OP_NOTPIPELINED_SLOW                              0        0.000%                0        0.000%
ST_OP_NOTPIPELINED_VERY_SLOW                         0        0.000%                0        0.000%
                                              24656059      100.000%         48306202      100.000%
                                                  5.78         3.39              5.77         3.39

ST_NOT_CF                                     19788491       80.258%         38721875       80.159%
ST_CF_BR                                        249106        1.010%           468187        0.969%
ST_CF_CBR                                      4602100       18.665%          9075422       18.787%
ST_CF_CALL                                       11003        0.045%            23474        0.049%
ST_CF_IBR                                         1036        0.004%             3353        0.007%
ST_CF_ICALL                                        150        0.001%              878        0.002%
ST_CF_ICO                                            0        0.000%                0        0.000%
ST_CF_RET                                         4173        0.017%            13013        0.027%
ST_CF_SYS                                            0        0.000%                0        0.000%
                                              24656059      100.000%         48306202      100.000%
                                                  0.39         0.71              0.39         0.71

ST_BAR_NONE                                   24656059      100.000%         48306202      100.000%
ST_BAR_FETCH                                         0        0.000%                0        0.000%
ST_BAR_ISSUE                                         0        0.000%                0        0.000%
ST_BAR_BOTH                                          0        0.000%                0        0.000%
                                              24656059      100.000%         48306202      100.000%
                                                  0.00         0.00              0.00         0.00

ST_NOT_MEM                                    18573721       75.331%         36308532       75.163%
ST_MEM_LD                                      5505336       22.329%         10874273       22.511%
ST_MEM_ST                                       577002        2.340%          1123397        2.326%
ST_MEM_PF                                            0        0.000%                0        0.000%
ST_MEM_WH                                            0        0.000%                0        0.000%
ST_MEM_EVICT                                         0        0.000%                0        0.000%
                                              24656059      100.000%         48306202      100.000%
                                                  0.27         0.43              0.27         0.43

ST_NOT_MEM_OFFPATH                            20252683       76.443%         38905571       76.245%
ST_MEM_LD_OFFPATH                              5466081       20.631%         10541534       20.659%
ST_MEM_ST_OFFPATH                               775122        2.926%          1580235        3.097%
ST_MEM_PF_OFFPATH                                    0        0.000%                0        0.000%
ST_MEM_WH_OFFPATH                                    0        0.000%                0        0.000%
ST_MEM_EVIC_OFFPATHT                                 0        0.000%                0        0.000%
                                              26493886      100.000%         51027340      100.000%
                                                  0.26         0.45              0.27         0.45

ST_OP_ONPATH                                  24656059                       48306202              

ST_OP_OFFPATH                                 26493886                       51027340              

ST_FAKE_OP_OFFPATH                               13640        0.051%           686046        1.344%
ST_NOT_FAKE_OP_OFFPATH                        26480246       99.949%         50341294       98.656%
                                              26493886      100.000%         51027340      100.000%
                                                  1.00         1.00              0.99         0.98

ST_FAKE_REASON_NOT_FAKE                       26480246       99.949%         50341294       98.656%
ST_FAKE_REASON_REDIRECT_TO_NOT_INSTRUMENTED         13640        0.051%           686046        1.344%
ST_FAKE_REASON_RETURN_TO_NOT_INSTRUMENTED             0        0.000%                0        0.000%
ST_FAKE_REASON_NONRET_CF_TO_NOT_INSTRUMENTED             0        0.000%                0        0.000%
ST_FAKE_REASON_NOT_TAKEN_TO_NOT_INSTRUMENTED             0        0.000%                0        0.000%
ST_FAKE_REASON_WRONG_PATH_STORE_TO_NEW_REGION             0        0.000%                0        0.000%
                                              26493886      100.000%         51027340      100.000%
                                                  0.00         0.02              0.01         0.11

ST_INST_ONPATH                                24097363                       47143949              

ST_INST_OFFPATH                               25879678                       49688895              

STATIC_PIN_NOP                                       0                              0              

DYNAMIC_PIN_REP_GREATER_256                          0                              0              

INST_MAP_UPDATE_JITTED                          294065       12.972%           588956       12.869%
INST_MAP_UPDATE_NPC_INV                              0        0.000%                0        0.000%
INST_MAP_UPDATE_NPC_NOP                              0        0.000%                0        0.000%
INST_MAP_UPDATE_NPC_CF                               0        0.000%                0        0.000%
INST_MAP_UPDATE_NPC_MOV                              0        0.000%                0        0.000%
INST_MAP_UPDATE_NPC_CMOV                             0        0.000%                0        0.000%
INST_MAP_UPDATE_NPC_LDA                              0        0.000%                0        0.000%
INST_MAP_UPDATE_NPC_IMEM                             0        0.000%                0        0.000%
INST_MAP_UPDATE_NPC_IADD                             0        0.000%                0        0.000%
INST_MAP_UPDATE_NPC_IMUL                             1        0.000%                2        0.000%
INST_MAP_UPDATE_NPC_IDIV                             0        0.000%                0        0.000%
INST_MAP_UPDATE_NPC_ICMP                             0        0.000%                0        0.000%
INST_MAP_UPDATE_NPC_LOGIC                            0        0.000%                0        0.000%
INST_MAP_UPDATE_NPC_SHIFT                            0        0.000%                0        0.000%
INST_MAP_UPDATE_NPC_FMEM                             0        0.000%                0        0.000%
INST_MAP_UPDATE_NPC_FCVT                             0        0.000%                0        0.000%
INST_MAP_UPDATE_NPC_FADD                             0        0.000%                0        0.000%
INST_MAP_UPDATE_NPC_FMUL                             0        0.000%                0        0.000%
INST_MAP_UPDATE_NPC_FMA                              0        0.000%                0        0.000%
INST_MAP_UPDATE_NPC_FDIV                             0        0.000%                0        0.000%
INST_MAP_UPDATE_NPC_FCMP                             0        0.000%                0        0.000%
INST_MAP_UPDATE_NPC_FCMOV                            0        0.000%                0        0.000%
INST_MAP_UPDATE_NPC_GATHER                           0        0.000%                0        0.000%
INST_MAP_UPDATE_NPC_SCATTER                          0        0.000%                0        0.000%
INST_MAP_UPDATE_NPC_PIPELINED_FAST                   0        0.000%                0        0.000%
INST_MAP_UPDATE_NPC_PIPELINED_MEDIUM                 0        0.000%                0        0.000%
INST_MAP_UPDATE_NPC_PIPELINED_SLOW                   0        0.000%                0        0.000%
INST_MAP_UPDATE_NPC_NOTPIPELINED_MEDIUM              0        0.000%                0        0.000%
INST_MAP_UPDATE_NPC_NOTPIPELINED_SLOW                0        0.000%                0        0.000%
INST_MAP_UPDATE_NPC_NOTPIPELINED_VERY_SLOW             0        0.000%                0        0.000%
INST_MAP_UPDATE_MEM_INV                              0        0.000%                0        0.000%
INST_MAP_UPDATE_MEM_NOP                              0        0.000%                0        0.000%
INST_MAP_UPDATE_MEM_CF                               0        0.000%                0        0.000%
INST_MAP_UPDATE_MEM_MOV                        1953691       86.184%          3939017       86.066%
INST_MAP_UPDATE_MEM_CMOV                             0        0.000%                0        0.000%
INST_MAP_UPDATE_MEM_LDA                              0        0.000%                0        0.000%
INST_MAP_UPDATE_MEM_IMEM                             0        0.000%                0        0.000%
INST_MAP_UPDATE_MEM_IADD                             0        0.000%                0        0.000%
INST_MAP_UPDATE_MEM_IMUL                            49        0.002%             2186        0.048%
INST_MAP_UPDATE_MEM_IDIV                             0        0.000%                0        0.000%
INST_MAP_UPDATE_MEM_ICMP                             0        0.000%                0        0.000%
INST_MAP_UPDATE_MEM_LOGIC                        12931        0.570%            34083        0.745%
INST_MAP_UPDATE_MEM_SHIFT                         6147        0.271%            12474        0.273%
INST_MAP_UPDATE_MEM_FMEM                             0        0.000%                0        0.000%
INST_MAP_UPDATE_MEM_FCVT                             0        0.000%                0        0.000%
INST_MAP_UPDATE_MEM_FADD                             0        0.000%                0        0.000%
INST_MAP_UPDATE_MEM_FMUL                             0        0.000%                0        0.000%
INST_MAP_UPDATE_MEM_FMA                              0        0.000%                0        0.000%
INST_MAP_UPDATE_MEM_FDIV                             0        0.000%                0        0.000%
INST_MAP_UPDATE_MEM_FCMP                             0        0.000%                0        0.000%
INST_MAP_UPDATE_MEM_FCMOV                            0        0.000%                0        0.000%
INST_MAP_UPDATE_MEM_GATHER                           0        0.000%                0        0.000%
INST_MAP_UPDATE_MEM_SCATTER                          0        0.000%                0        0.000%
INST_MAP_UPDATE_MEM_PIPELINED_FAST                   0        0.000%                0        0.000%
INST_MAP_UPDATE_MEM_PIPELINED_MEDIUM                 0        0.000%                0        0.000%
INST_MAP_UPDATE_MEM_PIPELINED_SLOW                   0        0.000%                0        0.000%
INST_MAP_UPDATE_MEM_NOTPIPELINED_MEDIUM              0        0.000%                0        0.000%
INST_MAP_UPDATE_MEM_NOTPIPELINED_SLOW                0        0.000%                0        0.000%
INST_MAP_UPDATE_MEM_NOTPIPELINED_VERY_SLOW             0        0.000%                0        0.000%
                                               2266884      100.000%          4576718      100.000%
                                                 28.79         4.08             28.84         4.06



