/* -*- Mode: c -*- */
####################################################################################################
Core 0
####################################################################################################
Cumulative:        Cycles: 12162376              Instructions: 20000000              IPC: 1.64442

Periodic:          Cycles: 6158876               Instructions: 9999997               IPC: 1.62367

DCACHE_PREF_HIT                                      0                              0              

IFETCH_WB_FIRST_SCHEDULE                             0         -nan%                0         -nan%
PREFETCH_LAST_SCHEDULE                               0         -nan%                0         -nan%
DEMAND_PASS_PREF_SCHEDULE                            0         -nan%                0         -nan%
DEMAND_PASS_LOW_OP_SCHEDULE                          0         -nan%                0         -nan%
DEMAND_LAST_SCHEDULE                                 0         -nan%                0         -nan%
                                                     0         -nan%                0         -nan%
                                                  -nan         -nan              -nan         -nan

SEND_MISS_REQ_QUEUE                              32544                          91271              

L1_DATA_EVICT                                    32426                          59136              

STREAM_BUFFER_REQ                                    0                              0              

PREF_SEND_TO_MEM_REQ                                 0         -nan%                0         -nan%
PREF_SEND_TO_MEM_REQ_FAIL                            0         -nan%                0         -nan%
                                                     0         -nan%                0         -nan%
                                                  -nan         -nan              -nan         -nan

HIT_TRAIN_STREAM                                 66525       97.633%           132957       96.780%
MISS_TRAIN_STREAM                                 1613        2.367%             4424        3.220%
                                                 68138      100.000%           137381      100.000%
                                                  0.02         0.15              0.03         0.17

STREAM_TRAIN_CREATE                                828                           2291              

MEM_REQ_MISS_HWP_PREF_Q                              0         -nan%                0         -nan%
MEM_REQ_MISS_SW_PREF_Q                               0         -nan%                0         -nan%
MEM_REQ_MISS_IFETCH_Q                                0         -nan%                0         -nan%
MEM_REQ_MISS_DFETCH_Q                                0         -nan%                0         -nan%
MEM_REQ_MISS_DSTORE_Q                                0         -nan%                0         -nan%
MEM_REQ_MISS_DPRF_Q                                  0         -nan%                0         -nan%
MEM_REQ_MISS_WB_Q                                    0         -nan%                0         -nan%
                                                     0         -nan%                0         -nan%
                                                  -nan         -nan              -nan         -nan

PREF_HIT_BY_DEMAND_IFETCH                            0         -nan%                0         -nan%
PREF_HIT_BY_DEMAND_DFETCH                            0         -nan%                0         -nan%
PREF_HIT_BY_DEMAND_DSTORE                            0         -nan%                0         -nan%
PREF_HIT_BY_DEMAND_IPREF                             0         -nan%                0         -nan%
PREF_HIT_BY_DEMAND_DPRF                              0         -nan%                0         -nan%
PREF_HIT_BY_DEMAND_WB                                0         -nan%                0         -nan%
PREF_HIT_BY_PREF                                     0         -nan%                0         -nan%
                                                     0         -nan%                0         -nan%
                                                  -nan         -nan              -nan         -nan

PREF_HIT_DEMAND_IFETCH                               0         -nan%                0         -nan%
PREF_HIT_DEMAND_DFETCH                               0         -nan%                0         -nan%
PREF_HIT_DEMAND_DSTORE                               0         -nan%                0         -nan%
PREF_HIT_DEMAND_IPREF                                0         -nan%                0         -nan%
PREF_HIT_DEMAND_DPRF                                 0         -nan%                0         -nan%
PREF_HIT_DEMAND_WB                                   0         -nan%                0         -nan%
                                                     0         -nan%                0         -nan%
                                                  -nan         -nan              -nan         -nan

PREF_L1_FILL                                         0         -nan%                0         -nan%
DEMAND_L1_FILL                                       0         -nan%                0         -nan%
                                                     0         -nan%                0         -nan%
                                                  -nan         -nan              -nan         -nan

TOUCH_L1_REPLACE                                     0        0.000%                0        0.000%
NO_TOUCH_L1_REPLACE                              32426      100.000%            59136      100.000%
                                                 32426      100.000%            59136      100.000%
                                                  1.00         1.00              1.00         1.00

PREF_REQ_QUE_FULL                                    0                              0              

STREAM_REQ_QUEUE_HIT_BY_DEMAND                       0                              0              

L2HIT_STREAM_PREF_REQ_QUE_FULL                       0                              0              

L2HIT_HIT_TRAIN_STREAM                               0         -nan%                0         -nan%
L2HIT_MISS_TRAIN_STREAM                              0         -nan%                0         -nan%
                                                     0         -nan%                0         -nan%
                                                  -nan         -nan              -nan         -nan

L2HIT_STREAM_TRAIN_CREATE                            0                              0              

L2HIT_STREAM_BUFFER_REQ                              0                              0              

L2HIT_STREAM_PREF_DCACHE_HIT                         0         -nan%                0         -nan%
L2HIT_STREAM_PREF_DCACHE_INSERT                      0         -nan%                0         -nan%
L2HIT_STREAM_L2_MISS                                 0         -nan%                0         -nan%
                                                     0         -nan%                0         -nan%
                                                  -nan         -nan              -nan         -nan

L2HIT_STREAM_DCACHE_PORT_FULL                        0                              0              

L2HIT_STREAM_PREF_L1_PORT_FULL                       0                              0              

L2HIT_TRAIN_HIT_DEMAND                               0         -nan%                0         -nan%
L2HIT_TRAIN_MISS_REQ                                 0         -nan%                0         -nan%
                                                     0         -nan%                0         -nan%
                                                  -nan         -nan              -nan         -nan

L2HIT_TRAIN_FILTER_MISS                              0         -nan%                0         -nan%
L2HIT_TRAIN_FILTER_HIT                               0         -nan%                0         -nan%
                                                     0         -nan%                0         -nan%
                                                  -nan         -nan              -nan         -nan

L2HIT_PREF_REQ_DCACHE_HIT                            0         -nan%                0         -nan%
L2HIT_PREF_REQ_DCACHE_MISS                           0         -nan%                0         -nan%
                                                     0         -nan%                0         -nan%
                                                  -nan         -nan              -nan         -nan

L2HIT_L2SEND_Q_FULL                                  0         -nan%                0         -nan%
L2HIT_L2SEND_Q_ENTER                                 0         -nan%                0         -nan%
                                                     0         -nan%                0         -nan%
                                                  -nan         -nan              -nan         -nan

L2HIT_MEM_REQ                                        0                              0              

REMOVE_REDUNDANT_STREAM_STAT                         0                              0              

REPLACE_OLD_STREAM                                 828                           2275              

REQ_SEND_QUEUE_STALL                                 0                              0              

STREAM_ENTER_RA                                      0                              0              

CORE_STREAM_LENGTH_0                                14       10.370%               60       16.260%
CORE_STREAM_LENGTH_10                               42       31.111%              143       38.753%
CORE_STREAM_LENGTH_20                               13        9.630%               40       10.840%
CORE_STREAM_LENGTH_30                                7        5.185%               14        3.794%
CORE_STREAM_LENGTH_40                                3        2.222%               11        2.981%
CORE_STREAM_LENGTH_50                                0        0.000%                2        0.542%
CORE_STREAM_LENGTH_60                                3        2.222%                9        2.439%
CORE_STREAM_LENGTH_70                                1        0.741%                1        0.271%
CORE_STREAM_LENGTH_80                                6        4.444%                8        2.168%
CORE_STREAM_LENGTH_90                                7        5.185%                8        2.168%
CORE_STREAM_LENGTH_100_P                            39       28.889%               73       19.783%
                                                   135      100.000%              369      100.000%
                                                  4.64         4.60              3.38         3.84

CORE_CUM_STREAM_LENGTH_0                           118        0.137%              464        0.324%
CORE_CUM_STREAM_LENGTH_10                          592        0.686%             1946        1.359%
CORE_CUM_STREAM_LENGTH_20                          317        0.368%              957        0.668%
CORE_CUM_STREAM_LENGTH_30                          245        0.284%              489        0.341%
CORE_CUM_STREAM_LENGTH_40                          130        0.151%              475        0.332%
CORE_CUM_STREAM_LENGTH_50                            0        0.000%              104        0.073%
CORE_CUM_STREAM_LENGTH_60                          200        0.232%              582        0.406%
CORE_CUM_STREAM_LENGTH_70                           75        0.087%               75        0.052%
CORE_CUM_STREAM_LENGTH_80                          513        0.595%              675        0.471%
CORE_CUM_STREAM_LENGTH_90                          676        0.784%              775        0.541%
CORE_CUM_STREAM_LENGTH_100_P                     83377       96.677%           136655       95.431%
                                                 86243      100.000%           143197      100.000%
                                                  9.83         9.72              9.71         9.58

CORE_STREAM_TRAIN_HITS_0                            73       54.074%              231       62.602%
CORE_STREAM_TRAIN_HITS_10                           10        7.407%               36        9.756%
CORE_STREAM_TRAIN_HITS_20                           10        7.407%               19        5.149%
CORE_STREAM_TRAIN_HITS_30                            4        2.963%               10        2.710%
CORE_STREAM_TRAIN_HITS_40                            3        2.222%                6        1.626%
CORE_STREAM_TRAIN_HITS_50                            0        0.000%                0        0.000%
CORE_STREAM_TRAIN_HITS_60                            0        0.000%                0        0.000%
CORE_STREAM_TRAIN_HITS_70                            0        0.000%                0        0.000%
CORE_STREAM_TRAIN_HITS_80                            0        0.000%                0        0.000%
CORE_STREAM_TRAIN_HITS_90                            0        0.000%                0        0.000%
CORE_STREAM_TRAIN_HITS_100_P                        35       25.926%               67       18.157%
                                                   135      100.000%              369      100.000%
                                                  2.99         3.94              2.16         3.50

CORE_CUM_STREAM_TRAIN_HITS_0                       461        0.570%             1489        1.108%
CORE_CUM_STREAM_TRAIN_HITS_10                      138        0.171%              434        0.323%
CORE_CUM_STREAM_TRAIN_HITS_20                      253        0.313%              460        0.342%
CORE_CUM_STREAM_TRAIN_HITS_30                      127        0.157%              343        0.255%
CORE_CUM_STREAM_TRAIN_HITS_40                      137        0.169%              273        0.203%
CORE_CUM_STREAM_TRAIN_HITS_50                        0        0.000%                0        0.000%
CORE_CUM_STREAM_TRAIN_HITS_60                        0        0.000%                0        0.000%
CORE_CUM_STREAM_TRAIN_HITS_70                        0        0.000%                0        0.000%
CORE_CUM_STREAM_TRAIN_HITS_80                        0        0.000%                0        0.000%
CORE_CUM_STREAM_TRAIN_HITS_90                        0        0.000%                0        0.000%
CORE_CUM_STREAM_TRAIN_HITS_100_P                 79794       98.621%           131434       97.769%
                                                 80910      100.000%           134433      100.000%
                                                  9.88         9.84              9.80         9.73

CORE_STREAM_TRAIN_CREATE                           828                           2291              



