/* -*- Mode: c -*- */
####################################################################################################
Core 0
####################################################################################################
Cumulative:        Cycles: 5742571               Instructions: 20000000              IPC: 3.48276

Periodic:          Cycles: 2878532               Instructions: 9999999               IPC: 3.47399

MISS_WAIT_TIME                              4698772992                     6839795370              

ICACHE_STAGE_MISS                                 1192                           3383              

ICACHE_CYCLE                                   2878532                        5742571              

TCACHE_CYCLE                                         0                              0              

ICACHE_CYCLE_ONPATH                            2224077       77.264%          4455949       77.595%
ICACHE_CYCLE_OFFPATH                            654455       22.736%          1286622       22.405%
                                               2878532      100.000%          5742571      100.000%
                                                  0.23         0.38              0.22         0.38

FETCH_ON_PATH                                  2122607       78.307%          4265112       78.613%
FETCH_OFF_PATH                                  588016       21.693%          1160330       21.387%
                                               2710623      100.000%          5425442      100.000%
                                                  0.22         0.38              0.21         0.38

FETCHED_OPS_ON_PATH                                  0         -nan%                0         -nan%
FETCHED_OPS_OFF_PATH                                 0         -nan%                0         -nan%
                                                     0         -nan%                0         -nan%
                                                  -nan         -nan              -nan         -nan

INST_LOST_FETCH                               10374046       61.361%         20763750       61.696%
INST_LOST_OFF_PATH                             2758685       16.317%          5405239       16.061%
INST_LOST_FULL_WINDOW                            14526        0.086%            30504        0.091%
INST_LOST_ROB_STALL_OTHER                       187428        1.109%           363384        1.080%
INST_LOST_ROB_STALL_WAIT_FOR_RECOVERY             1848        0.011%             2976        0.009%
INST_LOST_ROB_STALL_WAIT_FOR_REDIRECT                0        0.000%                0        0.000%
INST_LOST_ROB_STALL_WAIT_FOR_GAP_FILL                0        0.000%                0        0.000%
INST_LOST_ROB_STALL_WAIT_FOR_L1_MISS                 0        0.000%                0        0.000%
INST_LOST_ROB_STALL_WAIT_FOR_MEMORY                126        0.001%              396        0.001%
INST_LOST_ROB_STALL_WAIT_FOR_DC_MISS            803526        4.753%          1505514        4.473%
INST_LOST_ROB_BLOCK_ISSUE_FULL                       0        0.000%                0        0.000%
INST_LOST_ROB_BLOCK_ISSUE_GAP_TOO_LARGE              0        0.000%                0        0.000%
INST_LOST_BREAK_DONT                                 0        0.000%                0        0.000%
INST_LOST_BREAK_RENAME                               0        0.000%                0        0.000%
INST_LOST_BREAK_FT_UNAVAILABLE                     410        0.002%              410        0.001%
INST_LOST_BREAK_ICACHE_TO_UOP_CACHE_SWITCH         88998        0.526%           174944        0.520%
INST_LOST_BREAK_ICACHE_MISS_REQ_SUCCESS           4519        0.027%            12868        0.038%
INST_LOST_BREAK_ICACHE_MISS_REQ_FAILURE            181        0.001%              181        0.001%
INST_LOST_BREAK_WAIT_FOR_MISS                    71210        0.421%           352845        1.048%
INST_LOST_BREAK_UOP_CACHE_READ_LIMIT           2553854       15.106%          4943503       14.689%
INST_LOST_BREAK_UOP_CACHE_READ_LIMIT_AND_ISSUE_WIDTH             0        0.000%                0        0.000%
INST_LOST_BREAK_ICACHE_READ_LIMIT                47235        0.279%            98393        0.292%
INST_LOST_BREAK_ICACHE_READ_LIMIT_AND_ISSUE_WIDTH             0        0.000%                0        0.000%
INST_LOST_BREAK_ISSUE_WIDTH                          0        0.000%                0        0.000%
INST_LOST_BREAK_BARRIERT                             0        0.000%                0        0.000%
INST_LOST_BREAK_WAIT_FOR_EMPTY_ROB                   0        0.000%                0        0.000%
INST_LOST_BREAK_APP_EXIT                             3        0.000%                3        0.000%
INST_LOST_BREAK_STALL                                0        0.000%                0        0.000%
                                              16906595      100.000%         33654910      100.000%
                                                  3.71         6.34              3.72         6.36

INST_LOST_TOTAL                               16906595                       33654910              

INST_LOST_WAIT_FOR_ICACHE_MISS_NOT_PREFETCHED          5275        9.442%            60225       19.845%
INST_LOST_WAIT_FOR_ICACHE_MISS_PREFETCHED_AND_EVICTED_BY_IFETCH             0        0.000%                0        0.000%
INST_LOST_WAIT_FOR_ICACHE_MISS_PREFETCHED_AND_EVICTED_BY_FDIP             0        0.000%                0        0.000%
INST_LOST_WAIT_FOR_ICACHE_MISS_MSHR_HIT_PREF_OFFPATH           115        0.206%             2235        0.736%
INST_LOST_WAIT_FOR_ICACHE_MISS_MSHR_HIT_PREF_ONPATH         50480       90.353%           241010       79.418%
                                                 55870      100.000%           303470      100.000%
                                                  3.62         3.46              3.20         2.94

FETCH_0_OPS                                     198369        6.854%           463539        7.969%
FETCH_1_OPS                                     218562        7.552%           435554        7.488%
FETCH_2_OPS                                     102795        3.552%           191536        3.293%
FETCH_3_OPS                                     248309        8.580%           476989        8.201%
FETCH_4_OPS                                     164763        5.693%           337116        5.796%
FETCH_5_OPS                                     462630       15.986%           900024       15.473%
FETCH_6_OPS                                    1498575       51.782%          3011802       51.780%
FETCH_7_OPS                                          0        0.000%                0        0.000%
FETCH_8_OPS                                          0        0.000%                0        0.000%
FETCH_9_OPS                                          0        0.000%                0        0.000%
FETCH_10_OPS                                         0        0.000%                0        0.000%
FETCH_11_OPS                                         0        0.000%                0        0.000%
FETCH_12_OPS                                         0        0.000%                0        0.000%
FETCH_13_OPS                                         0        0.000%                0        0.000%
FETCH_14_OPS                                         0        0.000%                0        0.000%
FETCH_15_OPS                                         0        0.000%                0        0.000%
FETCH_16_OPS                                         0        0.000%                0        0.000%
                                               2894003      100.000%          5816560      100.000%
                                                  4.54         1.59              4.50         1.59

ST_BREAK_DONT                                        0        0.000%                0        0.000%
ST_BREAK_RENAME                                      0        0.000%                0        0.000%
ST_BREAK_FT_UNAVAILABLE                             82        0.003%               82        0.002%
ST_BREAK_ICACHE_TO_UOP_CACHE_SWITCH              33954        1.253%            65813        1.213%
ST_BREAK_ICACHE_MISS_REQ_SUCCESS                  1192        0.044%             3383        0.062%
ST_BREAK_ICACHE_MISS_REQ_FAILURE                    37        0.001%               37        0.001%
ST_BREAK_WAIT_FOR_MISS                           14242        0.525%            70569        1.301%
ST_BREAK_UOP_CACHE_READ_LIMIT                   847451       31.264%          1613124       29.733%
ST_BREAK_UOP_CACHE_READ_LIMIT_AND_ISSUE_WIDTH        191593        7.068%           365281        6.733%
ST_BREAK_ICACHE_READ_LIMIT                       22005        0.812%            45364        0.836%
ST_BREAK_ICACHE_READ_LIMIT_AND_ISSUE_WIDTH          7797        0.288%            15459        0.285%
ST_BREAK_ISSUE_WIDTH                           1592269       58.742%          3246329       59.835%
ST_BREAK_BARRIERT                                    0        0.000%                0        0.000%
ST_BREAK_WAIT_FOR_EMPTY_ROB                          0        0.000%                0        0.000%
ST_BREAK_APP_EXIT                                    1        0.000%                1        0.000%
ST_BREAK_STALL                                       0        0.000%                0        0.000%
                                               2710623      100.000%          5425442      100.000%
                                                  9.39         2.01              9.42         2.01

ORACLE_ON_PATH_INST                           10374046       78.994%         20763750       79.345%
ORACLE_OFF_PATH_INST                           2758685       21.006%          5405239       20.655%
                                              13132731      100.000%         26168989      100.000%
                                                  0.21         0.37              0.21         0.37

ORACLE_ON_PATH_INST_MEM                        2983082       22.715%          5872548       22.441%
ORACLE_ON_PATH_INST_NOTMEM                     7390964       56.279%         14891202       56.904%
ORACLE_OFF_PATH_INST_MEM                        855632        6.515%          1698725        6.491%
ORACLE_OFF_PATH_INST_NOTMEM                    1903053       14.491%          3706514       14.164%
                                              13132731      100.000%         26168989      100.000%
                                                  1.13         0.87              1.12         0.86

ICACHE_CYCLE_NONRA_ONPATH                            0         -nan%                0         -nan%
ICACHE_CYCLE_NONRA_OFFPATH                           0         -nan%                0         -nan%
ICACHE_CYCLE_RA_ONPATH                               0         -nan%                0         -nan%
ICACHE_CYCLE_RA_OFFPATH                              0         -nan%                0         -nan%
                                                     0         -nan%                0         -nan%
                                                  -nan         -nan              -nan         -nan

ICACHE_CYCLE_ONPATH_NONRA                            0         -nan%                0         -nan%
ICACHE_CYCLE_OFFPATH_NONRA                           0         -nan%                0         -nan%
                                                     0         -nan%                0         -nan%
                                                  -nan         -nan              -nan         -nan

ICACHE_CYCLE_ONPATH_RA                               0         -nan%                0         -nan%
ICACHE_CYCLE_OFFPATH_RA                              0         -nan%                0         -nan%
                                                     0         -nan%                0         -nan%
                                                  -nan         -nan              -nan         -nan

INACCURATE_OFFPATH_CYCLES                            0        0.0000                0        0.0000

FETCH_ALL_INST                                13132731                       26168989              

EXEC_ALL_INST                                 10852836                       21669407              

RET_ALL_INST                                  10374252                       20763750              

EXEC_ON_PATH_INST                             10374229       95.590%         20763750       95.821%
EXEC_OFF_PATH_INST                              478607        4.410%           905657        4.179%
                                              10852836      100.000%         21669407      100.000%
                                                  0.04         0.20              0.04         0.20

EXEC_ON_PATH_INST_MEM                          2983115       27.487%          5872548       27.101%
EXEC_ON_PATH_INST_NOTMEM                       7391114       68.103%         14891202       68.720%
EXEC_OFF_PATH_INST_MEM                          188777        1.739%           356834        1.647%
EXEC_OFF_PATH_INST_NOTMEM                       289830        2.671%           548823        2.533%
                                              10852836      100.000%         21669407      100.000%
                                                  0.80         0.45              0.80         0.44

EXEC_RA_INST                                         0         -nan%                0         -nan%
EXEC_NONRA_INST                                      0         -nan%                0         -nan%
                                                     0         -nan%                0         -nan%
                                                  -nan         -nan              -nan         -nan

EXEC_ON_PATH_INST_RA                                 0         -nan%                0         -nan%
EXEC_OFF_PATH_INST_RA                                0         -nan%                0         -nan%
                                                     0         -nan%                0         -nan%
                                                  -nan         -nan              -nan         -nan

EXEC_ON_PATH_INST_NONRA                              0         -nan%                0         -nan%
EXEC_OFF_PATH_INST_NONRA                             0         -nan%                0         -nan%
                                                     0         -nan%                0         -nan%
                                                  -nan         -nan              -nan         -nan

EXEC_RA_ON_PATH_INST                                 0         -nan%                0         -nan%
EXEC_RA_OFF_PATH_INST                                0         -nan%                0         -nan%
EXEC_NONRA_ON_PATH_INST                              0         -nan%                0         -nan%
EXEC_NONRA_OFF_PATH_INST                             0         -nan%                0         -nan%
                                                     0         -nan%                0         -nan%
                                                  -nan         -nan              -nan         -nan

ICACHE_THROTTLE_CYCLE                                0                              0              

FETCH_ENABLE_THROTTLE_OFF_PATH                       0         -nan%                0         -nan%
FETCH_ENABLE_THROTTLE_ON_PATH                        0         -nan%                0         -nan%
                                                     0         -nan%                0         -nan%
                                                  -nan         -nan              -nan         -nan

FETCH_DISABLE_THROTTLE_OFF_PATH                      0         -nan%                0         -nan%
FETCH_DISABLE_THROTTLE_ON_PATH                       0         -nan%                0         -nan%
                                                     0         -nan%                0         -nan%
                                                  -nan         -nan              -nan         -nan

FETCH_TH_ADJUST__0                                   0         -nan%                0         -nan%
FETCH_TH_ADJUST__1                                   0         -nan%                0         -nan%
FETCH_TH_ADJUST__2                                   0         -nan%                0         -nan%
FETCH_TH_ADJUST__3                                   0         -nan%                0         -nan%
FETCH_TH_ADJUST__4                                   0         -nan%                0         -nan%
FETCH_TH_ADJUST__5                                   0         -nan%                0         -nan%
FETCH_TH_ADJUST__6                                   0         -nan%                0         -nan%
FETCH_TH_ADJUST__7                                   0         -nan%                0         -nan%
FETCH_TH_ADJUST__8                                   0         -nan%                0         -nan%
FETCH_TH_ADJUST__9                                   0         -nan%                0         -nan%
FETCH_TH_ADJUST__MAX                                 0         -nan%                0         -nan%
                                                     0         -nan%                0         -nan%
                                                  -nan         -nan              -nan         -nan

FETCH_TH_ADJUST_UP                                   0         -nan%                0         -nan%
FETCH_TH_ADJUST_DOWN                                 0         -nan%                0         -nan%
FETCH_TH_ADJUST_SAME                                 0         -nan%                0         -nan%
                                                     0         -nan%                0         -nan%
                                                  -nan         -nan              -nan         -nan

THROTTLE_ADJUST_CACHE_MISS_INFO                      0                              0              

LOW_CONF_COUNT_BP_MIS_0                              0         -nan%                0         -nan%
LOW_CONF_COUNT_BP_MIS_1                              0         -nan%                0         -nan%
LOW_CONF_COUNT_BP_MIS_2                              0         -nan%                0         -nan%
LOW_CONF_COUNT_BP_MIS_3                              0         -nan%                0         -nan%
LOW_CONF_COUNT_BP_MIS_4                              0         -nan%                0         -nan%
LOW_CONF_COUNT_BP_MIS_5                              0         -nan%                0         -nan%
LOW_CONF_COUNT_BP_MIS_6                              0         -nan%                0         -nan%
LOW_CONF_COUNT_BP_MIS_7                              0         -nan%                0         -nan%
LOW_CONF_COUNT_BP_MIS_8                              0         -nan%                0         -nan%
LOW_CONF_COUNT_BP_MIS_9                              0         -nan%                0         -nan%
LOW_CONF_COUNT_BP_MIS_10                             0         -nan%                0         -nan%
LOW_CONF_COUNT_BP_MIS_11                             0         -nan%                0         -nan%
LOW_CONF_COUNT_BP_MIS_12                             0         -nan%                0         -nan%
LOW_CONF_COUNT_BP_MIS_13                             0         -nan%                0         -nan%
LOW_CONF_COUNT_BP_MIS_14                             0         -nan%                0         -nan%
LOW_CONF_COUNT_BP_MIS_15                             0         -nan%                0         -nan%
LOW_CONF_COUNT_BP_MIS_16                             0         -nan%                0         -nan%
LOW_CONF_COUNT_BP_MIS_17                             0         -nan%                0         -nan%
LOW_CONF_COUNT_BP_MIS_18                             0         -nan%                0         -nan%
LOW_CONF_COUNT_BP_MIS_19                             0         -nan%                0         -nan%
LOW_CONF_COUNT_BP_MIS_20                             0         -nan%                0         -nan%
                                                     0         -nan%                0         -nan%
                                                  -nan         -nan              -nan         -nan

LOW_CONF_COUNT_RET_0                                 0         -nan%                0         -nan%
LOW_CONF_COUNT_RET_1                                 0         -nan%                0         -nan%
LOW_CONF_COUNT_RET_2                                 0         -nan%                0         -nan%
LOW_CONF_COUNT_RET_3                                 0         -nan%                0         -nan%
LOW_CONF_COUNT_RET_4                                 0         -nan%                0         -nan%
LOW_CONF_COUNT_RET_5                                 0         -nan%                0         -nan%
LOW_CONF_COUNT_RET_6                                 0         -nan%                0         -nan%
LOW_CONF_COUNT_RET_7                                 0         -nan%                0         -nan%
LOW_CONF_COUNT_RET_8                                 0         -nan%                0         -nan%
LOW_CONF_COUNT_RET_9                                 0         -nan%                0         -nan%
LOW_CONF_COUNT_RET_10                                0         -nan%                0         -nan%
LOW_CONF_COUNT_RET_11                                0         -nan%                0         -nan%
LOW_CONF_COUNT_RET_12                                0         -nan%                0         -nan%
LOW_CONF_COUNT_RET_13                                0         -nan%                0         -nan%
LOW_CONF_COUNT_RET_14                                0         -nan%                0         -nan%
LOW_CONF_COUNT_RET_15                                0         -nan%                0         -nan%
LOW_CONF_COUNT_RET_16                                0         -nan%                0         -nan%
LOW_CONF_COUNT_RET_17                                0         -nan%                0         -nan%
LOW_CONF_COUNT_RET_18                                0         -nan%                0         -nan%
LOW_CONF_COUNT_RET_19                                0         -nan%                0         -nan%
LOW_CONF_COUNT_RET_20                                0         -nan%                0         -nan%
                                                     0         -nan%                0         -nan%
                                                  -nan         -nan              -nan         -nan

CYCLES_RESTEER_MISPRED                               0         -nan%                0         -nan%
CYCLES_RESTEER_MISFETCH                              0         -nan%                0         -nan%
CYCLES_RESTEER_BTB_MISS                              0         -nan%                0         -nan%
                                                     0         -nan%                0         -nan%
                                                  -nan         -nan              -nan         -nan

CYCLES_RESTEER_MISPRED_SAVED_UC_FETCH                0         -nan%                0         -nan%
CYCLES_RESTEER_MISPRED_COULD_BE_SAVED_UC_FETCH             0         -nan%                0         -nan%
CYCLES_RESTEER_MISFETCH_SAVED_UC_FETCH               0         -nan%                0         -nan%
CYCLES_RESTEER_MISFETCH_COULD_BE_SAVED_UC_FETCH             0         -nan%                0         -nan%
CYCLES_RESTEER_BTB_MISS_SAVED_UC_FETCH               0         -nan%                0         -nan%
CYCLES_RESTEER_BTB_MISS_COULD_BE_SAVED_UC_FETCH             0         -nan%                0         -nan%
                                                     0         -nan%                0         -nan%
                                                  -nan         -nan              -nan         -nan

CYCLES_UOC_IC_SWITCH                                 0                              0              



