/* -*- Mode: c -*- */
####################################################################################################
Core 0
####################################################################################################
Cumulative:        Cycles: 21002207              Instructions: 20000000              IPC: 0.95228

Periodic:          Cycles: 10432113              Instructions: 10000000              IPC: 0.95858

DCACHE_PREF_HIT                                      0                              0              

IFETCH_WB_FIRST_SCHEDULE                             0         -nan%                0         -nan%
PREFETCH_LAST_SCHEDULE                               0         -nan%                0         -nan%
DEMAND_PASS_PREF_SCHEDULE                            0         -nan%                0         -nan%
DEMAND_PASS_LOW_OP_SCHEDULE                          0         -nan%                0         -nan%
DEMAND_LAST_SCHEDULE                                 0         -nan%                0         -nan%
                                                     0         -nan%                0         -nan%
                                                  -nan         -nan              -nan         -nan

SEND_MISS_REQ_QUEUE                             162819                         331882              

L1_DATA_EVICT                                   162814                         299107              

STREAM_BUFFER_REQ                                    0                              0              

PREF_SEND_TO_MEM_REQ                                 0         -nan%                0         -nan%
PREF_SEND_TO_MEM_REQ_FAIL                            0         -nan%                0         -nan%
                                                     0         -nan%                0         -nan%
                                                  -nan         -nan              -nan         -nan

HIT_TRAIN_STREAM                                148998       98.536%           300521       98.506%
MISS_TRAIN_STREAM                                 2213        1.464%             4558        1.494%
                                                151211      100.000%           305079      100.000%
                                                  0.01         0.12              0.01         0.12

STREAM_TRAIN_CREATE                               1391                           2893              

MEM_REQ_MISS_HWP_PREF_Q                              0         -nan%                0         -nan%
MEM_REQ_MISS_SW_PREF_Q                               0         -nan%                0         -nan%
MEM_REQ_MISS_IFETCH_Q                                0         -nan%                0         -nan%
MEM_REQ_MISS_DFETCH_Q                                0         -nan%                0         -nan%
MEM_REQ_MISS_DSTORE_Q                                0         -nan%                0         -nan%
MEM_REQ_MISS_DPRF_Q                                  0         -nan%                0         -nan%
MEM_REQ_MISS_WB_Q                                    0         -nan%                0         -nan%
                                                     0         -nan%                0         -nan%
                                                  -nan         -nan              -nan         -nan

PREF_HIT_BY_DEMAND_IFETCH                            0         -nan%                0         -nan%
PREF_HIT_BY_DEMAND_DFETCH                            0         -nan%                0         -nan%
PREF_HIT_BY_DEMAND_DSTORE                            0         -nan%                0         -nan%
PREF_HIT_BY_DEMAND_IPREF                             0         -nan%                0         -nan%
PREF_HIT_BY_DEMAND_DPRF                              0         -nan%                0         -nan%
PREF_HIT_BY_DEMAND_WB                                0         -nan%                0         -nan%
PREF_HIT_BY_PREF                                     0         -nan%                0         -nan%
                                                     0         -nan%                0         -nan%
                                                  -nan         -nan              -nan         -nan

PREF_HIT_DEMAND_IFETCH                               0         -nan%                0         -nan%
PREF_HIT_DEMAND_DFETCH                               0         -nan%                0         -nan%
PREF_HIT_DEMAND_DSTORE                               0         -nan%                0         -nan%
PREF_HIT_DEMAND_IPREF                                0         -nan%                0         -nan%
PREF_HIT_DEMAND_DPRF                                 0         -nan%                0         -nan%
PREF_HIT_DEMAND_WB                                   0         -nan%                0         -nan%
                                                     0         -nan%                0         -nan%
                                                  -nan         -nan              -nan         -nan

PREF_L1_FILL                                         0         -nan%                0         -nan%
DEMAND_L1_FILL                                       0         -nan%                0         -nan%
                                                     0         -nan%                0         -nan%
                                                  -nan         -nan              -nan         -nan

TOUCH_L1_REPLACE                                     0        0.000%                0        0.000%
NO_TOUCH_L1_REPLACE                             162814      100.000%           299107      100.000%
                                                162814      100.000%           299107      100.000%
                                                  1.00         1.00              1.00         1.00

PREF_REQ_QUE_FULL                                    0                              0              

STREAM_REQ_QUEUE_HIT_BY_DEMAND                       0                              0              

L2HIT_STREAM_PREF_REQ_QUE_FULL                       0                              0              

L2HIT_HIT_TRAIN_STREAM                               0         -nan%                0         -nan%
L2HIT_MISS_TRAIN_STREAM                              0         -nan%                0         -nan%
                                                     0         -nan%                0         -nan%
                                                  -nan         -nan              -nan         -nan

L2HIT_STREAM_TRAIN_CREATE                            0                              0              

L2HIT_STREAM_BUFFER_REQ                              0                              0              

L2HIT_STREAM_PREF_DCACHE_HIT                         0         -nan%                0         -nan%
L2HIT_STREAM_PREF_DCACHE_INSERT                      0         -nan%                0         -nan%
L2HIT_STREAM_L2_MISS                                 0         -nan%                0         -nan%
                                                     0         -nan%                0         -nan%
                                                  -nan         -nan              -nan         -nan

L2HIT_STREAM_DCACHE_PORT_FULL                        0                              0              

L2HIT_STREAM_PREF_L1_PORT_FULL                       0                              0              

L2HIT_TRAIN_HIT_DEMAND                               0         -nan%                0         -nan%
L2HIT_TRAIN_MISS_REQ                                 0         -nan%                0         -nan%
                                                     0         -nan%                0         -nan%
                                                  -nan         -nan              -nan         -nan

L2HIT_TRAIN_FILTER_MISS                              0         -nan%                0         -nan%
L2HIT_TRAIN_FILTER_HIT                               0         -nan%                0         -nan%
                                                     0         -nan%                0         -nan%
                                                  -nan         -nan              -nan         -nan

L2HIT_PREF_REQ_DCACHE_HIT                            0         -nan%                0         -nan%
L2HIT_PREF_REQ_DCACHE_MISS                           0         -nan%                0         -nan%
                                                     0         -nan%                0         -nan%
                                                  -nan         -nan              -nan         -nan

L2HIT_L2SEND_Q_FULL                                  0         -nan%                0         -nan%
L2HIT_L2SEND_Q_ENTER                                 0         -nan%                0         -nan%
                                                     0         -nan%                0         -nan%
                                                  -nan         -nan              -nan         -nan

L2HIT_MEM_REQ                                        0                              0              

REMOVE_REDUNDANT_STREAM_STAT                         0                              0              

REPLACE_OLD_STREAM                                1391                           2877              

REQ_SEND_QUEUE_STALL                                 0                              0              

STREAM_ENTER_RA                                      0                              0              

CORE_STREAM_LENGTH_0                                 3        3.846%               18       11.111%
CORE_STREAM_LENGTH_10                               23       29.487%               44       27.160%
CORE_STREAM_LENGTH_20                               13       16.667%               30       18.519%
CORE_STREAM_LENGTH_30                                4        5.128%                8        4.938%
CORE_STREAM_LENGTH_40                                4        5.128%               12        7.407%
CORE_STREAM_LENGTH_50                                1        1.282%                1        0.617%
CORE_STREAM_LENGTH_60                                4        5.128%                6        3.704%
CORE_STREAM_LENGTH_70                                1        1.282%                2        1.235%
CORE_STREAM_LENGTH_80                                4        5.128%                7        4.321%
CORE_STREAM_LENGTH_90                                5        6.410%                6        3.704%
CORE_STREAM_LENGTH_100_P                            16       20.513%               28       17.284%
                                                    78      100.000%              162      100.000%
                                                  4.49         4.18              3.83         3.75

CORE_CUM_STREAM_LENGTH_0                            26        0.017%              142        0.046%
CORE_CUM_STREAM_LENGTH_10                          335        0.220%              626        0.205%
CORE_CUM_STREAM_LENGTH_20                          304        0.200%              727        0.238%
CORE_CUM_STREAM_LENGTH_30                          128        0.084%              272        0.089%
CORE_CUM_STREAM_LENGTH_40                          173        0.114%              538        0.176%
CORE_CUM_STREAM_LENGTH_50                           55        0.036%               55        0.018%
CORE_CUM_STREAM_LENGTH_60                          249        0.164%              384        0.126%
CORE_CUM_STREAM_LENGTH_70                           71        0.047%              145        0.047%
CORE_CUM_STREAM_LENGTH_80                          333        0.219%              591        0.193%
CORE_CUM_STREAM_LENGTH_90                          483        0.317%              579        0.190%
CORE_CUM_STREAM_LENGTH_100_P                    149984       98.582%           301391       98.671%
                                                152141      100.000%           305450      100.000%
                                                  9.93         9.88              9.93         9.89

CORE_STREAM_TRAIN_HITS_0                            40       51.282%               92       56.790%
CORE_STREAM_TRAIN_HITS_10                           12       15.385%               24       14.815%
CORE_STREAM_TRAIN_HITS_20                            5        6.410%                9        5.556%
CORE_STREAM_TRAIN_HITS_30                            7        8.974%               11        6.790%
CORE_STREAM_TRAIN_HITS_40                            2        2.564%                2        1.235%
CORE_STREAM_TRAIN_HITS_50                            0        0.000%                0        0.000%
CORE_STREAM_TRAIN_HITS_60                            0        0.000%                0        0.000%
CORE_STREAM_TRAIN_HITS_70                            0        0.000%                0        0.000%
CORE_STREAM_TRAIN_HITS_80                            0        0.000%                0        0.000%
CORE_STREAM_TRAIN_HITS_90                            0        0.000%                0        0.000%
CORE_STREAM_TRAIN_HITS_100_P                        12       15.385%               24       14.815%
                                                    78      100.000%              162      100.000%
                                                  2.19         3.26              1.99         3.23

CORE_CUM_STREAM_TRAIN_HITS_0                       261        0.174%              583        0.194%
CORE_CUM_STREAM_TRAIN_HITS_10                      168        0.112%              339        0.113%
CORE_CUM_STREAM_TRAIN_HITS_20                      112        0.075%              213        0.071%
CORE_CUM_STREAM_TRAIN_HITS_30                      236        0.158%              364        0.121%
CORE_CUM_STREAM_TRAIN_HITS_40                       92        0.061%               92        0.031%
CORE_CUM_STREAM_TRAIN_HITS_50                        0        0.000%                0        0.000%
CORE_CUM_STREAM_TRAIN_HITS_60                        0        0.000%                0        0.000%
CORE_CUM_STREAM_TRAIN_HITS_70                        0        0.000%                0        0.000%
CORE_CUM_STREAM_TRAIN_HITS_80                        0        0.000%                0        0.000%
CORE_CUM_STREAM_TRAIN_HITS_90                        0        0.000%                0        0.000%
CORE_CUM_STREAM_TRAIN_HITS_100_P                148795       99.419%           299578       99.472%
                                                149664      100.000%           301169      100.000%
                                                  9.95         9.93              9.95         9.94

CORE_STREAM_TRAIN_CREATE                          1391                           2893              



