/* -*- Mode: c -*- */
####################################################################################################
Core 0
####################################################################################################
Cumulative:        Cycles: 16679994              Instructions: 20000000              IPC: 1.19904

Periodic:          Cycles: 8382134               Instructions: 10000000              IPC: 1.19301

EXECUTION_TIME                           2619416875000                  5212498125000              

NODE_CYCLE                                     8382134                       16679994              

NODE_INST_COUNT                               10000000                       20000000              

NODE_INST_COUNT_FETCHED                       10000000                       20000000              

NODE_UOP_COUNT                                11371090                       22729224              

FULL_WINDOW_STALL                              5450944       65.031%         10778347       64.618%

FULL_WINDOW_MEM_OP                              650433       14.095%          1320650       14.464%
FULL_WINDOW_FP_OP                              3809176       82.548%          7501523       82.156%
FULL_WINDOW_OTHER_OP                            154902        3.357%           308658        3.380%
                                               4614511      100.000%          9130831      100.000%
                                                  0.89         0.28              0.89         0.28

RET_BLOCKED_DC_MISS                              36226        0.432%           124671        0.747%

RET_BLOCKED_L1_MISS                              13539        0.162%            72923        0.437%

RET_BLOCKED_L1_MISS_BW_PREF                       6713        0.080%            14685        0.088%

RET_BLOCKED_L1_ACCESS                            22715        0.271%            53851        0.323%

RET_BLOCKED_MEM_STALL                            13793        0.165%            74299        0.445%

RET_BLOCKED_OFFCHIP_DEMAND                           0        0.000%                0        0.000%

OP_ISSUED                                     12620420                       25276308              

OP_RETIRED                                    11371090                       22729224              

REPLAY_SIGNALED                                      0                              0              

REPLAY_COUNTED                                       0                              0              

OFF_CRITICAL_PATH                                    0         -nan%                0         -nan%
ON_CRITICAL_PATH                                     0         -nan%                0         -nan%
                                                     0         -nan%                0         -nan%
                                                  -nan         -nan              -nan         -nan

LD_NO_DEPENDENTS                                 21091        0.705%            43080        0.721%
LD_DEPENDENTS                                  2970760       99.295%          5932005       99.279%
                                               2991851      100.000%          5975085      100.000%
                                                  0.99         0.99              0.99         0.99

LD_EXEC_CYCLES_0                                     0        0.000%                0        0.000%
LD_EXEC_CYCLES_1                                     0        0.000%                0        0.000%
LD_EXEC_CYCLES_2                                     0        0.000%                0        0.000%
LD_EXEC_CYCLES_3                                  1192       41.103%             2287       41.030%
LD_EXEC_CYCLES_4                                  1708       58.897%             3287       58.970%
                                                  2900      100.000%             5574      100.000%
                                                  3.59         2.80              3.59         2.80

ICACHE_STAGE_STARVED                              8904        0.338%            29611        0.562%
ICACHE_STAGE_NOT_STARVED                       2622861       99.662%          5243059       99.438%
                                               2631765      100.000%          5272670      100.000%
                                                  1.00         0.99              0.99         0.99

ICACHE_STAGE_STALLED                           4514044       53.853%          8954165       53.682%
ICACHE_STAGE_NOT_STALLED                       2627378       31.345%          5258052       31.523%
ICACHE_STAGE_OFF_PATH                          1240712       14.802%          2467777       14.795%
                                               8382134      100.000%         16679994      100.000%
                                                  0.61         0.62              0.61         0.62

DECODE_STAGE_STARVED                           7946942       98.051%         15817533       98.054%
DECODE_STAGE_NOT_STARVED                        157973        1.949%           313936        1.946%
                                               8104915      100.000%         16131469      100.000%
                                                  0.02         0.14              0.02         0.14

DECODE_STAGE_STALLED                            220594        2.632%           456478        2.737%
DECODE_STAGE_NOT_STALLED                       7884321       94.061%         15674991       93.975%
DECODE_STAGE_OFF_PATH                           277219        3.307%           548525        3.289%
                                               8382134      100.000%         16679994      100.000%
                                                  1.01         0.26              1.01         0.26

UOPQ_STAGE_STARVED                              763602       26.519%          1613490       27.879%
UOPQ_STAGE_NOT_STARVED                         2115903       73.481%          4173960       72.121%
                                               2879505      100.000%          5787450      100.000%
                                                  0.73         0.67              0.72         0.66

UOPQ_STAGE_STALLED                             4449016       53.077%          8828487       52.929%
UOPQ_STAGE_NOT_STALLED                         2879505       34.353%          5787450       34.697%
UOPQ_STAGE_OFF_PATH                            1053613       12.570%          2064057       12.374%
                                               8382134      100.000%         16679994      100.000%
                                                  0.59         0.59              0.59         0.59

MAP_STAGE_STARVED                                48150        0.654%           111913        0.762%
MAP_STAGE_NOT_STARVED                          7319235       99.346%         14578143       99.238%
                                               7367385      100.000%         14690056      100.000%
                                                  0.99         0.99              0.99         0.99

MAP_STAGE_STALLED                              4676568       55.792%          9292287       55.709%
MAP_STAGE_NOT_STALLED                          2690817       32.102%          5397769       32.361%
MAP_STAGE_OFF_PATH                             1014749       12.106%          1989938       11.930%
                                               8382134      100.000%         16679994      100.000%
                                                  0.56         0.59              0.56         0.59

EXEC_STAGE_STARVED                             1041944       12.431%          2144794       12.858%
EXEC_STAGE_NOT_STARVED                         6787051       80.970%         13488593       80.867%
EXEC_STAGE_OFF_PATH                             553139        6.599%          1046607        6.275%
                                               8382134      100.000%         16679994      100.000%
                                                  0.94         0.37              0.93         0.36

FU_BUSY_0                                      8074213                       16009985              

FU_BUSY_1                                      3006328                        6005345              

FU_BUSY_2                                      1644045                        3280466              

FU_BUSY_3                                      1494180                        2993854              

FU_BUSY_4                                      1481898                        2963131              

FU_BUSY_5                                      1510577                        3027824              

FU_BUSY_6                                       659917                        1317293              

FU_BUSY_7                                       690216                        1380266              

FU_BUSY_8                                            0                              0              

FU_BUSY_9                                            0                              0              

FU_BUSY_10                                           0                              0              

FU_BUSY_11                                           0                              0              

FU_BUSY_12                                           0                              0              

FU_BUSY_13                                           0                              0              

FU_BUSY_14                                           0                              0              

FU_BUSY_15                                           0                              0              

FU_BUSY_16                                           0                              0              

FU_BUSY_17                                           0                              0              

FU_BUSY_18                                           0                              0              

FU_BUSY_19                                           0                              0              

FU_BUSY_20                                           0                              0              

FU_BUSY_21                                           0                              0              

FU_BUSY_22                                           0                              0              

FU_BUSY_23                                           0                              0              

FU_BUSY_24                                           0                              0              

FU_BUSY_25                                           0                              0              

FU_BUSY_26                                           0                              0              

FU_BUSY_27                                           0                              0              

FU_BUSY_28                                           0                              0              

FU_BUSY_29                                           0                              0              

FU_BUSY_30                                           0                              0              

FU_BUSY_31                                           0                              0              

FU_REJECTED_OP_INV_NOT_SIMD                          0        0.000%                0        0.000%
FU_REJECTED_OP_NOP_NOT_SIMD                      42862        0.649%            84023        0.644%
FU_REJECTED_OP_CF_NOT_SIMD                      205623        3.114%           410670        3.145%
FU_REJECTED_OP_MOV_NOT_SIMD                      43227        0.655%            86127        0.660%
FU_REJECTED_OP_CMOV_NOT_SIMD                         2        0.000%                5        0.000%
FU_REJECTED_OP_LDA_NOT_SIMD                      24603        0.373%            49808        0.381%
FU_REJECTED_OP_IMEM_NOT_SIMD                       519        0.008%             1586        0.012%
FU_REJECTED_OP_IADD_NOT_SIMD                     47306        0.716%            93022        0.712%
FU_REJECTED_OP_IMUL_NOT_SIMD                    122945        1.862%           245618        1.881%
FU_REJECTED_OP_IDIV_NOT_SIMD                         0        0.000%                0        0.000%
FU_REJECTED_OP_ICMP_NOT_SIMD                         0        0.000%                0        0.000%
FU_REJECTED_OP_LOGIC_NOT_SIMD                    35534        0.538%            71961        0.551%
FU_REJECTED_OP_SHIFT_NOT_SIMD                    27608        0.418%            55551        0.425%
FU_REJECTED_OP_FMEM_NOT_SIMD                     60796        0.921%           120603        0.924%
FU_REJECTED_OP_FCVT_NOT_SIMD                         0        0.000%                0        0.000%
FU_REJECTED_OP_FADD_NOT_SIMD                         0        0.000%                0        0.000%
FU_REJECTED_OP_FMUL_NOT_SIMD                         0        0.000%                0        0.000%
FU_REJECTED_OP_FMA_NOT_SIMD                          0        0.000%                0        0.000%
FU_REJECTED_OP_FDIV_NOT_SIMD                         0        0.000%                0        0.000%
FU_REJECTED_OP_FCMP_NOT_SIMD                         0        0.000%                0        0.000%
FU_REJECTED_OP_FCMOV_NOT_SIMD                        0        0.000%                0        0.000%
FU_REJECTED_OP_GATHER_NOT_SIMD                       0        0.000%                0        0.000%
FU_REJECTED_OP_SCATTER_NOT_SIMD                      0        0.000%                0        0.000%
FU_REJECTED_OP_PIPELINED_FAST_NOT_SIMD               0        0.000%                0        0.000%
FU_REJECTED_OP_PIPELINED_MEDIUM_NOT_SIMD             0        0.000%                0        0.000%
FU_REJECTED_OP_PIPELINED_SLOW_NOT_SIMD               0        0.000%                0        0.000%
FU_REJECTED_OP_NOTPIPELINED_MEDIUM_NOT_SIMD             0        0.000%                0        0.000%
FU_REJECTED_OP_NOTPIPELINED_SLOW_NOT_SIMD             0        0.000%                0        0.000%
FU_REJECTED_OP_NOTPIPELINED_VERY_SLOW_NOT_SIMD             0        0.000%                0        0.000%
FU_REJECTED_OP_INV_SIMD                              0        0.000%                0        0.000%
FU_REJECTED_OP_NOP_SIMD                              0        0.000%                0        0.000%
FU_REJECTED_OP_CF_SIMD                               0        0.000%                0        0.000%
FU_REJECTED_OP_MOV_SIMD                          59081        0.895%           115870        0.887%
FU_REJECTED_OP_CMOV_SIMD                             0        0.000%                0        0.000%
FU_REJECTED_OP_LDA_SIMD                              0        0.000%                0        0.000%
FU_REJECTED_OP_IMEM_SIMD                             0        0.000%                0        0.000%
FU_REJECTED_OP_IADD_SIMD                             0        0.000%                0        0.000%
FU_REJECTED_OP_IMUL_SIMD                             0        0.000%                0        0.000%
FU_REJECTED_OP_IDIV_SIMD                             0        0.000%                0        0.000%
FU_REJECTED_OP_ICMP_SIMD                             0        0.000%                0        0.000%
FU_REJECTED_OP_LOGIC_SIMD                        35095        0.531%            68449        0.524%
FU_REJECTED_OP_SHIFT_SIMD                        39899        0.604%            74884        0.574%
FU_REJECTED_OP_FMEM_SIMD                             0        0.000%                0        0.000%
FU_REJECTED_OP_FCVT_SIMD                          3041        0.046%             7022        0.054%
FU_REJECTED_OP_FADD_SIMD                        140862        2.133%           279424        2.140%
FU_REJECTED_OP_FMUL_SIMD                         71509        1.083%           137055        1.050%
FU_REJECTED_OP_FMA_SIMD                         175512        2.658%           348500        2.669%
FU_REJECTED_OP_FDIV_SIMD                        226598        3.432%           442960        3.393%
FU_REJECTED_OP_FCMP_SIMD                        220776        3.343%           432262        3.311%
FU_REJECTED_OP_FCMOV_SIMD                      4944293       74.877%          9779016       74.897%
FU_REJECTED_OP_GATHER_SIMD                       75504        1.143%           152144        1.165%
FU_REJECTED_OP_SCATTER_SIMD                          0        0.000%                0        0.000%
FU_REJECTED_OP_PIPELINED_FAST_SIMD                   0        0.000%                0        0.000%
FU_REJECTED_OP_PIPELINED_MEDIUM_SIMD                 0        0.000%                0        0.000%
FU_REJECTED_OP_PIPELINED_SLOW_SIMD                   0        0.000%                0        0.000%
FU_REJECTED_OP_NOTPIPELINED_MEDIUM_SIMD              0        0.000%                0        0.000%
FU_REJECTED_OP_NOTPIPELINED_SLOW_SIMD                0        0.000%                0        0.000%
FU_REJECTED_OP_NOTPIPELINED_VERY_SLOW_SIMD             0        0.000%                0        0.000%
                                               6603195      100.000%         13056560      100.000%
                                                 44.43        12.57             44.40        12.62

OP_WAIT_0                                      5838086                       11688355              

OP_WAIT_1                                      2086789                        4193631              

OP_WAIT_2                                       839928                        1681649              

OP_WAIT_3                                       419583                         838731              

OP_WAIT_4                                       257799                         515431              

OP_WAIT_5                                       211464                         421000              

OP_WAIT_6                                       144750                         285997              

OP_WAIT_7                                        65962                         131631              

OP_WAIT_8                                        44838                          88495              

OP_WAIT_9                                        33467                          67120              

OP_WAIT_10                                       40841                          81686              

OP_WAIT_11                                       27938                          56733              

OP_WAIT_12                                       27013                          52093              

OP_WAIT_13                                       19326                          39296              

OP_WAIT_14                                       16543                          33170              

OP_WAIT_15                                       16318                          32639              

OP_WAIT_16                                       23471                          46653              

OP_WAIT_17                                       21690                          43088              

OP_WAIT_18                                       25984                          51876              

OP_WAIT_19                                       28401                          54333              

OP_WAIT_20                                       13129                          26205              

OP_WAIT_21                                       10044                          19791              

OP_WAIT_22                                        8469                          16606              

OP_WAIT_23                                       14077                          28108              

OP_WAIT_24                                       10353                          20313              

OP_WAIT_25                                       13573                          26616              

OP_WAIT_26                                       12421                          24600              

OP_WAIT_27                                        8485                          16773              

OP_WAIT_28                                        9072                          17813              

OP_WAIT_29                                        7134                          14037              

OP_WAIT_30                                       19675                          39051              

OP_WAIT_31                                     1054467                        2075704              

ROW_SIZE_0                                     5755945                       11433799              

ROW_SIZE_1                                      539036                        1071477              

ROW_SIZE_2                                      219645                         433272              

ROW_SIZE_3                                      152772                         300031              

ROW_SIZE_4                                       89605                         179715              

ROW_SIZE_5                                       74234                         148356              

ROW_SIZE_6                                     1534143                        3071745              

ROW_SIZE_7                                           0                              0              

ROW_SIZE_8                                           0                              0              

ROW_SIZE_9                                           0                              0              

ROW_SIZE_10                                          0                              0              

ROW_SIZE_11                                          0                              0              

ROW_SIZE_12                                          0                              0              

ROW_SIZE_13                                          0                              0              

ROW_SIZE_14                                          0                              0              

ROW_SIZE_15                                          0                              0              

ROW_SIZE_16                                          0                              0              

ROW_SIZE_17                                          0                              0              

ROW_SIZE_18                                          0                              0              

ROW_SIZE_19                                          0                              0              

ROW_SIZE_20                                          0                              0              

ROW_SIZE_21                                          0                              0              

ROW_SIZE_22                                          0                              0              

ROW_SIZE_23                                          0                              0              

ROW_SIZE_24                                          0                              0              

ROW_SIZE_25                                          0                              0              

ROW_SIZE_26                                          0                              0              

ROW_SIZE_27                                          0                              0              

ROW_SIZE_28                                          0                              0              

ROW_SIZE_29                                          0                              0              

ROW_SIZE_30                                          0                              0              

ROW_SIZE_31                                          0                              0              

RET_OP_EXEC_COUNT_0                                  0        0.000%                0        0.000%
RET_OP_EXEC_COUNT_1                           11371090      100.000%         22729224      100.000%
RET_OP_EXEC_COUNT_2                                  0        0.000%                0        0.000%
RET_OP_EXEC_COUNT_3                                  0        0.000%                0        0.000%
RET_OP_EXEC_COUNT_4                                  0        0.000%                0        0.000%
RET_OP_EXEC_COUNT_5                                  0        0.000%                0        0.000%
RET_OP_EXEC_COUNT_6                                  0        0.000%                0        0.000%
RET_OP_EXEC_COUNT_7                                  0        0.000%                0        0.000%
RET_OP_EXEC_COUNT_8                                  0        0.000%                0        0.000%
RET_OP_EXEC_COUNT_9                                  0        0.000%                0        0.000%
RET_OP_EXEC_COUNT_10                                 0        0.000%                0        0.000%
RET_OP_EXEC_COUNT_11                                 0        0.000%                0        0.000%
RET_OP_EXEC_COUNT_12                                 0        0.000%                0        0.000%
RET_OP_EXEC_COUNT_13                                 0        0.000%                0        0.000%
RET_OP_EXEC_COUNT_14                                 0        0.000%                0        0.000%
RET_OP_EXEC_COUNT_15                                 0        0.000%                0        0.000%
RET_OP_EXEC_COUNT_16                                 0        0.000%                0        0.000%
RET_OP_EXEC_COUNT_17                                 0        0.000%                0        0.000%
RET_OP_EXEC_COUNT_18                                 0        0.000%                0        0.000%
RET_OP_EXEC_COUNT_19                                 0        0.000%                0        0.000%
RET_OP_EXEC_COUNT_20                                 0        0.000%                0        0.000%
RET_OP_EXEC_COUNT_21                                 0        0.000%                0        0.000%
RET_OP_EXEC_COUNT_22                                 0        0.000%                0        0.000%
RET_OP_EXEC_COUNT_23                                 0        0.000%                0        0.000%
RET_OP_EXEC_COUNT_24                                 0        0.000%                0        0.000%
RET_OP_EXEC_COUNT_25                                 0        0.000%                0        0.000%
RET_OP_EXEC_COUNT_26                                 0        0.000%                0        0.000%
RET_OP_EXEC_COUNT_27                                 0        0.000%                0        0.000%
RET_OP_EXEC_COUNT_28                                 0        0.000%                0        0.000%
RET_OP_EXEC_COUNT_29                                 0        0.000%                0        0.000%
RET_OP_EXEC_COUNT_30                                 0        0.000%                0        0.000%
RET_OP_EXEC_COUNT_31                                 0        0.000%                0        0.000%
RET_OP_EXEC_COUNT_32                                 0        0.000%                0        0.000%
                                              11371090      100.000%         22729224      100.000%
                                                  1.00         0.00              1.00         0.00

RET_STALL_LENGTH_0                            11371061      100.000%         22728962       99.999%
RET_STALL_LENGTH_100                                17        0.000%              219        0.001%
RET_STALL_LENGTH_200                                 9        0.000%               26        0.000%
RET_STALL_LENGTH_300                                 0        0.000%                6        0.000%
RET_STALL_LENGTH_400                                 1        0.000%                3        0.000%
RET_STALL_LENGTH_500                                 0        0.000%                3        0.000%
RET_STALL_LENGTH_600                                 0        0.000%                0        0.000%
RET_STALL_LENGTH_700                                 0        0.000%                0        0.000%
RET_STALL_LENGTH_800                                 1        0.000%                1        0.000%
RET_STALL_LENGTH_900                                 1        0.000%                2        0.000%
RET_STALL_LENGTH_1000                                0        0.000%                0        0.000%
RET_STALL_LENGTH_1100                                0        0.000%                0        0.000%
RET_STALL_LENGTH_1200                                0        0.000%                1        0.000%
RET_STALL_LENGTH_1300                                0        0.000%                0        0.000%
RET_STALL_LENGTH_1400                                0        0.000%                1        0.000%
RET_STALL_LENGTH_1500                                0        0.000%                0        0.000%
RET_STALL_LENGTH_1600                                0        0.000%                0        0.000%
RET_STALL_LENGTH_1700                                0        0.000%                0        0.000%
RET_STALL_LENGTH_1800                                0        0.000%                0        0.000%
RET_STALL_LENGTH_1900                                0        0.000%                0        0.000%
RET_STALL_LENGTH_2000                                0        0.000%                0        0.000%
RET_STALL_LENGTH_2100                                0        0.000%                0        0.000%
RET_STALL_LENGTH_2200                                0        0.000%                0        0.000%
RET_STALL_LENGTH_2300                                0        0.000%                0        0.000%
RET_STALL_LENGTH_2400                                0        0.000%                0        0.000%
RET_STALL_LENGTH_2500                                0        0.000%                0        0.000%
RET_STALL_LENGTH_2600                                0        0.000%                0        0.000%
RET_STALL_LENGTH_2700                                0        0.000%                0        0.000%
RET_STALL_LENGTH_2800                                0        0.000%                0        0.000%
RET_STALL_LENGTH_2900                                0        0.000%                0        0.000%
RET_STALL_LENGTH_3000                                0        0.000%                0        0.000%
RET_STALL_LENGTH_3100                                0        0.000%                0        0.000%
RET_STALL_LENGTH_3200                                0        0.000%                0        0.000%
RET_STALL_LENGTH_3300                                0        0.000%                0        0.000%
RET_STALL_LENGTH_3400                                0        0.000%                0        0.000%
RET_STALL_LENGTH_3500                                0        0.000%                0        0.000%
RET_STALL_LENGTH_3600                                0        0.000%                0        0.000%
RET_STALL_LENGTH_3700                                0        0.000%                0        0.000%
RET_STALL_LENGTH_3800                                0        0.000%                0        0.000%
RET_STALL_LENGTH_3900                                0        0.000%                0        0.000%
RET_STALL_LENGTH_4000                                0        0.000%                0        0.000%
RET_STALL_LENGTH_4100                                0        0.000%                0        0.000%
RET_STALL_LENGTH_4200                                0        0.000%                0        0.000%
RET_STALL_LENGTH_4300                                0        0.000%                0        0.000%
RET_STALL_LENGTH_4400                                0        0.000%                0        0.000%
RET_STALL_LENGTH_4500                                0        0.000%                0        0.000%
RET_STALL_LENGTH_4600                                0        0.000%                0        0.000%
RET_STALL_LENGTH_4700                                0        0.000%                0        0.000%
RET_STALL_LENGTH_4800                                0        0.000%                0        0.000%
RET_STALL_LENGTH_4900                                0        0.000%                0        0.000%
RET_STALL_LENGTH_5000                                0        0.000%                0        0.000%
                                              11371090      100.000%         22729224      100.000%
                                                  0.00         0.00              0.00         0.01

MEM_BLOCK_LENGTH_0                                 304       99.023%              577       97.302%
MEM_BLOCK_LENGTH_100                                 3        0.977%                8        1.349%
MEM_BLOCK_LENGTH_200                                 0        0.000%                6        1.012%
MEM_BLOCK_LENGTH_300                                 0        0.000%                2        0.337%
MEM_BLOCK_LENGTH_400                                 0        0.000%                0        0.000%
MEM_BLOCK_LENGTH_500                                 0        0.000%                0        0.000%
MEM_BLOCK_LENGTH_600                                 0        0.000%                0        0.000%
MEM_BLOCK_LENGTH_700                                 0        0.000%                0        0.000%
MEM_BLOCK_LENGTH_800                                 0        0.000%                0        0.000%
MEM_BLOCK_LENGTH_900                                 0        0.000%                0        0.000%
MEM_BLOCK_LENGTH_1000                                0        0.000%                0        0.000%
MEM_BLOCK_LENGTH_1100                                0        0.000%                0        0.000%
MEM_BLOCK_LENGTH_1200                                0        0.000%                0        0.000%
MEM_BLOCK_LENGTH_1300                                0        0.000%                0        0.000%
MEM_BLOCK_LENGTH_1400                                0        0.000%                0        0.000%
MEM_BLOCK_LENGTH_1500                                0        0.000%                0        0.000%
MEM_BLOCK_LENGTH_1600                                0        0.000%                0        0.000%
MEM_BLOCK_LENGTH_1700                                0        0.000%                0        0.000%
MEM_BLOCK_LENGTH_1800                                0        0.000%                0        0.000%
MEM_BLOCK_LENGTH_1900                                0        0.000%                0        0.000%
MEM_BLOCK_LENGTH_2000                                0        0.000%                0        0.000%
MEM_BLOCK_LENGTH_2100                                0        0.000%                0        0.000%
MEM_BLOCK_LENGTH_2200                                0        0.000%                0        0.000%
MEM_BLOCK_LENGTH_2300                                0        0.000%                0        0.000%
MEM_BLOCK_LENGTH_2400                                0        0.000%                0        0.000%
MEM_BLOCK_LENGTH_2500                                0        0.000%                0        0.000%
MEM_BLOCK_LENGTH_2600                                0        0.000%                0        0.000%
MEM_BLOCK_LENGTH_2700                                0        0.000%                0        0.000%
MEM_BLOCK_LENGTH_2800                                0        0.000%                0        0.000%
MEM_BLOCK_LENGTH_2900                                0        0.000%                0        0.000%
MEM_BLOCK_LENGTH_3000                                0        0.000%                0        0.000%
MEM_BLOCK_LENGTH_3100                                0        0.000%                0        0.000%
MEM_BLOCK_LENGTH_3200                                0        0.000%                0        0.000%
MEM_BLOCK_LENGTH_3300                                0        0.000%                0        0.000%
MEM_BLOCK_LENGTH_3400                                0        0.000%                0        0.000%
MEM_BLOCK_LENGTH_3500                                0        0.000%                0        0.000%
MEM_BLOCK_LENGTH_3600                                0        0.000%                0        0.000%
MEM_BLOCK_LENGTH_3700                                0        0.000%                0        0.000%
MEM_BLOCK_LENGTH_3800                                0        0.000%                0        0.000%
MEM_BLOCK_LENGTH_3900                                0        0.000%                0        0.000%
MEM_BLOCK_LENGTH_4000                                0        0.000%                0        0.000%
MEM_BLOCK_LENGTH_4100                                0        0.000%                0        0.000%
MEM_BLOCK_LENGTH_4200                                0        0.000%                0        0.000%
MEM_BLOCK_LENGTH_4300                                0        0.000%                0        0.000%
MEM_BLOCK_LENGTH_4400                                0        0.000%                0        0.000%
MEM_BLOCK_LENGTH_4500                                0        0.000%                0        0.000%
MEM_BLOCK_LENGTH_4600                                0        0.000%                0        0.000%
MEM_BLOCK_LENGTH_4700                                0        0.000%                0        0.000%
MEM_BLOCK_LENGTH_4800                                0        0.000%                0        0.000%
MEM_BLOCK_LENGTH_4900                                0        0.000%                0        0.000%
MEM_BLOCK_LENGTH_5000                                0        0.000%                0        0.000%
                                                   307      100.000%              593      100.000%
                                                  0.01         0.10              0.04         0.28

FUS_BUSY_ON_PATH                              18032997        2.1514         35903764        2.1525

FUS_BUSY_OFF_PATH                               528377        0.0630          1074400        0.0644

FU_BUSY_MEM_STALL                               240611        0.0287           479593        0.0288

FUS_EMPTY                                     48495698        5.7856         96461788        5.7831

FU_UNAVAILABLE                                 6411856        0.7649         12676263        0.7600

FU_MEM_UNAVAILABLE                              191339        0.0228           380297        0.0228

FU_REPLAY                                            0        0.0000                0        0.0000

FU_STARVED                                    48462545        5.7816         96390421        5.7788

CHIP_UTILIZATION                                     0        0.0000                0        0.0000

CYCLES_UNDER_MEM_REQ                                 0                              0              

CYCLES_UNDER_NO_MEM_REQ                              0                              0              

CYCLES_UNDER_CRITICAL_MEM_REQ                        0                              0              

CYCLES_UNDER_NONCRITICAL_MEM_REQ                     0                              0              

CHIP_UTILIZATION_UNDER_MEM_REQ                       0          -nan                0          -nan

CHIP_UTILIZATION_UNDER_NO_MEM_REQ                    0          -nan                0          -nan

CHIP_UTILIZATION_UNDER_CRITICAL_MEM_REQ              0          -nan                0          -nan

CHIP_UTILIZATION_UNDER_NONCRITICAL_MEM_REQ             0          -nan                0          -nan

CYCLES_NOT_WAITING_FOR_OFF_CHIP                      0        0.0000                0        0.0000

FUS_BUSY_NOT_WAITING_FOR_OFF_CHIP                    0          -nan                0          -nan

CYCLES_WAITING_FOR_OFF_CHIP                          0        0.0000                0        0.0000

FUS_BUSY_WAITING_FOR_OFF_CHIP                        0          -nan                0          -nan

TOTAL_OFF_CHIP_DELAYS_LEFT                           0                              0              

WRONG_IO_SCHED                                       0                              0              

DVFS_CONFIG_SWITCH                                   0                              0              

MAP_STAGE_RECEIVED_OPS_0                             0        0.000%                0        0.000%
MAP_STAGE_RECEIVED_OPS_1                        256400        9.748%           514166        9.776%
MAP_STAGE_RECEIVED_OPS_2                        346773       13.184%           691403       13.146%
MAP_STAGE_RECEIVED_OPS_3                        356879       13.568%           716996       13.633%
MAP_STAGE_RECEIVED_OPS_4                        225460        8.571%           452382        8.602%
MAP_STAGE_RECEIVED_OPS_5                        235821        8.965%           467877        8.896%
MAP_STAGE_RECEIVED_OPS_6                       1209022       45.964%          2416434       45.946%
MAP_STAGE_RECEIVED_OPS_7                             0        0.000%                0        0.000%
MAP_STAGE_RECEIVED_OPS_8                             0        0.000%                0        0.000%
MAP_STAGE_RECEIVED_OPS_MAX                           0        0.000%                0        0.000%
                                               2630355      100.000%          5259258      100.000%
                                                  4.32         1.84              4.32         1.84

MAP_STAGE_WAIT_FOR_DECODE                            0         -nan%                0         -nan%
MAP_STAGE_CONSUME_DECODE                             0         -nan%                0         -nan%
                                                     0         -nan%                0         -nan%
                                                  -nan         -nan              -nan         -nan

MAP_STAGE_WAIT_FOR_DECODE2                           0         -nan%                0         -nan%
MAP_STAGE_CONSUME_DECODE2                            0         -nan%                0         -nan%
                                                     0         -nan%                0         -nan%
                                                  -nan         -nan              -nan         -nan

FTQ_RECOVER_EXEC                                 12733                          27502              

FTQ_RECOVER_DECODE                                   0                            296              

FTQ_OFFPATH_CYCLES                              329420                         693885              

FTQ_CYCLES_OFFPATH                             2184797                        4454960              

FTQ_CYCLES_ONPATH                              6197337                       12225034              

FTQ_FETCHED_INS_OFFPATH                        4791135                       10352147              

FTQ_FETCHED_INS_ONPATH                        11358111                       22701426              

FTQ_BREAK_FULL_FT_ONPATH                       6083788       98.371%         11987578       98.282%
FTQ_BREAK_MAX_CFS_TAKEN_ONPATH                   68946        1.115%           146866        1.204%
FTQ_BREAK_MAX_BYTES_ONPATH                       31789        0.514%            62711        0.514%
FTQ_BREAK_PRED_BR_ONPATH                             0        0.000%                0        0.000%
FTQ_BREAK_BAR_FETCH_ONPATH                           0        0.000%                0        0.000%
                                               6184523      100.000%         12197155      100.000%
                                                  0.02         0.18              0.02         0.18

FTQ_BREAK_FULL_FT_OFFPATH                      2117047       96.338%          4295950       95.833%
FTQ_BREAK_MAX_CFS_TAKEN_OFFPATH                  53138        2.418%           122691        2.737%
FTQ_BREAK_MAX_BYTES_OFFPATH                      27345        1.244%            64117        1.430%
FTQ_BREAK_PRED_BR_OFFPATH                            0        0.000%                0        0.000%
FTQ_BREAK_BAR_FETCH_OFFPATH                          0        0.000%                0        0.000%
                                               2197530      100.000%          4482758      100.000%
                                                  0.05         0.26              0.06         0.28



