/* -*- Mode: c -*- */
####################################################################################################
Core 0
####################################################################################################
Cumulative:        Cycles: 27146135              Instructions: 20000000              IPC: 0.73675

Periodic:          Cycles: 13561677              Instructions: 9999999               IPC: 0.73737

ST_OP_INV                                            0        0.000%                0        0.000%
ST_OP_NOP                                      2858537        7.762%          5947689        8.039%
ST_OP_CF                                       5857738       15.905%         11723808       15.846%
ST_OP_MOV                                      3485460        9.464%          6976434        9.429%
ST_OP_CMOV                                       29060        0.079%            56635        0.077%
ST_OP_LDA                                      1385382        3.762%          2786573        3.766%
ST_OP_ILD                                      7879666       21.395%         15786956       21.337%
ST_OP_IST                                      4431647       12.033%          8886762       12.011%
ST_OP_IADD                                     5133295       13.938%         10288354       13.905%
ST_OP_IMUL                                        9592        0.026%            19144        0.026%
ST_OP_IDIV                                           0        0.000%                0        0.000%
ST_OP_ICMP                                     2540539        6.898%          5091486        6.881%
ST_OP_LOGIC                                    2266523        6.154%          4516349        6.104%
ST_OP_SHIFT                                     334004        0.907%           670879        0.907%
ST_OP_FLD                                       303224        0.823%           607557        0.821%
ST_OP_FST                                        39197        0.106%            76570        0.103%
ST_OP_FCVT                                       41389        0.112%            84435        0.114%
ST_OP_FADD                                           0        0.000%                0        0.000%
ST_OP_FMUL                                       21709        0.059%            44048        0.060%
ST_OP_FMA                                            0        0.000%                0        0.000%
ST_OP_FDIV                                           0        0.000%                0        0.000%
ST_OP_FCMP                                           0        0.000%                0        0.000%
ST_OP_FCMOV                                          0        0.000%                0        0.000%
ST_OP_GATHER                                         0        0.000%                0        0.000%
ST_OP_SCATTER                                        0        0.000%                0        0.000%
ST_OP_PIPELINED_FAST                            107835        0.293%           215715        0.292%
ST_OP_PIPELINED_MEDIUM                               0        0.000%                0        0.000%
ST_OP_PIPELINED_SLOW                                 0        0.000%                0        0.000%
ST_OP_NOTPIPELINED_MEDIUM                       104251        0.283%           208682        0.282%
ST_OP_NOTPIPELINED_SLOW                              0        0.000%                0        0.000%
ST_OP_NOTPIPELINED_VERY_SLOW                         0        0.000%                0        0.000%
                                              36829048      100.000%         73988076      100.000%
                                                  6.04         3.70              6.03         3.70

ST_NOT_CF                                     30971310       84.095%         62264268       84.154%
ST_CF_BR                                        472442        1.283%           950811        1.285%
ST_CF_CBR                                      3843586       10.436%          7686714       10.389%
ST_CF_CALL                                      420012        1.140%           839224        1.134%
ST_CF_IBR                                       277427        0.753%           553611        0.748%
ST_CF_ICALL                                     225868        0.613%           453198        0.613%
ST_CF_ICO                                            0        0.000%                0        0.000%
ST_CF_RET                                       618403        1.679%          1240250        1.676%
ST_CF_SYS                                            0        0.000%                0        0.000%
                                              36829048      100.000%         73988076      100.000%
                                                  0.43         1.13              0.43         1.13

ST_BAR_NONE                                   36829048      100.000%         73988076      100.000%
ST_BAR_FETCH                                         0        0.000%                0        0.000%
ST_BAR_ISSUE                                         0        0.000%                0        0.000%
ST_BAR_BOTH                                          0        0.000%                0        0.000%
                                              36829048      100.000%         73988076      100.000%
                                                  0.00         0.00              0.00         0.00

ST_NOT_MEM                                    24175314       65.642%         48630231       65.727%
ST_MEM_LD                                      8182890       22.219%         16394513       22.158%
ST_MEM_ST                                      4470844       12.139%          8963332       12.115%
ST_MEM_PF                                            0        0.000%                0        0.000%
ST_MEM_WH                                            0        0.000%                0        0.000%
ST_MEM_EVICT                                         0        0.000%                0        0.000%
                                              36829048      100.000%         73988076      100.000%
                                                  0.46         0.59              0.46         0.59

ST_NOT_MEM_OFFPATH                            29139357       67.082%         58790458       67.132%
ST_MEM_LD_OFFPATH                              9615248       22.135%         19318823       22.060%
ST_MEM_ST_OFFPATH                              4683989       10.783%          9465323       10.808%
ST_MEM_PF_OFFPATH                                    0        0.000%                0        0.000%
ST_MEM_WH_OFFPATH                                    0        0.000%                0        0.000%
ST_MEM_EVIC_OFFPATHT                                 0        0.000%                0        0.000%
                                              43438594      100.000%         87574604      100.000%
                                                  0.44         0.58              0.44         0.58

ST_OP_ONPATH                                  36829048                       73988076              

ST_OP_OFFPATH                                 43438594                       87574604              

ST_FAKE_OP_OFFPATH                             2403249        5.533%          5148220        5.879%
ST_NOT_FAKE_OP_OFFPATH                        41035345       94.467%         82426384       94.121%
                                              43438594      100.000%         87574604      100.000%
                                                  0.94         0.92              0.94         0.91

ST_FAKE_REASON_NOT_FAKE                       41035345       94.467%         82426384       94.121%
ST_FAKE_REASON_REDIRECT_TO_NOT_INSTRUMENTED       2403249        5.533%          5148220        5.879%
ST_FAKE_REASON_RETURN_TO_NOT_INSTRUMENTED             0        0.000%                0        0.000%
ST_FAKE_REASON_NONRET_CF_TO_NOT_INSTRUMENTED             0        0.000%                0        0.000%
ST_FAKE_REASON_NOT_TAKEN_TO_NOT_INSTRUMENTED             0        0.000%                0        0.000%
ST_FAKE_REASON_WRONG_PATH_STORE_TO_NEW_REGION             0        0.000%                0        0.000%
                                              43438594      100.000%         87574604      100.000%
                                                  0.06         0.22              0.06         0.23

ST_INST_ONPATH                                29706902                       59718371              

ST_INST_OFFPATH                               36177526                       72934732              

STATIC_PIN_NOP                                       0                              0              

DYNAMIC_PIN_REP_GREATER_256                          0                              0              

INST_MAP_UPDATE_JITTED                          361307       16.209%           722586       16.120%
INST_MAP_UPDATE_NPC_INV                              0        0.000%                0        0.000%
INST_MAP_UPDATE_NPC_NOP                              0        0.000%                0        0.000%
INST_MAP_UPDATE_NPC_CF                               0        0.000%                0        0.000%
INST_MAP_UPDATE_NPC_MOV                              0        0.000%                0        0.000%
INST_MAP_UPDATE_NPC_CMOV                             0        0.000%                0        0.000%
INST_MAP_UPDATE_NPC_LDA                              0        0.000%                0        0.000%
INST_MAP_UPDATE_NPC_IMEM                             0        0.000%                0        0.000%
INST_MAP_UPDATE_NPC_IADD                             0        0.000%                0        0.000%
INST_MAP_UPDATE_NPC_IMUL                         16375        0.735%            33328        0.744%
INST_MAP_UPDATE_NPC_IDIV                             0        0.000%                0        0.000%
INST_MAP_UPDATE_NPC_ICMP                             0        0.000%                0        0.000%
INST_MAP_UPDATE_NPC_LOGIC                            0        0.000%                0        0.000%
INST_MAP_UPDATE_NPC_SHIFT                            0        0.000%                0        0.000%
INST_MAP_UPDATE_NPC_FMEM                             0        0.000%                0        0.000%
INST_MAP_UPDATE_NPC_FCVT                             0        0.000%                0        0.000%
INST_MAP_UPDATE_NPC_FADD                             0        0.000%                0        0.000%
INST_MAP_UPDATE_NPC_FMUL                             0        0.000%                0        0.000%
INST_MAP_UPDATE_NPC_FMA                              0        0.000%                0        0.000%
INST_MAP_UPDATE_NPC_FDIV                             0        0.000%                0        0.000%
INST_MAP_UPDATE_NPC_FCMP                             0        0.000%                0        0.000%
INST_MAP_UPDATE_NPC_FCMOV                            0        0.000%                0        0.000%
INST_MAP_UPDATE_NPC_GATHER                           0        0.000%                0        0.000%
INST_MAP_UPDATE_NPC_SCATTER                          0        0.000%                0        0.000%
INST_MAP_UPDATE_NPC_PIPELINED_FAST                   0        0.000%                0        0.000%
INST_MAP_UPDATE_NPC_PIPELINED_MEDIUM                 0        0.000%                0        0.000%
INST_MAP_UPDATE_NPC_PIPELINED_SLOW                   0        0.000%                0        0.000%
INST_MAP_UPDATE_NPC_NOTPIPELINED_MEDIUM              0        0.000%                0        0.000%
INST_MAP_UPDATE_NPC_NOTPIPELINED_SLOW                0        0.000%                0        0.000%
INST_MAP_UPDATE_NPC_NOTPIPELINED_VERY_SLOW             0        0.000%                0        0.000%
INST_MAP_UPDATE_MEM_INV                              0        0.000%                0        0.000%
INST_MAP_UPDATE_MEM_NOP                              0        0.000%                0        0.000%
INST_MAP_UPDATE_MEM_CF                               0        0.000%                0        0.000%
INST_MAP_UPDATE_MEM_MOV                        1304296       58.514%          2619662       58.443%
INST_MAP_UPDATE_MEM_CMOV                             0        0.000%                0        0.000%
INST_MAP_UPDATE_MEM_LDA                              0        0.000%                0        0.000%
INST_MAP_UPDATE_MEM_IMEM                             0        0.000%                0        0.000%
INST_MAP_UPDATE_MEM_IADD                             0        0.000%                0        0.000%
INST_MAP_UPDATE_MEM_IMUL                        365262       16.387%           745679       16.635%
INST_MAP_UPDATE_MEM_IDIV                             0        0.000%                0        0.000%
INST_MAP_UPDATE_MEM_ICMP                             0        0.000%                0        0.000%
INST_MAP_UPDATE_MEM_LOGIC                       148212        6.649%           294652        6.573%
INST_MAP_UPDATE_MEM_SHIFT                        24251        1.088%            48228        1.076%
INST_MAP_UPDATE_MEM_FMEM                             0        0.000%                0        0.000%
INST_MAP_UPDATE_MEM_FCVT                             0        0.000%                0        0.000%
INST_MAP_UPDATE_MEM_FADD                             0        0.000%                0        0.000%
INST_MAP_UPDATE_MEM_FMUL                          4159        0.187%             8546        0.191%
INST_MAP_UPDATE_MEM_FMA                              0        0.000%                0        0.000%
INST_MAP_UPDATE_MEM_FDIV                             0        0.000%                0        0.000%
INST_MAP_UPDATE_MEM_FCMP                             0        0.000%                0        0.000%
INST_MAP_UPDATE_MEM_FCMOV                            0        0.000%                0        0.000%
INST_MAP_UPDATE_MEM_GATHER                           0        0.000%                0        0.000%
INST_MAP_UPDATE_MEM_SCATTER                          0        0.000%                0        0.000%
INST_MAP_UPDATE_MEM_PIPELINED_FAST                   0        0.000%                0        0.000%
INST_MAP_UPDATE_MEM_PIPELINED_MEDIUM                 0        0.000%                0        0.000%
INST_MAP_UPDATE_MEM_PIPELINED_SLOW                5165        0.232%             9777        0.218%
INST_MAP_UPDATE_MEM_NOTPIPELINED_MEDIUM              0        0.000%                0        0.000%
INST_MAP_UPDATE_MEM_NOTPIPELINED_SLOW                0        0.000%                0        0.000%
INST_MAP_UPDATE_MEM_NOTPIPELINED_VERY_SLOW             0        0.000%                0        0.000%
                                               2229027      100.000%          4482458      100.000%
                                                 29.00         6.25             29.03         6.23



