/* -*- Mode: c -*- */
####################################################################################################
Core 0
####################################################################################################
Cumulative:        Cycles: 20340595              Instructions: 20000000              IPC: 0.98326

Periodic:          Cycles: 10162078              Instructions: 10000000              IPC: 0.98405

ST_OP_INV                                            0        0.000%                0        0.000%
ST_OP_NOP                                          970        0.002%            25252        0.032%
ST_OP_CF                                       9999624       24.998%         19998983       24.991%
ST_OP_MOV                                          510        0.001%             1200        0.001%
ST_OP_CMOV                                           0        0.000%                0        0.000%
ST_OP_LDA                                           60        0.000%              166        0.000%
ST_OP_ILD                                         1290        0.003%             3232        0.004%
ST_OP_IST                                      9998672       24.996%         19996802       24.988%
ST_OP_IADD                                    19998032       49.994%         39995341       49.979%
ST_OP_IMUL                                          28        0.000%               67        0.000%
ST_OP_IDIV                                           0        0.000%                0        0.000%
ST_OP_ICMP                                         752        0.002%             1645        0.002%
ST_OP_LOGIC                                        726        0.002%             1650        0.002%
ST_OP_SHIFT                                         10        0.000%               25        0.000%
ST_OP_FLD                                          150        0.000%              304        0.000%
ST_OP_FST                                            0        0.000%                0        0.000%
ST_OP_FCVT                                           0        0.000%                0        0.000%
ST_OP_FADD                                           0        0.000%                0        0.000%
ST_OP_FMUL                                           0        0.000%                0        0.000%
ST_OP_FMA                                            0        0.000%                0        0.000%
ST_OP_FDIV                                           0        0.000%                0        0.000%
ST_OP_FCMP                                           6        0.000%               12        0.000%
ST_OP_FCMOV                                          0        0.000%                0        0.000%
ST_OP_GATHER                                         0        0.000%                0        0.000%
ST_OP_SCATTER                                        0        0.000%                0        0.000%
ST_OP_PIPELINED_FAST                                72        0.000%              146        0.000%
ST_OP_PIPELINED_MEDIUM                               0        0.000%                0        0.000%
ST_OP_PIPELINED_SLOW                                 0        0.000%                0        0.000%
ST_OP_NOTPIPELINED_MEDIUM                           72        0.000%              146        0.000%
ST_OP_NOTPIPELINED_SLOW                              0        0.000%                0        0.000%
ST_OP_NOTPIPELINED_VERY_SLOW                         0        0.000%                0        0.000%
                                              40000974      100.000%         80024971      100.000%
                                                  6.25         2.49              6.25         2.49

ST_NOT_CF                                     30001350       75.002%         60025988       75.009%
ST_CF_BR                                            32        0.000%               99        0.000%
ST_CF_CBR                                      9999236       24.997%         19998056       24.990%
ST_CF_CALL                                         138        0.000%              317        0.000%
ST_CF_IBR                                           84        0.000%              172        0.000%
ST_CF_ICALL                                          2        0.000%                4        0.000%
ST_CF_ICO                                            0        0.000%                0        0.000%
ST_CF_RET                                          132        0.000%              335        0.000%
ST_CF_SYS                                            0        0.000%                0        0.000%
                                              40000974      100.000%         80024971      100.000%
                                                  0.50         0.75              0.50         0.75

ST_BAR_NONE                                   40000974      100.000%         80024971      100.000%
ST_BAR_FETCH                                         0        0.000%                0        0.000%
ST_BAR_ISSUE                                         0        0.000%                0        0.000%
ST_BAR_BOTH                                          0        0.000%                0        0.000%
                                              40000974      100.000%         80024971      100.000%
                                                  0.00         0.00              0.00         0.00

ST_NOT_MEM                                    30000862       75.000%         60024633       75.007%
ST_MEM_LD                                         1440        0.004%             3536        0.004%
ST_MEM_ST                                      9998672       24.996%         19996802       24.988%
ST_MEM_PF                                            0        0.000%                0        0.000%
ST_MEM_WH                                            0        0.000%                0        0.000%
ST_MEM_EVICT                                         0        0.000%                0        0.000%
                                              40000974      100.000%         80024971      100.000%
                                                  0.50         0.75              0.50         0.75

ST_NOT_MEM_OFFPATH                                6379       79.124%            56999       89.504%
ST_MEM_LD_OFFPATH                                 1504       18.655%             5493        8.626%
ST_MEM_ST_OFFPATH                                  179        2.220%             1191        1.870%
ST_MEM_PF_OFFPATH                                    0        0.000%                0        0.000%
ST_MEM_WH_OFFPATH                                    0        0.000%                0        0.000%
ST_MEM_EVIC_OFFPATHT                                 0        0.000%                0        0.000%
                                                  8062      100.000%            63683      100.000%
                                                  0.23         0.42              0.12         0.36

ST_OP_ONPATH                                  40000974                       80024971              

ST_OP_OFFPATH                                     8062                          63683              

ST_FAKE_OP_OFFPATH                                1420       17.613%            38812       60.946%
ST_NOT_FAKE_OP_OFFPATH                            6642       82.387%            24871       39.054%
                                                  8062      100.000%            63683      100.000%
                                                  0.82         0.76              0.39         0.45

ST_FAKE_REASON_NOT_FAKE                           6642       82.387%            24871       39.054%
ST_FAKE_REASON_REDIRECT_TO_NOT_INSTRUMENTED          1420       17.613%            38812       60.946%
ST_FAKE_REASON_RETURN_TO_NOT_INSTRUMENTED             0        0.000%                0        0.000%
ST_FAKE_REASON_NONRET_CF_TO_NOT_INSTRUMENTED             0        0.000%                0        0.000%
ST_FAKE_REASON_NOT_TAKEN_TO_NOT_INSTRUMENTED             0        0.000%                0        0.000%
ST_FAKE_REASON_WRONG_PATH_STORE_TO_NEW_REGION             0        0.000%                0        0.000%
                                                  8062      100.000%            63683      100.000%
                                                  0.18         0.35              0.61         0.30

ST_INST_ONPATH                                10003604                       20031220              

ST_INST_OFFPATH                                   4724                          53924              

STATIC_PIN_NOP                                       0                              0              

DYNAMIC_PIN_REP_GREATER_256                          0                              0              

INST_MAP_UPDATE_JITTED                              80        0.001%              186        0.001%
INST_MAP_UPDATE_NPC_INV                              0        0.000%                0        0.000%
INST_MAP_UPDATE_NPC_NOP                              0        0.000%                0        0.000%
INST_MAP_UPDATE_NPC_CF                               0        0.000%                0        0.000%
INST_MAP_UPDATE_NPC_MOV                              0        0.000%                0        0.000%
INST_MAP_UPDATE_NPC_CMOV                             0        0.000%                0        0.000%
INST_MAP_UPDATE_NPC_LDA                              0        0.000%                0        0.000%
INST_MAP_UPDATE_NPC_IMEM                             0        0.000%                0        0.000%
INST_MAP_UPDATE_NPC_IADD                             0        0.000%                0        0.000%
INST_MAP_UPDATE_NPC_IMUL                             4        0.000%                9        0.000%
INST_MAP_UPDATE_NPC_IDIV                             0        0.000%                0        0.000%
INST_MAP_UPDATE_NPC_ICMP                             0        0.000%                0        0.000%
INST_MAP_UPDATE_NPC_LOGIC                            0        0.000%                0        0.000%
INST_MAP_UPDATE_NPC_SHIFT                            0        0.000%                0        0.000%
INST_MAP_UPDATE_NPC_FMEM                             0        0.000%                0        0.000%
INST_MAP_UPDATE_NPC_FCVT                             0        0.000%                0        0.000%
INST_MAP_UPDATE_NPC_FADD                             0        0.000%                0        0.000%
INST_MAP_UPDATE_NPC_FMUL                             0        0.000%                0        0.000%
INST_MAP_UPDATE_NPC_FMA                              0        0.000%                0        0.000%
INST_MAP_UPDATE_NPC_FDIV                             0        0.000%                0        0.000%
INST_MAP_UPDATE_NPC_FCMP                             0        0.000%                0        0.000%
INST_MAP_UPDATE_NPC_FCMOV                            0        0.000%                0        0.000%
INST_MAP_UPDATE_NPC_GATHER                           0        0.000%                0        0.000%
INST_MAP_UPDATE_NPC_SCATTER                          0        0.000%                0        0.000%
INST_MAP_UPDATE_NPC_PIPELINED_FAST                   0        0.000%                0        0.000%
INST_MAP_UPDATE_NPC_PIPELINED_MEDIUM                 0        0.000%                0        0.000%
INST_MAP_UPDATE_NPC_PIPELINED_SLOW                   0        0.000%                0        0.000%
INST_MAP_UPDATE_NPC_NOTPIPELINED_MEDIUM              0        0.000%                0        0.000%
INST_MAP_UPDATE_NPC_NOTPIPELINED_SLOW                0        0.000%                0        0.000%
INST_MAP_UPDATE_NPC_NOTPIPELINED_VERY_SLOW             0        0.000%                0        0.000%
INST_MAP_UPDATE_MEM_INV                              0        0.000%                0        0.000%
INST_MAP_UPDATE_MEM_NOP                              0        0.000%                0        0.000%
INST_MAP_UPDATE_MEM_CF                               0        0.000%                0        0.000%
INST_MAP_UPDATE_MEM_MOV                        9998376       99.998%         19996084       99.997%
INST_MAP_UPDATE_MEM_CMOV                             0        0.000%                0        0.000%
INST_MAP_UPDATE_MEM_LDA                              0        0.000%                0        0.000%
INST_MAP_UPDATE_MEM_IMEM                             0        0.000%                0        0.000%
INST_MAP_UPDATE_MEM_IADD                             0        0.000%                0        0.000%
INST_MAP_UPDATE_MEM_IMUL                            64        0.001%              144        0.001%
INST_MAP_UPDATE_MEM_IDIV                             0        0.000%                0        0.000%
INST_MAP_UPDATE_MEM_ICMP                             0        0.000%                0        0.000%
INST_MAP_UPDATE_MEM_LOGIC                           76        0.001%              188        0.001%
INST_MAP_UPDATE_MEM_SHIFT                            0        0.000%                0        0.000%
INST_MAP_UPDATE_MEM_FMEM                             0        0.000%                0        0.000%
INST_MAP_UPDATE_MEM_FCVT                             0        0.000%                0        0.000%
INST_MAP_UPDATE_MEM_FADD                             0        0.000%                0        0.000%
INST_MAP_UPDATE_MEM_FMUL                             0        0.000%                0        0.000%
INST_MAP_UPDATE_MEM_FMA                              0        0.000%                0        0.000%
INST_MAP_UPDATE_MEM_FDIV                             0        0.000%                0        0.000%
INST_MAP_UPDATE_MEM_FCMP                             0        0.000%                0        0.000%
INST_MAP_UPDATE_MEM_FCMOV                            0        0.000%                0        0.000%
INST_MAP_UPDATE_MEM_GATHER                           0        0.000%                0        0.000%
INST_MAP_UPDATE_MEM_SCATTER                          0        0.000%                0        0.000%
INST_MAP_UPDATE_MEM_PIPELINED_FAST                   0        0.000%                0        0.000%
INST_MAP_UPDATE_MEM_PIPELINED_MEDIUM                 0        0.000%                0        0.000%
INST_MAP_UPDATE_MEM_PIPELINED_SLOW                   0        0.000%                0        0.000%
INST_MAP_UPDATE_MEM_NOTPIPELINED_MEDIUM              0        0.000%                0        0.000%
INST_MAP_UPDATE_MEM_NOTPIPELINED_SLOW                0        0.000%                0        0.000%
INST_MAP_UPDATE_MEM_NOTPIPELINED_VERY_SLOW             0        0.000%                0        0.000%
                                               9998600      100.000%         19996611      100.000%
                                                 33.00         0.03             33.00         0.03



