Scarab gitrev: 3541854
Scarab started at Wed Nov 27 17:11:29 2024

Initialized Ramulator. 
** Heartbeat:   5% -- { 1000000 } -- 0.00 KIPS (38.46 KIPS)
** Heartbeat:  10% -- { 2000000 } -- 50.00 KIPS (43.48 KIPS)
** Heartbeat:  15% -- { 3000000 } -- 50.00 KIPS (45.45 KIPS)
** Heartbeat:  20% -- { 4000000 } -- 50.00 KIPS (46.51 KIPS)
** Heartbeat:  25% -- { 5000000 } -- 50.00 KIPS (47.17 KIPS)
** Heartbeat:  30% -- { 6000000 } -- 55.56 KIPS (48.39 KIPS)
** Heartbeat:  35% -- { 7000000 } -- 55.56 KIPS (49.30 KIPS)
** Heartbeat:  40% -- { 8000000 } -- 47.62 KIPS (49.08 KIPS)
** Heartbeat:  45% -- { 9000000 } -- 41.67 KIPS (48.13 KIPS)
** Heartbeat:  50% -- { 10000000 } -- 43.48 KIPS (47.62 KIPS)
** Heartbeat:  55% -- { 11000000 } -- 40.00 KIPS (46.81 KIPS)
** Heartbeat:  60% -- { 12000000 } -- 55.56 KIPS (47.43 KIPS)
** Heartbeat:  65% -- { 13000000 } -- 52.63 KIPS (47.79 KIPS)
** Heartbeat:  70% -- { 14000000 } -- 55.56 KIPS (48.28 KIPS)
** Heartbeat:  75% -- { 15000000 } -- 45.45 KIPS (48.08 KIPS)
** Heartbeat:  80% -- { 16000000 } -- 52.63 KIPS (48.34 KIPS)
** Heartbeat:  85% -- { 17000000 } -- 52.63 KIPS (48.57 KIPS)
** Heartbeat:  90% -- { 18000000 } -- 55.56 KIPS (48.91 KIPS)
** Heartbeat:  95% -- { 19000000 } -- 55.56 KIPS (49.22 KIPS)
** Heartbeat: 100% -- { 20000000 } -- 43.48 KIPS (48.90 KIPS)
** Core 0 Finished:    insts:20000000    cycles:20340595    time:6356435937500       -- 0.98 IPC (0.98 IPC) --  N/A  KIPS (48.90 KIPS)
Scarab finished at Wed Nov 27 17:18:18 2024

